<?xml version="1.0" encoding="UTF-8"?>
<testsuite xmlns:xsi="http://www.w3.org/2001/XMLSchema-instance" xsi:noNamespaceSchemaLocation="https://maven.apache.org/surefire/maven-surefire-plugin/xsd/surefire-test-report-3.0.xsd" version="3.0" name="TestSuite" time="183.981" tests="4" errors="0" skipped="0" failures="1">
  <properties>
    <property name="sun.desktop" value="windows"/>
    <property name="awt.toolkit" value="sun.awt.windows.WToolkit"/>
    <property name="java.specification.version" value="11"/>
    <property name="sun.cpu.isalist" value="amd64"/>
    <property name="sun.jnu.encoding" value="Cp1252"/>
    <property name="java.class.path" value="C:\Users\gnani\eclipse-workspace\AppiumFramework\target\test-classes;C:\Users\gnani\eclipse-workspace\AppiumFramework\target\classes;C:\Users\gnani\.m2\repository\io\appium\java-client\9.1.0\java-client-9.1.0.jar;C:\Users\gnani\.m2\repository\org\seleniumhq\selenium\selenium-api\4.18.1\selenium-api-4.18.1.jar;C:\Users\gnani\.m2\repository\org\seleniumhq\selenium\selenium-remote-driver\4.18.1\selenium-remote-driver-4.18.1.jar;C:\Users\gnani\.m2\repository\com\google\auto\service\auto-service-annotations\1.1.1\auto-service-annotations-1.1.1.jar;C:\Users\gnani\.m2\repository\com\google\guava\guava\33.0.0-jre\guava-33.0.0-jre.jar;C:\Users\gnani\.m2\repository\com\google\guava\failureaccess\1.0.2\failureaccess-1.0.2.jar;C:\Users\gnani\.m2\repository\com\google\guava\listenablefuture\9999.0-empty-to-avoid-conflict-with-guava\listenablefuture-9999.0-empty-to-avoid-conflict-with-guava.jar;C:\Users\gnani\.m2\repository\com\google\code\findbugs\jsr305\3.0.2\jsr305-3.0.2.jar;C:\Users\gnani\.m2\repository\org\checkerframework\checker-qual\3.41.0\checker-qual-3.41.0.jar;C:\Users\gnani\.m2\repository\com\google\errorprone\error_prone_annotations\2.23.0\error_prone_annotations-2.23.0.jar;C:\Users\gnani\.m2\repository\com\google\j2objc\j2objc-annotations\2.8\j2objc-annotations-2.8.jar;C:\Users\gnani\.m2\repository\io\opentelemetry\semconv\opentelemetry-semconv\1.23.1-alpha\opentelemetry-semconv-1.23.1-alpha.jar;C:\Users\gnani\.m2\repository\io\opentelemetry\opentelemetry-api\1.35.0\opentelemetry-api-1.35.0.jar;C:\Users\gnani\.m2\repository\io\opentelemetry\opentelemetry-context\1.35.0\opentelemetry-context-1.35.0.jar;C:\Users\gnani\.m2\repository\io\opentelemetry\opentelemetry-exporter-logging\1.35.0\opentelemetry-exporter-logging-1.35.0.jar;C:\Users\gnani\.m2\repository\io\opentelemetry\opentelemetry-sdk-common\1.35.0\opentelemetry-sdk-common-1.35.0.jar;C:\Users\gnani\.m2\repository\io\opentelemetry\opentelemetry-sdk-extension-autoconfigure-spi\1.35.0\opentelemetry-sdk-extension-autoconfigure-spi-1.35.0.jar;C:\Users\gnani\.m2\repository\io\opentelemetry\opentelemetry-sdk-extension-autoconfigure\1.35.0\opentelemetry-sdk-extension-autoconfigure-1.35.0.jar;C:\Users\gnani\.m2\repository\io\opentelemetry\opentelemetry-api-events\1.35.0-alpha\opentelemetry-api-events-1.35.0-alpha.jar;C:\Users\gnani\.m2\repository\io\opentelemetry\opentelemetry-sdk-trace\1.35.0\opentelemetry-sdk-trace-1.35.0.jar;C:\Users\gnani\.m2\repository\io\opentelemetry\opentelemetry-extension-incubator\1.35.0-alpha\opentelemetry-extension-incubator-1.35.0-alpha.jar;C:\Users\gnani\.m2\repository\io\opentelemetry\opentelemetry-sdk\1.35.0\opentelemetry-sdk-1.35.0.jar;C:\Users\gnani\.m2\repository\io\opentelemetry\opentelemetry-sdk-metrics\1.35.0\opentelemetry-sdk-metrics-1.35.0.jar;C:\Users\gnani\.m2\repository\io\opentelemetry\opentelemetry-sdk-logs\1.35.0\opentelemetry-sdk-logs-1.35.0.jar;C:\Users\gnani\.m2\repository\net\bytebuddy\byte-buddy\1.14.12\byte-buddy-1.14.12.jar;C:\Users\gnani\.m2\repository\org\seleniumhq\selenium\selenium-http\4.18.1\selenium-http-4.18.1.jar;C:\Users\gnani\.m2\repository\dev\failsafe\failsafe\3.3.2\failsafe-3.3.2.jar;C:\Users\gnani\.m2\repository\org\seleniumhq\selenium\selenium-json\4.18.1\selenium-json-4.18.1.jar;C:\Users\gnani\.m2\repository\org\seleniumhq\selenium\selenium-manager\4.18.1\selenium-manager-4.18.1.jar;C:\Users\gnani\.m2\repository\org\seleniumhq\selenium\selenium-os\4.18.1\selenium-os-4.18.1.jar;C:\Users\gnani\.m2\repository\org\apache\commons\commons-exec\1.3\commons-exec-1.3.jar;C:\Users\gnani\.m2\repository\org\seleniumhq\selenium\selenium-support\4.18.1\selenium-support-4.18.1.jar;C:\Users\gnani\.m2\repository\com\google\code\gson\gson\2.10.1\gson-2.10.1.jar;C:\Users\gnani\.m2\repository\org\slf4j\slf4j-api\2.0.11\slf4j-api-2.0.11.jar;C:\Users\gnani\.m2\repository\org\seleniumhq\selenium\selenium-java\4.17.0\selenium-java-4.17.0.jar;C:\Users\gnani\.m2\repository\org\seleniumhq\selenium\selenium-chrome-driver\4.17.0\selenium-chrome-driver-4.17.0.jar;C:\Users\gnani\.m2\repository\org\seleniumhq\selenium\selenium-chromium-driver\4.17.0\selenium-chromium-driver-4.17.0.jar;C:\Users\gnani\.m2\repository\org\seleniumhq\selenium\selenium-devtools-v119\4.17.0\selenium-devtools-v119-4.17.0.jar;C:\Users\gnani\.m2\repository\org\seleniumhq\selenium\selenium-devtools-v120\4.17.0\selenium-devtools-v120-4.17.0.jar;C:\Users\gnani\.m2\repository\org\seleniumhq\selenium\selenium-devtools-v121\4.17.0\selenium-devtools-v121-4.17.0.jar;C:\Users\gnani\.m2\repository\org\seleniumhq\selenium\selenium-devtools-v85\4.17.0\selenium-devtools-v85-4.17.0.jar;C:\Users\gnani\.m2\repository\org\seleniumhq\selenium\selenium-edge-driver\4.17.0\selenium-edge-driver-4.17.0.jar;C:\Users\gnani\.m2\repository\org\seleniumhq\selenium\selenium-firefox-driver\4.17.0\selenium-firefox-driver-4.17.0.jar;C:\Users\gnani\.m2\repository\org\seleniumhq\selenium\selenium-ie-driver\4.17.0\selenium-ie-driver-4.17.0.jar;C:\Users\gnani\.m2\repository\org\seleniumhq\selenium\selenium-safari-driver\4.17.0\selenium-safari-driver-4.17.0.jar;C:\Users\gnani\.m2\repository\org\testng\testng\7.9.0\testng-7.9.0.jar;C:\Users\gnani\.m2\repository\com\beust\jcommander\1.82\jcommander-1.82.jar;C:\Users\gnani\.m2\repository\org\webjars\jquery\3.7.1\jquery-3.7.1.jar;C:\Users\gnani\.m2\repository\com\fasterxml\jackson\core\jackson-databind\2.16.1\jackson-databind-2.16.1.jar;C:\Users\gnani\.m2\repository\com\fasterxml\jackson\core\jackson-annotations\2.16.1\jackson-annotations-2.16.1.jar;C:\Users\gnani\.m2\repository\com\fasterxml\jackson\core\jackson-core\2.16.1\jackson-core-2.16.1.jar;C:\Users\gnani\.m2\repository\com\aventstack\extentreports\5.1.1\extentreports-5.1.1.jar;C:\Users\gnani\.m2\repository\io\reactivex\rxjava3\rxjava\3.1.6\rxjava-3.1.6.jar;C:\Users\gnani\.m2\repository\org\reactivestreams\reactive-streams\1.0.4\reactive-streams-1.0.4.jar;C:\Users\gnani\.m2\repository\org\freemarker\freemarker\2.3.32\freemarker-2.3.32.jar;C:\Users\gnani\.m2\repository\org\projectlombok\lombok\1.18.26\lombok-1.18.26.jar;C:\Users\gnani\.m2\repository\commons-io\commons-io\2.15.1\commons-io-2.15.1.jar;C:\Users\gnani\.m2\repository\org\apache\logging\log4j\log4j-api\2.23.0\log4j-api-2.23.0.jar;C:\Users\gnani\.m2\repository\org\apache\logging\log4j\log4j-core\2.23.0\log4j-core-2.23.0.jar;C:\Users\gnani\.m2\repository\com\googlecode\json-simple\json-simple\1.1.1\json-simple-1.1.1.jar;C:\Users\gnani\.m2\repository\junit\junit\4.10\junit-4.10.jar;C:\Users\gnani\.m2\repository\org\hamcrest\hamcrest-core\1.1\hamcrest-core-1.1.jar;"/>
    <property name="java.vm.vendor" value="Oracle Corporation"/>
    <property name="sun.arch.data.model" value="64"/>
    <property name="user.variant" value=""/>
    <property name="java.vendor.url" value="https://openjdk.java.net/"/>
    <property name="user.timezone" value="America/Los_Angeles"/>
    <property name="java.vm.specification.version" value="11"/>
    <property name="os.name" value="Windows 11"/>
    <property name="sun.java.launcher" value="SUN_STANDARD"/>
    <property name="user.country" value="US"/>
    <property name="sun.boot.library.path" value="C:\Program Files\Java\jdk-11\bin"/>
    <property name="sun.java.command" value="C:\Users\gnani\AppData\Local\Temp\surefire9556476359978149891\surefirebooter-20240304121554868_3.jar C:\Users\gnani\AppData\Local\Temp\surefire9556476359978149891 2024-03-04T12-15-54_351-jvmRun1 surefire-20240304121554868_1tmp surefire_0-20240304121554868_2tmp"/>
    <property name="jdk.debug" value="release"/>
    <property name="surefire.test.class.path" value="C:\Users\gnani\eclipse-workspace\AppiumFramework\target\test-classes;C:\Users\gnani\eclipse-workspace\AppiumFramework\target\classes;C:\Users\gnani\.m2\repository\io\appium\java-client\9.1.0\java-client-9.1.0.jar;C:\Users\gnani\.m2\repository\org\seleniumhq\selenium\selenium-api\4.18.1\selenium-api-4.18.1.jar;C:\Users\gnani\.m2\repository\org\seleniumhq\selenium\selenium-remote-driver\4.18.1\selenium-remote-driver-4.18.1.jar;C:\Users\gnani\.m2\repository\com\google\auto\service\auto-service-annotations\1.1.1\auto-service-annotations-1.1.1.jar;C:\Users\gnani\.m2\repository\com\google\guava\guava\33.0.0-jre\guava-33.0.0-jre.jar;C:\Users\gnani\.m2\repository\com\google\guava\failureaccess\1.0.2\failureaccess-1.0.2.jar;C:\Users\gnani\.m2\repository\com\google\guava\listenablefuture\9999.0-empty-to-avoid-conflict-with-guava\listenablefuture-9999.0-empty-to-avoid-conflict-with-guava.jar;C:\Users\gnani\.m2\repository\com\google\code\findbugs\jsr305\3.0.2\jsr305-3.0.2.jar;C:\Users\gnani\.m2\repository\org\checkerframework\checker-qual\3.41.0\checker-qual-3.41.0.jar;C:\Users\gnani\.m2\repository\com\google\errorprone\error_prone_annotations\2.23.0\error_prone_annotations-2.23.0.jar;C:\Users\gnani\.m2\repository\com\google\j2objc\j2objc-annotations\2.8\j2objc-annotations-2.8.jar;C:\Users\gnani\.m2\repository\io\opentelemetry\semconv\opentelemetry-semconv\1.23.1-alpha\opentelemetry-semconv-1.23.1-alpha.jar;C:\Users\gnani\.m2\repository\io\opentelemetry\opentelemetry-api\1.35.0\opentelemetry-api-1.35.0.jar;C:\Users\gnani\.m2\repository\io\opentelemetry\opentelemetry-context\1.35.0\opentelemetry-context-1.35.0.jar;C:\Users\gnani\.m2\repository\io\opentelemetry\opentelemetry-exporter-logging\1.35.0\opentelemetry-exporter-logging-1.35.0.jar;C:\Users\gnani\.m2\repository\io\opentelemetry\opentelemetry-sdk-common\1.35.0\opentelemetry-sdk-common-1.35.0.jar;C:\Users\gnani\.m2\repository\io\opentelemetry\opentelemetry-sdk-extension-autoconfigure-spi\1.35.0\opentelemetry-sdk-extension-autoconfigure-spi-1.35.0.jar;C:\Users\gnani\.m2\repository\io\opentelemetry\opentelemetry-sdk-extension-autoconfigure\1.35.0\opentelemetry-sdk-extension-autoconfigure-1.35.0.jar;C:\Users\gnani\.m2\repository\io\opentelemetry\opentelemetry-api-events\1.35.0-alpha\opentelemetry-api-events-1.35.0-alpha.jar;C:\Users\gnani\.m2\repository\io\opentelemetry\opentelemetry-sdk-trace\1.35.0\opentelemetry-sdk-trace-1.35.0.jar;C:\Users\gnani\.m2\repository\io\opentelemetry\opentelemetry-extension-incubator\1.35.0-alpha\opentelemetry-extension-incubator-1.35.0-alpha.jar;C:\Users\gnani\.m2\repository\io\opentelemetry\opentelemetry-sdk\1.35.0\opentelemetry-sdk-1.35.0.jar;C:\Users\gnani\.m2\repository\io\opentelemetry\opentelemetry-sdk-metrics\1.35.0\opentelemetry-sdk-metrics-1.35.0.jar;C:\Users\gnani\.m2\repository\io\opentelemetry\opentelemetry-sdk-logs\1.35.0\opentelemetry-sdk-logs-1.35.0.jar;C:\Users\gnani\.m2\repository\net\bytebuddy\byte-buddy\1.14.12\byte-buddy-1.14.12.jar;C:\Users\gnani\.m2\repository\org\seleniumhq\selenium\selenium-http\4.18.1\selenium-http-4.18.1.jar;C:\Users\gnani\.m2\repository\dev\failsafe\failsafe\3.3.2\failsafe-3.3.2.jar;C:\Users\gnani\.m2\repository\org\seleniumhq\selenium\selenium-json\4.18.1\selenium-json-4.18.1.jar;C:\Users\gnani\.m2\repository\org\seleniumhq\selenium\selenium-manager\4.18.1\selenium-manager-4.18.1.jar;C:\Users\gnani\.m2\repository\org\seleniumhq\selenium\selenium-os\4.18.1\selenium-os-4.18.1.jar;C:\Users\gnani\.m2\repository\org\apache\commons\commons-exec\1.3\commons-exec-1.3.jar;C:\Users\gnani\.m2\repository\org\seleniumhq\selenium\selenium-support\4.18.1\selenium-support-4.18.1.jar;C:\Users\gnani\.m2\repository\com\google\code\gson\gson\2.10.1\gson-2.10.1.jar;C:\Users\gnani\.m2\repository\org\slf4j\slf4j-api\2.0.11\slf4j-api-2.0.11.jar;C:\Users\gnani\.m2\repository\org\seleniumhq\selenium\selenium-java\4.17.0\selenium-java-4.17.0.jar;C:\Users\gnani\.m2\repository\org\seleniumhq\selenium\selenium-chrome-driver\4.17.0\selenium-chrome-driver-4.17.0.jar;C:\Users\gnani\.m2\repository\org\seleniumhq\selenium\selenium-chromium-driver\4.17.0\selenium-chromium-driver-4.17.0.jar;C:\Users\gnani\.m2\repository\org\seleniumhq\selenium\selenium-devtools-v119\4.17.0\selenium-devtools-v119-4.17.0.jar;C:\Users\gnani\.m2\repository\org\seleniumhq\selenium\selenium-devtools-v120\4.17.0\selenium-devtools-v120-4.17.0.jar;C:\Users\gnani\.m2\repository\org\seleniumhq\selenium\selenium-devtools-v121\4.17.0\selenium-devtools-v121-4.17.0.jar;C:\Users\gnani\.m2\repository\org\seleniumhq\selenium\selenium-devtools-v85\4.17.0\selenium-devtools-v85-4.17.0.jar;C:\Users\gnani\.m2\repository\org\seleniumhq\selenium\selenium-edge-driver\4.17.0\selenium-edge-driver-4.17.0.jar;C:\Users\gnani\.m2\repository\org\seleniumhq\selenium\selenium-firefox-driver\4.17.0\selenium-firefox-driver-4.17.0.jar;C:\Users\gnani\.m2\repository\org\seleniumhq\selenium\selenium-ie-driver\4.17.0\selenium-ie-driver-4.17.0.jar;C:\Users\gnani\.m2\repository\org\seleniumhq\selenium\selenium-safari-driver\4.17.0\selenium-safari-driver-4.17.0.jar;C:\Users\gnani\.m2\repository\org\testng\testng\7.9.0\testng-7.9.0.jar;C:\Users\gnani\.m2\repository\com\beust\jcommander\1.82\jcommander-1.82.jar;C:\Users\gnani\.m2\repository\org\webjars\jquery\3.7.1\jquery-3.7.1.jar;C:\Users\gnani\.m2\repository\com\fasterxml\jackson\core\jackson-databind\2.16.1\jackson-databind-2.16.1.jar;C:\Users\gnani\.m2\repository\com\fasterxml\jackson\core\jackson-annotations\2.16.1\jackson-annotations-2.16.1.jar;C:\Users\gnani\.m2\repository\com\fasterxml\jackson\core\jackson-core\2.16.1\jackson-core-2.16.1.jar;C:\Users\gnani\.m2\repository\com\aventstack\extentreports\5.1.1\extentreports-5.1.1.jar;C:\Users\gnani\.m2\repository\io\reactivex\rxjava3\rxjava\3.1.6\rxjava-3.1.6.jar;C:\Users\gnani\.m2\repository\org\reactivestreams\reactive-streams\1.0.4\reactive-streams-1.0.4.jar;C:\Users\gnani\.m2\repository\org\freemarker\freemarker\2.3.32\freemarker-2.3.32.jar;C:\Users\gnani\.m2\repository\org\projectlombok\lombok\1.18.26\lombok-1.18.26.jar;C:\Users\gnani\.m2\repository\commons-io\commons-io\2.15.1\commons-io-2.15.1.jar;C:\Users\gnani\.m2\repository\org\apache\logging\log4j\log4j-api\2.23.0\log4j-api-2.23.0.jar;C:\Users\gnani\.m2\repository\org\apache\logging\log4j\log4j-core\2.23.0\log4j-core-2.23.0.jar;C:\Users\gnani\.m2\repository\com\googlecode\json-simple\json-simple\1.1.1\json-simple-1.1.1.jar;C:\Users\gnani\.m2\repository\junit\junit\4.10\junit-4.10.jar;C:\Users\gnani\.m2\repository\org\hamcrest\hamcrest-core\1.1\hamcrest-core-1.1.jar;"/>
    <property name="sun.cpu.endian" value="little"/>
    <property name="user.home" value="C:\Users\gnani"/>
    <property name="user.language" value="en"/>
    <property name="java.specification.vendor" value="Oracle Corporation"/>
    <property name="java.version.date" value="2024-01-16"/>
    <property name="java.home" value="C:\Program Files\Java\jdk-11"/>
    <property name="file.separator" value="\"/>
    <property name="basedir" value="C:\Users\gnani\eclipse-workspace\AppiumFramework"/>
    <property name="java.vm.compressedOopsMode" value="Zero based"/>
    <property name="line.separator" value="&#10;"/>
    <property name="java.specification.name" value="Java Platform API Specification"/>
    <property name="java.vm.specification.vendor" value="Oracle Corporation"/>
    <property name="java.awt.graphicsenv" value="sun.awt.Win32GraphicsEnvironment"/>
    <property name="surefire.real.class.path" value="C:\Users\gnani\AppData\Local\Temp\surefire9556476359978149891\surefirebooter-20240304121554868_3.jar"/>
    <property name="user.script" value=""/>
    <property name="sun.management.compiler" value="HotSpot 64-Bit Tiered Compilers"/>
    <property name="java.runtime.version" value="11.0.22+9-LTS-219"/>
    <property name="user.name" value="gnani"/>
    <property name="path.separator" value=";"/>
    <property name="os.version" value="10.0"/>
    <property name="java.runtime.name" value="Java(TM) SE Runtime Environment"/>
    <property name="file.encoding" value="Cp1252"/>
    <property name="java.vm.name" value="Java HotSpot(TM) 64-Bit Server VM"/>
    <property name="java.vendor.version" value="18.9"/>
    <property name="localRepository" value="C:\Users\gnani\.m2\repository"/>
    <property name="java.vendor.url.bug" value="https://bugreport.java.com/bugreport/"/>
    <property name="java.io.tmpdir" value="C:\Users\gnani\AppData\Local\Temp\"/>
    <property name="java.version" value="11.0.22"/>
    <property name="user.dir" value="C:\Users\gnani\eclipse-workspace\AppiumFramework"/>
    <property name="os.arch" value="amd64"/>
    <property name="java.vm.specification.name" value="Java Virtual Machine Specification"/>
    <property name="java.awt.printerjob" value="sun.awt.windows.WPrinterJob"/>
    <property name="sun.os.patch.level" value=""/>
    <property name="java.library.path" value="C:\Program Files\Java\jdk-11\bin;C:\WINDOWS\Sun\Java\bin;C:\WINDOWS\system32;C:\WINDOWS;C:\Program Files\Common Files\Oracle\Java\javapath;C:\WINDOWS\system32;C:\WINDOWS;C:\WINDOWS\System32\Wbem;C:\WINDOWS\System32\WindowsPowerShell\v1.0\;C:\WINDOWS\System32\OpenSSH\;C:\Program Files (x86)\Intel\Intel(R) Management Engine Components\DAL;C:\Program Files\Intel\Intel(R) Management Engine Components\DAL;C:\Program Files\Java\jdk-11\bin;C:\Program Files\nodejs\;C:\Personal\apache-maven-3.9.6\bin;C:\Users\gnani\AppData\Local\Android\Sdk\platform-tools;C:\Users\gnani\AppData\Local\Android\Sdk\tools;C:\Users\gnani\AppData\Local\Android\Sdk\tools\bin;C:\Program Files\nodejs\node_modules\npm\bin;C:\Users\gnani\AppData\Local\Microsoft\WindowsApps;C:\Users\gnani\AppData\Roaming\npm;."/>
    <property name="java.vendor" value="Oracle Corporation"/>
    <property name="java.vm.info" value="mixed mode"/>
    <property name="java.vm.version" value="11.0.22+9-LTS-219"/>
    <property name="java.specification.maintenance.version" value="2"/>
    <property name="sun.io.unicode.encoding" value="UnicodeLittle"/>
    <property name="java.class.version" value="55.0"/>
  </properties>
  <testcase name="fillForm[{name=Preethi, country=Argentina, gender=female}](1)" classname="com.android.tests.TotalSumValidate" time="40.746">
    <system-out><![CDATA[&amp#27;[35m[Appium]&amp#27;[39m Welcome to Appium v2.4.1
&amp#27;[35m[Appium]&amp#27;[39m The autodetected Appium home path: C:\Users\gnani\.appium
&amp#27;[35m[Appium]&amp#27;[39m Attempting to load driver uiautomator2...
&amp#27;[35m[Appium]&amp#27;[39m Requiring driver at C:\Users\gnani\.appium\node_modules\appium-uiautomator2-driver\build\index.js
&amp#27;[35m[Appium]&amp#27;[39m AndroidUiautomator2Driver has been successfully loaded in 2.466s
&amp#27;[35m[Appium]&amp#27;[39m Appium REST http interface listener started on http://0.0.0.0:4723
&amp#27;[35m[Appium]&amp#27;[39m You can provide the following URLs in your client code to connect to this server:
&amp#27;[35m[Appium]&amp#27;[39m 	http://192.168.1.16:4723/
&amp#27;[35m[Appium]&amp#27;[39m 	http://127.0.0.1:4723/ (only accessible from the same host)
&amp#27;[35m[Appium]&amp#27;[39m Available drivers:
&amp#27;[35m[Appium]&amp#27;[39m   - uiautomator2@3.0.0 (automationName 'UiAutomator2')
&amp#27;[35m[Appium]&amp#27;[39m No plugins have been installed. Use the "appium plugin" command to install the one(s) you want to use.
&amp#27;[38;5;0m[HTTP]&amp#27;[0m &amp#27;[37m-->&amp#27;[39m &amp#27;[37mGET&amp#27;[39m &amp#27;[37m/status&amp#27;[39m
&amp#27;[38;5;0m[HTTP]&amp#27;[0m &amp#27;[90m{}&amp#27;[39m
&amp#27;[38;5;16m[AppiumDriver@c6a7]&amp#27;[0m Calling AppiumDriver.getStatus() with args: []
&amp#27;[38;5;16m[AppiumDriver@c6a7]&amp#27;[0m Responding to client with driver.getStatus() result: {"ready":true,"message":"The server is ready to accept new connections","build":{"version":"2.4.1"}}
&amp#27;[38;5;0m[HTTP]&amp#27;[0m &amp#27;[37m<-- GET /status &amp#27;[39m&amp#27;[32m200&amp#27;[39m &amp#27;[90m10 ms - 110&amp#27;[39m
&amp#27;[38;5;0m[HTTP]&amp#27;[0m &amp#27;[90m&amp#27;[39m
&amp#27;[38;5;0m[HTTP]&amp#27;[0m Request idempotency key: 34b59ee6-3346-4576-ab4b-3c7c76b1e00b
&amp#27;[38;5;0m[HTTP]&amp#27;[0m &amp#27;[37m-->&amp#27;[39m &amp#27;[37mPOST&amp#27;[39m &amp#27;[37m/session&amp#27;[39m
&amp#27;[38;5;0m[HTTP]&amp#27;[0m &amp#27;[90m{"capabilities":{"firstMatch":[{}],"alwaysMatch":{"appium:app":"C:\\Users\\gnani\\eclipse-workspace\\AppiumFramework//src//test//java//com//tests//resources//apk_files//General-Store.apk","platformName":"ANDROID","appium:automationName":"UIAutomator2","appium:deviceName":"Android Emulator"}}}&amp#27;[39m
&amp#27;[38;5;16m[AppiumDriver@c6a7]&amp#27;[0m Calling AppiumDriver.createSession() with args: [null,null,{"firstMatch":[{}],"alwaysMatch":{"appium:app":"C:\\Users\\gnani\\eclipse-workspace\\AppiumFramework//src//test//java//com//tests//resources//apk_files//General-Store.apk","platformName":"ANDROID","appium:automationName":"UIAutomator2","appium:deviceName":"Android Emulator"}}]
&amp#27;[38;5;16m[AppiumDriver@c6a7]&amp#27;[0m Event 'newSessionRequested' logged at 1709583364782 (12:16:04 GMT-0800 (Pacific Standard Time))
&amp#27;[35m[Appium]&amp#27;[39m Attempting to find matching driver for automationName 'UIAutomator2' and platformName 'ANDROID'
&amp#27;[35m[Appium]&amp#27;[39m The 'uiautomator2' driver was installed and matched caps.
&amp#27;[35m[Appium]&amp#27;[39m Will require it at C:\Users\gnani\.appium\node_modules\appium-uiautomator2-driver
&amp#27;[35m[Appium]&amp#27;[39m Requiring driver at C:\Users\gnani\.appium\node_modules\appium-uiautomator2-driver\build\index.js
&amp#27;[38;5;16m[AppiumDriver@c6a7]&amp#27;[0m Appium v2.4.1 creating new AndroidUiautomator2Driver (v3.0.0) session
&amp#27;[38;5;16m[AppiumDriver@c6a7]&amp#27;[0m Checking BaseDriver versions for Appium and AndroidUiautomator2Driver
&amp#27;[38;5;16m[AppiumDriver@c6a7]&amp#27;[0m Appium's BaseDriver version is 9.5.0
&amp#27;[38;5;16m[AppiumDriver@c6a7]&amp#27;[0m AndroidUiautomator2Driver's BaseDriver version is 9.5.0
&amp#27;[38;5;32m[AndroidUiautomator2Driver@50f4]&amp#27;[0m Creating session with W3C capabilities: {
&amp#27;[38;5;32m[AndroidUiautomator2Driver@50f4]&amp#27;[0m   "alwaysMatch": {
&amp#27;[38;5;32m[AndroidUiautomator2Driver@50f4]&amp#27;[0m     "platformName": "ANDROID",
&amp#27;[38;5;32m[AndroidUiautomator2Driver@50f4]&amp#27;[0m     "appium:app": "C:\\Users\\gnani\\eclipse-workspace\\AppiumFramework//src//test//java//com//tests//resources//apk_files//General-Store.apk",
&amp#27;[38;5;32m[AndroidUiautomator2Driver@50f4]&amp#27;[0m     "appium:automationName": "UIAutomator2",
&amp#27;[38;5;32m[AndroidUiautomator2Driver@50f4]&amp#27;[0m     "appium:deviceName": "Android Emulator"
&amp#27;[38;5;32m[AndroidUiautomator2Driver@50f4]&amp#27;[0m   },
&amp#27;[38;5;32m[AndroidUiautomator2Driver@50f4]&amp#27;[0m   "firstMatch": [
&amp#27;[38;5;32m[AndroidUiautomator2Driver@50f4]&amp#27;[0m     {}
&amp#27;[38;5;32m[AndroidUiautomator2Driver@50f4]&amp#27;[0m   ]
&amp#27;[38;5;32m[AndroidUiautomator2Driver@50f4]&amp#27;[0m }
&amp#27;[38;5;32m[AndroidUiautomator2Driver@50f4 (48f58814)]&amp#27;[0m Session created with session id: 48f58814-9324-45e5-aebe-ca3eb176c9c0
&amp#27;[38;5;48m[ADB]&amp#27;[0m Found 1 'build-tools' folders under 'C:\Users\gnani\AppData\Local\Android\Sdk' (newest first):
&amp#27;[38;5;48m[ADB]&amp#27;[0m     C:\Users\gnani\AppData\Local\Android\Sdk\build-tools\34.0.0
&amp#27;[38;5;48m[ADB]&amp#27;[0m Using 'adb.exe' from 'C:\Users\gnani\AppData\Local\Android\Sdk\platform-tools\adb.exe'
&amp#27;[38;5;48m[ADB]&amp#27;[0m Running 'C:\Users\gnani\AppData\Local\Android\Sdk\platform-tools\adb.exe -P 5037 start-server'
&amp#27;[38;5;32m[AndroidUiautomator2Driver@50f4 (48f58814)]&amp#27;[0m Retrieving device list
&amp#27;[38;5;48m[ADB]&amp#27;[0m Trying to find connected Android devices
&amp#27;[38;5;48m[ADB]&amp#27;[0m Getting connected devices
&amp#27;[38;5;48m[ADB]&amp#27;[0m Connected devices: [{"udid":"emulator-5554","state":"device"}]
&amp#27;[38;5;32m[AndroidUiautomator2Driver@50f4 (48f58814)]&amp#27;[0m Using device: emulator-5554
&amp#27;[38;5;48m[ADB]&amp#27;[0m Using 'adb.exe' from 'C:\Users\gnani\AppData\Local\Android\Sdk\platform-tools\adb.exe'
&amp#27;[38;5;48m[ADB]&amp#27;[0m Running 'C:\Users\gnani\AppData\Local\Android\Sdk\platform-tools\adb.exe -P 5037 start-server'
&amp#27;[38;5;48m[ADB]&amp#27;[0m Setting device id to emulator-5554
&amp#27;[38;5;64m[BaseDriver]&amp#27;[0m Using local app 'C:\Users\gnani\eclipse-workspace\AppiumFramework//src//test//java//com//tests//resources//apk_files//General-Store.apk'
&amp#27;[38;5;32m[AndroidUiautomator2Driver@50f4 (48f58814)]&amp#27;[0m Checking whether app is actually present
&amp#27;[38;5;48m[ADB]&amp#27;[0m Running 'C:\Users\gnani\AppData\Local\Android\Sdk\platform-tools\adb.exe -P 5037 -s emulator-5554 shell getprop ro.build.version.sdk'
&amp#27;[38;5;48m[ADB]&amp#27;[0m Current device property 'ro.build.version.sdk': 33
&amp#27;[38;5;48m[ADB]&amp#27;[0m Getting device platform version
&amp#27;[38;5;48m[ADB]&amp#27;[0m Running 'C:\Users\gnani\AppData\Local\Android\Sdk\platform-tools\adb.exe -P 5037 -s emulator-5554 shell getprop ro.build.version.release'
&amp#27;[38;5;48m[ADB]&amp#27;[0m Current device property 'ro.build.version.release': 13
&amp#27;[38;5;48m[ADB]&amp#27;[0m Device API level: 33
&amp#27;[38;5;32m[AndroidUiautomator2Driver@50f4 (48f58814)]&amp#27;[0m Relaxing hidden api policy
&amp#27;[38;5;48m[ADB]&amp#27;[0m Running 'C:\Users\gnani\AppData\Local\Android\Sdk\platform-tools\adb.exe -P 5037 -s emulator-5554 shell 'settings put global hidden_api_policy_pre_p_apps 1;settings put global hidden_api_policy_p_apps 1;settings put global hidden_api_policy 1''
&amp#27;[38;5;32m[AndroidUiautomator2Driver@50f4 (48f58814)]&amp#27;[0m Parsing package and activity from app manifest
&amp#27;[38;5;48m[ADB]&amp#27;[0m Running 'C:\Users\gnani\AppData\Local\Android\Sdk\platform-tools\adb.exe -P 5037 -s emulator-5554 wait-for-device'
&amp#27;[38;5;48m[ADB]&amp#27;[0m Package name: 'com.androidsample.generalstore'
&amp#27;[38;5;48m[ADB]&amp#27;[0m Main activity name: 'com.androidsample.generalstore.SplashActivity'
&amp#27;[38;5;32m[AndroidUiautomator2Driver@50f4 (48f58814)]&amp#27;[0m Parsed package and activity are: com.androidsample.generalstore/com.androidsample.generalstore.SplashActivity
&amp#27;[38;5;48m[ADB]&amp#27;[0m Running 'C:\Users\gnani\AppData\Local\Android\Sdk\platform-tools\adb.exe -P 5037 -s emulator-5554 shell echo ping'
&amp#27;[38;5;32m[AndroidUiautomator2Driver@50f4 (48f58814)]&amp#27;[0m Pushing settings apk to the device...
&amp#27;[38;5;48m[ADB]&amp#27;[0m Getting package info for 'io.appium.settings'
&amp#27;[38;5;48m[ADB]&amp#27;[0m Running 'C:\Users\gnani\AppData\Local\Android\Sdk\platform-tools\adb.exe -P 5037 -s emulator-5554 shell dumpsys package io.appium.settings'
&amp#27;[38;5;48m[ADB]&amp#27;[0m The version name of the installed 'io.appium.settings' is greater or equal to the application version name ('5.7.5' >= '5.7.5')
&amp#27;[38;5;48m[ADB]&amp#27;[0m There is no need to install/upgrade 'C:\Users\gnani\.appium\node_modules\appium-uiautomator2-driver\node_modules\io.appium.settings\apks\settings_apk-debug.apk'
&amp#27;[38;5;48m[ADB]&amp#27;[0m Running 'C:\Users\gnani\AppData\Local\Android\Sdk\platform-tools\adb.exe -P 5037 -s emulator-5554 shell dumpsys activity services io.appium.settings'
&amp#27;[38;5;48m[ADB]&amp#27;[0m Running 'C:\Users\gnani\AppData\Local\Android\Sdk\platform-tools\adb.exe -P 5037 -s emulator-5554 shell cmd notification allow_listener io.appium.settings/.NLService'
&amp#27;[38;5;48m[ADB]&amp#27;[0m Running 'C:\Users\gnani\AppData\Local\Android\Sdk\platform-tools\adb.exe -P 5037 -s emulator-5554 shell appops set io.appium.settings PROJECT_MEDIA allow'
&amp#27;[38;5;48m[ADB]&amp#27;[0m Running 'C:\Users\gnani\AppData\Local\Android\Sdk\platform-tools\adb.exe -P 5037 -s emulator-5554 shell dumpsys activity services io.appium.settings'
&amp#27;[38;5;80m[SettingsApp]&amp#27;[0m Starting Appium Settings app
&amp#27;[38;5;48m[ADB]&amp#27;[0m Running 'C:\Users\gnani\AppData\Local\Android\Sdk\platform-tools\adb.exe -P 5037 -s emulator-5554 shell am start -n io.appium.settings/.Settings -a android.intent.action.MAIN -c android.intent.category.LAUNCHER'
&amp#27;[38;5;48m[ADB]&amp#27;[0m Running 'C:\Users\gnani\AppData\Local\Android\Sdk\platform-tools\adb.exe -P 5037 -s emulator-5554 shell dumpsys activity services io.appium.settings'
&amp#27;[38;5;48m[ADB]&amp#27;[0m Running 'C:\Users\gnani\AppData\Local\Android\Sdk\platform-tools\adb.exe -P 5037 -s emulator-5554 shell dumpsys activity services io.appium.settings'
&amp#27;[38;5;48m[ADB]&amp#27;[0m Running 'C:\Users\gnani\AppData\Local\Android\Sdk\platform-tools\adb.exe -P 5037 -s emulator-5554 shell dumpsys activity services io.appium.settings'
&amp#27;[38;5;48m[ADB]&amp#27;[0m Running 'C:\Users\gnani\AppData\Local\Android\Sdk\platform-tools\adb.exe -P 5037 -s emulator-5554 shell dumpsys activity services io.appium.settings'
&amp#27;[38;5;48m[ADB]&amp#27;[0m Running 'C:\Users\gnani\AppData\Local\Android\Sdk\platform-tools\adb.exe -P 5037 -s emulator-5554 shell dumpsys activity services io.appium.settings'
&amp#27;[38;5;48m[ADB]&amp#27;[0m Running 'C:\Users\gnani\AppData\Local\Android\Sdk\platform-tools\adb.exe -P 5037 -s emulator-5554 shell dumpsys activity services io.appium.settings'
&amp#27;[38;5;96m[Logcat]&amp#27;[0m Starting logs capture with command: C:\\Users\\gnani\\AppData\\Local\\Android\\Sdk\\platform-tools\\adb.exe -P 5037 -s emulator-5554 logcat -v threadtime
&amp#27;[38;5;32m[AndroidUiautomator2Driver@50f4 (48f58814)]&amp#27;[0m Forwarding UiAutomator2 Server port 6790 to local port 8200
&amp#27;[38;5;48m[ADB]&amp#27;[0m Forwarding system: 8200 to device: 6790
&amp#27;[38;5;48m[ADB]&amp#27;[0m Running 'C:\Users\gnani\AppData\Local\Android\Sdk\platform-tools\adb.exe -P 5037 -s emulator-5554 forward tcp:8200 tcp:6790'
&amp#27;[38;5;48m[ADB]&amp#27;[0m Checking app cert for C:\Users\gnani\eclipse-workspace\AppiumFramework//src//test//java//com//tests//resources//apk_files//General-Store.apk
&amp#27;[38;5;48m[ADB]&amp#27;[0m Checking app cert for C:\Users\gnani\.appium\node_modules\appium-uiautomator2-driver\node_modules\appium-uiautomator2-server\apks\appium-uiautomator2-server-v7.0.0.apk
&amp#27;[38;5;48m[ADB]&amp#27;[0m Checking app cert for C:\Users\gnani\.appium\node_modules\appium-uiautomator2-driver\node_modules\appium-uiautomator2-server\apks\appium-uiautomator2-server-debug-androidTest.apk
&amp#27;[38;5;48m[ADB]&amp#27;[0m Using 'apksigner.jar' from 'C:\Users\gnani\AppData\Local\Android\Sdk\build-tools\34.0.0\lib\apksigner.jar'
&amp#27;[38;5;48m[ADB]&amp#27;[0m Starting apksigner: 'C:\\Program Files\\Java\\jdk-11\\bin\\java.exe' -Xmx1024M -Xss1m -jar C:\\Users\\gnani\\AppData\\Local\\Android\\Sdk\\build-tools\\34.0.0\\lib\\apksigner.jar verify --print-certs C:\\Users\\gnani\\.appium\\node_modules\\appium-uiautomator2-driver\\node_modules\\appium-uiautomator2-server\\apks\\appium-uiautomator2-server-debug-androidTest.apk
&amp#27;[38;5;48m[ADB]&amp#27;[0m Starting apksigner: 'C:\\Program Files\\Java\\jdk-11\\bin\\java.exe' -Xmx1024M -Xss1m -jar C:\\Users\\gnani\\AppData\\Local\\Android\\Sdk\\build-tools\\34.0.0\\lib\\apksigner.jar verify --print-certs C:\\Users\\gnani\\eclipse-workspace\\AppiumFramework//src//test//java//com//tests//resources//apk_files//General-Store.apk
&amp#27;[38;5;48m[ADB]&amp#27;[0m Starting apksigner: 'C:\\Program Files\\Java\\jdk-11\\bin\\java.exe' -Xmx1024M -Xss1m -jar C:\\Users\\gnani\\AppData\\Local\\Android\\Sdk\\build-tools\\34.0.0\\lib\\apksigner.jar verify --print-certs C:\\Users\\gnani\\.appium\\node_modules\\appium-uiautomator2-driver\\node_modules\\appium-uiautomator2-server\\apks\\appium-uiautomator2-server-v7.0.0.apk
&amp#27;[38;5;48m[ADB]&amp#27;[0m apksigner stdout: Signer #1 certificate DN: EMAILADDRESS=android@android.com, CN=Android, OU=Android, O=Android, L=Mountain View, ST=California, C=US
&amp#27;[38;5;48m[ADB]&amp#27;[0m Signer #1 certificate SHA-256 digest: a40da80a59d170caa950cf15c18c454d47a39b26989d8b640ecd745ba71bf5dc
&amp#27;[38;5;48m[ADB]&amp#27;[0m Signer #1 certificate SHA-1 digest: 61ed377e85d386a8dfee6b864bd85b0bfaa5af81
&amp#27;[38;5;48m[ADB]&amp#27;[0m Signer #1 certificate MD5 digest: e89b158e4bcf988ebd09eb83f5378e87
&amp#27;[38;5;48m[ADB]&amp#27;[0m 
&amp#27;[38;5;48m[ADB]&amp#27;[0m sha256 hash did match for 'appium-uiautomator2-server-debug-androidTest.apk'
&amp#27;[38;5;48m[ADB]&amp#27;[0m 'C:\Users\gnani\.appium\node_modules\appium-uiautomator2-driver\node_modules\appium-uiautomator2-server\apks\appium-uiautomator2-server-debug-androidTest.apk' is signed with the default certificate
&amp#27;[38;5;48m[ADB]&amp#27;[0m Getting install status for io.appium.uiautomator2.server.test
&amp#27;[38;5;48m[ADB]&amp#27;[0m Running 'C:\Users\gnani\AppData\Local\Android\Sdk\platform-tools\adb.exe -P 5037 -s emulator-5554 shell pm path io.appium.uiautomator2.server.test'
&amp#27;[38;5;48m[ADB]&amp#27;[0m 'io.appium.uiautomator2.server.test' is not installed
&amp#27;[38;5;48m[ADB]&amp#27;[0m apksigner stdout: Signer #1 certificate DN: EMAILADDRESS=android@android.com, CN=Android, OU=Android, O=Android, L=Mountain View, ST=California, C=US
&amp#27;[38;5;48m[ADB]&amp#27;[0m Signer #1 certificate SHA-256 digest: a40da80a59d170caa950cf15c18c454d47a39b26989d8b640ecd745ba71bf5dc
&amp#27;[38;5;48m[ADB]&amp#27;[0m Signer #1 certificate SHA-1 digest: 61ed377e85d386a8dfee6b864bd85b0bfaa5af81
&amp#27;[38;5;48m[ADB]&amp#27;[0m Signer #1 certificate MD5 digest: e89b158e4bcf988ebd09eb83f5378e87
&amp#27;[38;5;48m[ADB]&amp#27;[0m 
&amp#27;[38;5;48m[ADB]&amp#27;[0m sha256 hash did match for 'General-Store.apk'
&amp#27;[38;5;48m[ADB]&amp#27;[0m 'C:\Users\gnani\eclipse-workspace\AppiumFramework//src//test//java//com//tests//resources//apk_files//General-Store.apk' is signed with the default certificate
&amp#27;[38;5;48m[ADB]&amp#27;[0m Getting package info for 'com.androidsample.generalstore'
&amp#27;[38;5;48m[ADB]&amp#27;[0m Running 'C:\Users\gnani\AppData\Local\Android\Sdk\platform-tools\adb.exe -P 5037 -s emulator-5554 shell dumpsys package com.androidsample.generalstore'
&amp#27;[38;5;48m[ADB]&amp#27;[0m The version name of the installed 'com.androidsample.generalstore' is greater or equal to the application version name ('1.0.0' >= '1.0.0')
&amp#27;[38;5;48m[ADB]&amp#27;[0m There is no need to install/upgrade 'C:\Users\gnani\eclipse-workspace\AppiumFramework//src//test//java//com//tests//resources//apk_files//General-Store.apk'
&amp#27;[38;5;32m[AndroidUiautomator2Driver@50f4 (48f58814)]&amp#27;[0m Performing fast reset on 'com.androidsample.generalstore'
&amp#27;[38;5;48m[ADB]&amp#27;[0m Getting install status for com.androidsample.generalstore
&amp#27;[38;5;48m[ADB]&amp#27;[0m Running 'C:\Users\gnani\AppData\Local\Android\Sdk\platform-tools\adb.exe -P 5037 -s emulator-5554 shell pm path com.androidsample.generalstore'
&amp#27;[38;5;48m[ADB]&amp#27;[0m 'com.androidsample.generalstore' is installed
&amp#27;[38;5;48m[ADB]&amp#27;[0m Running 'C:\Users\gnani\AppData\Local\Android\Sdk\platform-tools\adb.exe -P 5037 -s emulator-5554 shell am force-stop com.androidsample.generalstore'
&amp#27;[38;5;48m[ADB]&amp#27;[0m Running 'C:\Users\gnani\AppData\Local\Android\Sdk\platform-tools\adb.exe -P 5037 -s emulator-5554 shell pm clear com.androidsample.generalstore'
&amp#27;[38;5;48m[ADB]&amp#27;[0m apksigner stdout: Signer #1 certificate DN: EMAILADDRESS=android@android.com, CN=Android, OU=Android, O=Android, L=Mountain View, ST=California, C=US
&amp#27;[38;5;48m[ADB]&amp#27;[0m Signer #1 certificate SHA-256 digest: a40da80a59d170caa950cf15c18c454d47a39b26989d8b640ecd745ba71bf5dc
&amp#27;[38;5;48m[ADB]&amp#27;[0m Signer #1 certificate SHA-1 digest: 61ed377e85d386a8dfee6b864bd85b0bfaa5af81
&amp#27;[38;5;48m[ADB]&amp#27;[0m Signer #1 certificate MD5 digest: e89b158e4bcf988ebd09eb83f5378e87
&amp#27;[38;5;48m[ADB]&amp#27;[0m 
&amp#27;[38;5;48m[ADB]&amp#27;[0m sha256 hash did match for 'appium-uiautomator2-server-v7.0.0.apk'
&amp#27;[38;5;48m[ADB]&amp#27;[0m 'C:\Users\gnani\.appium\node_modules\appium-uiautomator2-driver\node_modules\appium-uiautomator2-server\apks\appium-uiautomator2-server-v7.0.0.apk' is signed with the default certificate
&amp#27;[38;5;48m[ADB]&amp#27;[0m Getting package info for 'io.appium.uiautomator2.server'
&amp#27;[38;5;48m[ADB]&amp#27;[0m Running 'C:\Users\gnani\AppData\Local\Android\Sdk\platform-tools\adb.exe -P 5037 -s emulator-5554 shell dumpsys package io.appium.uiautomator2.server'
&amp#27;[38;5;48m[ADB]&amp#27;[0m App 'C:\Users\gnani\.appium\node_modules\appium-uiautomator2-driver\node_modules\appium-uiautomator2-server\apks\appium-uiautomator2-server-v7.0.0.apk' is not installed
&amp#27;[38;5;32m[AndroidUiautomator2Driver@50f4 (48f58814)]&amp#27;[0m Server packages status: [{"wasSigned":true,"installState":"notInstalled","appPath":"C:\\Users\\gnani\\.appium\\node_modules\\appium-uiautomator2-driver\\node_modules\\appium-uiautomator2-server\\apks\\appium-uiautomator2-server-v7.0.0.apk","appId":"io.appium.uiautomator2.server"},{"wasSigned":true,"installState":"notInstalled","appPath":"C:\\Users\\gnani\\.appium\\node_modules\\appium-uiautomator2-driver\\node_modules\\appium-uiautomator2-server\\apks\\appium-uiautomator2-server-debug-androidTest.apk","appId":"io.appium.uiautomator2.server.test"}]
&amp#27;[38;5;32m[AndroidUiautomator2Driver@50f4 (48f58814)]&amp#27;[0m Server packages are going to be (re)installed
&amp#27;[38;5;48m[ADB]&amp#27;[0m Running 'C:\Users\gnani\AppData\Local\Android\Sdk\platform-tools\adb.exe -P 5037 -s emulator-5554 version'
&amp#27;[38;5;48m[ADB]&amp#27;[0m Running 'C:\Users\gnani\AppData\Local\Android\Sdk\platform-tools\adb.exe -P 5037 -s emulator-5554 features'
&amp#27;[38;5;48m[ADB]&amp#27;[0m Running 'C:\Users\gnani\AppData\Local\Android\Sdk\platform-tools\adb.exe -P 5037 -s emulator-5554 help'
&amp#27;[38;5;48m[ADB]&amp#27;[0m Running 'C:\Users\gnani\AppData\Local\Android\Sdk\platform-tools\adb.exe -P 5037 -s emulator-5554 help'
&amp#27;[38;5;48m[ADB]&amp#27;[0m The application at 'C:\Users\gnani\.appium\node_modules\appium-uiautomator2-driver\node_modules\appium-uiautomator2-server\apks\appium-uiautomator2-server-v7.0.0.apk' will not be cached, because the device under test has confirmed the support of streamed installs
&amp#27;[38;5;48m[ADB]&amp#27;[0m Running 'C:\Users\gnani\AppData\Local\Android\Sdk\platform-tools\adb.exe -P 5037 -s emulator-5554 install -r --no-incremental C:\Users\gnani\.appium\node_modules\appium-uiautomator2-driver\node_modules\appium-uiautomator2-server\apks\appium-uiautomator2-server-v7.0.0.apk'
&amp#27;[38;5;48m[ADB]&amp#27;[0m The application at 'C:\Users\gnani\.appium\node_modules\appium-uiautomator2-driver\node_modules\appium-uiautomator2-server\apks\appium-uiautomator2-server-debug-androidTest.apk' will not be cached, because the device under test has confirmed the support of streamed installs
&amp#27;[38;5;48m[ADB]&amp#27;[0m Running 'C:\Users\gnani\AppData\Local\Android\Sdk\platform-tools\adb.exe -P 5037 -s emulator-5554 install -r --no-incremental C:\Users\gnani\.appium\node_modules\appium-uiautomator2-driver\node_modules\appium-uiautomator2-server\apks\appium-uiautomator2-server-debug-androidTest.apk'
&amp#27;[38;5;32m[AndroidUiautomator2Driver@50f4 (48f58814)]&amp#27;[0m Performed fast reset on the installed 'com.androidsample.generalstore' application (stop and clear)
&amp#27;[38;5;48m[ADB]&amp#27;[0m The installation of 'appium-uiautomator2-server-debug-androidTest.apk' took 3467ms
&amp#27;[38;5;48m[ADB]&amp#27;[0m Install command stdout: Performing Streamed Install
&amp#27;[38;5;48m[ADB]&amp#27;[0m Success
&amp#27;[38;5;48m[ADB]&amp#27;[0m The installation of 'appium-uiautomator2-server-v7.0.0.apk' took 5248ms
&amp#27;[38;5;48m[ADB]&amp#27;[0m Install command stdout: Performing Streamed Install
&amp#27;[38;5;48m[ADB]&amp#27;[0m Success
&amp#27;[38;5;32m[AndroidUiautomator2Driver@50f4 (48f58814)]&amp#27;[0m Waiting up to 30000ms for services to be available
&amp#27;[38;5;48m[ADB]&amp#27;[0m Running 'C:\Users\gnani\AppData\Local\Android\Sdk\platform-tools\adb.exe -P 5037 -s emulator-5554 shell pm list instrumentation'
&amp#27;[38;5;32m[AndroidUiautomator2Driver@50f4 (48f58814)]&amp#27;[0m Instrumentation target 'io.appium.uiautomator2.server.test/androidx.test.runner.AndroidJUnitRunner' is available
&amp#27;[38;5;48m[ADB]&amp#27;[0m Adding packages ["io.appium.settings","io.appium.uiautomator2.server","io.appium.uiautomator2.server.test"] to Doze whitelist
&amp#27;[38;5;48m[ADB]&amp#27;[0m Got the following command chunks to execute: [["dumpsys","deviceidle","whitelist","+io.appium.settings",";","dumpsys","deviceidle","whitelist","+io.appium.uiautomator2.server",";","dumpsys","deviceidle","whitelist","+io.appium.uiautomator2.server.test",";"]]
&amp#27;[38;5;48m[ADB]&amp#27;[0m Running 'C:\Users\gnani\AppData\Local\Android\Sdk\platform-tools\adb.exe -P 5037 -s emulator-5554 shell dumpsys deviceidle whitelist +io.appium.settings ; dumpsys deviceidle whitelist +io.appium.uiautomator2.server ; dumpsys deviceidle whitelist +io.appium.uiautomator2.server.test ;'
&amp#27;[38;5;32m[AndroidUiautomator2Driver@50f4 (48f58814)]&amp#27;[0m Performing shallow cleanup of automation leftovers
&amp#27;[38;5;32m[AndroidUiautomator2Driver@50f4 (48f58814)]&amp#27;[0m No obsolete sessions have been detected (socket hang up)
&amp#27;[38;5;48m[ADB]&amp#27;[0m Running 'C:\Users\gnani\AppData\Local\Android\Sdk\platform-tools\adb.exe -P 5037 -s emulator-5554 shell am force-stop io.appium.uiautomator2.server.test'
&amp#27;[38;5;32m[AndroidUiautomator2Driver@50f4 (48f58814)]&amp#27;[0m Starting UIAutomator2 server 7.0.0
&amp#27;[38;5;32m[AndroidUiautomator2Driver@50f4 (48f58814)]&amp#27;[0m Using UIAutomator2 server from 'C:\Users\gnani\.appium\node_modules\appium-uiautomator2-driver\node_modules\appium-uiautomator2-server\apks\appium-uiautomator2-server-v7.0.0.apk' and test from 'C:\Users\gnani\.appium\node_modules\appium-uiautomator2-driver\node_modules\appium-uiautomator2-server\apks\appium-uiautomator2-server-debug-androidTest.apk'
&amp#27;[38;5;32m[AndroidUiautomator2Driver@50f4 (48f58814)]&amp#27;[0m Waiting up to 30000ms for UiAutomator2 to be online...
&amp#27;[38;5;48m[ADB]&amp#27;[0m Creating ADB subprocess with args: ["-P","5037","-s","emulator-5554","shell","am","instrument","-w","-e","disableAnalytics","true","io.appium.uiautomator2.server.test/androidx.test.runner.AndroidJUnitRunner"]
&amp#27;[38;5;32m[AndroidUiautomator2Driver@50f4 (48f58814)]&amp#27;[0m Matched '/status' to command name 'getStatus'
&amp#27;[38;5;32m[AndroidUiautomator2Driver@50f4 (48f58814)]&amp#27;[0m Proxying [GET /status] to [GET http://127.0.0.1:8200/status] with no body
&amp#27;[38;5;32m[AndroidUiautomator2Driver@50f4 (48f58814)]&amp#27;[0m socket hang up
&amp#27;[38;5;32m[AndroidUiautomator2Driver@50f4 (48f58814)]&amp#27;[0m Matched '/status' to command name 'getStatus'
&amp#27;[38;5;32m[AndroidUiautomator2Driver@50f4 (48f58814)]&amp#27;[0m Proxying [GET /status] to [GET http://127.0.0.1:8200/status] with no body
&amp#27;[38;5;32m[AndroidUiautomator2Driver@50f4 (48f58814)]&amp#27;[0m socket hang up
&amp#27;[38;5;32m[AndroidUiautomator2Driver@50f4 (48f58814)]&amp#27;[0m Matched '/status' to command name 'getStatus'
&amp#27;[38;5;32m[AndroidUiautomator2Driver@50f4 (48f58814)]&amp#27;[0m Proxying [GET /status] to [GET http://127.0.0.1:8200/status] with no body
&amp#27;[38;5;32m[AndroidUiautomator2Driver@50f4 (48f58814)]&amp#27;[0m socket hang up
&amp#27;[38;5;32m[AndroidUiautomator2Driver@50f4 (48f58814)]&amp#27;[0m Matched '/status' to command name 'getStatus'
&amp#27;[38;5;32m[AndroidUiautomator2Driver@50f4 (48f58814)]&amp#27;[0m Proxying [GET /status] to [GET http://127.0.0.1:8200/status] with no body
&amp#27;[38;5;32m[AndroidUiautomator2Driver@50f4 (48f58814)]&amp#27;[0m socket hang up
&amp#27;[38;5;32m[AndroidUiautomator2Driver@50f4 (48f58814)]&amp#27;[0m Matched '/status' to command name 'getStatus'
&amp#27;[38;5;32m[AndroidUiautomator2Driver@50f4 (48f58814)]&amp#27;[0m Proxying [GET /status] to [GET http://127.0.0.1:8200/status] with no body
&amp#27;[38;5;32m[AndroidUiautomator2Driver@50f4 (48f58814)]&amp#27;[0m socket hang up
&amp#27;[38;5;32m[AndroidUiautomator2Driver@50f4 (48f58814)]&amp#27;[0m Matched '/status' to command name 'getStatus'
&amp#27;[38;5;32m[AndroidUiautomator2Driver@50f4 (48f58814)]&amp#27;[0m Proxying [GET /status] to [GET http://127.0.0.1:8200/status] with no body
&amp#27;[38;5;32m[AndroidUiautomator2Driver@50f4 (48f58814)]&amp#27;[0m socket hang up
&amp#27;[38;5;32m[AndroidUiautomator2Driver@50f4 (48f58814)]&amp#27;[0m Matched '/status' to command name 'getStatus'
&amp#27;[38;5;32m[AndroidUiautomator2Driver@50f4 (48f58814)]&amp#27;[0m Proxying [GET /status] to [GET http://127.0.0.1:8200/status] with no body
&amp#27;[38;5;32m[AndroidUiautomator2Driver@50f4 (48f58814)]&amp#27;[0m socket hang up
&amp#27;[38;5;32m[AndroidUiautomator2Driver@50f4 (48f58814)]&amp#27;[0m Matched '/status' to command name 'getStatus'
&amp#27;[38;5;32m[AndroidUiautomator2Driver@50f4 (48f58814)]&amp#27;[0m Proxying [GET /status] to [GET http://127.0.0.1:8200/status] with no body
&amp#27;[38;5;32m[AndroidUiautomator2Driver@50f4 (48f58814)]&amp#27;[0m socket hang up
&amp#27;[38;5;32m[AndroidUiautomator2Driver@50f4 (48f58814)]&amp#27;[0m Matched '/status' to command name 'getStatus'
&amp#27;[38;5;32m[AndroidUiautomator2Driver@50f4 (48f58814)]&amp#27;[0m Proxying [GET /status] to [GET http://127.0.0.1:8200/status] with no body
&amp#27;[38;5;32m[AndroidUiautomator2Driver@50f4 (48f58814)]&amp#27;[0m socket hang up
&amp#27;[38;5;32m[AndroidUiautomator2Driver@50f4 (48f58814)]&amp#27;[0m Matched '/status' to command name 'getStatus'
&amp#27;[38;5;32m[AndroidUiautomator2Driver@50f4 (48f58814)]&amp#27;[0m Proxying [GET /status] to [GET http://127.0.0.1:8200/status] with no body
&amp#27;[38;5;32m[AndroidUiautomator2Driver@50f4 (48f58814)]&amp#27;[0m socket hang up
&amp#27;[38;5;32m[AndroidUiautomator2Driver@50f4 (48f58814)]&amp#27;[0m Matched '/status' to command name 'getStatus'
&amp#27;[38;5;32m[AndroidUiautomator2Driver@50f4 (48f58814)]&amp#27;[0m Proxying [GET /status] to [GET http://127.0.0.1:8200/status] with no body
&amp#27;[38;5;32m[AndroidUiautomator2Driver@50f4 (48f58814)]&amp#27;[0m socket hang up
&amp#27;[38;5;32m[AndroidUiautomator2Driver@50f4 (48f58814)]&amp#27;[0m Matched '/status' to command name 'getStatus'
&amp#27;[38;5;32m[AndroidUiautomator2Driver@50f4 (48f58814)]&amp#27;[0m Proxying [GET /status] to [GET http://127.0.0.1:8200/status] with no body
&amp#27;[38;5;32m[AndroidUiautomator2Driver@50f4 (48f58814)]&amp#27;[0m socket hang up
&amp#27;[38;5;112m[Instrumentation]&amp#27;[0m io.appium.uiautomator2.server.test.AppiumUiAutomator2Server:
&amp#27;[38;5;32m[AndroidUiautomator2Driver@50f4 (48f58814)]&amp#27;[0m Matched '/status' to command name 'getStatus'
&amp#27;[38;5;32m[AndroidUiautomator2Driver@50f4 (48f58814)]&amp#27;[0m Proxying [GET /status] to [GET http://127.0.0.1:8200/status] with no body
&amp#27;[38;5;32m[AndroidUiautomator2Driver@50f4 (48f58814)]&amp#27;[0m socket hang up
&amp#27;[38;5;32m[AndroidUiautomator2Driver@50f4 (48f58814)]&amp#27;[0m Matched '/status' to command name 'getStatus'
&amp#27;[38;5;32m[AndroidUiautomator2Driver@50f4 (48f58814)]&amp#27;[0m Proxying [GET /status] to [GET http://127.0.0.1:8200/status] with no body
&amp#27;[38;5;32m[AndroidUiautomator2Driver@50f4 (48f58814)]&amp#27;[0m socket hang up
&amp#27;[38;5;32m[AndroidUiautomator2Driver@50f4 (48f58814)]&amp#27;[0m Matched '/status' to command name 'getStatus'
&amp#27;[38;5;32m[AndroidUiautomator2Driver@50f4 (48f58814)]&amp#27;[0m Proxying [GET /status] to [GET http://127.0.0.1:8200/status] with no body
&amp#27;[38;5;32m[AndroidUiautomator2Driver@50f4 (48f58814)]&amp#27;[0m socket hang up
&amp#27;[38;5;32m[AndroidUiautomator2Driver@50f4 (48f58814)]&amp#27;[0m Matched '/status' to command name 'getStatus'
&amp#27;[38;5;32m[AndroidUiautomator2Driver@50f4 (48f58814)]&amp#27;[0m Proxying [GET /status] to [GET http://127.0.0.1:8200/status] with no body
&amp#27;[38;5;32m[AndroidUiautomator2Driver@50f4 (48f58814)]&amp#27;[0m Got response with status 200: {"sessionId":"None","value":{"message":"UiAutomator2 Server is ready to accept commands","ready":true}}
&amp#27;[38;5;32m[AndroidUiautomator2Driver@50f4 (48f58814)]&amp#27;[0m The initialization of the instrumentation process took 16500ms
&amp#27;[38;5;32m[AndroidUiautomator2Driver@50f4 (48f58814)]&amp#27;[0m Matched '/session' to command name 'createSession'
&amp#27;[38;5;32m[AndroidUiautomator2Driver@50f4 (48f58814)]&amp#27;[0m Proxying [POST /session] to [POST http://127.0.0.1:8200/session] with body: {"capabilities":{"firstMatch":[{"platformName":"ANDROID","app":"C:\\Users\\gnani\\eclipse-workspace\\AppiumFramework//src//test//java//com//tests//resources//apk_files//General-Store.apk","automationName":"UIAutomator2","deviceName":"emulator-5554","platform":"LINUX","webStorageEnabled":false,"takesScreenshot":true,"javascriptEnabled":true,"databaseEnabled":false,"networkConnectionEnabled":true,"locationContextEnabled":false,"warnings":{},"desired":{"platformName":"ANDROID","app":"C:\\Users\\gnani\\eclipse-workspace\\AppiumFramework//src//test//java//com//tests//resources//apk_files//General-Store.apk","automationName":"UIAutomator2","deviceName":"Android Emulator"},"deviceUDID":"emulator-5554","appPackage":"com.androidsample.generalstore"}],"alwaysMatch":{}}}
&amp#27;[38;5;32m[AndroidUiautomator2Driver@50f4 (48f58814)]&amp#27;[0m Got response with status 200: {"sessionId":"4403cb60-da58-486a-b250-a831a9aeeb03","value":{"capabilities":{"firstMatch":[{"platformName":"ANDROID","app":"C:\\Users\\gnani\\eclipse-workspace\\AppiumFramework//src//test//java//com//tests//resources//apk_files//General-Store.apk","automationName":"UIAutomator2","deviceName":"emulator-5554","platform":"LINUX","webStorageEnabled":false,"takesScreenshot":true,"javascriptEnabled":true,"databaseEnabled":false,"networkConnectionEnabled":true,"locationContextEnabled":false,"warnings":{},"desired":{"platformName":"ANDROID","app":"C:\\Users\\gnani\\eclipse-workspace\\AppiumFramework//src//test//java//com//tests//resources//apk_files//General-Store.apk","automationName":"UIAutomator2","deviceName":"Android Emulator"},"deviceUDID":"emulator-5554","appPackage":"com.androidsample.generalstore"}],"alwaysMatch":{}},"sessionId":"4403cb60-da58-486a-b250-a831a9aeeb03"}}
&amp#27;[38;5;32m[AndroidUiautomator2Driver@50f4 (48f58814)]&amp#27;[0m Determined the downstream protocol as 'W3C'
&amp#27;[38;5;32m[AndroidUiautomator2Driver@50f4 (48f58814)]&amp#27;[0m Proxying [GET /appium/device/pixel_ratio] to [GET http://127.0.0.1:8200/session/4403cb60-da58-486a-b250-a831a9aeeb03/appium/device/pixel_ratio] with no body
&amp#27;[38;5;32m[AndroidUiautomator2Driver@50f4 (48f58814)]&amp#27;[0m Matched '/appium/device/system_bars' to command name 'getSystemBars'
&amp#27;[38;5;32m[AndroidUiautomator2Driver@50f4 (48f58814)]&amp#27;[0m Proxying [GET /appium/device/system_bars] to [GET http://127.0.0.1:8200/session/4403cb60-da58-486a-b250-a831a9aeeb03/appium/device/system_bars] with no body
&amp#27;[38;5;32m[AndroidUiautomator2Driver@50f4 (48f58814)]&amp#27;[0m Matched '/window/current/size' to command name 'getWindowSize'
&amp#27;[38;5;32m[AndroidUiautomator2Driver@50f4 (48f58814)]&amp#27;[0m Proxying [GET /window/current/size] to [GET http://127.0.0.1:8200/session/4403cb60-da58-486a-b250-a831a9aeeb03/window/current/size] with no body
&amp#27;[38;5;32m[AndroidUiautomator2Driver@50f4 (48f58814)]&amp#27;[0m Proxying [GET /appium/device/info] to [GET http://127.0.0.1:8200/session/4403cb60-da58-486a-b250-a831a9aeeb03/appium/device/info] with no body
&amp#27;[38;5;48m[ADB]&amp#27;[0m Running 'C:\Users\gnani\AppData\Local\Android\Sdk\platform-tools\adb.exe -P 5037 -s emulator-5554 shell dumpsys window'
&amp#27;[38;5;32m[AndroidUiautomator2Driver@50f4 (48f58814)]&amp#27;[0m Got response with status 200: {"sessionId":"4403cb60-da58-486a-b250-a831a9aeeb03","value":3.5}
&amp#27;[38;5;32m[AndroidUiautomator2Driver@50f4 (48f58814)]&amp#27;[0m Got response with status 200: {"sessionId":"4403cb60-da58-486a-b250-a831a9aeeb03","value":{"height":2560,"width":1440}}
&amp#27;[38;5;32m[AndroidUiautomator2Driver@50f4 (48f58814)]&amp#27;[0m Got response with status 200: {"sessionId":"4403cb60-da58-486a-b250-a831a9aeeb03","value":{"statusBar":84}}
&amp#27;[38;5;32m[AndroidUiautomator2Driver@50f4 (48f58814)]&amp#27;[0m Got response with status 200: {"sessionId":"4403cb60-da58-486a-b250-a831a9aeeb03","value":{"androidId":"f6cb8317f72422e6","apiVersion":"33","bluetooth":{"state":"ON"},"brand":"google","carrierName":"T-Mobile","displayDensity":560,"locale":"en_US","manufacturer":"Google","model":"sdk_gphone_x86_64","networks":[{"capabilities":{"SSID":null,"linkDownBandwidthKbps":4300,"linkUpstreamBandwidthKbps":1800,"networkCapabilities":"NET_CAPABILITY_MMS,NET_CAPABILITY_SUPL,NET_CAPABILITY_DUN,NET_CAPABILITY_FOTA,NET_CAPABILITY_IMS,NET_CAPABILITY_CBS,NET_CAPABILITY_INTERNET,NET_CAPABILITY_NOT_RESTRICTED,NET_CAPABILITY_TRUSTED,NET_CAPABILITY_NOT_VPN,NET_CAPABILITY_VALIDATED,NET_CAPABILITY_NOT_ROAMING,NET_CAPABILITY_NOT_CONGESTED,NET_CAPABILITY_NOT_SUSPENDED","signalStrength":-2147483648,"transportTypes":"TRANSPORT_CELLULAR"},"detailedState":"CONNECTED","extraInfo":"epc.tmobile.com","isAvailable":true,"isConnected":true,"isFailover":false,"isRoaming":false,"state":"CONNECTED","subtype":10,"subtypeName":"HSPA","type":0,"typeName":"MOBILE"},{"capabilities...
&amp#27;[38;5;32m[AndroidUiautomator2Driver@50f4 (48f58814)]&amp#27;[0m Screen already unlocked, doing nothing
&amp#27;[38;5;32m[AndroidUiautomator2Driver@50f4 (48f58814)]&amp#27;[0m Starting 'com.androidsample.generalstore/com.androidsample.generalstore.SplashActivity and waiting for 'com.androidsample.generalstore/com.androidsample.generalstore.SplashActivity'
&amp#27;[38;5;48m[ADB]&amp#27;[0m Running 'C:\Users\gnani\AppData\Local\Android\Sdk\platform-tools\adb.exe -P 5037 -s emulator-5554 shell am start -W -n com.androidsample.generalstore/com.androidsample.generalstore.SplashActivity -S -a android.intent.action.MAIN -c android.intent.category.LAUNCHER -f 0x10200000'
&amp#27;[38;5;48m[ADB]&amp#27;[0m Waiting up to 20000ms for activity matching pkg: 'com.androidsample.generalstore' and activity: 'com.androidsample.generalstore.SplashActivity' to be focused
&amp#27;[38;5;48m[ADB]&amp#27;[0m Possible activities, to be checked: 'com.androidsample.generalstore.SplashActivity', 'com.androidsample.generalstore.com.androidsample.generalstore.SplashActivity'
&amp#27;[38;5;48m[ADB]&amp#27;[0m Getting focused package and activity
&amp#27;[38;5;48m[ADB]&amp#27;[0m Running 'C:\Users\gnani\AppData\Local\Android\Sdk\platform-tools\adb.exe -P 5037 -s emulator-5554 shell dumpsys window displays'
&amp#27;[38;5;48m[ADB]&amp#27;[0m Found package: 'com.androidsample.generalstore' and fully qualified activity name : 'com.androidsample.generalstore.SplashActivity'
&amp#27;[38;5;16m[AppiumDriver@c6a7]&amp#27;[0m New AndroidUiautomator2Driver session created successfully, session 48f58814-9324-45e5-aebe-ca3eb176c9c0 added to master session list
&amp#27;[38;5;16m[AppiumDriver@c6a7]&amp#27;[0m Event 'newSessionStarted' logged at 1709583407366 (12:16:47 GMT-0800 (Pacific Standard Time))
&amp#27;[38;5;32m[AndroidUiautomator2Driver@50f4 (48f58814)]&amp#27;[0m Cached the protocol value 'W3C' for the new session 48f58814-9324-45e5-aebe-ca3eb176c9c0
&amp#27;[38;5;32m[AndroidUiautomator2Driver@50f4 (48f58814)]&amp#27;[0m Responding to client with driver.createSession() result: {"capabilities":{"platformName":"ANDROID","app":"C:\\Users\\gnani\\eclipse-workspace\\AppiumFramework//src//test//java//com//tests//resources//apk_files//General-Store.apk","automationName":"UIAutomator2","deviceName":"emulator-5554","platform":"LINUX","webStorageEnabled":false,"takesScreenshot":true,"javascriptEnabled":true,"databaseEnabled":false,"networkConnectionEnabled":true,"locationContextEnabled":false,"warnings":{},"desired":{"platformName":"ANDROID","app":"C:\\Users\\gnani\\eclipse-workspace\\AppiumFramework//src//test//java//com//tests//resources//apk_files//General-Store.apk","automationName":"UIAutomator2","deviceName":"Android Emulator"},"deviceUDID":"emulator-5554","appPackage":"com.androidsample.generalstore","pixelRatio":"3.5","statBarHeight":84,"viewportRect":{"left":0,"top":84,"width":1440,"height":2476},"deviceApiLevel":33,"platformVersion":"13","deviceManufacturer":"Google","deviceModel":"sdk_gphone_x86_64","deviceScreenSize":"1440x2560","deviceScreenDensity":560}}
&amp#27;[38;5;0m[HTTP]&amp#27;[0m &amp#27;[37m<-- POST /session &amp#27;[39m&amp#27;[32m200&amp#27;[39m &amp#27;[90m42588 ms - 1061&amp#27;[39m
&amp#27;[38;5;0m[HTTP]&amp#27;[0m &amp#27;[90m&amp#27;[39m
&amp#27;[38;5;0m[HTTP]&amp#27;[0m &amp#27;[37m-->&amp#27;[39m &amp#27;[37mPOST&amp#27;[39m &amp#27;[37m/session/48f58814-9324-45e5-aebe-ca3eb176c9c0/execute/sync&amp#27;[39m
&amp#27;[38;5;0m[HTTP]&amp#27;[0m &amp#27;[90m{"args":[{"intent":"com.androidsample.generalstore/com.androidsample.generalstore.MainActivity"}],"script":"mobile: startActivity"}&amp#27;[39m
&amp#27;[38;5;32m[AndroidUiautomator2Driver@50f4 (48f58814)]&amp#27;[0m Calling AppiumDriver.execute() with args: ["mobile: startActivity",[{"intent":"com.androidsample.generalstore/com.androidsample.generalstore.MainActivity"}],"48f58814-9324-45e5-aebe-ca3eb176c9c0"]
&amp#27;[38;5;32m[AndroidUiautomator2Driver@50f4 (48f58814)]&amp#27;[0m Executing method 'mobile: startActivity'
&amp#27;[38;5;48m[ADB]&amp#27;[0m Running 'C:\Users\gnani\AppData\Local\Android\Sdk\platform-tools\adb.exe -P 5037 -s emulator-5554 shell am start-activity com.androidsample.generalstore/com.androidsample.generalstore.MainActivity'
&amp#27;[38;5;32m[AndroidUiautomator2Driver@50f4 (48f58814)]&amp#27;[0m Responding to client with driver.execute() result: "Starting: Intent { act=android.intent.action.MAIN cat=[android.intent.category.LAUNCHER] cmp=com.androidsample.generalstore/.MainActivity }"
&amp#27;[38;5;0m[HTTP]&amp#27;[0m &amp#27;[37m<-- POST /session/48f58814-9324-45e5-aebe-ca3eb176c9c0/execute/sync &amp#27;[39m&amp#27;[32m200&amp#27;[39m &amp#27;[90m446 ms - 151&amp#27;[39m
&amp#27;[38;5;0m[HTTP]&amp#27;[0m &amp#27;[90m&amp#27;[39m
&amp#27;[38;5;0m[HTTP]&amp#27;[0m &amp#27;[37m-->&amp#27;[39m &amp#27;[37mGET&amp#27;[39m &amp#27;[37m/session/48f58814-9324-45e5-aebe-ca3eb176c9c0/context&amp#27;[39m
&amp#27;[38;5;0m[HTTP]&amp#27;[0m &amp#27;[90m{}&amp#27;[39m
&amp#27;[38;5;32m[AndroidUiautomator2Driver@50f4 (48f58814)]&amp#27;[0m Calling AppiumDriver.getCurrentContext() with args: ["48f58814-9324-45e5-aebe-ca3eb176c9c0"]
&amp#27;[38;5;32m[AndroidUiautomator2Driver@50f4 (48f58814)]&amp#27;[0m Responding to client with driver.getCurrentContext() result: "NATIVE_APP"
&amp#27;[38;5;0m[HTTP]&amp#27;[0m &amp#27;[37m<-- GET /session/48f58814-9324-45e5-aebe-ca3eb176c9c0/context &amp#27;[39m&amp#27;[32m200&amp#27;[39m &amp#27;[90m9 ms - 22&amp#27;[39m
&amp#27;[38;5;0m[HTTP]&amp#27;[0m &amp#27;[90m&amp#27;[39m
&amp#27;[38;5;0m[HTTP]&amp#27;[0m &amp#27;[37m-->&amp#27;[39m &amp#27;[37mPOST&amp#27;[39m &amp#27;[37m/session/48f58814-9324-45e5-aebe-ca3eb176c9c0/element&amp#27;[39m
&amp#27;[38;5;0m[HTTP]&amp#27;[0m &amp#27;[90m{"value":"com.androidsample.generalstore:id/nameField","using":"id"}&amp#27;[39m
&amp#27;[38;5;32m[AndroidUiautomator2Driver@50f4 (48f58814)]&amp#27;[0m Calling AppiumDriver.findElement() with args: ["id","com.androidsample.generalstore:id/nameField","48f58814-9324-45e5-aebe-ca3eb176c9c0"]
&amp#27;[38;5;32m[AndroidUiautomator2Driver@50f4 (48f58814)]&amp#27;[0m Valid locator strategies for this request: xpath, id, class name, accessibility id, css selector, -android uiautomator
&amp#27;[38;5;32m[AndroidUiautomator2Driver@50f4 (48f58814)]&amp#27;[0m Waiting up to 0 ms for condition
&amp#27;[38;5;32m[AndroidUiautomator2Driver@50f4 (48f58814)]&amp#27;[0m Matched '/element' to command name 'findElement'
&amp#27;[38;5;32m[AndroidUiautomator2Driver@50f4 (48f58814)]&amp#27;[0m Proxying [POST /element] to [POST http://127.0.0.1:8200/session/4403cb60-da58-486a-b250-a831a9aeeb03/element] with body: {"strategy":"id","selector":"com.androidsample.generalstore:id/nameField","context":"","multiple":false}
&amp#27;[38;5;32m[AndroidUiautomator2Driver@50f4 (48f58814)]&amp#27;[0m Got response with status 200: {"sessionId":"4403cb60-da58-486a-b250-a831a9aeeb03","value":{"ELEMENT":"00000000-0000-000d-ffff-ffff00000039","element-6066-11e4-a52e-4f735466cecf":"00000000-0000-000d-ffff-ffff00000039"}}
&amp#27;[38;5;32m[AndroidUiautomator2Driver@50f4 (48f58814)]&amp#27;[0m Responding to client with driver.findElement() result: {"element-6066-11e4-a52e-4f735466cecf":"00000000-0000-000d-ffff-ffff00000039","ELEMENT":"00000000-0000-000d-ffff-ffff00000039"}
&amp#27;[38;5;0m[HTTP]&amp#27;[0m &amp#27;[37m<-- POST /session/48f58814-9324-45e5-aebe-ca3eb176c9c0/element &amp#27;[39m&amp#27;[32m200&amp#27;[39m &amp#27;[90m233 ms - 137&amp#27;[39m
&amp#27;[38;5;0m[HTTP]&amp#27;[0m &amp#27;[90m&amp#27;[39m
&amp#27;[38;5;0m[HTTP]&amp#27;[0m &amp#27;[37m-->&amp#27;[39m &amp#27;[37mPOST&amp#27;[39m &amp#27;[37m/session/48f58814-9324-45e5-aebe-ca3eb176c9c0/element/00000000-0000-000d-ffff-ffff00000039/value&amp#27;[39m
&amp#27;[38;5;0m[HTTP]&amp#27;[0m &amp#27;[90m{"id":"00000000-0000-000d-ffff-ffff00000039","text":"Preethi","value":["P","r","e","e","t","h","i"]}&amp#27;[39m
&amp#27;[38;5;32m[AndroidUiautomator2Driver@50f4 (48f58814)]&amp#27;[0m Calling AppiumDriver.setValue() with args: [["P","r","e","e","t","h","i"],"00000000-0000-000d-ffff-ffff00000039","48f58814-9324-45e5-aebe-ca3eb176c9c0"]
&amp#27;[38;5;32m[AndroidUiautomator2Driver@50f4 (48f58814)]&amp#27;[0m Matched '/element/00000000-0000-000d-ffff-ffff00000039/value' to command name 'setValue'
&amp#27;[38;5;32m[AndroidUiautomator2Driver@50f4 (48f58814)]&amp#27;[0m Added 'value' property ["P","r","e","e","t","h","i"] to 'setValue' request body
&amp#27;[38;5;32m[AndroidUiautomator2Driver@50f4 (48f58814)]&amp#27;[0m Proxying [POST /element/00000000-0000-000d-ffff-ffff00000039/value] to [POST http://127.0.0.1:8200/session/4403cb60-da58-486a-b250-a831a9aeeb03/element/00000000-0000-000d-ffff-ffff00000039/value] with body: {"elementId":"00000000-0000-000d-ffff-ffff00000039","text":"Preethi","replace":false,"value":["P","r","e","e","t","h","i"]}
&amp#27;[38;5;32m[AndroidUiautomator2Driver@50f4 (48f58814)]&amp#27;[0m Got response with status 200: {"sessionId":"4403cb60-da58-486a-b250-a831a9aeeb03","value":null}
&amp#27;[38;5;32m[AndroidUiautomator2Driver@50f4 (48f58814)]&amp#27;[0m Responding to client with driver.setValue() result: null
&amp#27;[38;5;0m[HTTP]&amp#27;[0m &amp#27;[37m<-- POST /session/48f58814-9324-45e5-aebe-ca3eb176c9c0/element/00000000-0000-000d-ffff-ffff00000039/value &amp#27;[39m&amp#27;[32m200&amp#27;[39m &amp#27;[90m830 ms - 14&amp#27;[39m
&amp#27;[38;5;0m[HTTP]&amp#27;[0m &amp#27;[90m&amp#27;[39m
&amp#27;[38;5;0m[HTTP]&amp#27;[0m &amp#27;[37m-->&amp#27;[39m &amp#27;[37mGET&amp#27;[39m &amp#27;[37m/session/48f58814-9324-45e5-aebe-ca3eb176c9c0/context&amp#27;[39m
&amp#27;[38;5;0m[HTTP]&amp#27;[0m &amp#27;[90m{}&amp#27;[39m
&amp#27;[38;5;32m[AndroidUiautomator2Driver@50f4 (48f58814)]&amp#27;[0m Calling AppiumDriver.getCurrentContext() with args: ["48f58814-9324-45e5-aebe-ca3eb176c9c0"]
&amp#27;[38;5;32m[AndroidUiautomator2Driver@50f4 (48f58814)]&amp#27;[0m Responding to client with driver.getCurrentContext() result: "NATIVE_APP"
&amp#27;[38;5;0m[HTTP]&amp#27;[0m &amp#27;[37m<-- GET /session/48f58814-9324-45e5-aebe-ca3eb176c9c0/context &amp#27;[39m&amp#27;[32m200&amp#27;[39m &amp#27;[90m3 ms - 22&amp#27;[39m
&amp#27;[38;5;0m[HTTP]&amp#27;[0m &amp#27;[90m&amp#27;[39m
&amp#27;[38;5;0m[HTTP]&amp#27;[0m &amp#27;[37m-->&amp#27;[39m &amp#27;[37mPOST&amp#27;[39m &amp#27;[37m/session/48f58814-9324-45e5-aebe-ca3eb176c9c0/element&amp#27;[39m
&amp#27;[38;5;0m[HTTP]&amp#27;[0m &amp#27;[90m{"value":"com.androidsample.generalstore:id/radioFemale","using":"id"}&amp#27;[39m
&amp#27;[38;5;32m[AndroidUiautomator2Driver@50f4 (48f58814)]&amp#27;[0m Calling AppiumDriver.findElement() with args: ["id","com.androidsample.generalstore:id/radioFemale","48f58814-9324-45e5-aebe-ca3eb176c9c0"]
&amp#27;[38;5;32m[AndroidUiautomator2Driver@50f4 (48f58814)]&amp#27;[0m Valid locator strategies for this request: xpath, id, class name, accessibility id, css selector, -android uiautomator
&amp#27;[38;5;32m[AndroidUiautomator2Driver@50f4 (48f58814)]&amp#27;[0m Waiting up to 0 ms for condition
&amp#27;[38;5;32m[AndroidUiautomator2Driver@50f4 (48f58814)]&amp#27;[0m Matched '/element' to command name 'findElement'
&amp#27;[38;5;32m[AndroidUiautomator2Driver@50f4 (48f58814)]&amp#27;[0m Proxying [POST /element] to [POST http://127.0.0.1:8200/session/4403cb60-da58-486a-b250-a831a9aeeb03/element] with body: {"strategy":"id","selector":"com.androidsample.generalstore:id/radioFemale","context":"","multiple":false}
&amp#27;[38;5;32m[AndroidUiautomator2Driver@50f4 (48f58814)]&amp#27;[0m Got response with status 200: {"sessionId":"4403cb60-da58-486a-b250-a831a9aeeb03","value":{"ELEMENT":"00000000-0000-000d-ffff-ffff0000003d","element-6066-11e4-a52e-4f735466cecf":"00000000-0000-000d-ffff-ffff0000003d"}}
&amp#27;[38;5;32m[AndroidUiautomator2Driver@50f4 (48f58814)]&amp#27;[0m Responding to client with driver.findElement() result: {"element-6066-11e4-a52e-4f735466cecf":"00000000-0000-000d-ffff-ffff0000003d","ELEMENT":"00000000-0000-000d-ffff-ffff0000003d"}
&amp#27;[38;5;0m[HTTP]&amp#27;[0m &amp#27;[37m<-- POST /session/48f58814-9324-45e5-aebe-ca3eb176c9c0/element &amp#27;[39m&amp#27;[32m200&amp#27;[39m &amp#27;[90m511 ms - 137&amp#27;[39m
&amp#27;[38;5;0m[HTTP]&amp#27;[0m &amp#27;[90m&amp#27;[39m
&amp#27;[38;5;0m[HTTP]&amp#27;[0m &amp#27;[37m-->&amp#27;[39m &amp#27;[37mPOST&amp#27;[39m &amp#27;[37m/session/48f58814-9324-45e5-aebe-ca3eb176c9c0/element/00000000-0000-000d-ffff-ffff0000003d/click&amp#27;[39m
&amp#27;[38;5;0m[HTTP]&amp#27;[0m &amp#27;[90m{"id":"00000000-0000-000d-ffff-ffff0000003d"}&amp#27;[39m
&amp#27;[38;5;32m[AndroidUiautomator2Driver@50f4 (48f58814)]&amp#27;[0m Calling AppiumDriver.click() with args: ["00000000-0000-000d-ffff-ffff0000003d","48f58814-9324-45e5-aebe-ca3eb176c9c0"]
&amp#27;[38;5;32m[AndroidUiautomator2Driver@50f4 (48f58814)]&amp#27;[0m Matched '/element/00000000-0000-000d-ffff-ffff0000003d/click' to command name 'click'
&amp#27;[38;5;32m[AndroidUiautomator2Driver@50f4 (48f58814)]&amp#27;[0m Proxying [POST /element/00000000-0000-000d-ffff-ffff0000003d/click] to [POST http://127.0.0.1:8200/session/4403cb60-da58-486a-b250-a831a9aeeb03/element/00000000-0000-000d-ffff-ffff0000003d/click] with body: {"element":"00000000-0000-000d-ffff-ffff0000003d"}
&amp#27;[38;5;32m[AndroidUiautomator2Driver@50f4 (48f58814)]&amp#27;[0m Got response with status 200: {"sessionId":"4403cb60-da58-486a-b250-a831a9aeeb03","value":null}
&amp#27;[38;5;32m[AndroidUiautomator2Driver@50f4 (48f58814)]&amp#27;[0m Responding to client with driver.click() result: null
&amp#27;[38;5;0m[HTTP]&amp#27;[0m &amp#27;[37m<-- POST /session/48f58814-9324-45e5-aebe-ca3eb176c9c0/element/00000000-0000-000d-ffff-ffff0000003d/click &amp#27;[39m&amp#27;[32m200&amp#27;[39m &amp#27;[90m131 ms - 14&amp#27;[39m
&amp#27;[38;5;0m[HTTP]&amp#27;[0m &amp#27;[90m&amp#27;[39m
&amp#27;[38;5;0m[HTTP]&amp#27;[0m &amp#27;[37m-->&amp#27;[39m &amp#27;[37mGET&amp#27;[39m &amp#27;[37m/session/48f58814-9324-45e5-aebe-ca3eb176c9c0/context&amp#27;[39m
&amp#27;[38;5;0m[HTTP]&amp#27;[0m &amp#27;[90m{}&amp#27;[39m
&amp#27;[38;5;32m[AndroidUiautomator2Driver@50f4 (48f58814)]&amp#27;[0m Calling AppiumDriver.getCurrentContext() with args: ["48f58814-9324-45e5-aebe-ca3eb176c9c0"]
&amp#27;[38;5;32m[AndroidUiautomator2Driver@50f4 (48f58814)]&amp#27;[0m Responding to client with driver.getCurrentContext() result: "NATIVE_APP"
&amp#27;[38;5;0m[HTTP]&amp#27;[0m &amp#27;[37m<-- GET /session/48f58814-9324-45e5-aebe-ca3eb176c9c0/context &amp#27;[39m&amp#27;[32m200&amp#27;[39m &amp#27;[90m3 ms - 22&amp#27;[39m
&amp#27;[38;5;0m[HTTP]&amp#27;[0m &amp#27;[90m&amp#27;[39m
&amp#27;[38;5;0m[HTTP]&amp#27;[0m &amp#27;[37m-->&amp#27;[39m &amp#27;[37mPOST&amp#27;[39m &amp#27;[37m/session/48f58814-9324-45e5-aebe-ca3eb176c9c0/element&amp#27;[39m
&amp#27;[38;5;0m[HTTP]&amp#27;[0m &amp#27;[90m{"value":"android:id/text1","using":"id"}&amp#27;[39m
&amp#27;[38;5;32m[AndroidUiautomator2Driver@50f4 (48f58814)]&amp#27;[0m Calling AppiumDriver.findElement() with args: ["id","android:id/text1","48f58814-9324-45e5-aebe-ca3eb176c9c0"]
&amp#27;[38;5;32m[AndroidUiautomator2Driver@50f4 (48f58814)]&amp#27;[0m Valid locator strategies for this request: xpath, id, class name, accessibility id, css selector, -android uiautomator
&amp#27;[38;5;32m[AndroidUiautomator2Driver@50f4 (48f58814)]&amp#27;[0m Waiting up to 0 ms for condition
&amp#27;[38;5;32m[AndroidUiautomator2Driver@50f4 (48f58814)]&amp#27;[0m Matched '/element' to command name 'findElement'
&amp#27;[38;5;32m[AndroidUiautomator2Driver@50f4 (48f58814)]&amp#27;[0m Proxying [POST /element] to [POST http://127.0.0.1:8200/session/4403cb60-da58-486a-b250-a831a9aeeb03/element] with body: {"strategy":"id","selector":"android:id/text1","context":"","multiple":false}
&amp#27;[38;5;32m[AndroidUiautomator2Driver@50f4 (48f58814)]&amp#27;[0m Got response with status 200: {"sessionId":"4403cb60-da58-486a-b250-a831a9aeeb03","value":{"ELEMENT":"00000000-0000-000d-ffff-ffff00000041","element-6066-11e4-a52e-4f735466cecf":"00000000-0000-000d-ffff-ffff00000041"}}
&amp#27;[38;5;32m[AndroidUiautomator2Driver@50f4 (48f58814)]&amp#27;[0m Responding to client with driver.findElement() result: {"element-6066-11e4-a52e-4f735466cecf":"00000000-0000-000d-ffff-ffff00000041","ELEMENT":"00000000-0000-000d-ffff-ffff00000041"}
&amp#27;[38;5;0m[HTTP]&amp#27;[0m &amp#27;[37m<-- POST /session/48f58814-9324-45e5-aebe-ca3eb176c9c0/element &amp#27;[39m&amp#27;[32m200&amp#27;[39m &amp#27;[90m331 ms - 137&amp#27;[39m
&amp#27;[38;5;0m[HTTP]&amp#27;[0m &amp#27;[90m&amp#27;[39m
&amp#27;[38;5;0m[HTTP]&amp#27;[0m &amp#27;[37m-->&amp#27;[39m &amp#27;[37mPOST&amp#27;[39m &amp#27;[37m/session/48f58814-9324-45e5-aebe-ca3eb176c9c0/element/00000000-0000-000d-ffff-ffff00000041/click&amp#27;[39m
&amp#27;[38;5;0m[HTTP]&amp#27;[0m &amp#27;[90m{"id":"00000000-0000-000d-ffff-ffff00000041"}&amp#27;[39m
&amp#27;[38;5;32m[AndroidUiautomator2Driver@50f4 (48f58814)]&amp#27;[0m Calling AppiumDriver.click() with args: ["00000000-0000-000d-ffff-ffff00000041","48f58814-9324-45e5-aebe-ca3eb176c9c0"]
&amp#27;[38;5;32m[AndroidUiautomator2Driver@50f4 (48f58814)]&amp#27;[0m Matched '/element/00000000-0000-000d-ffff-ffff00000041/click' to command name 'click'
&amp#27;[38;5;32m[AndroidUiautomator2Driver@50f4 (48f58814)]&amp#27;[0m Proxying [POST /element/00000000-0000-000d-ffff-ffff00000041/click] to [POST http://127.0.0.1:8200/session/4403cb60-da58-486a-b250-a831a9aeeb03/element/00000000-0000-000d-ffff-ffff00000041/click] with body: {"element":"00000000-0000-000d-ffff-ffff00000041"}
&amp#27;[38;5;32m[AndroidUiautomator2Driver@50f4 (48f58814)]&amp#27;[0m Got response with status 200: {"sessionId":"4403cb60-da58-486a-b250-a831a9aeeb03","value":null}
&amp#27;[38;5;32m[AndroidUiautomator2Driver@50f4 (48f58814)]&amp#27;[0m Responding to client with driver.click() result: null
&amp#27;[38;5;0m[HTTP]&amp#27;[0m &amp#27;[37m<-- POST /session/48f58814-9324-45e5-aebe-ca3eb176c9c0/element/00000000-0000-000d-ffff-ffff00000041/click &amp#27;[39m&amp#27;[32m200&amp#27;[39m &amp#27;[90m469 ms - 14&amp#27;[39m
&amp#27;[38;5;0m[HTTP]&amp#27;[0m &amp#27;[90m&amp#27;[39m
&amp#27;[38;5;0m[HTTP]&amp#27;[0m &amp#27;[37m-->&amp#27;[39m &amp#27;[37mPOST&amp#27;[39m &amp#27;[37m/session/48f58814-9324-45e5-aebe-ca3eb176c9c0/element&amp#27;[39m
&amp#27;[38;5;0m[HTTP]&amp#27;[0m &amp#27;[90m{"value":"new UiScrollable(new UiSelector()).scrollIntoView(text(\"Argentina\"));","using":"-android uiautomator"}&amp#27;[39m
&amp#27;[38;5;32m[AndroidUiautomator2Driver@50f4 (48f58814)]&amp#27;[0m Calling AppiumDriver.findElement() with args: ["-android uiautomator","new UiScrollable(new UiSelector()).scrollIntoView(text(\"Argentina\"));","48f58814-9324-45e5-aebe-ca3eb176c9c0"]
&amp#27;[38;5;32m[AndroidUiautomator2Driver@50f4 (48f58814)]&amp#27;[0m Valid locator strategies for this request: xpath, id, class name, accessibility id, css selector, -android uiautomator
&amp#27;[38;5;32m[AndroidUiautomator2Driver@50f4 (48f58814)]&amp#27;[0m Waiting up to 0 ms for condition
&amp#27;[38;5;32m[AndroidUiautomator2Driver@50f4 (48f58814)]&amp#27;[0m Matched '/element' to command name 'findElement'
&amp#27;[38;5;32m[AndroidUiautomator2Driver@50f4 (48f58814)]&amp#27;[0m Proxying [POST /element] to [POST http://127.0.0.1:8200/session/4403cb60-da58-486a-b250-a831a9aeeb03/element] with body: {"strategy":"-android uiautomator","selector":"new UiScrollable(new UiSelector()).scrollIntoView(text(\"Argentina\"));","context":"","multiple":false}
&amp#27;[38;5;32m[AndroidUiautomator2Driver@50f4 (48f58814)]&amp#27;[0m Got response with status 200: {"sessionId":"4403cb60-da58-486a-b250-a831a9aeeb03","value":{"ELEMENT":"00000000-0000-000e-ffff-ffff00000046","element-6066-11e4-a52e-4f735466cecf":"00000000-0000-000e-ffff-ffff00000046"}}
&amp#27;[38;5;32m[AndroidUiautomator2Driver@50f4 (48f58814)]&amp#27;[0m Responding to client with driver.findElement() result: {"element-6066-11e4-a52e-4f735466cecf":"00000000-0000-000e-ffff-ffff00000046","ELEMENT":"00000000-0000-000e-ffff-ffff00000046"}
&amp#27;[38;5;0m[HTTP]&amp#27;[0m &amp#27;[37m<-- POST /session/48f58814-9324-45e5-aebe-ca3eb176c9c0/element &amp#27;[39m&amp#27;[32m200&amp#27;[39m &amp#27;[90m7710 ms - 137&amp#27;[39m
&amp#27;[38;5;0m[HTTP]&amp#27;[0m &amp#27;[90m&amp#27;[39m
&amp#27;[38;5;0m[HTTP]&amp#27;[0m &amp#27;[37m-->&amp#27;[39m &amp#27;[37mPOST&amp#27;[39m &amp#27;[37m/session/48f58814-9324-45e5-aebe-ca3eb176c9c0/element&amp#27;[39m
&amp#27;[38;5;0m[HTTP]&amp#27;[0m &amp#27;[90m{"value":"//android.widget.TextView[@text=\"Argentina\"]","using":"xpath"}&amp#27;[39m
&amp#27;[38;5;32m[AndroidUiautomator2Driver@50f4 (48f58814)]&amp#27;[0m Calling AppiumDriver.findElement() with args: ["xpath","//android.widget.TextView[@text=\"Argentina\"]","48f58814-9324-45e5-aebe-ca3eb176c9c0"]
&amp#27;[38;5;32m[AndroidUiautomator2Driver@50f4 (48f58814)]&amp#27;[0m Valid locator strategies for this request: xpath, id, class name, accessibility id, css selector, -android uiautomator
&amp#27;[38;5;32m[AndroidUiautomator2Driver@50f4 (48f58814)]&amp#27;[0m Waiting up to 0 ms for condition
&amp#27;[38;5;32m[AndroidUiautomator2Driver@50f4 (48f58814)]&amp#27;[0m Matched '/element' to command name 'findElement'
&amp#27;[38;5;32m[AndroidUiautomator2Driver@50f4 (48f58814)]&amp#27;[0m Proxying [POST /element] to [POST http://127.0.0.1:8200/session/4403cb60-da58-486a-b250-a831a9aeeb03/element] with body: {"strategy":"xpath","selector":"//android.widget.TextView[@text=\"Argentina\"]","context":"","multiple":false}
&amp#27;[38;5;32m[AndroidUiautomator2Driver@50f4 (48f58814)]&amp#27;[0m Got response with status 200: {"sessionId":"4403cb60-da58-486a-b250-a831a9aeeb03","value":{"ELEMENT":"00000000-0000-000e-ffff-ffff00000046","element-6066-11e4-a52e-4f735466cecf":"00000000-0000-000e-ffff-ffff00000046"}}
&amp#27;[38;5;32m[AndroidUiautomator2Driver@50f4 (48f58814)]&amp#27;[0m Responding to client with driver.findElement() result: {"element-6066-11e4-a52e-4f735466cecf":"00000000-0000-000e-ffff-ffff00000046","ELEMENT":"00000000-0000-000e-ffff-ffff00000046"}
&amp#27;[38;5;0m[HTTP]&amp#27;[0m &amp#27;[37m<-- POST /session/48f58814-9324-45e5-aebe-ca3eb176c9c0/element &amp#27;[39m&amp#27;[32m200&amp#27;[39m &amp#27;[90m1614 ms - 137&amp#27;[39m
&amp#27;[38;5;0m[HTTP]&amp#27;[0m &amp#27;[90m&amp#27;[39m
&amp#27;[38;5;0m[HTTP]&amp#27;[0m &amp#27;[37m-->&amp#27;[39m &amp#27;[37mPOST&amp#27;[39m &amp#27;[37m/session/48f58814-9324-45e5-aebe-ca3eb176c9c0/element/00000000-0000-000e-ffff-ffff00000046/click&amp#27;[39m
&amp#27;[38;5;0m[HTTP]&amp#27;[0m &amp#27;[90m{"id":"00000000-0000-000e-ffff-ffff00000046"}&amp#27;[39m
&amp#27;[38;5;32m[AndroidUiautomator2Driver@50f4 (48f58814)]&amp#27;[0m Calling AppiumDriver.click() with args: ["00000000-0000-000e-ffff-ffff00000046","48f58814-9324-45e5-aebe-ca3eb176c9c0"]
&amp#27;[38;5;32m[AndroidUiautomator2Driver@50f4 (48f58814)]&amp#27;[0m Matched '/element/00000000-0000-000e-ffff-ffff00000046/click' to command name 'click'
&amp#27;[38;5;32m[AndroidUiautomator2Driver@50f4 (48f58814)]&amp#27;[0m Proxying [POST /element/00000000-0000-000e-ffff-ffff00000046/click] to [POST http://127.0.0.1:8200/session/4403cb60-da58-486a-b250-a831a9aeeb03/element/00000000-0000-000e-ffff-ffff00000046/click] with body: {"element":"00000000-0000-000e-ffff-ffff00000046"}
&amp#27;[38;5;32m[AndroidUiautomator2Driver@50f4 (48f58814)]&amp#27;[0m Got response with status 200: {"sessionId":"4403cb60-da58-486a-b250-a831a9aeeb03","value":null}
&amp#27;[38;5;32m[AndroidUiautomator2Driver@50f4 (48f58814)]&amp#27;[0m Responding to client with driver.click() result: null
&amp#27;[38;5;0m[HTTP]&amp#27;[0m &amp#27;[37m<-- POST /session/48f58814-9324-45e5-aebe-ca3eb176c9c0/element/00000000-0000-000e-ffff-ffff00000046/click &amp#27;[39m&amp#27;[32m200&amp#27;[39m &amp#27;[90m1113 ms - 14&amp#27;[39m
&amp#27;[38;5;0m[HTTP]&amp#27;[0m &amp#27;[90m&amp#27;[39m
&amp#27;[38;5;0m[HTTP]&amp#27;[0m &amp#27;[37m-->&amp#27;[39m &amp#27;[37mGET&amp#27;[39m &amp#27;[37m/session/48f58814-9324-45e5-aebe-ca3eb176c9c0/context&amp#27;[39m
&amp#27;[38;5;0m[HTTP]&amp#27;[0m &amp#27;[90m{}&amp#27;[39m
&amp#27;[38;5;32m[AndroidUiautomator2Driver@50f4 (48f58814)]&amp#27;[0m Calling AppiumDriver.getCurrentContext() with args: ["48f58814-9324-45e5-aebe-ca3eb176c9c0"]
&amp#27;[38;5;32m[AndroidUiautomator2Driver@50f4 (48f58814)]&amp#27;[0m Responding to client with driver.getCurrentContext() result: "NATIVE_APP"
&amp#27;[38;5;0m[HTTP]&amp#27;[0m &amp#27;[37m<-- GET /session/48f58814-9324-45e5-aebe-ca3eb176c9c0/context &amp#27;[39m&amp#27;[32m200&amp#27;[39m &amp#27;[90m3 ms - 22&amp#27;[39m
&amp#27;[38;5;0m[HTTP]&amp#27;[0m &amp#27;[90m&amp#27;[39m
&amp#27;[38;5;0m[HTTP]&amp#27;[0m &amp#27;[37m-->&amp#27;[39m &amp#27;[37mPOST&amp#27;[39m &amp#27;[37m/session/48f58814-9324-45e5-aebe-ca3eb176c9c0/element&amp#27;[39m
&amp#27;[38;5;0m[HTTP]&amp#27;[0m &amp#27;[90m{"value":"com.androidsample.generalstore:id/btnLetsShop","using":"id"}&amp#27;[39m
&amp#27;[38;5;32m[AndroidUiautomator2Driver@50f4 (48f58814)]&amp#27;[0m Calling AppiumDriver.findElement() with args: ["id","com.androidsample.generalstore:id/btnLetsShop","48f58814-9324-45e5-aebe-ca3eb176c9c0"]
&amp#27;[38;5;32m[AndroidUiautomator2Driver@50f4 (48f58814)]&amp#27;[0m Valid locator strategies for this request: xpath, id, class name, accessibility id, css selector, -android uiautomator
&amp#27;[38;5;32m[AndroidUiautomator2Driver@50f4 (48f58814)]&amp#27;[0m Waiting up to 0 ms for condition
&amp#27;[38;5;32m[AndroidUiautomator2Driver@50f4 (48f58814)]&amp#27;[0m Matched '/element' to command name 'findElement'
&amp#27;[38;5;32m[AndroidUiautomator2Driver@50f4 (48f58814)]&amp#27;[0m Proxying [POST /element] to [POST http://127.0.0.1:8200/session/4403cb60-da58-486a-b250-a831a9aeeb03/element] with body: {"strategy":"id","selector":"com.androidsample.generalstore:id/btnLetsShop","context":"","multiple":false}
&amp#27;[38;5;32m[AndroidUiautomator2Driver@50f4 (48f58814)]&amp#27;[0m Got response with status 200: {"sessionId":"4403cb60-da58-486a-b250-a831a9aeeb03","value":{"ELEMENT":"00000000-0000-000d-ffff-ffff0000003e","element-6066-11e4-a52e-4f735466cecf":"00000000-0000-000d-ffff-ffff0000003e"}}
&amp#27;[38;5;32m[AndroidUiautomator2Driver@50f4 (48f58814)]&amp#27;[0m Responding to client with driver.findElement() result: {"element-6066-11e4-a52e-4f735466cecf":"00000000-0000-000d-ffff-ffff0000003e","ELEMENT":"00000000-0000-000d-ffff-ffff0000003e"}
&amp#27;[38;5;0m[HTTP]&amp#27;[0m &amp#27;[37m<-- POST /session/48f58814-9324-45e5-aebe-ca3eb176c9c0/element &amp#27;[39m&amp#27;[32m200&amp#27;[39m &amp#27;[90m147 ms - 137&amp#27;[39m
&amp#27;[38;5;0m[HTTP]&amp#27;[0m &amp#27;[90m&amp#27;[39m
&amp#27;[38;5;0m[HTTP]&amp#27;[0m &amp#27;[37m-->&amp#27;[39m &amp#27;[37mPOST&amp#27;[39m &amp#27;[37m/session/48f58814-9324-45e5-aebe-ca3eb176c9c0/element/00000000-0000-000d-ffff-ffff0000003e/click&amp#27;[39m
&amp#27;[38;5;0m[HTTP]&amp#27;[0m &amp#27;[90m{"id":"00000000-0000-000d-ffff-ffff0000003e"}&amp#27;[39m
&amp#27;[38;5;32m[AndroidUiautomator2Driver@50f4 (48f58814)]&amp#27;[0m Calling AppiumDriver.click() with args: ["00000000-0000-000d-ffff-ffff0000003e","48f58814-9324-45e5-aebe-ca3eb176c9c0"]
&amp#27;[38;5;32m[AndroidUiautomator2Driver@50f4 (48f58814)]&amp#27;[0m Matched '/element/00000000-0000-000d-ffff-ffff0000003e/click' to command name 'click'
&amp#27;[38;5;32m[AndroidUiautomator2Driver@50f4 (48f58814)]&amp#27;[0m Proxying [POST /element/00000000-0000-000d-ffff-ffff0000003e/click] to [POST http://127.0.0.1:8200/session/4403cb60-da58-486a-b250-a831a9aeeb03/element/00000000-0000-000d-ffff-ffff0000003e/click] with body: {"element":"00000000-0000-000d-ffff-ffff0000003e"}
&amp#27;[38;5;32m[AndroidUiautomator2Driver@50f4 (48f58814)]&amp#27;[0m Got response with status 200: {"sessionId":"4403cb60-da58-486a-b250-a831a9aeeb03","value":null}
&amp#27;[38;5;32m[AndroidUiautomator2Driver@50f4 (48f58814)]&amp#27;[0m Responding to client with driver.click() result: null
&amp#27;[38;5;0m[HTTP]&amp#27;[0m &amp#27;[37m<-- POST /session/48f58814-9324-45e5-aebe-ca3eb176c9c0/element/00000000-0000-000d-ffff-ffff0000003e/click &amp#27;[39m&amp#27;[32m200&amp#27;[39m &amp#27;[90m161 ms - 14&amp#27;[39m
&amp#27;[38;5;0m[HTTP]&amp#27;[0m &amp#27;[90m&amp#27;[39m
&amp#27;[38;5;0m[HTTP]&amp#27;[0m &amp#27;[37m-->&amp#27;[39m &amp#27;[37mGET&amp#27;[39m &amp#27;[37m/session/48f58814-9324-45e5-aebe-ca3eb176c9c0/context&amp#27;[39m
&amp#27;[38;5;0m[HTTP]&amp#27;[0m &amp#27;[90m{}&amp#27;[39m
&amp#27;[38;5;32m[AndroidUiautomator2Driver@50f4 (48f58814)]&amp#27;[0m Calling AppiumDriver.getCurrentContext() with args: ["48f58814-9324-45e5-aebe-ca3eb176c9c0"]
&amp#27;[38;5;32m[AndroidUiautomator2Driver@50f4 (48f58814)]&amp#27;[0m Responding to client with driver.getCurrentContext() result: "NATIVE_APP"
&amp#27;[38;5;0m[HTTP]&amp#27;[0m &amp#27;[37m<-- GET /session/48f58814-9324-45e5-aebe-ca3eb176c9c0/context &amp#27;[39m&amp#27;[32m200&amp#27;[39m &amp#27;[90m2 ms - 22&amp#27;[39m
&amp#27;[38;5;0m[HTTP]&amp#27;[0m &amp#27;[90m&amp#27;[39m
&amp#27;[38;5;0m[HTTP]&amp#27;[0m &amp#27;[37m-->&amp#27;[39m &amp#27;[37mPOST&amp#27;[39m &amp#27;[37m/session/48f58814-9324-45e5-aebe-ca3eb176c9c0/element&amp#27;[39m
&amp#27;[38;5;0m[HTTP]&amp#27;[0m &amp#27;[90m{"value":"com.androidsample.generalstore:id/toolbar_title","using":"id"}&amp#27;[39m
&amp#27;[38;5;32m[AndroidUiautomator2Driver@50f4 (48f58814)]&amp#27;[0m Calling AppiumDriver.findElement() with args: ["id","com.androidsample.generalstore:id/toolbar_title","48f58814-9324-45e5-aebe-ca3eb176c9c0"]
&amp#27;[38;5;32m[AndroidUiautomator2Driver@50f4 (48f58814)]&amp#27;[0m Valid locator strategies for this request: xpath, id, class name, accessibility id, css selector, -android uiautomator
&amp#27;[38;5;32m[AndroidUiautomator2Driver@50f4 (48f58814)]&amp#27;[0m Waiting up to 0 ms for condition
&amp#27;[38;5;32m[AndroidUiautomator2Driver@50f4 (48f58814)]&amp#27;[0m Matched '/element' to command name 'findElement'
&amp#27;[38;5;32m[AndroidUiautomator2Driver@50f4 (48f58814)]&amp#27;[0m Proxying [POST /element] to [POST http://127.0.0.1:8200/session/4403cb60-da58-486a-b250-a831a9aeeb03/element] with body: {"strategy":"id","selector":"com.androidsample.generalstore:id/toolbar_title","context":"","multiple":false}
&amp#27;[38;5;32m[AndroidUiautomator2Driver@50f4 (48f58814)]&amp#27;[0m Got response with status 200: {"sessionId":"4403cb60-da58-486a-b250-a831a9aeeb03","value":{"ELEMENT":"00000000-0000-000f-ffff-ffff0000005c","element-6066-11e4-a52e-4f735466cecf":"00000000-0000-000f-ffff-ffff0000005c"}}
&amp#27;[38;5;32m[AndroidUiautomator2Driver@50f4 (48f58814)]&amp#27;[0m Responding to client with driver.findElement() result: {"element-6066-11e4-a52e-4f735466cecf":"00000000-0000-000f-ffff-ffff0000005c","ELEMENT":"00000000-0000-000f-ffff-ffff0000005c"}
&amp#27;[38;5;0m[HTTP]&amp#27;[0m &amp#27;[37m<-- POST /session/48f58814-9324-45e5-aebe-ca3eb176c9c0/element &amp#27;[39m&amp#27;[32m200&amp#27;[39m &amp#27;[90m94 ms - 137&amp#27;[39m
&amp#27;[38;5;0m[HTTP]&amp#27;[0m &amp#27;[90m&amp#27;[39m
&amp#27;[38;5;0m[HTTP]&amp#27;[0m &amp#27;[37m-->&amp#27;[39m &amp#27;[37mGET&amp#27;[39m &amp#27;[37m/session/48f58814-9324-45e5-aebe-ca3eb176c9c0/element/00000000-0000-000f-ffff-ffff0000005c/text&amp#27;[39m
&amp#27;[38;5;0m[HTTP]&amp#27;[0m &amp#27;[90m{}&amp#27;[39m
&amp#27;[38;5;32m[AndroidUiautomator2Driver@50f4 (48f58814)]&amp#27;[0m Driver proxy active, passing request on via HTTP proxy
&amp#27;[38;5;32m[AndroidUiautomator2Driver@50f4 (48f58814)]&amp#27;[0m Matched '/session/48f58814-9324-45e5-aebe-ca3eb176c9c0/element/00000000-0000-000f-ffff-ffff0000005c/text' to command name 'getText'
&amp#27;[38;5;32m[AndroidUiautomator2Driver@50f4 (48f58814)]&amp#27;[0m Proxying [GET /session/48f58814-9324-45e5-aebe-ca3eb176c9c0/element/00000000-0000-000f-ffff-ffff0000005c/text] to [GET http://127.0.0.1:8200/session/4403cb60-da58-486a-b250-a831a9aeeb03/element/00000000-0000-000f-ffff-ffff0000005c/text] with no body
&amp#27;[38;5;32m[AndroidUiautomator2Driver@50f4 (48f58814)]&amp#27;[0m Got response with status 200: {"sessionId":"4403cb60-da58-486a-b250-a831a9aeeb03","value":"Products"}
&amp#27;[38;5;32m[AndroidUiautomator2Driver@50f4 (48f58814)]&amp#27;[0m Replacing sessionId 4403cb60-da58-486a-b250-a831a9aeeb03 with 48f58814-9324-45e5-aebe-ca3eb176c9c0
&amp#27;[38;5;0m[HTTP]&amp#27;[0m &amp#27;[37m<-- GET /session/48f58814-9324-45e5-aebe-ca3eb176c9c0/element/00000000-0000-000f-ffff-ffff0000005c/text &amp#27;[39m&amp#27;[32m200&amp#27;[39m &amp#27;[90m44 ms - 71&amp#27;[39m
&amp#27;[38;5;0m[HTTP]&amp#27;[0m &amp#27;[90m&amp#27;[39m
&amp#27;[38;5;0m[HTTP]&amp#27;[0m &amp#27;[37m-->&amp#27;[39m &amp#27;[37mGET&amp#27;[39m &amp#27;[37m/session/48f58814-9324-45e5-aebe-ca3eb176c9c0/context&amp#27;[39m
&amp#27;[38;5;0m[HTTP]&amp#27;[0m &amp#27;[90m{}&amp#27;[39m
&amp#27;[38;5;32m[AndroidUiautomator2Driver@50f4 (48f58814)]&amp#27;[0m Calling AppiumDriver.getCurrentContext() with args: ["48f58814-9324-45e5-aebe-ca3eb176c9c0"]
&amp#27;[38;5;32m[AndroidUiautomator2Driver@50f4 (48f58814)]&amp#27;[0m Responding to client with driver.getCurrentContext() result: "NATIVE_APP"
&amp#27;[38;5;0m[HTTP]&amp#27;[0m &amp#27;[37m<-- GET /session/48f58814-9324-45e5-aebe-ca3eb176c9c0/context &amp#27;[39m&amp#27;[32m200&amp#27;[39m &amp#27;[90m2 ms - 22&amp#27;[39m
&amp#27;[38;5;0m[HTTP]&amp#27;[0m &amp#27;[90m&amp#27;[39m
&amp#27;[38;5;0m[HTTP]&amp#27;[0m &amp#27;[37m-->&amp#27;[39m &amp#27;[37mPOST&amp#27;[39m &amp#27;[37m/session/48f58814-9324-45e5-aebe-ca3eb176c9c0/elements&amp#27;[39m
&amp#27;[38;5;0m[HTTP]&amp#27;[0m &amp#27;[90m{"value":"//android.widget.TextView[@text='ADD TO CART']","using":"xpath"}&amp#27;[39m
&amp#27;[38;5;32m[AndroidUiautomator2Driver@50f4 (48f58814)]&amp#27;[0m Calling AppiumDriver.findElements() with args: ["xpath","//android.widget.TextView[@text='ADD TO CART']","48f58814-9324-45e5-aebe-ca3eb176c9c0"]
&amp#27;[38;5;32m[AndroidUiautomator2Driver@50f4 (48f58814)]&amp#27;[0m Valid locator strategies for this request: xpath, id, class name, accessibility id, css selector, -android uiautomator
&amp#27;[38;5;32m[AndroidUiautomator2Driver@50f4 (48f58814)]&amp#27;[0m Waiting up to 0 ms for condition
&amp#27;[38;5;32m[AndroidUiautomator2Driver@50f4 (48f58814)]&amp#27;[0m Matched '/elements' to command name 'findElements'
&amp#27;[38;5;32m[AndroidUiautomator2Driver@50f4 (48f58814)]&amp#27;[0m Proxying [POST /elements] to [POST http://127.0.0.1:8200/session/4403cb60-da58-486a-b250-a831a9aeeb03/elements] with body: {"strategy":"xpath","selector":"//android.widget.TextView[@text='ADD TO CART']","context":"","multiple":true}
&amp#27;[38;5;32m[AndroidUiautomator2Driver@50f4 (48f58814)]&amp#27;[0m Got response with status 200: {"sessionId":"4403cb60-da58-486a-b250-a831a9aeeb03","value":[{"ELEMENT":"00000000-0000-000f-ffff-ffff0000006d","element-6066-11e4-a52e-4f735466cecf":"00000000-0000-000f-ffff-ffff0000006d"},{"ELEMENT":"00000000-0000-000f-ffff-ffff00000075","element-6066-11e4-a52e-4f735466cecf":"00000000-0000-000f-ffff-ffff00000075"}]}
&amp#27;[38;5;32m[AndroidUiautomator2Driver@50f4 (48f58814)]&amp#27;[0m Responding to client with driver.findElements() result: [{"element-6066-11e4-a52e-4f735466cecf":"00000000-0000-000f-ffff-ffff0000006d","ELEMENT":"00000000-0000-000f-ffff-ffff0000006d"},{"element-6066-11e4-a52e-4f735466cecf":"00000000-0000-000f-ffff-ffff00000075","ELEMENT":"00000000-0000-000f-ffff-ffff00000075"}]
&amp#27;[38;5;0m[HTTP]&amp#27;[0m &amp#27;[37m<-- POST /session/48f58814-9324-45e5-aebe-ca3eb176c9c0/elements &amp#27;[39m&amp#27;[32m200&amp#27;[39m &amp#27;[90m119 ms - 267&amp#27;[39m
&amp#27;[38;5;0m[HTTP]&amp#27;[0m &amp#27;[90m&amp#27;[39m
2
&amp#27;[38;5;0m[HTTP]&amp#27;[0m &amp#27;[37m-->&amp#27;[39m &amp#27;[37mGET&amp#27;[39m &amp#27;[37m/session/48f58814-9324-45e5-aebe-ca3eb176c9c0/context&amp#27;[39m
&amp#27;[38;5;0m[HTTP]&amp#27;[0m &amp#27;[90m{}&amp#27;[39m
&amp#27;[38;5;32m[AndroidUiautomator2Driver@50f4 (48f58814)]&amp#27;[0m Calling AppiumDriver.getCurrentContext() with args: ["48f58814-9324-45e5-aebe-ca3eb176c9c0"]
&amp#27;[38;5;32m[AndroidUiautomator2Driver@50f4 (48f58814)]&amp#27;[0m Responding to client with driver.getCurrentContext() result: "NATIVE_APP"
&amp#27;[38;5;0m[HTTP]&amp#27;[0m &amp#27;[37m<-- GET /session/48f58814-9324-45e5-aebe-ca3eb176c9c0/context &amp#27;[39m&amp#27;[32m200&amp#27;[39m &amp#27;[90m2 ms - 22&amp#27;[39m
&amp#27;[38;5;0m[HTTP]&amp#27;[0m &amp#27;[90m&amp#27;[39m
&amp#27;[38;5;0m[HTTP]&amp#27;[0m &amp#27;[37m-->&amp#27;[39m &amp#27;[37mPOST&amp#27;[39m &amp#27;[37m/session/48f58814-9324-45e5-aebe-ca3eb176c9c0/elements&amp#27;[39m
&amp#27;[38;5;0m[HTTP]&amp#27;[0m &amp#27;[90m{"value":"//android.widget.TextView[@text='ADD TO CART']","using":"xpath"}&amp#27;[39m
&amp#27;[38;5;32m[AndroidUiautomator2Driver@50f4 (48f58814)]&amp#27;[0m Calling AppiumDriver.findElements() with args: ["xpath","//android.widget.TextView[@text='ADD TO CART']","48f58814-9324-45e5-aebe-ca3eb176c9c0"]
&amp#27;[38;5;32m[AndroidUiautomator2Driver@50f4 (48f58814)]&amp#27;[0m Valid locator strategies for this request: xpath, id, class name, accessibility id, css selector, -android uiautomator
&amp#27;[38;5;32m[AndroidUiautomator2Driver@50f4 (48f58814)]&amp#27;[0m Waiting up to 0 ms for condition
&amp#27;[38;5;32m[AndroidUiautomator2Driver@50f4 (48f58814)]&amp#27;[0m Matched '/elements' to command name 'findElements'
&amp#27;[38;5;32m[AndroidUiautomator2Driver@50f4 (48f58814)]&amp#27;[0m Proxying [POST /elements] to [POST http://127.0.0.1:8200/session/4403cb60-da58-486a-b250-a831a9aeeb03/elements] with body: {"strategy":"xpath","selector":"//android.widget.TextView[@text='ADD TO CART']","context":"","multiple":true}
&amp#27;[38;5;32m[AndroidUiautomator2Driver@50f4 (48f58814)]&amp#27;[0m Got response with status 200: {"sessionId":"4403cb60-da58-486a-b250-a831a9aeeb03","value":[{"ELEMENT":"00000000-0000-000f-ffff-ffff0000006d","element-6066-11e4-a52e-4f735466cecf":"00000000-0000-000f-ffff-ffff0000006d"},{"ELEMENT":"00000000-0000-000f-ffff-ffff00000075","element-6066-11e4-a52e-4f735466cecf":"00000000-0000-000f-ffff-ffff00000075"}]}
&amp#27;[38;5;32m[AndroidUiautomator2Driver@50f4 (48f58814)]&amp#27;[0m Responding to client with driver.findElements() result: [{"element-6066-11e4-a52e-4f735466cecf":"00000000-0000-000f-ffff-ffff0000006d","ELEMENT":"00000000-0000-000f-ffff-ffff0000006d"},{"element-6066-11e4-a52e-4f735466cecf":"00000000-0000-000f-ffff-ffff00000075","ELEMENT":"00000000-0000-000f-ffff-ffff00000075"}]
&amp#27;[38;5;0m[HTTP]&amp#27;[0m &amp#27;[37m<-- POST /session/48f58814-9324-45e5-aebe-ca3eb176c9c0/elements &amp#27;[39m&amp#27;[32m200&amp#27;[39m &amp#27;[90m284 ms - 267&amp#27;[39m
&amp#27;[38;5;0m[HTTP]&amp#27;[0m &amp#27;[90m&amp#27;[39m
&amp#27;[38;5;0m[HTTP]&amp#27;[0m &amp#27;[37m-->&amp#27;[39m &amp#27;[37mPOST&amp#27;[39m &amp#27;[37m/session/48f58814-9324-45e5-aebe-ca3eb176c9c0/element/00000000-0000-000f-ffff-ffff0000006d/click&amp#27;[39m
&amp#27;[38;5;0m[HTTP]&amp#27;[0m &amp#27;[90m{"id":"00000000-0000-000f-ffff-ffff0000006d"}&amp#27;[39m
&amp#27;[38;5;32m[AndroidUiautomator2Driver@50f4 (48f58814)]&amp#27;[0m Calling AppiumDriver.click() with args: ["00000000-0000-000f-ffff-ffff0000006d","48f58814-9324-45e5-aebe-ca3eb176c9c0"]
&amp#27;[38;5;32m[AndroidUiautomator2Driver@50f4 (48f58814)]&amp#27;[0m Matched '/element/00000000-0000-000f-ffff-ffff0000006d/click' to command name 'click'
&amp#27;[38;5;32m[AndroidUiautomator2Driver@50f4 (48f58814)]&amp#27;[0m Proxying [POST /element/00000000-0000-000f-ffff-ffff0000006d/click] to [POST http://127.0.0.1:8200/session/4403cb60-da58-486a-b250-a831a9aeeb03/element/00000000-0000-000f-ffff-ffff0000006d/click] with body: {"element":"00000000-0000-000f-ffff-ffff0000006d"}
&amp#27;[38;5;32m[AndroidUiautomator2Driver@50f4 (48f58814)]&amp#27;[0m Got response with status 200: {"sessionId":"4403cb60-da58-486a-b250-a831a9aeeb03","value":null}
&amp#27;[38;5;32m[AndroidUiautomator2Driver@50f4 (48f58814)]&amp#27;[0m Responding to client with driver.click() result: null
&amp#27;[38;5;0m[HTTP]&amp#27;[0m &amp#27;[37m<-- POST /session/48f58814-9324-45e5-aebe-ca3eb176c9c0/element/00000000-0000-000f-ffff-ffff0000006d/click &amp#27;[39m&amp#27;[32m200&amp#27;[39m &amp#27;[90m617 ms - 14&amp#27;[39m
&amp#27;[38;5;0m[HTTP]&amp#27;[0m &amp#27;[90m&amp#27;[39m
&amp#27;[38;5;0m[HTTP]&amp#27;[0m &amp#27;[37m-->&amp#27;[39m &amp#27;[37mGET&amp#27;[39m &amp#27;[37m/session/48f58814-9324-45e5-aebe-ca3eb176c9c0/context&amp#27;[39m
&amp#27;[38;5;0m[HTTP]&amp#27;[0m &amp#27;[90m{}&amp#27;[39m
&amp#27;[38;5;32m[AndroidUiautomator2Driver@50f4 (48f58814)]&amp#27;[0m Calling AppiumDriver.getCurrentContext() with args: ["48f58814-9324-45e5-aebe-ca3eb176c9c0"]
&amp#27;[38;5;32m[AndroidUiautomator2Driver@50f4 (48f58814)]&amp#27;[0m Responding to client with driver.getCurrentContext() result: "NATIVE_APP"
&amp#27;[38;5;0m[HTTP]&amp#27;[0m &amp#27;[37m<-- GET /session/48f58814-9324-45e5-aebe-ca3eb176c9c0/context &amp#27;[39m&amp#27;[32m200&amp#27;[39m &amp#27;[90m1 ms - 22&amp#27;[39m
&amp#27;[38;5;0m[HTTP]&amp#27;[0m &amp#27;[90m&amp#27;[39m
&amp#27;[38;5;0m[HTTP]&amp#27;[0m &amp#27;[37m-->&amp#27;[39m &amp#27;[37mPOST&amp#27;[39m &amp#27;[37m/session/48f58814-9324-45e5-aebe-ca3eb176c9c0/elements&amp#27;[39m
&amp#27;[38;5;0m[HTTP]&amp#27;[0m &amp#27;[90m{"value":"//android.widget.TextView[@text='ADD TO CART']","using":"xpath"}&amp#27;[39m
&amp#27;[38;5;32m[AndroidUiautomator2Driver@50f4 (48f58814)]&amp#27;[0m Calling AppiumDriver.findElements() with args: ["xpath","//android.widget.TextView[@text='ADD TO CART']","48f58814-9324-45e5-aebe-ca3eb176c9c0"]
&amp#27;[38;5;32m[AndroidUiautomator2Driver@50f4 (48f58814)]&amp#27;[0m Valid locator strategies for this request: xpath, id, class name, accessibility id, css selector, -android uiautomator
&amp#27;[38;5;32m[AndroidUiautomator2Driver@50f4 (48f58814)]&amp#27;[0m Waiting up to 0 ms for condition
&amp#27;[38;5;32m[AndroidUiautomator2Driver@50f4 (48f58814)]&amp#27;[0m Matched '/elements' to command name 'findElements'
&amp#27;[38;5;32m[AndroidUiautomator2Driver@50f4 (48f58814)]&amp#27;[0m Proxying [POST /elements] to [POST http://127.0.0.1:8200/session/4403cb60-da58-486a-b250-a831a9aeeb03/elements] with body: {"strategy":"xpath","selector":"//android.widget.TextView[@text='ADD TO CART']","context":"","multiple":true}
&amp#27;[38;5;32m[AndroidUiautomator2Driver@50f4 (48f58814)]&amp#27;[0m Got response with status 200: {"sessionId":"4403cb60-da58-486a-b250-a831a9aeeb03","value":[{"ELEMENT":"00000000-0000-000f-ffff-ffff00000075","element-6066-11e4-a52e-4f735466cecf":"00000000-0000-000f-ffff-ffff00000075"}]}
&amp#27;[38;5;32m[AndroidUiautomator2Driver@50f4 (48f58814)]&amp#27;[0m Responding to client with driver.findElements() result: [{"element-6066-11e4-a52e-4f735466cecf":"00000000-0000-000f-ffff-ffff00000075","ELEMENT":"00000000-0000-000f-ffff-ffff00000075"}]
&amp#27;[38;5;0m[HTTP]&amp#27;[0m &amp#27;[37m<-- POST /session/48f58814-9324-45e5-aebe-ca3eb176c9c0/elements &amp#27;[39m&amp#27;[32m200&amp#27;[39m &amp#27;[90m162 ms - 139&amp#27;[39m
&amp#27;[38;5;0m[HTTP]&amp#27;[0m &amp#27;[90m&amp#27;[39m
1
&amp#27;[38;5;0m[HTTP]&amp#27;[0m &amp#27;[37m-->&amp#27;[39m &amp#27;[37mGET&amp#27;[39m &amp#27;[37m/session/48f58814-9324-45e5-aebe-ca3eb176c9c0/context&amp#27;[39m
&amp#27;[38;5;0m[HTTP]&amp#27;[0m &amp#27;[90m{}&amp#27;[39m
&amp#27;[38;5;32m[AndroidUiautomator2Driver@50f4 (48f58814)]&amp#27;[0m Calling AppiumDriver.getCurrentContext() with args: ["48f58814-9324-45e5-aebe-ca3eb176c9c0"]
&amp#27;[38;5;32m[AndroidUiautomator2Driver@50f4 (48f58814)]&amp#27;[0m Responding to client with driver.getCurrentContext() result: "NATIVE_APP"
&amp#27;[38;5;0m[HTTP]&amp#27;[0m &amp#27;[37m<-- GET /session/48f58814-9324-45e5-aebe-ca3eb176c9c0/context &amp#27;[39m&amp#27;[32m200&amp#27;[39m &amp#27;[90m2 ms - 22&amp#27;[39m
&amp#27;[38;5;0m[HTTP]&amp#27;[0m &amp#27;[90m&amp#27;[39m
&amp#27;[38;5;0m[HTTP]&amp#27;[0m &amp#27;[37m-->&amp#27;[39m &amp#27;[37mPOST&amp#27;[39m &amp#27;[37m/session/48f58814-9324-45e5-aebe-ca3eb176c9c0/elements&amp#27;[39m
&amp#27;[38;5;0m[HTTP]&amp#27;[0m &amp#27;[90m{"value":"//android.widget.TextView[@text='ADD TO CART']","using":"xpath"}&amp#27;[39m
&amp#27;[38;5;32m[AndroidUiautomator2Driver@50f4 (48f58814)]&amp#27;[0m Calling AppiumDriver.findElements() with args: ["xpath","//android.widget.TextView[@text='ADD TO CART']","48f58814-9324-45e5-aebe-ca3eb176c9c0"]
&amp#27;[38;5;32m[AndroidUiautomator2Driver@50f4 (48f58814)]&amp#27;[0m Valid locator strategies for this request: xpath, id, class name, accessibility id, css selector, -android uiautomator
&amp#27;[38;5;32m[AndroidUiautomator2Driver@50f4 (48f58814)]&amp#27;[0m Waiting up to 0 ms for condition
&amp#27;[38;5;32m[AndroidUiautomator2Driver@50f4 (48f58814)]&amp#27;[0m Matched '/elements' to command name 'findElements'
&amp#27;[38;5;32m[AndroidUiautomator2Driver@50f4 (48f58814)]&amp#27;[0m Proxying [POST /elements] to [POST http://127.0.0.1:8200/session/4403cb60-da58-486a-b250-a831a9aeeb03/elements] with body: {"strategy":"xpath","selector":"//android.widget.TextView[@text='ADD TO CART']","context":"","multiple":true}
&amp#27;[38;5;32m[AndroidUiautomator2Driver@50f4 (48f58814)]&amp#27;[0m Got response with status 200: {"sessionId":"4403cb60-da58-486a-b250-a831a9aeeb03","value":[{"ELEMENT":"00000000-0000-000f-ffff-ffff00000075","element-6066-11e4-a52e-4f735466cecf":"00000000-0000-000f-ffff-ffff00000075"}]}
&amp#27;[38;5;32m[AndroidUiautomator2Driver@50f4 (48f58814)]&amp#27;[0m Responding to client with driver.findElements() result: [{"element-6066-11e4-a52e-4f735466cecf":"00000000-0000-000f-ffff-ffff00000075","ELEMENT":"00000000-0000-000f-ffff-ffff00000075"}]
&amp#27;[38;5;0m[HTTP]&amp#27;[0m &amp#27;[37m<-- POST /session/48f58814-9324-45e5-aebe-ca3eb176c9c0/elements &amp#27;[39m&amp#27;[32m200&amp#27;[39m &amp#27;[90m236 ms - 139&amp#27;[39m
&amp#27;[38;5;0m[HTTP]&amp#27;[0m &amp#27;[90m&amp#27;[39m
&amp#27;[38;5;0m[HTTP]&amp#27;[0m &amp#27;[37m-->&amp#27;[39m &amp#27;[37mPOST&amp#27;[39m &amp#27;[37m/session/48f58814-9324-45e5-aebe-ca3eb176c9c0/element/00000000-0000-000f-ffff-ffff00000075/click&amp#27;[39m
&amp#27;[38;5;0m[HTTP]&amp#27;[0m &amp#27;[90m{"id":"00000000-0000-000f-ffff-ffff00000075"}&amp#27;[39m
&amp#27;[38;5;32m[AndroidUiautomator2Driver@50f4 (48f58814)]&amp#27;[0m Calling AppiumDriver.click() with args: ["00000000-0000-000f-ffff-ffff00000075","48f58814-9324-45e5-aebe-ca3eb176c9c0"]
&amp#27;[38;5;32m[AndroidUiautomator2Driver@50f4 (48f58814)]&amp#27;[0m Matched '/element/00000000-0000-000f-ffff-ffff00000075/click' to command name 'click'
&amp#27;[38;5;32m[AndroidUiautomator2Driver@50f4 (48f58814)]&amp#27;[0m Proxying [POST /element/00000000-0000-000f-ffff-ffff00000075/click] to [POST http://127.0.0.1:8200/session/4403cb60-da58-486a-b250-a831a9aeeb03/element/00000000-0000-000f-ffff-ffff00000075/click] with body: {"element":"00000000-0000-000f-ffff-ffff00000075"}
&amp#27;[38;5;32m[AndroidUiautomator2Driver@50f4 (48f58814)]&amp#27;[0m Got response with status 200: {"sessionId":"4403cb60-da58-486a-b250-a831a9aeeb03","value":null}
&amp#27;[38;5;32m[AndroidUiautomator2Driver@50f4 (48f58814)]&amp#27;[0m Responding to client with driver.click() result: null
&amp#27;[38;5;0m[HTTP]&amp#27;[0m &amp#27;[37m<-- POST /session/48f58814-9324-45e5-aebe-ca3eb176c9c0/element/00000000-0000-000f-ffff-ffff00000075/click &amp#27;[39m&amp#27;[32m200&amp#27;[39m &amp#27;[90m145 ms - 14&amp#27;[39m
&amp#27;[38;5;0m[HTTP]&amp#27;[0m &amp#27;[90m&amp#27;[39m
&amp#27;[38;5;0m[HTTP]&amp#27;[0m &amp#27;[37m-->&amp#27;[39m &amp#27;[37mGET&amp#27;[39m &amp#27;[37m/session/48f58814-9324-45e5-aebe-ca3eb176c9c0/context&amp#27;[39m
&amp#27;[38;5;0m[HTTP]&amp#27;[0m &amp#27;[90m{}&amp#27;[39m
&amp#27;[38;5;32m[AndroidUiautomator2Driver@50f4 (48f58814)]&amp#27;[0m Calling AppiumDriver.getCurrentContext() with args: ["48f58814-9324-45e5-aebe-ca3eb176c9c0"]
&amp#27;[38;5;32m[AndroidUiautomator2Driver@50f4 (48f58814)]&amp#27;[0m Responding to client with driver.getCurrentContext() result: "NATIVE_APP"
&amp#27;[38;5;0m[HTTP]&amp#27;[0m &amp#27;[37m<-- GET /session/48f58814-9324-45e5-aebe-ca3eb176c9c0/context &amp#27;[39m&amp#27;[32m200&amp#27;[39m &amp#27;[90m1 ms - 22&amp#27;[39m
&amp#27;[38;5;0m[HTTP]&amp#27;[0m &amp#27;[90m&amp#27;[39m
&amp#27;[38;5;0m[HTTP]&amp#27;[0m &amp#27;[37m-->&amp#27;[39m &amp#27;[37mPOST&amp#27;[39m &amp#27;[37m/session/48f58814-9324-45e5-aebe-ca3eb176c9c0/element&amp#27;[39m
&amp#27;[38;5;0m[HTTP]&amp#27;[0m &amp#27;[90m{"value":"com.androidsample.generalstore:id/appbar_btn_cart","using":"id"}&amp#27;[39m
&amp#27;[38;5;32m[AndroidUiautomator2Driver@50f4 (48f58814)]&amp#27;[0m Calling AppiumDriver.findElement() with args: ["id","com.androidsample.generalstore:id/appbar_btn_cart","48f58814-9324-45e5-aebe-ca3eb176c9c0"]
&amp#27;[38;5;32m[AndroidUiautomator2Driver@50f4 (48f58814)]&amp#27;[0m Valid locator strategies for this request: xpath, id, class name, accessibility id, css selector, -android uiautomator
&amp#27;[38;5;32m[AndroidUiautomator2Driver@50f4 (48f58814)]&amp#27;[0m Waiting up to 0 ms for condition
&amp#27;[38;5;32m[AndroidUiautomator2Driver@50f4 (48f58814)]&amp#27;[0m Matched '/element' to command name 'findElement'
&amp#27;[38;5;32m[AndroidUiautomator2Driver@50f4 (48f58814)]&amp#27;[0m Proxying [POST /element] to [POST http://127.0.0.1:8200/session/4403cb60-da58-486a-b250-a831a9aeeb03/element] with body: {"strategy":"id","selector":"com.androidsample.generalstore:id/appbar_btn_cart","context":"","multiple":false}
&amp#27;[38;5;32m[AndroidUiautomator2Driver@50f4 (48f58814)]&amp#27;[0m Got response with status 200: {"sessionId":"4403cb60-da58-486a-b250-a831a9aeeb03","value":{"ELEMENT":"00000000-0000-000f-ffff-ffff00000060","element-6066-11e4-a52e-4f735466cecf":"00000000-0000-000f-ffff-ffff00000060"}}
&amp#27;[38;5;32m[AndroidUiautomator2Driver@50f4 (48f58814)]&amp#27;[0m Responding to client with driver.findElement() result: {"element-6066-11e4-a52e-4f735466cecf":"00000000-0000-000f-ffff-ffff00000060","ELEMENT":"00000000-0000-000f-ffff-ffff00000060"}
&amp#27;[38;5;0m[HTTP]&amp#27;[0m &amp#27;[37m<-- POST /session/48f58814-9324-45e5-aebe-ca3eb176c9c0/element &amp#27;[39m&amp#27;[32m200&amp#27;[39m &amp#27;[90m487 ms - 137&amp#27;[39m
&amp#27;[38;5;0m[HTTP]&amp#27;[0m &amp#27;[90m&amp#27;[39m
&amp#27;[38;5;0m[HTTP]&amp#27;[0m &amp#27;[37m-->&amp#27;[39m &amp#27;[37mPOST&amp#27;[39m &amp#27;[37m/session/48f58814-9324-45e5-aebe-ca3eb176c9c0/element/00000000-0000-000f-ffff-ffff00000060/click&amp#27;[39m
&amp#27;[38;5;0m[HTTP]&amp#27;[0m &amp#27;[90m{"id":"00000000-0000-000f-ffff-ffff00000060"}&amp#27;[39m
&amp#27;[38;5;32m[AndroidUiautomator2Driver@50f4 (48f58814)]&amp#27;[0m Calling AppiumDriver.click() with args: ["00000000-0000-000f-ffff-ffff00000060","48f58814-9324-45e5-aebe-ca3eb176c9c0"]
&amp#27;[38;5;32m[AndroidUiautomator2Driver@50f4 (48f58814)]&amp#27;[0m Matched '/element/00000000-0000-000f-ffff-ffff00000060/click' to command name 'click'
&amp#27;[38;5;32m[AndroidUiautomator2Driver@50f4 (48f58814)]&amp#27;[0m Proxying [POST /element/00000000-0000-000f-ffff-ffff00000060/click] to [POST http://127.0.0.1:8200/session/4403cb60-da58-486a-b250-a831a9aeeb03/element/00000000-0000-000f-ffff-ffff00000060/click] with body: {"element":"00000000-0000-000f-ffff-ffff00000060"}
&amp#27;[38;5;32m[AndroidUiautomator2Driver@50f4 (48f58814)]&amp#27;[0m Got response with status 200: {"sessionId":"4403cb60-da58-486a-b250-a831a9aeeb03","value":null}
&amp#27;[38;5;32m[AndroidUiautomator2Driver@50f4 (48f58814)]&amp#27;[0m Responding to client with driver.click() result: null
&amp#27;[38;5;0m[HTTP]&amp#27;[0m &amp#27;[37m<-- POST /session/48f58814-9324-45e5-aebe-ca3eb176c9c0/element/00000000-0000-000f-ffff-ffff00000060/click &amp#27;[39m&amp#27;[32m200&amp#27;[39m &amp#27;[90m114 ms - 14&amp#27;[39m
&amp#27;[38;5;0m[HTTP]&amp#27;[0m &amp#27;[90m&amp#27;[39m
&amp#27;[38;5;0m[HTTP]&amp#27;[0m &amp#27;[37m-->&amp#27;[39m &amp#27;[37mGET&amp#27;[39m &amp#27;[37m/session/48f58814-9324-45e5-aebe-ca3eb176c9c0/context&amp#27;[39m
&amp#27;[38;5;0m[HTTP]&amp#27;[0m &amp#27;[90m{}&amp#27;[39m
&amp#27;[38;5;32m[AndroidUiautomator2Driver@50f4 (48f58814)]&amp#27;[0m Calling AppiumDriver.getCurrentContext() with args: ["48f58814-9324-45e5-aebe-ca3eb176c9c0"]
&amp#27;[38;5;32m[AndroidUiautomator2Driver@50f4 (48f58814)]&amp#27;[0m Responding to client with driver.getCurrentContext() result: "NATIVE_APP"
&amp#27;[38;5;0m[HTTP]&amp#27;[0m &amp#27;[37m<-- GET /session/48f58814-9324-45e5-aebe-ca3eb176c9c0/context &amp#27;[39m&amp#27;[32m200&amp#27;[39m &amp#27;[90m1 ms - 22&amp#27;[39m
&amp#27;[38;5;0m[HTTP]&amp#27;[0m &amp#27;[90m&amp#27;[39m
&amp#27;[38;5;0m[HTTP]&amp#27;[0m &amp#27;[37m-->&amp#27;[39m &amp#27;[37mPOST&amp#27;[39m &amp#27;[37m/session/48f58814-9324-45e5-aebe-ca3eb176c9c0/element&amp#27;[39m
&amp#27;[38;5;0m[HTTP]&amp#27;[0m &amp#27;[90m{"value":"com.androidsample.generalstore:id/toolbar_title","using":"id"}&amp#27;[39m
&amp#27;[38;5;32m[AndroidUiautomator2Driver@50f4 (48f58814)]&amp#27;[0m Calling AppiumDriver.findElement() with args: ["id","com.androidsample.generalstore:id/toolbar_title","48f58814-9324-45e5-aebe-ca3eb176c9c0"]
&amp#27;[38;5;32m[AndroidUiautomator2Driver@50f4 (48f58814)]&amp#27;[0m Valid locator strategies for this request: xpath, id, class name, accessibility id, css selector, -android uiautomator
&amp#27;[38;5;32m[AndroidUiautomator2Driver@50f4 (48f58814)]&amp#27;[0m Waiting up to 0 ms for condition
&amp#27;[38;5;32m[AndroidUiautomator2Driver@50f4 (48f58814)]&amp#27;[0m Matched '/element' to command name 'findElement'
&amp#27;[38;5;32m[AndroidUiautomator2Driver@50f4 (48f58814)]&amp#27;[0m Proxying [POST /element] to [POST http://127.0.0.1:8200/session/4403cb60-da58-486a-b250-a831a9aeeb03/element] with body: {"strategy":"id","selector":"com.androidsample.generalstore:id/toolbar_title","context":"","multiple":false}
&amp#27;[38;5;32m[AndroidUiautomator2Driver@50f4 (48f58814)]&amp#27;[0m Got response with status 200: {"sessionId":"4403cb60-da58-486a-b250-a831a9aeeb03","value":{"ELEMENT":"00000000-0000-0010-ffff-ffff0000008b","element-6066-11e4-a52e-4f735466cecf":"00000000-0000-0010-ffff-ffff0000008b"}}
&amp#27;[38;5;32m[AndroidUiautomator2Driver@50f4 (48f58814)]&amp#27;[0m Responding to client with driver.findElement() result: {"element-6066-11e4-a52e-4f735466cecf":"00000000-0000-0010-ffff-ffff0000008b","ELEMENT":"00000000-0000-0010-ffff-ffff0000008b"}
&amp#27;[38;5;0m[HTTP]&amp#27;[0m &amp#27;[37m<-- POST /session/48f58814-9324-45e5-aebe-ca3eb176c9c0/element &amp#27;[39m&amp#27;[32m200&amp#27;[39m &amp#27;[90m40 ms - 137&amp#27;[39m
&amp#27;[38;5;0m[HTTP]&amp#27;[0m &amp#27;[90m&amp#27;[39m
&amp#27;[38;5;0m[HTTP]&amp#27;[0m &amp#27;[37m-->&amp#27;[39m &amp#27;[37mGET&amp#27;[39m &amp#27;[37m/session/48f58814-9324-45e5-aebe-ca3eb176c9c0/element/00000000-0000-0010-ffff-ffff0000008b/text&amp#27;[39m
&amp#27;[38;5;0m[HTTP]&amp#27;[0m &amp#27;[90m{}&amp#27;[39m
&amp#27;[38;5;32m[AndroidUiautomator2Driver@50f4 (48f58814)]&amp#27;[0m Driver proxy active, passing request on via HTTP proxy
&amp#27;[38;5;32m[AndroidUiautomator2Driver@50f4 (48f58814)]&amp#27;[0m Matched '/session/48f58814-9324-45e5-aebe-ca3eb176c9c0/element/00000000-0000-0010-ffff-ffff0000008b/text' to command name 'getText'
&amp#27;[38;5;32m[AndroidUiautomator2Driver@50f4 (48f58814)]&amp#27;[0m Proxying [GET /session/48f58814-9324-45e5-aebe-ca3eb176c9c0/element/00000000-0000-0010-ffff-ffff0000008b/text] to [GET http://127.0.0.1:8200/session/4403cb60-da58-486a-b250-a831a9aeeb03/element/00000000-0000-0010-ffff-ffff0000008b/text] with no body
&amp#27;[38;5;32m[AndroidUiautomator2Driver@50f4 (48f58814)]&amp#27;[0m Got response with status 200: {"sessionId":"4403cb60-da58-486a-b250-a831a9aeeb03","value":"Cart"}
&amp#27;[38;5;32m[AndroidUiautomator2Driver@50f4 (48f58814)]&amp#27;[0m Replacing sessionId 4403cb60-da58-486a-b250-a831a9aeeb03 with 48f58814-9324-45e5-aebe-ca3eb176c9c0
&amp#27;[38;5;0m[HTTP]&amp#27;[0m &amp#27;[37m<-- GET /session/48f58814-9324-45e5-aebe-ca3eb176c9c0/element/00000000-0000-0010-ffff-ffff0000008b/text &amp#27;[39m&amp#27;[32m200&amp#27;[39m &amp#27;[90m98 ms - 67&amp#27;[39m
&amp#27;[38;5;0m[HTTP]&amp#27;[0m &amp#27;[90m&amp#27;[39m
&amp#27;[38;5;0m[HTTP]&amp#27;[0m &amp#27;[37m-->&amp#27;[39m &amp#27;[37mGET&amp#27;[39m &amp#27;[37m/session/48f58814-9324-45e5-aebe-ca3eb176c9c0/context&amp#27;[39m
&amp#27;[38;5;0m[HTTP]&amp#27;[0m &amp#27;[90m{}&amp#27;[39m
&amp#27;[38;5;32m[AndroidUiautomator2Driver@50f4 (48f58814)]&amp#27;[0m Calling AppiumDriver.getCurrentContext() with args: ["48f58814-9324-45e5-aebe-ca3eb176c9c0"]
&amp#27;[38;5;32m[AndroidUiautomator2Driver@50f4 (48f58814)]&amp#27;[0m Responding to client with driver.getCurrentContext() result: "NATIVE_APP"
&amp#27;[38;5;0m[HTTP]&amp#27;[0m &amp#27;[37m<-- GET /session/48f58814-9324-45e5-aebe-ca3eb176c9c0/context &amp#27;[39m&amp#27;[32m200&amp#27;[39m &amp#27;[90m2 ms - 22&amp#27;[39m
&amp#27;[38;5;0m[HTTP]&amp#27;[0m &amp#27;[90m&amp#27;[39m
&amp#27;[38;5;0m[HTTP]&amp#27;[0m &amp#27;[37m-->&amp#27;[39m &amp#27;[37mPOST&amp#27;[39m &amp#27;[37m/session/48f58814-9324-45e5-aebe-ca3eb176c9c0/elements&amp#27;[39m
&amp#27;[38;5;0m[HTTP]&amp#27;[0m &amp#27;[90m{"value":"com.androidsample.generalstore:id/productPrice","using":"id"}&amp#27;[39m
&amp#27;[38;5;32m[AndroidUiautomator2Driver@50f4 (48f58814)]&amp#27;[0m Calling AppiumDriver.findElements() with args: ["id","com.androidsample.generalstore:id/productPrice","48f58814-9324-45e5-aebe-ca3eb176c9c0"]
&amp#27;[38;5;32m[AndroidUiautomator2Driver@50f4 (48f58814)]&amp#27;[0m Valid locator strategies for this request: xpath, id, class name, accessibility id, css selector, -android uiautomator
&amp#27;[38;5;32m[AndroidUiautomator2Driver@50f4 (48f58814)]&amp#27;[0m Waiting up to 0 ms for condition
&amp#27;[38;5;32m[AndroidUiautomator2Driver@50f4 (48f58814)]&amp#27;[0m Matched '/elements' to command name 'findElements'
&amp#27;[38;5;32m[AndroidUiautomator2Driver@50f4 (48f58814)]&amp#27;[0m Proxying [POST /elements] to [POST http://127.0.0.1:8200/session/4403cb60-da58-486a-b250-a831a9aeeb03/elements] with body: {"strategy":"id","selector":"com.androidsample.generalstore:id/productPrice","context":"","multiple":true}
&amp#27;[38;5;32m[AndroidUiautomator2Driver@50f4 (48f58814)]&amp#27;[0m Got response with status 200: {"sessionId":"4403cb60-da58-486a-b250-a831a9aeeb03","value":[{"ELEMENT":"00000000-0000-0010-ffff-ffff000000a2","element-6066-11e4-a52e-4f735466cecf":"00000000-0000-0010-ffff-ffff000000a2"},{"ELEMENT":"00000000-0000-0010-ffff-ffff000000aa","element-6066-11e4-a52e-4f735466cecf":"00000000-0000-0010-ffff-ffff000000aa"}]}
&amp#27;[38;5;32m[AndroidUiautomator2Driver@50f4 (48f58814)]&amp#27;[0m Responding to client with driver.findElements() result: [{"element-6066-11e4-a52e-4f735466cecf":"00000000-0000-0010-ffff-ffff000000a2","ELEMENT":"00000000-0000-0010-ffff-ffff000000a2"},{"element-6066-11e4-a52e-4f735466cecf":"00000000-0000-0010-ffff-ffff000000aa","ELEMENT":"00000000-0000-0010-ffff-ffff000000aa"}]
&amp#27;[38;5;0m[HTTP]&amp#27;[0m &amp#27;[37m<-- POST /session/48f58814-9324-45e5-aebe-ca3eb176c9c0/elements &amp#27;[39m&amp#27;[32m200&amp#27;[39m &amp#27;[90m108 ms - 267&amp#27;[39m
&amp#27;[38;5;0m[HTTP]&amp#27;[0m &amp#27;[90m&amp#27;[39m
&amp#27;[38;5;0m[HTTP]&amp#27;[0m &amp#27;[37m-->&amp#27;[39m &amp#27;[37mGET&amp#27;[39m &amp#27;[37m/session/48f58814-9324-45e5-aebe-ca3eb176c9c0/context&amp#27;[39m
&amp#27;[38;5;0m[HTTP]&amp#27;[0m &amp#27;[90m{}&amp#27;[39m
&amp#27;[38;5;32m[AndroidUiautomator2Driver@50f4 (48f58814)]&amp#27;[0m Calling AppiumDriver.getCurrentContext() with args: ["48f58814-9324-45e5-aebe-ca3eb176c9c0"]
&amp#27;[38;5;32m[AndroidUiautomator2Driver@50f4 (48f58814)]&amp#27;[0m Responding to client with driver.getCurrentContext() result: "NATIVE_APP"
&amp#27;[38;5;0m[HTTP]&amp#27;[0m &amp#27;[37m<-- GET /session/48f58814-9324-45e5-aebe-ca3eb176c9c0/context &amp#27;[39m&amp#27;[32m200&amp#27;[39m &amp#27;[90m2 ms - 22&amp#27;[39m
&amp#27;[38;5;0m[HTTP]&amp#27;[0m &amp#27;[90m&amp#27;[39m
&amp#27;[38;5;0m[HTTP]&amp#27;[0m &amp#27;[37m-->&amp#27;[39m &amp#27;[37mPOST&amp#27;[39m &amp#27;[37m/session/48f58814-9324-45e5-aebe-ca3eb176c9c0/elements&amp#27;[39m
&amp#27;[38;5;0m[HTTP]&amp#27;[0m &amp#27;[90m{"value":"com.androidsample.generalstore:id/productPrice","using":"id"}&amp#27;[39m
&amp#27;[38;5;32m[AndroidUiautomator2Driver@50f4 (48f58814)]&amp#27;[0m Calling AppiumDriver.findElements() with args: ["id","com.androidsample.generalstore:id/productPrice","48f58814-9324-45e5-aebe-ca3eb176c9c0"]
&amp#27;[38;5;32m[AndroidUiautomator2Driver@50f4 (48f58814)]&amp#27;[0m Valid locator strategies for this request: xpath, id, class name, accessibility id, css selector, -android uiautomator
&amp#27;[38;5;32m[AndroidUiautomator2Driver@50f4 (48f58814)]&amp#27;[0m Waiting up to 0 ms for condition
&amp#27;[38;5;32m[AndroidUiautomator2Driver@50f4 (48f58814)]&amp#27;[0m Matched '/elements' to command name 'findElements'
&amp#27;[38;5;32m[AndroidUiautomator2Driver@50f4 (48f58814)]&amp#27;[0m Proxying [POST /elements] to [POST http://127.0.0.1:8200/session/4403cb60-da58-486a-b250-a831a9aeeb03/elements] with body: {"strategy":"id","selector":"com.androidsample.generalstore:id/productPrice","context":"","multiple":true}
&amp#27;[38;5;32m[AndroidUiautomator2Driver@50f4 (48f58814)]&amp#27;[0m Got response with status 200: {"sessionId":"4403cb60-da58-486a-b250-a831a9aeeb03","value":[{"ELEMENT":"00000000-0000-0010-ffff-ffff000000a2","element-6066-11e4-a52e-4f735466cecf":"00000000-0000-0010-ffff-ffff000000a2"},{"ELEMENT":"00000000-0000-0010-ffff-ffff000000aa","element-6066-11e4-a52e-4f735466cecf":"00000000-0000-0010-ffff-ffff000000aa"}]}
&amp#27;[38;5;32m[AndroidUiautomator2Driver@50f4 (48f58814)]&amp#27;[0m Responding to client with driver.findElements() result: [{"element-6066-11e4-a52e-4f735466cecf":"00000000-0000-0010-ffff-ffff000000a2","ELEMENT":"00000000-0000-0010-ffff-ffff000000a2"},{"element-6066-11e4-a52e-4f735466cecf":"00000000-0000-0010-ffff-ffff000000aa","ELEMENT":"00000000-0000-0010-ffff-ffff000000aa"}]
&amp#27;[38;5;0m[HTTP]&amp#27;[0m &amp#27;[37m<-- POST /session/48f58814-9324-45e5-aebe-ca3eb176c9c0/elements &amp#27;[39m&amp#27;[32m200&amp#27;[39m &amp#27;[90m94 ms - 267&amp#27;[39m
&amp#27;[38;5;0m[HTTP]&amp#27;[0m &amp#27;[90m&amp#27;[39m
&amp#27;[38;5;0m[HTTP]&amp#27;[0m &amp#27;[37m-->&amp#27;[39m &amp#27;[37mGET&amp#27;[39m &amp#27;[37m/session/48f58814-9324-45e5-aebe-ca3eb176c9c0/element/00000000-0000-0010-ffff-ffff000000a2/text&amp#27;[39m
&amp#27;[38;5;0m[HTTP]&amp#27;[0m &amp#27;[90m{}&amp#27;[39m
&amp#27;[38;5;32m[AndroidUiautomator2Driver@50f4 (48f58814)]&amp#27;[0m Driver proxy active, passing request on via HTTP proxy
&amp#27;[38;5;32m[AndroidUiautomator2Driver@50f4 (48f58814)]&amp#27;[0m Matched '/session/48f58814-9324-45e5-aebe-ca3eb176c9c0/element/00000000-0000-0010-ffff-ffff000000a2/text' to command name 'getText'
&amp#27;[38;5;32m[AndroidUiautomator2Driver@50f4 (48f58814)]&amp#27;[0m Proxying [GET /session/48f58814-9324-45e5-aebe-ca3eb176c9c0/element/00000000-0000-0010-ffff-ffff000000a2/text] to [GET http://127.0.0.1:8200/session/4403cb60-da58-486a-b250-a831a9aeeb03/element/00000000-0000-0010-ffff-ffff000000a2/text] with no body
&amp#27;[38;5;32m[AndroidUiautomator2Driver@50f4 (48f58814)]&amp#27;[0m Got response with status 200: {"sessionId":"4403cb60-da58-486a-b250-a831a9aeeb03","value":"$160.97"}
&amp#27;[38;5;32m[AndroidUiautomator2Driver@50f4 (48f58814)]&amp#27;[0m Replacing sessionId 4403cb60-da58-486a-b250-a831a9aeeb03 with 48f58814-9324-45e5-aebe-ca3eb176c9c0
&amp#27;[38;5;0m[HTTP]&amp#27;[0m &amp#27;[37m<-- GET /session/48f58814-9324-45e5-aebe-ca3eb176c9c0/element/00000000-0000-0010-ffff-ffff000000a2/text &amp#27;[39m&amp#27;[32m200&amp#27;[39m &amp#27;[90m38 ms - 70&amp#27;[39m
&amp#27;[38;5;0m[HTTP]&amp#27;[0m &amp#27;[90m&amp#27;[39m
&amp#27;[38;5;0m[HTTP]&amp#27;[0m &amp#27;[37m-->&amp#27;[39m &amp#27;[37mGET&amp#27;[39m &amp#27;[37m/session/48f58814-9324-45e5-aebe-ca3eb176c9c0/context&amp#27;[39m
&amp#27;[38;5;0m[HTTP]&amp#27;[0m &amp#27;[90m{}&amp#27;[39m
&amp#27;[38;5;32m[AndroidUiautomator2Driver@50f4 (48f58814)]&amp#27;[0m Calling AppiumDriver.getCurrentContext() with args: ["48f58814-9324-45e5-aebe-ca3eb176c9c0"]
&amp#27;[38;5;32m[AndroidUiautomator2Driver@50f4 (48f58814)]&amp#27;[0m Responding to client with driver.getCurrentContext() result: "NATIVE_APP"
&amp#27;[38;5;0m[HTTP]&amp#27;[0m &amp#27;[37m<-- GET /session/48f58814-9324-45e5-aebe-ca3eb176c9c0/context &amp#27;[39m&amp#27;[32m200&amp#27;[39m &amp#27;[90m2 ms - 22&amp#27;[39m
&amp#27;[38;5;0m[HTTP]&amp#27;[0m &amp#27;[90m&amp#27;[39m
&amp#27;[38;5;0m[HTTP]&amp#27;[0m &amp#27;[37m-->&amp#27;[39m &amp#27;[37mPOST&amp#27;[39m &amp#27;[37m/session/48f58814-9324-45e5-aebe-ca3eb176c9c0/elements&amp#27;[39m
&amp#27;[38;5;0m[HTTP]&amp#27;[0m &amp#27;[90m{"value":"com.androidsample.generalstore:id/productPrice","using":"id"}&amp#27;[39m
&amp#27;[38;5;32m[AndroidUiautomator2Driver@50f4 (48f58814)]&amp#27;[0m Calling AppiumDriver.findElements() with args: ["id","com.androidsample.generalstore:id/productPrice","48f58814-9324-45e5-aebe-ca3eb176c9c0"]
&amp#27;[38;5;32m[AndroidUiautomator2Driver@50f4 (48f58814)]&amp#27;[0m Valid locator strategies for this request: xpath, id, class name, accessibility id, css selector, -android uiautomator
&amp#27;[38;5;32m[AndroidUiautomator2Driver@50f4 (48f58814)]&amp#27;[0m Waiting up to 0 ms for condition
&amp#27;[38;5;32m[AndroidUiautomator2Driver@50f4 (48f58814)]&amp#27;[0m Matched '/elements' to command name 'findElements'
&amp#27;[38;5;32m[AndroidUiautomator2Driver@50f4 (48f58814)]&amp#27;[0m Proxying [POST /elements] to [POST http://127.0.0.1:8200/session/4403cb60-da58-486a-b250-a831a9aeeb03/elements] with body: {"strategy":"id","selector":"com.androidsample.generalstore:id/productPrice","context":"","multiple":true}
&amp#27;[38;5;32m[AndroidUiautomator2Driver@50f4 (48f58814)]&amp#27;[0m Got response with status 200: {"sessionId":"4403cb60-da58-486a-b250-a831a9aeeb03","value":[{"ELEMENT":"00000000-0000-0010-ffff-ffff000000a2","element-6066-11e4-a52e-4f735466cecf":"00000000-0000-0010-ffff-ffff000000a2"},{"ELEMENT":"00000000-0000-0010-ffff-ffff000000aa","element-6066-11e4-a52e-4f735466cecf":"00000000-0000-0010-ffff-ffff000000aa"}]}
&amp#27;[38;5;32m[AndroidUiautomator2Driver@50f4 (48f58814)]&amp#27;[0m Responding to client with driver.findElements() result: [{"element-6066-11e4-a52e-4f735466cecf":"00000000-0000-0010-ffff-ffff000000a2","ELEMENT":"00000000-0000-0010-ffff-ffff000000a2"},{"element-6066-11e4-a52e-4f735466cecf":"00000000-0000-0010-ffff-ffff000000aa","ELEMENT":"00000000-0000-0010-ffff-ffff000000aa"}]
&amp#27;[38;5;0m[HTTP]&amp#27;[0m &amp#27;[37m<-- POST /session/48f58814-9324-45e5-aebe-ca3eb176c9c0/elements &amp#27;[39m&amp#27;[32m200&amp#27;[39m &amp#27;[90m103 ms - 267&amp#27;[39m
&amp#27;[38;5;0m[HTTP]&amp#27;[0m &amp#27;[90m&amp#27;[39m
&amp#27;[38;5;0m[HTTP]&amp#27;[0m &amp#27;[37m-->&amp#27;[39m &amp#27;[37mGET&amp#27;[39m &amp#27;[37m/session/48f58814-9324-45e5-aebe-ca3eb176c9c0/element/00000000-0000-0010-ffff-ffff000000aa/text&amp#27;[39m
&amp#27;[38;5;0m[HTTP]&amp#27;[0m &amp#27;[90m{}&amp#27;[39m
&amp#27;[38;5;32m[AndroidUiautomator2Driver@50f4 (48f58814)]&amp#27;[0m Driver proxy active, passing request on via HTTP proxy
&amp#27;[38;5;32m[AndroidUiautomator2Driver@50f4 (48f58814)]&amp#27;[0m Matched '/session/48f58814-9324-45e5-aebe-ca3eb176c9c0/element/00000000-0000-0010-ffff-ffff000000aa/text' to command name 'getText'
&amp#27;[38;5;32m[AndroidUiautomator2Driver@50f4 (48f58814)]&amp#27;[0m Proxying [GET /session/48f58814-9324-45e5-aebe-ca3eb176c9c0/element/00000000-0000-0010-ffff-ffff000000aa/text] to [GET http://127.0.0.1:8200/session/4403cb60-da58-486a-b250-a831a9aeeb03/element/00000000-0000-0010-ffff-ffff000000aa/text] with no body
&amp#27;[38;5;32m[AndroidUiautomator2Driver@50f4 (48f58814)]&amp#27;[0m Got response with status 200: {"sessionId":"4403cb60-da58-486a-b250-a831a9aeeb03","value":"$120.0"}
&amp#27;[38;5;32m[AndroidUiautomator2Driver@50f4 (48f58814)]&amp#27;[0m Replacing sessionId 4403cb60-da58-486a-b250-a831a9aeeb03 with 48f58814-9324-45e5-aebe-ca3eb176c9c0
&amp#27;[38;5;0m[HTTP]&amp#27;[0m &amp#27;[37m<-- GET /session/48f58814-9324-45e5-aebe-ca3eb176c9c0/element/00000000-0000-0010-ffff-ffff000000aa/text &amp#27;[39m&amp#27;[32m200&amp#27;[39m &amp#27;[90m28 ms - 69&amp#27;[39m
&amp#27;[38;5;0m[HTTP]&amp#27;[0m &amp#27;[90m&amp#27;[39m
&amp#27;[38;5;0m[HTTP]&amp#27;[0m &amp#27;[37m-->&amp#27;[39m &amp#27;[37mGET&amp#27;[39m &amp#27;[37m/session/48f58814-9324-45e5-aebe-ca3eb176c9c0/context&amp#27;[39m
&amp#27;[38;5;0m[HTTP]&amp#27;[0m &amp#27;[90m{}&amp#27;[39m
&amp#27;[38;5;32m[AndroidUiautomator2Driver@50f4 (48f58814)]&amp#27;[0m Calling AppiumDriver.getCurrentContext() with args: ["48f58814-9324-45e5-aebe-ca3eb176c9c0"]
&amp#27;[38;5;32m[AndroidUiautomator2Driver@50f4 (48f58814)]&amp#27;[0m Responding to client with driver.getCurrentContext() result: "NATIVE_APP"
&amp#27;[38;5;0m[HTTP]&amp#27;[0m &amp#27;[37m<-- GET /session/48f58814-9324-45e5-aebe-ca3eb176c9c0/context &amp#27;[39m&amp#27;[32m200&amp#27;[39m &amp#27;[90m2 ms - 22&amp#27;[39m
&amp#27;[38;5;0m[HTTP]&amp#27;[0m &amp#27;[90m&amp#27;[39m
&amp#27;[38;5;0m[HTTP]&amp#27;[0m &amp#27;[37m-->&amp#27;[39m &amp#27;[37mPOST&amp#27;[39m &amp#27;[37m/session/48f58814-9324-45e5-aebe-ca3eb176c9c0/element&amp#27;[39m
&amp#27;[38;5;0m[HTTP]&amp#27;[0m &amp#27;[90m{"value":"com.androidsample.generalstore:id/totalAmountLbl","using":"id"}&amp#27;[39m
&amp#27;[38;5;32m[AndroidUiautomator2Driver@50f4 (48f58814)]&amp#27;[0m Calling AppiumDriver.findElement() with args: ["id","com.androidsample.generalstore:id/totalAmountLbl","48f58814-9324-45e5-aebe-ca3eb176c9c0"]
&amp#27;[38;5;32m[AndroidUiautomator2Driver@50f4 (48f58814)]&amp#27;[0m Valid locator strategies for this request: xpath, id, class name, accessibility id, css selector, -android uiautomator
&amp#27;[38;5;32m[AndroidUiautomator2Driver@50f4 (48f58814)]&amp#27;[0m Waiting up to 0 ms for condition
&amp#27;[38;5;32m[AndroidUiautomator2Driver@50f4 (48f58814)]&amp#27;[0m Matched '/element' to command name 'findElement'
&amp#27;[38;5;32m[AndroidUiautomator2Driver@50f4 (48f58814)]&amp#27;[0m Proxying [POST /element] to [POST http://127.0.0.1:8200/session/4403cb60-da58-486a-b250-a831a9aeeb03/element] with body: {"strategy":"id","selector":"com.androidsample.generalstore:id/totalAmountLbl","context":"","multiple":false}
&amp#27;[38;5;32m[AndroidUiautomator2Driver@50f4 (48f58814)]&amp#27;[0m Got response with status 200: {"sessionId":"4403cb60-da58-486a-b250-a831a9aeeb03","value":{"ELEMENT":"00000000-0000-0010-ffff-ffff00000096","element-6066-11e4-a52e-4f735466cecf":"00000000-0000-0010-ffff-ffff00000096"}}
&amp#27;[38;5;32m[AndroidUiautomator2Driver@50f4 (48f58814)]&amp#27;[0m Responding to client with driver.findElement() result: {"element-6066-11e4-a52e-4f735466cecf":"00000000-0000-0010-ffff-ffff00000096","ELEMENT":"00000000-0000-0010-ffff-ffff00000096"}
&amp#27;[38;5;0m[HTTP]&amp#27;[0m &amp#27;[37m<-- POST /session/48f58814-9324-45e5-aebe-ca3eb176c9c0/element &amp#27;[39m&amp#27;[32m200&amp#27;[39m &amp#27;[90m170 ms - 137&amp#27;[39m
&amp#27;[38;5;0m[HTTP]&amp#27;[0m &amp#27;[90m&amp#27;[39m
&amp#27;[38;5;0m[HTTP]&amp#27;[0m &amp#27;[37m-->&amp#27;[39m &amp#27;[37mGET&amp#27;[39m &amp#27;[37m/session/48f58814-9324-45e5-aebe-ca3eb176c9c0/element/00000000-0000-0010-ffff-ffff00000096/text&amp#27;[39m
&amp#27;[38;5;0m[HTTP]&amp#27;[0m &amp#27;[90m{}&amp#27;[39m
&amp#27;[38;5;32m[AndroidUiautomator2Driver@50f4 (48f58814)]&amp#27;[0m Driver proxy active, passing request on via HTTP proxy
&amp#27;[38;5;32m[AndroidUiautomator2Driver@50f4 (48f58814)]&amp#27;[0m Matched '/session/48f58814-9324-45e5-aebe-ca3eb176c9c0/element/00000000-0000-0010-ffff-ffff00000096/text' to command name 'getText'
&amp#27;[38;5;32m[AndroidUiautomator2Driver@50f4 (48f58814)]&amp#27;[0m Proxying [GET /session/48f58814-9324-45e5-aebe-ca3eb176c9c0/element/00000000-0000-0010-ffff-ffff00000096/text] to [GET http://127.0.0.1:8200/session/4403cb60-da58-486a-b250-a831a9aeeb03/element/00000000-0000-0010-ffff-ffff00000096/text] with no body
&amp#27;[38;5;32m[AndroidUiautomator2Driver@50f4 (48f58814)]&amp#27;[0m Got response with status 200: {"sessionId":"4403cb60-da58-486a-b250-a831a9aeeb03","value":"$ 280.97"}
&amp#27;[38;5;32m[AndroidUiautomator2Driver@50f4 (48f58814)]&amp#27;[0m Replacing sessionId 4403cb60-da58-486a-b250-a831a9aeeb03 with 48f58814-9324-45e5-aebe-ca3eb176c9c0
&amp#27;[38;5;0m[HTTP]&amp#27;[0m &amp#27;[37m<-- GET /session/48f58814-9324-45e5-aebe-ca3eb176c9c0/element/00000000-0000-0010-ffff-ffff00000096/text &amp#27;[39m&amp#27;[32m200&amp#27;[39m &amp#27;[90m43 ms - 71&amp#27;[39m
&amp#27;[38;5;0m[HTTP]&amp#27;[0m &amp#27;[90m&amp#27;[39m
&amp#27;[38;5;0m[HTTP]&amp#27;[0m &amp#27;[37m-->&amp#27;[39m &amp#27;[37mGET&amp#27;[39m &amp#27;[37m/session/48f58814-9324-45e5-aebe-ca3eb176c9c0/context&amp#27;[39m
&amp#27;[38;5;0m[HTTP]&amp#27;[0m &amp#27;[90m{}&amp#27;[39m
&amp#27;[38;5;32m[AndroidUiautomator2Driver@50f4 (48f58814)]&amp#27;[0m Calling AppiumDriver.getCurrentContext() with args: ["48f58814-9324-45e5-aebe-ca3eb176c9c0"]
&amp#27;[38;5;32m[AndroidUiautomator2Driver@50f4 (48f58814)]&amp#27;[0m Responding to client with driver.getCurrentContext() result: "NATIVE_APP"
&amp#27;[38;5;0m[HTTP]&amp#27;[0m &amp#27;[37m<-- GET /session/48f58814-9324-45e5-aebe-ca3eb176c9c0/context &amp#27;[39m&amp#27;[32m200&amp#27;[39m &amp#27;[90m2 ms - 22&amp#27;[39m
&amp#27;[38;5;0m[HTTP]&amp#27;[0m &amp#27;[90m&amp#27;[39m
&amp#27;[38;5;0m[HTTP]&amp#27;[0m &amp#27;[37m-->&amp#27;[39m &amp#27;[37mPOST&amp#27;[39m &amp#27;[37m/session/48f58814-9324-45e5-aebe-ca3eb176c9c0/element&amp#27;[39m
&amp#27;[38;5;0m[HTTP]&amp#27;[0m &amp#27;[90m{"value":"com.androidsample.generalstore:id/termsButton","using":"id"}&amp#27;[39m
&amp#27;[38;5;32m[AndroidUiautomator2Driver@50f4 (48f58814)]&amp#27;[0m Calling AppiumDriver.findElement() with args: ["id","com.androidsample.generalstore:id/termsButton","48f58814-9324-45e5-aebe-ca3eb176c9c0"]
&amp#27;[38;5;32m[AndroidUiautomator2Driver@50f4 (48f58814)]&amp#27;[0m Valid locator strategies for this request: xpath, id, class name, accessibility id, css selector, -android uiautomator
&amp#27;[38;5;32m[AndroidUiautomator2Driver@50f4 (48f58814)]&amp#27;[0m Waiting up to 0 ms for condition
&amp#27;[38;5;32m[AndroidUiautomator2Driver@50f4 (48f58814)]&amp#27;[0m Matched '/element' to command name 'findElement'
&amp#27;[38;5;32m[AndroidUiautomator2Driver@50f4 (48f58814)]&amp#27;[0m Proxying [POST /element] to [POST http://127.0.0.1:8200/session/4403cb60-da58-486a-b250-a831a9aeeb03/element] with body: {"strategy":"id","selector":"com.androidsample.generalstore:id/termsButton","context":"","multiple":false}
&amp#27;[38;5;32m[AndroidUiautomator2Driver@50f4 (48f58814)]&amp#27;[0m Got response with status 200: {"sessionId":"4403cb60-da58-486a-b250-a831a9aeeb03","value":{"ELEMENT":"00000000-0000-0010-ffff-ffff00000099","element-6066-11e4-a52e-4f735466cecf":"00000000-0000-0010-ffff-ffff00000099"}}
&amp#27;[38;5;32m[AndroidUiautomator2Driver@50f4 (48f58814)]&amp#27;[0m Responding to client with driver.findElement() result: {"element-6066-11e4-a52e-4f735466cecf":"00000000-0000-0010-ffff-ffff00000099","ELEMENT":"00000000-0000-0010-ffff-ffff00000099"}
&amp#27;[38;5;0m[HTTP]&amp#27;[0m &amp#27;[37m<-- POST /session/48f58814-9324-45e5-aebe-ca3eb176c9c0/element &amp#27;[39m&amp#27;[32m200&amp#27;[39m &amp#27;[90m123 ms - 137&amp#27;[39m
&amp#27;[38;5;0m[HTTP]&amp#27;[0m &amp#27;[90m&amp#27;[39m
&amp#27;[38;5;0m[HTTP]&amp#27;[0m &amp#27;[37m-->&amp#27;[39m &amp#27;[37mPOST&amp#27;[39m &amp#27;[37m/session/48f58814-9324-45e5-aebe-ca3eb176c9c0/execute/sync&amp#27;[39m
&amp#27;[38;5;0m[HTTP]&amp#27;[0m &amp#27;[90m{"args":[{"elementId":"00000000-0000-0010-ffff-ffff00000099","duration":2000}],"script":"mobile: longClickGesture"}&amp#27;[39m
&amp#27;[38;5;32m[AndroidUiautomator2Driver@50f4 (48f58814)]&amp#27;[0m Calling AppiumDriver.execute() with args: ["mobile: longClickGesture",[{"elementId":"00000000-0000-0010-ffff-ffff00000099","duration":2000}],"48f58814-9324-45e5-aebe-ca3eb176c9c0"]
&amp#27;[38;5;32m[AndroidUiautomator2Driver@50f4 (48f58814)]&amp#27;[0m Executing method 'mobile: longClickGesture'
&amp#27;[38;5;32m[AndroidUiautomator2Driver@50f4 (48f58814)]&amp#27;[0m Proxying [POST /appium/gestures/long_click] to [POST http://127.0.0.1:8200/session/4403cb60-da58-486a-b250-a831a9aeeb03/appium/gestures/long_click] with body: {"origin":{"ELEMENT":"00000000-0000-0010-ffff-ffff00000099","element-6066-11e4-a52e-4f735466cecf":"00000000-0000-0010-ffff-ffff00000099"},"duration":2000}
&amp#27;[38;5;32m[AndroidUiautomator2Driver@50f4 (48f58814)]&amp#27;[0m Got response with status 200: {"sessionId":"4403cb60-da58-486a-b250-a831a9aeeb03","value":null}
&amp#27;[38;5;32m[AndroidUiautomator2Driver@50f4 (48f58814)]&amp#27;[0m Responding to client with driver.execute() result: null
&amp#27;[38;5;0m[HTTP]&amp#27;[0m &amp#27;[37m<-- POST /session/48f58814-9324-45e5-aebe-ca3eb176c9c0/execute/sync &amp#27;[39m&amp#27;[32m200&amp#27;[39m &amp#27;[90m6943 ms - 14&amp#27;[39m
&amp#27;[38;5;0m[HTTP]&amp#27;[0m &amp#27;[90m&amp#27;[39m
&amp#27;[38;5;0m[HTTP]&amp#27;[0m &amp#27;[37m-->&amp#27;[39m &amp#27;[37mGET&amp#27;[39m &amp#27;[37m/session/48f58814-9324-45e5-aebe-ca3eb176c9c0/context&amp#27;[39m
&amp#27;[38;5;0m[HTTP]&amp#27;[0m &amp#27;[90m{}&amp#27;[39m
&amp#27;[38;5;32m[AndroidUiautomator2Driver@50f4 (48f58814)]&amp#27;[0m Calling AppiumDriver.getCurrentContext() with args: ["48f58814-9324-45e5-aebe-ca3eb176c9c0"]
&amp#27;[38;5;32m[AndroidUiautomator2Driver@50f4 (48f58814)]&amp#27;[0m Responding to client with driver.getCurrentContext() result: "NATIVE_APP"
&amp#27;[38;5;0m[HTTP]&amp#27;[0m &amp#27;[37m<-- GET /session/48f58814-9324-45e5-aebe-ca3eb176c9c0/context &amp#27;[39m&amp#27;[32m200&amp#27;[39m &amp#27;[90m1 ms - 22&amp#27;[39m
&amp#27;[38;5;0m[HTTP]&amp#27;[0m &amp#27;[90m&amp#27;[39m
&amp#27;[38;5;0m[HTTP]&amp#27;[0m &amp#27;[37m-->&amp#27;[39m &amp#27;[37mPOST&amp#27;[39m &amp#27;[37m/session/48f58814-9324-45e5-aebe-ca3eb176c9c0/element&amp#27;[39m
&amp#27;[38;5;0m[HTTP]&amp#27;[0m &amp#27;[90m{"value":"android:id/button1","using":"id"}&amp#27;[39m
&amp#27;[38;5;32m[AndroidUiautomator2Driver@50f4 (48f58814)]&amp#27;[0m Calling AppiumDriver.findElement() with args: ["id","android:id/button1","48f58814-9324-45e5-aebe-ca3eb176c9c0"]
&amp#27;[38;5;32m[AndroidUiautomator2Driver@50f4 (48f58814)]&amp#27;[0m Valid locator strategies for this request: xpath, id, class name, accessibility id, css selector, -android uiautomator
&amp#27;[38;5;32m[AndroidUiautomator2Driver@50f4 (48f58814)]&amp#27;[0m Waiting up to 0 ms for condition
&amp#27;[38;5;32m[AndroidUiautomator2Driver@50f4 (48f58814)]&amp#27;[0m Matched '/element' to command name 'findElement'
&amp#27;[38;5;32m[AndroidUiautomator2Driver@50f4 (48f58814)]&amp#27;[0m Proxying [POST /element] to [POST http://127.0.0.1:8200/session/4403cb60-da58-486a-b250-a831a9aeeb03/element] with body: {"strategy":"id","selector":"android:id/button1","context":"","multiple":false}
&amp#27;[38;5;32m[AndroidUiautomator2Driver@50f4 (48f58814)]&amp#27;[0m Got response with status 200: {"sessionId":"4403cb60-da58-486a-b250-a831a9aeeb03","value":{"ELEMENT":"00000000-0000-0011-ffff-ffff000000c5","element-6066-11e4-a52e-4f735466cecf":"00000000-0000-0011-ffff-ffff000000c5"}}
&amp#27;[38;5;32m[AndroidUiautomator2Driver@50f4 (48f58814)]&amp#27;[0m Responding to client with driver.findElement() result: {"element-6066-11e4-a52e-4f735466cecf":"00000000-0000-0011-ffff-ffff000000c5","ELEMENT":"00000000-0000-0011-ffff-ffff000000c5"}
&amp#27;[38;5;0m[HTTP]&amp#27;[0m &amp#27;[37m<-- POST /session/48f58814-9324-45e5-aebe-ca3eb176c9c0/element &amp#27;[39m&amp#27;[32m200&amp#27;[39m &amp#27;[90m79 ms - 137&amp#27;[39m
&amp#27;[38;5;0m[HTTP]&amp#27;[0m &amp#27;[90m&amp#27;[39m
&amp#27;[38;5;0m[HTTP]&amp#27;[0m &amp#27;[37m-->&amp#27;[39m &amp#27;[37mPOST&amp#27;[39m &amp#27;[37m/session/48f58814-9324-45e5-aebe-ca3eb176c9c0/element/00000000-0000-0011-ffff-ffff000000c5/click&amp#27;[39m
&amp#27;[38;5;0m[HTTP]&amp#27;[0m &amp#27;[90m{"id":"00000000-0000-0011-ffff-ffff000000c5"}&amp#27;[39m
&amp#27;[38;5;32m[AndroidUiautomator2Driver@50f4 (48f58814)]&amp#27;[0m Calling AppiumDriver.click() with args: ["00000000-0000-0011-ffff-ffff000000c5","48f58814-9324-45e5-aebe-ca3eb176c9c0"]
&amp#27;[38;5;32m[AndroidUiautomator2Driver@50f4 (48f58814)]&amp#27;[0m Matched '/element/00000000-0000-0011-ffff-ffff000000c5/click' to command name 'click'
&amp#27;[38;5;32m[AndroidUiautomator2Driver@50f4 (48f58814)]&amp#27;[0m Proxying [POST /element/00000000-0000-0011-ffff-ffff000000c5/click] to [POST http://127.0.0.1:8200/session/4403cb60-da58-486a-b250-a831a9aeeb03/element/00000000-0000-0011-ffff-ffff000000c5/click] with body: {"element":"00000000-0000-0011-ffff-ffff000000c5"}
&amp#27;[38;5;32m[AndroidUiautomator2Driver@50f4 (48f58814)]&amp#27;[0m Got response with status 200: {"sessionId":"4403cb60-da58-486a-b250-a831a9aeeb03","value":null}
&amp#27;[38;5;32m[AndroidUiautomator2Driver@50f4 (48f58814)]&amp#27;[0m Responding to client with driver.click() result: null
&amp#27;[38;5;0m[HTTP]&amp#27;[0m &amp#27;[37m<-- POST /session/48f58814-9324-45e5-aebe-ca3eb176c9c0/element/00000000-0000-0011-ffff-ffff000000c5/click &amp#27;[39m&amp#27;[32m200&amp#27;[39m &amp#27;[90m92 ms - 14&amp#27;[39m
&amp#27;[38;5;0m[HTTP]&amp#27;[0m &amp#27;[90m&amp#27;[39m
&amp#27;[38;5;0m[HTTP]&amp#27;[0m &amp#27;[37m-->&amp#27;[39m &amp#27;[37mGET&amp#27;[39m &amp#27;[37m/session/48f58814-9324-45e5-aebe-ca3eb176c9c0/context&amp#27;[39m
&amp#27;[38;5;0m[HTTP]&amp#27;[0m &amp#27;[90m{}&amp#27;[39m
&amp#27;[38;5;32m[AndroidUiautomator2Driver@50f4 (48f58814)]&amp#27;[0m Calling AppiumDriver.getCurrentContext() with args: ["48f58814-9324-45e5-aebe-ca3eb176c9c0"]
&amp#27;[38;5;32m[AndroidUiautomator2Driver@50f4 (48f58814)]&amp#27;[0m Responding to client with driver.getCurrentContext() result: "NATIVE_APP"
&amp#27;[38;5;0m[HTTP]&amp#27;[0m &amp#27;[37m<-- GET /session/48f58814-9324-45e5-aebe-ca3eb176c9c0/context &amp#27;[39m&amp#27;[32m200&amp#27;[39m &amp#27;[90m1 ms - 22&amp#27;[39m
&amp#27;[38;5;0m[HTTP]&amp#27;[0m &amp#27;[90m&amp#27;[39m
&amp#27;[38;5;0m[HTTP]&amp#27;[0m &amp#27;[37m-->&amp#27;[39m &amp#27;[37mPOST&amp#27;[39m &amp#27;[37m/session/48f58814-9324-45e5-aebe-ca3eb176c9c0/element&amp#27;[39m
&amp#27;[38;5;0m[HTTP]&amp#27;[0m &amp#27;[90m{"value":"android.widget.CheckBox","using":"class name"}&amp#27;[39m
&amp#27;[38;5;32m[AndroidUiautomator2Driver@50f4 (48f58814)]&amp#27;[0m Calling AppiumDriver.findElement() with args: ["class name","android.widget.CheckBox","48f58814-9324-45e5-aebe-ca3eb176c9c0"]
&amp#27;[38;5;32m[AndroidUiautomator2Driver@50f4 (48f58814)]&amp#27;[0m Valid locator strategies for this request: xpath, id, class name, accessibility id, css selector, -android uiautomator
&amp#27;[38;5;32m[AndroidUiautomator2Driver@50f4 (48f58814)]&amp#27;[0m Waiting up to 0 ms for condition
&amp#27;[38;5;32m[AndroidUiautomator2Driver@50f4 (48f58814)]&amp#27;[0m Matched '/element' to command name 'findElement'
&amp#27;[38;5;32m[AndroidUiautomator2Driver@50f4 (48f58814)]&amp#27;[0m Proxying [POST /element] to [POST http://127.0.0.1:8200/session/4403cb60-da58-486a-b250-a831a9aeeb03/element] with body: {"strategy":"class name","selector":"android.widget.CheckBox","context":"","multiple":false}
&amp#27;[38;5;32m[AndroidUiautomator2Driver@50f4 (48f58814)]&amp#27;[0m Got response with status 200: {"sessionId":"4403cb60-da58-486a-b250-a831a9aeeb03","value":{"ELEMENT":"00000000-0000-0010-ffff-ffff00000097","element-6066-11e4-a52e-4f735466cecf":"00000000-0000-0010-ffff-ffff00000097"}}
&amp#27;[38;5;32m[AndroidUiautomator2Driver@50f4 (48f58814)]&amp#27;[0m Responding to client with driver.findElement() result: {"element-6066-11e4-a52e-4f735466cecf":"00000000-0000-0010-ffff-ffff00000097","ELEMENT":"00000000-0000-0010-ffff-ffff00000097"}
&amp#27;[38;5;0m[HTTP]&amp#27;[0m &amp#27;[37m<-- POST /session/48f58814-9324-45e5-aebe-ca3eb176c9c0/element &amp#27;[39m&amp#27;[32m200&amp#27;[39m &amp#27;[90m543 ms - 137&amp#27;[39m
&amp#27;[38;5;0m[HTTP]&amp#27;[0m &amp#27;[90m&amp#27;[39m
&amp#27;[38;5;0m[HTTP]&amp#27;[0m &amp#27;[37m-->&amp#27;[39m &amp#27;[37mPOST&amp#27;[39m &amp#27;[37m/session/48f58814-9324-45e5-aebe-ca3eb176c9c0/element/00000000-0000-0010-ffff-ffff00000097/click&amp#27;[39m
&amp#27;[38;5;0m[HTTP]&amp#27;[0m &amp#27;[90m{"id":"00000000-0000-0010-ffff-ffff00000097"}&amp#27;[39m
&amp#27;[38;5;32m[AndroidUiautomator2Driver@50f4 (48f58814)]&amp#27;[0m Calling AppiumDriver.click() with args: ["00000000-0000-0010-ffff-ffff00000097","48f58814-9324-45e5-aebe-ca3eb176c9c0"]
&amp#27;[38;5;32m[AndroidUiautomator2Driver@50f4 (48f58814)]&amp#27;[0m Matched '/element/00000000-0000-0010-ffff-ffff00000097/click' to command name 'click'
&amp#27;[38;5;32m[AndroidUiautomator2Driver@50f4 (48f58814)]&amp#27;[0m Proxying [POST /element/00000000-0000-0010-ffff-ffff00000097/click] to [POST http://127.0.0.1:8200/session/4403cb60-da58-486a-b250-a831a9aeeb03/element/00000000-0000-0010-ffff-ffff00000097/click] with body: {"element":"00000000-0000-0010-ffff-ffff00000097"}
&amp#27;[38;5;32m[AndroidUiautomator2Driver@50f4 (48f58814)]&amp#27;[0m Got response with status 200: {"sessionId":"4403cb60-da58-486a-b250-a831a9aeeb03","value":null}
&amp#27;[38;5;32m[AndroidUiautomator2Driver@50f4 (48f58814)]&amp#27;[0m Responding to client with driver.click() result: null
&amp#27;[38;5;0m[HTTP]&amp#27;[0m &amp#27;[37m<-- POST /session/48f58814-9324-45e5-aebe-ca3eb176c9c0/element/00000000-0000-0010-ffff-ffff00000097/click &amp#27;[39m&amp#27;[32m200&amp#27;[39m &amp#27;[90m301 ms - 14&amp#27;[39m
&amp#27;[38;5;0m[HTTP]&amp#27;[0m &amp#27;[90m&amp#27;[39m
]]></system-out>
    <system-err><![CDATA[SLF4J(W): No SLF4J providers were found.
SLF4J(W): Defaulting to no-operation (NOP) logger implementation
SLF4J(W): See https://www.slf4j.org/codes.html#noProviders for further details.
]]></system-err>
  </testcase>
  <testcase name="fillForm[{name=Gnani, country=Algeria, gender=male}](2)" classname="com.android.tests.TotalSumValidate" time="29.957">
    <system-out><![CDATA[&amp#27;[38;5;0m[HTTP]&amp#27;[0m &amp#27;[37m-->&amp#27;[39m &amp#27;[37mPOST&amp#27;[39m &amp#27;[37m/session/48f58814-9324-45e5-aebe-ca3eb176c9c0/execute/sync&amp#27;[39m
&amp#27;[38;5;0m[HTTP]&amp#27;[0m &amp#27;[90m{"args":[{"intent":"com.androidsample.generalstore/com.androidsample.generalstore.MainActivity"}],"script":"mobile: startActivity"}&amp#27;[39m
&amp#27;[38;5;32m[AndroidUiautomator2Driver@50f4 (48f58814)]&amp#27;[0m Calling AppiumDriver.execute() with args: ["mobile: startActivity",[{"intent":"com.androidsample.generalstore/com.androidsample.generalstore.MainActivity"}],"48f58814-9324-45e5-aebe-ca3eb176c9c0"]
&amp#27;[38;5;32m[AndroidUiautomator2Driver@50f4 (48f58814)]&amp#27;[0m Executing method 'mobile: startActivity'
&amp#27;[38;5;48m[ADB]&amp#27;[0m Running 'C:\Users\gnani\AppData\Local\Android\Sdk\platform-tools\adb.exe -P 5037 -s emulator-5554 shell am start-activity com.androidsample.generalstore/com.androidsample.generalstore.MainActivity'
&amp#27;[38;5;32m[AndroidUiautomator2Driver@50f4 (48f58814)]&amp#27;[0m Responding to client with driver.execute() result: "Starting: Intent { act=android.intent.action.MAIN cat=[android.intent.category.LAUNCHER] cmp=com.androidsample.generalstore/.MainActivity }"
&amp#27;[38;5;0m[HTTP]&amp#27;[0m &amp#27;[37m<-- POST /session/48f58814-9324-45e5-aebe-ca3eb176c9c0/execute/sync &amp#27;[39m&amp#27;[32m200&amp#27;[39m &amp#27;[90m310 ms - 151&amp#27;[39m
&amp#27;[38;5;0m[HTTP]&amp#27;[0m &amp#27;[90m&amp#27;[39m
&amp#27;[38;5;0m[HTTP]&amp#27;[0m &amp#27;[37m-->&amp#27;[39m &amp#27;[37mGET&amp#27;[39m &amp#27;[37m/session/48f58814-9324-45e5-aebe-ca3eb176c9c0/context&amp#27;[39m
&amp#27;[38;5;0m[HTTP]&amp#27;[0m &amp#27;[90m{}&amp#27;[39m
&amp#27;[38;5;32m[AndroidUiautomator2Driver@50f4 (48f58814)]&amp#27;[0m Calling AppiumDriver.getCurrentContext() with args: ["48f58814-9324-45e5-aebe-ca3eb176c9c0"]
&amp#27;[38;5;32m[AndroidUiautomator2Driver@50f4 (48f58814)]&amp#27;[0m Responding to client with driver.getCurrentContext() result: "NATIVE_APP"
&amp#27;[38;5;0m[HTTP]&amp#27;[0m &amp#27;[37m<-- GET /session/48f58814-9324-45e5-aebe-ca3eb176c9c0/context &amp#27;[39m&amp#27;[32m200&amp#27;[39m &amp#27;[90m1 ms - 22&amp#27;[39m
&amp#27;[38;5;0m[HTTP]&amp#27;[0m &amp#27;[90m&amp#27;[39m
&amp#27;[38;5;0m[HTTP]&amp#27;[0m &amp#27;[37m-->&amp#27;[39m &amp#27;[37mPOST&amp#27;[39m &amp#27;[37m/session/48f58814-9324-45e5-aebe-ca3eb176c9c0/element&amp#27;[39m
&amp#27;[38;5;0m[HTTP]&amp#27;[0m &amp#27;[90m{"value":"com.androidsample.generalstore:id/nameField","using":"id"}&amp#27;[39m
&amp#27;[38;5;32m[AndroidUiautomator2Driver@50f4 (48f58814)]&amp#27;[0m Calling AppiumDriver.findElement() with args: ["id","com.androidsample.generalstore:id/nameField","48f58814-9324-45e5-aebe-ca3eb176c9c0"]
&amp#27;[38;5;32m[AndroidUiautomator2Driver@50f4 (48f58814)]&amp#27;[0m Valid locator strategies for this request: xpath, id, class name, accessibility id, css selector, -android uiautomator
&amp#27;[38;5;32m[AndroidUiautomator2Driver@50f4 (48f58814)]&amp#27;[0m Waiting up to 0 ms for condition
&amp#27;[38;5;32m[AndroidUiautomator2Driver@50f4 (48f58814)]&amp#27;[0m Matched '/element' to command name 'findElement'
&amp#27;[38;5;32m[AndroidUiautomator2Driver@50f4 (48f58814)]&amp#27;[0m Proxying [POST /element] to [POST http://127.0.0.1:8200/session/4403cb60-da58-486a-b250-a831a9aeeb03/element] with body: {"strategy":"id","selector":"com.androidsample.generalstore:id/nameField","context":"","multiple":false}
&amp#27;[38;5;32m[AndroidUiautomator2Driver@50f4 (48f58814)]&amp#27;[0m Got response with status 200: {"sessionId":"4403cb60-da58-486a-b250-a831a9aeeb03","value":{"ELEMENT":"00000000-0000-0012-ffff-ffff000000da","element-6066-11e4-a52e-4f735466cecf":"00000000-0000-0012-ffff-ffff000000da"}}
&amp#27;[38;5;32m[AndroidUiautomator2Driver@50f4 (48f58814)]&amp#27;[0m Responding to client with driver.findElement() result: {"element-6066-11e4-a52e-4f735466cecf":"00000000-0000-0012-ffff-ffff000000da","ELEMENT":"00000000-0000-0012-ffff-ffff000000da"}
&amp#27;[38;5;0m[HTTP]&amp#27;[0m &amp#27;[37m<-- POST /session/48f58814-9324-45e5-aebe-ca3eb176c9c0/element &amp#27;[39m&amp#27;[32m200&amp#27;[39m &amp#27;[90m42 ms - 137&amp#27;[39m
&amp#27;[38;5;0m[HTTP]&amp#27;[0m &amp#27;[90m&amp#27;[39m
&amp#27;[38;5;0m[HTTP]&amp#27;[0m &amp#27;[37m-->&amp#27;[39m &amp#27;[37mPOST&amp#27;[39m &amp#27;[37m/session/48f58814-9324-45e5-aebe-ca3eb176c9c0/element/00000000-0000-0012-ffff-ffff000000da/value&amp#27;[39m
&amp#27;[38;5;0m[HTTP]&amp#27;[0m &amp#27;[90m{"id":"00000000-0000-0012-ffff-ffff000000da","text":"Gnani","value":["G","n","a","n","i"]}&amp#27;[39m
&amp#27;[38;5;32m[AndroidUiautomator2Driver@50f4 (48f58814)]&amp#27;[0m Calling AppiumDriver.setValue() with args: [["G","n","a","n","i"],"00000000-0000-0012-ffff-ffff000000da","48f58814-9324-45e5-aebe-ca3eb176c9c0"]
&amp#27;[38;5;32m[AndroidUiautomator2Driver@50f4 (48f58814)]&amp#27;[0m Matched '/element/00000000-0000-0012-ffff-ffff000000da/value' to command name 'setValue'
&amp#27;[38;5;32m[AndroidUiautomator2Driver@50f4 (48f58814)]&amp#27;[0m Added 'value' property ["G","n","a","n","i"] to 'setValue' request body
&amp#27;[38;5;32m[AndroidUiautomator2Driver@50f4 (48f58814)]&amp#27;[0m Proxying [POST /element/00000000-0000-0012-ffff-ffff000000da/value] to [POST http://127.0.0.1:8200/session/4403cb60-da58-486a-b250-a831a9aeeb03/element/00000000-0000-0012-ffff-ffff000000da/value] with body: {"elementId":"00000000-0000-0012-ffff-ffff000000da","text":"Gnani","replace":false,"value":["G","n","a","n","i"]}
&amp#27;[38;5;32m[AndroidUiautomator2Driver@50f4 (48f58814)]&amp#27;[0m Got response with status 200: {"sessionId":"4403cb60-da58-486a-b250-a831a9aeeb03","value":null}
&amp#27;[38;5;32m[AndroidUiautomator2Driver@50f4 (48f58814)]&amp#27;[0m Responding to client with driver.setValue() result: null
&amp#27;[38;5;0m[HTTP]&amp#27;[0m &amp#27;[37m<-- POST /session/48f58814-9324-45e5-aebe-ca3eb176c9c0/element/00000000-0000-0012-ffff-ffff000000da/value &amp#27;[39m&amp#27;[32m200&amp#27;[39m &amp#27;[90m601 ms - 14&amp#27;[39m
&amp#27;[38;5;0m[HTTP]&amp#27;[0m &amp#27;[90m&amp#27;[39m
&amp#27;[38;5;0m[HTTP]&amp#27;[0m &amp#27;[37m-->&amp#27;[39m &amp#27;[37mGET&amp#27;[39m &amp#27;[37m/session/48f58814-9324-45e5-aebe-ca3eb176c9c0/context&amp#27;[39m
&amp#27;[38;5;0m[HTTP]&amp#27;[0m &amp#27;[90m{}&amp#27;[39m
&amp#27;[38;5;32m[AndroidUiautomator2Driver@50f4 (48f58814)]&amp#27;[0m Calling AppiumDriver.getCurrentContext() with args: ["48f58814-9324-45e5-aebe-ca3eb176c9c0"]
&amp#27;[38;5;32m[AndroidUiautomator2Driver@50f4 (48f58814)]&amp#27;[0m Responding to client with driver.getCurrentContext() result: "NATIVE_APP"
&amp#27;[38;5;0m[HTTP]&amp#27;[0m &amp#27;[37m<-- GET /session/48f58814-9324-45e5-aebe-ca3eb176c9c0/context &amp#27;[39m&amp#27;[32m200&amp#27;[39m &amp#27;[90m5 ms - 22&amp#27;[39m
&amp#27;[38;5;0m[HTTP]&amp#27;[0m &amp#27;[90m&amp#27;[39m
&amp#27;[38;5;0m[HTTP]&amp#27;[0m &amp#27;[37m-->&amp#27;[39m &amp#27;[37mPOST&amp#27;[39m &amp#27;[37m/session/48f58814-9324-45e5-aebe-ca3eb176c9c0/element&amp#27;[39m
&amp#27;[38;5;0m[HTTP]&amp#27;[0m &amp#27;[90m{"value":"com.androidsample.generalstore:id/radioMale","using":"id"}&amp#27;[39m
&amp#27;[38;5;32m[AndroidUiautomator2Driver@50f4 (48f58814)]&amp#27;[0m Calling AppiumDriver.findElement() with args: ["id","com.androidsample.generalstore:id/radioMale","48f58814-9324-45e5-aebe-ca3eb176c9c0"]
&amp#27;[38;5;32m[AndroidUiautomator2Driver@50f4 (48f58814)]&amp#27;[0m Valid locator strategies for this request: xpath, id, class name, accessibility id, css selector, -android uiautomator
&amp#27;[38;5;32m[AndroidUiautomator2Driver@50f4 (48f58814)]&amp#27;[0m Waiting up to 0 ms for condition
&amp#27;[38;5;32m[AndroidUiautomator2Driver@50f4 (48f58814)]&amp#27;[0m Matched '/element' to command name 'findElement'
&amp#27;[38;5;32m[AndroidUiautomator2Driver@50f4 (48f58814)]&amp#27;[0m Proxying [POST /element] to [POST http://127.0.0.1:8200/session/4403cb60-da58-486a-b250-a831a9aeeb03/element] with body: {"strategy":"id","selector":"com.androidsample.generalstore:id/radioMale","context":"","multiple":false}
&amp#27;[38;5;32m[AndroidUiautomator2Driver@50f4 (48f58814)]&amp#27;[0m Got response with status 200: {"sessionId":"4403cb60-da58-486a-b250-a831a9aeeb03","value":{"ELEMENT":"00000000-0000-0012-ffff-ffff000000dd","element-6066-11e4-a52e-4f735466cecf":"00000000-0000-0012-ffff-ffff000000dd"}}
&amp#27;[38;5;32m[AndroidUiautomator2Driver@50f4 (48f58814)]&amp#27;[0m Responding to client with driver.findElement() result: {"element-6066-11e4-a52e-4f735466cecf":"00000000-0000-0012-ffff-ffff000000dd","ELEMENT":"00000000-0000-0012-ffff-ffff000000dd"}
&amp#27;[38;5;0m[HTTP]&amp#27;[0m &amp#27;[37m<-- POST /session/48f58814-9324-45e5-aebe-ca3eb176c9c0/element &amp#27;[39m&amp#27;[32m200&amp#27;[39m &amp#27;[90m498 ms - 137&amp#27;[39m
&amp#27;[38;5;0m[HTTP]&amp#27;[0m &amp#27;[90m&amp#27;[39m
&amp#27;[38;5;0m[HTTP]&amp#27;[0m &amp#27;[37m-->&amp#27;[39m &amp#27;[37mPOST&amp#27;[39m &amp#27;[37m/session/48f58814-9324-45e5-aebe-ca3eb176c9c0/element/00000000-0000-0012-ffff-ffff000000dd/click&amp#27;[39m
&amp#27;[38;5;0m[HTTP]&amp#27;[0m &amp#27;[90m{"id":"00000000-0000-0012-ffff-ffff000000dd"}&amp#27;[39m
&amp#27;[38;5;32m[AndroidUiautomator2Driver@50f4 (48f58814)]&amp#27;[0m Calling AppiumDriver.click() with args: ["00000000-0000-0012-ffff-ffff000000dd","48f58814-9324-45e5-aebe-ca3eb176c9c0"]
&amp#27;[38;5;32m[AndroidUiautomator2Driver@50f4 (48f58814)]&amp#27;[0m Matched '/element/00000000-0000-0012-ffff-ffff000000dd/click' to command name 'click'
&amp#27;[38;5;32m[AndroidUiautomator2Driver@50f4 (48f58814)]&amp#27;[0m Proxying [POST /element/00000000-0000-0012-ffff-ffff000000dd/click] to [POST http://127.0.0.1:8200/session/4403cb60-da58-486a-b250-a831a9aeeb03/element/00000000-0000-0012-ffff-ffff000000dd/click] with body: {"element":"00000000-0000-0012-ffff-ffff000000dd"}
&amp#27;[38;5;32m[AndroidUiautomator2Driver@50f4 (48f58814)]&amp#27;[0m Got response with status 200: {"sessionId":"4403cb60-da58-486a-b250-a831a9aeeb03","value":null}
&amp#27;[38;5;32m[AndroidUiautomator2Driver@50f4 (48f58814)]&amp#27;[0m Responding to client with driver.click() result: null
&amp#27;[38;5;0m[HTTP]&amp#27;[0m &amp#27;[37m<-- POST /session/48f58814-9324-45e5-aebe-ca3eb176c9c0/element/00000000-0000-0012-ffff-ffff000000dd/click &amp#27;[39m&amp#27;[32m200&amp#27;[39m &amp#27;[90m105 ms - 14&amp#27;[39m
&amp#27;[38;5;0m[HTTP]&amp#27;[0m &amp#27;[90m&amp#27;[39m
&amp#27;[38;5;0m[HTTP]&amp#27;[0m &amp#27;[37m-->&amp#27;[39m &amp#27;[37mGET&amp#27;[39m &amp#27;[37m/session/48f58814-9324-45e5-aebe-ca3eb176c9c0/context&amp#27;[39m
&amp#27;[38;5;0m[HTTP]&amp#27;[0m &amp#27;[90m{}&amp#27;[39m
&amp#27;[38;5;32m[AndroidUiautomator2Driver@50f4 (48f58814)]&amp#27;[0m Calling AppiumDriver.getCurrentContext() with args: ["48f58814-9324-45e5-aebe-ca3eb176c9c0"]
&amp#27;[38;5;32m[AndroidUiautomator2Driver@50f4 (48f58814)]&amp#27;[0m Responding to client with driver.getCurrentContext() result: "NATIVE_APP"
&amp#27;[38;5;0m[HTTP]&amp#27;[0m &amp#27;[37m<-- GET /session/48f58814-9324-45e5-aebe-ca3eb176c9c0/context &amp#27;[39m&amp#27;[32m200&amp#27;[39m &amp#27;[90m2 ms - 22&amp#27;[39m
&amp#27;[38;5;0m[HTTP]&amp#27;[0m &amp#27;[90m&amp#27;[39m
&amp#27;[38;5;0m[HTTP]&amp#27;[0m &amp#27;[37m-->&amp#27;[39m &amp#27;[37mPOST&amp#27;[39m &amp#27;[37m/session/48f58814-9324-45e5-aebe-ca3eb176c9c0/element&amp#27;[39m
&amp#27;[38;5;0m[HTTP]&amp#27;[0m &amp#27;[90m{"value":"android:id/text1","using":"id"}&amp#27;[39m
&amp#27;[38;5;32m[AndroidUiautomator2Driver@50f4 (48f58814)]&amp#27;[0m Calling AppiumDriver.findElement() with args: ["id","android:id/text1","48f58814-9324-45e5-aebe-ca3eb176c9c0"]
&amp#27;[38;5;32m[AndroidUiautomator2Driver@50f4 (48f58814)]&amp#27;[0m Valid locator strategies for this request: xpath, id, class name, accessibility id, css selector, -android uiautomator
&amp#27;[38;5;32m[AndroidUiautomator2Driver@50f4 (48f58814)]&amp#27;[0m Waiting up to 0 ms for condition
&amp#27;[38;5;32m[AndroidUiautomator2Driver@50f4 (48f58814)]&amp#27;[0m Matched '/element' to command name 'findElement'
&amp#27;[38;5;32m[AndroidUiautomator2Driver@50f4 (48f58814)]&amp#27;[0m Proxying [POST /element] to [POST http://127.0.0.1:8200/session/4403cb60-da58-486a-b250-a831a9aeeb03/element] with body: {"strategy":"id","selector":"android:id/text1","context":"","multiple":false}
&amp#27;[38;5;32m[AndroidUiautomator2Driver@50f4 (48f58814)]&amp#27;[0m Got response with status 200: {"sessionId":"4403cb60-da58-486a-b250-a831a9aeeb03","value":{"ELEMENT":"00000000-0000-0012-ffff-ffff000000e2","element-6066-11e4-a52e-4f735466cecf":"00000000-0000-0012-ffff-ffff000000e2"}}
&amp#27;[38;5;32m[AndroidUiautomator2Driver@50f4 (48f58814)]&amp#27;[0m Responding to client with driver.findElement() result: {"element-6066-11e4-a52e-4f735466cecf":"00000000-0000-0012-ffff-ffff000000e2","ELEMENT":"00000000-0000-0012-ffff-ffff000000e2"}
&amp#27;[38;5;0m[HTTP]&amp#27;[0m &amp#27;[37m<-- POST /session/48f58814-9324-45e5-aebe-ca3eb176c9c0/element &amp#27;[39m&amp#27;[32m200&amp#27;[39m &amp#27;[90m136 ms - 137&amp#27;[39m
&amp#27;[38;5;0m[HTTP]&amp#27;[0m &amp#27;[90m&amp#27;[39m
&amp#27;[38;5;0m[HTTP]&amp#27;[0m &amp#27;[37m-->&amp#27;[39m &amp#27;[37mPOST&amp#27;[39m &amp#27;[37m/session/48f58814-9324-45e5-aebe-ca3eb176c9c0/element/00000000-0000-0012-ffff-ffff000000e2/click&amp#27;[39m
&amp#27;[38;5;0m[HTTP]&amp#27;[0m &amp#27;[90m{"id":"00000000-0000-0012-ffff-ffff000000e2"}&amp#27;[39m
&amp#27;[38;5;32m[AndroidUiautomator2Driver@50f4 (48f58814)]&amp#27;[0m Calling AppiumDriver.click() with args: ["00000000-0000-0012-ffff-ffff000000e2","48f58814-9324-45e5-aebe-ca3eb176c9c0"]
&amp#27;[38;5;32m[AndroidUiautomator2Driver@50f4 (48f58814)]&amp#27;[0m Matched '/element/00000000-0000-0012-ffff-ffff000000e2/click' to command name 'click'
&amp#27;[38;5;32m[AndroidUiautomator2Driver@50f4 (48f58814)]&amp#27;[0m Proxying [POST /element/00000000-0000-0012-ffff-ffff000000e2/click] to [POST http://127.0.0.1:8200/session/4403cb60-da58-486a-b250-a831a9aeeb03/element/00000000-0000-0012-ffff-ffff000000e2/click] with body: {"element":"00000000-0000-0012-ffff-ffff000000e2"}
&amp#27;[38;5;32m[AndroidUiautomator2Driver@50f4 (48f58814)]&amp#27;[0m Got response with status 200: {"sessionId":"4403cb60-da58-486a-b250-a831a9aeeb03","value":null}
&amp#27;[38;5;32m[AndroidUiautomator2Driver@50f4 (48f58814)]&amp#27;[0m Responding to client with driver.click() result: null
&amp#27;[38;5;0m[HTTP]&amp#27;[0m &amp#27;[37m<-- POST /session/48f58814-9324-45e5-aebe-ca3eb176c9c0/element/00000000-0000-0012-ffff-ffff000000e2/click &amp#27;[39m&amp#27;[32m200&amp#27;[39m &amp#27;[90m476 ms - 14&amp#27;[39m
&amp#27;[38;5;0m[HTTP]&amp#27;[0m &amp#27;[90m&amp#27;[39m
&amp#27;[38;5;0m[HTTP]&amp#27;[0m &amp#27;[37m-->&amp#27;[39m &amp#27;[37mPOST&amp#27;[39m &amp#27;[37m/session/48f58814-9324-45e5-aebe-ca3eb176c9c0/element&amp#27;[39m
&amp#27;[38;5;0m[HTTP]&amp#27;[0m &amp#27;[90m{"value":"new UiScrollable(new UiSelector()).scrollIntoView(text(\"Algeria\"));","using":"-android uiautomator"}&amp#27;[39m
&amp#27;[38;5;32m[AndroidUiautomator2Driver@50f4 (48f58814)]&amp#27;[0m Calling AppiumDriver.findElement() with args: ["-android uiautomator","new UiScrollable(new UiSelector()).scrollIntoView(text(\"Algeria\"));","48f58814-9324-45e5-aebe-ca3eb176c9c0"]
&amp#27;[38;5;32m[AndroidUiautomator2Driver@50f4 (48f58814)]&amp#27;[0m Valid locator strategies for this request: xpath, id, class name, accessibility id, css selector, -android uiautomator
&amp#27;[38;5;32m[AndroidUiautomator2Driver@50f4 (48f58814)]&amp#27;[0m Waiting up to 0 ms for condition
&amp#27;[38;5;32m[AndroidUiautomator2Driver@50f4 (48f58814)]&amp#27;[0m Matched '/element' to command name 'findElement'
&amp#27;[38;5;32m[AndroidUiautomator2Driver@50f4 (48f58814)]&amp#27;[0m Proxying [POST /element] to [POST http://127.0.0.1:8200/session/4403cb60-da58-486a-b250-a831a9aeeb03/element] with body: {"strategy":"-android uiautomator","selector":"new UiScrollable(new UiSelector()).scrollIntoView(text(\"Algeria\"));","context":"","multiple":false}
&amp#27;[38;5;32m[AndroidUiautomator2Driver@50f4 (48f58814)]&amp#27;[0m Got response with status 200: {"sessionId":"4403cb60-da58-486a-b250-a831a9aeeb03","value":{"ELEMENT":"00000000-0000-0013-ffff-ffff000000e9","element-6066-11e4-a52e-4f735466cecf":"00000000-0000-0013-ffff-ffff000000e9"}}
&amp#27;[38;5;32m[AndroidUiautomator2Driver@50f4 (48f58814)]&amp#27;[0m Responding to client with driver.findElement() result: {"element-6066-11e4-a52e-4f735466cecf":"00000000-0000-0013-ffff-ffff000000e9","ELEMENT":"00000000-0000-0013-ffff-ffff000000e9"}
&amp#27;[38;5;0m[HTTP]&amp#27;[0m &amp#27;[37m<-- POST /session/48f58814-9324-45e5-aebe-ca3eb176c9c0/element &amp#27;[39m&amp#27;[32m200&amp#27;[39m &amp#27;[90m1583 ms - 137&amp#27;[39m
&amp#27;[38;5;0m[HTTP]&amp#27;[0m &amp#27;[90m&amp#27;[39m
&amp#27;[38;5;0m[HTTP]&amp#27;[0m &amp#27;[37m-->&amp#27;[39m &amp#27;[37mPOST&amp#27;[39m &amp#27;[37m/session/48f58814-9324-45e5-aebe-ca3eb176c9c0/element&amp#27;[39m
&amp#27;[38;5;0m[HTTP]&amp#27;[0m &amp#27;[90m{"value":"//android.widget.TextView[@text=\"Algeria\"]","using":"xpath"}&amp#27;[39m
&amp#27;[38;5;32m[AndroidUiautomator2Driver@50f4 (48f58814)]&amp#27;[0m Calling AppiumDriver.findElement() with args: ["xpath","//android.widget.TextView[@text=\"Algeria\"]","48f58814-9324-45e5-aebe-ca3eb176c9c0"]
&amp#27;[38;5;32m[AndroidUiautomator2Driver@50f4 (48f58814)]&amp#27;[0m Valid locator strategies for this request: xpath, id, class name, accessibility id, css selector, -android uiautomator
&amp#27;[38;5;32m[AndroidUiautomator2Driver@50f4 (48f58814)]&amp#27;[0m Waiting up to 0 ms for condition
&amp#27;[38;5;32m[AndroidUiautomator2Driver@50f4 (48f58814)]&amp#27;[0m Matched '/element' to command name 'findElement'
&amp#27;[38;5;32m[AndroidUiautomator2Driver@50f4 (48f58814)]&amp#27;[0m Proxying [POST /element] to [POST http://127.0.0.1:8200/session/4403cb60-da58-486a-b250-a831a9aeeb03/element] with body: {"strategy":"xpath","selector":"//android.widget.TextView[@text=\"Algeria\"]","context":"","multiple":false}
&amp#27;[38;5;32m[AndroidUiautomator2Driver@50f4 (48f58814)]&amp#27;[0m Got response with status 200: {"sessionId":"4403cb60-da58-486a-b250-a831a9aeeb03","value":{"ELEMENT":"00000000-0000-0013-ffff-ffff000000e9","element-6066-11e4-a52e-4f735466cecf":"00000000-0000-0013-ffff-ffff000000e9"}}
&amp#27;[38;5;32m[AndroidUiautomator2Driver@50f4 (48f58814)]&amp#27;[0m Responding to client with driver.findElement() result: {"element-6066-11e4-a52e-4f735466cecf":"00000000-0000-0013-ffff-ffff000000e9","ELEMENT":"00000000-0000-0013-ffff-ffff000000e9"}
&amp#27;[38;5;0m[HTTP]&amp#27;[0m &amp#27;[37m<-- POST /session/48f58814-9324-45e5-aebe-ca3eb176c9c0/element &amp#27;[39m&amp#27;[32m200&amp#27;[39m &amp#27;[90m74 ms - 137&amp#27;[39m
&amp#27;[38;5;0m[HTTP]&amp#27;[0m &amp#27;[90m&amp#27;[39m
&amp#27;[38;5;0m[HTTP]&amp#27;[0m &amp#27;[37m-->&amp#27;[39m &amp#27;[37mPOST&amp#27;[39m &amp#27;[37m/session/48f58814-9324-45e5-aebe-ca3eb176c9c0/element/00000000-0000-0013-ffff-ffff000000e9/click&amp#27;[39m
&amp#27;[38;5;0m[HTTP]&amp#27;[0m &amp#27;[90m{"id":"00000000-0000-0013-ffff-ffff000000e9"}&amp#27;[39m
&amp#27;[38;5;32m[AndroidUiautomator2Driver@50f4 (48f58814)]&amp#27;[0m Calling AppiumDriver.click() with args: ["00000000-0000-0013-ffff-ffff000000e9","48f58814-9324-45e5-aebe-ca3eb176c9c0"]
&amp#27;[38;5;32m[AndroidUiautomator2Driver@50f4 (48f58814)]&amp#27;[0m Matched '/element/00000000-0000-0013-ffff-ffff000000e9/click' to command name 'click'
&amp#27;[38;5;32m[AndroidUiautomator2Driver@50f4 (48f58814)]&amp#27;[0m Proxying [POST /element/00000000-0000-0013-ffff-ffff000000e9/click] to [POST http://127.0.0.1:8200/session/4403cb60-da58-486a-b250-a831a9aeeb03/element/00000000-0000-0013-ffff-ffff000000e9/click] with body: {"element":"00000000-0000-0013-ffff-ffff000000e9"}
&amp#27;[38;5;32m[AndroidUiautomator2Driver@50f4 (48f58814)]&amp#27;[0m Got response with status 200: {"sessionId":"4403cb60-da58-486a-b250-a831a9aeeb03","value":null}
&amp#27;[38;5;32m[AndroidUiautomator2Driver@50f4 (48f58814)]&amp#27;[0m Responding to client with driver.click() result: null
&amp#27;[38;5;0m[HTTP]&amp#27;[0m &amp#27;[37m<-- POST /session/48f58814-9324-45e5-aebe-ca3eb176c9c0/element/00000000-0000-0013-ffff-ffff000000e9/click &amp#27;[39m&amp#27;[32m200&amp#27;[39m &amp#27;[90m154 ms - 14&amp#27;[39m
&amp#27;[38;5;0m[HTTP]&amp#27;[0m &amp#27;[90m&amp#27;[39m
&amp#27;[38;5;0m[HTTP]&amp#27;[0m &amp#27;[37m-->&amp#27;[39m &amp#27;[37mGET&amp#27;[39m &amp#27;[37m/session/48f58814-9324-45e5-aebe-ca3eb176c9c0/context&amp#27;[39m
&amp#27;[38;5;0m[HTTP]&amp#27;[0m &amp#27;[90m{}&amp#27;[39m
&amp#27;[38;5;32m[AndroidUiautomator2Driver@50f4 (48f58814)]&amp#27;[0m Calling AppiumDriver.getCurrentContext() with args: ["48f58814-9324-45e5-aebe-ca3eb176c9c0"]
&amp#27;[38;5;32m[AndroidUiautomator2Driver@50f4 (48f58814)]&amp#27;[0m Responding to client with driver.getCurrentContext() result: "NATIVE_APP"
&amp#27;[38;5;0m[HTTP]&amp#27;[0m &amp#27;[37m<-- GET /session/48f58814-9324-45e5-aebe-ca3eb176c9c0/context &amp#27;[39m&amp#27;[32m200&amp#27;[39m &amp#27;[90m2 ms - 22&amp#27;[39m
&amp#27;[38;5;0m[HTTP]&amp#27;[0m &amp#27;[90m&amp#27;[39m
&amp#27;[38;5;0m[HTTP]&amp#27;[0m &amp#27;[37m-->&amp#27;[39m &amp#27;[37mPOST&amp#27;[39m &amp#27;[37m/session/48f58814-9324-45e5-aebe-ca3eb176c9c0/element&amp#27;[39m
&amp#27;[38;5;0m[HTTP]&amp#27;[0m &amp#27;[90m{"value":"com.androidsample.generalstore:id/btnLetsShop","using":"id"}&amp#27;[39m
&amp#27;[38;5;32m[AndroidUiautomator2Driver@50f4 (48f58814)]&amp#27;[0m Calling AppiumDriver.findElement() with args: ["id","com.androidsample.generalstore:id/btnLetsShop","48f58814-9324-45e5-aebe-ca3eb176c9c0"]
&amp#27;[38;5;32m[AndroidUiautomator2Driver@50f4 (48f58814)]&amp#27;[0m Valid locator strategies for this request: xpath, id, class name, accessibility id, css selector, -android uiautomator
&amp#27;[38;5;32m[AndroidUiautomator2Driver@50f4 (48f58814)]&amp#27;[0m Waiting up to 0 ms for condition
&amp#27;[38;5;32m[AndroidUiautomator2Driver@50f4 (48f58814)]&amp#27;[0m Matched '/element' to command name 'findElement'
&amp#27;[38;5;32m[AndroidUiautomator2Driver@50f4 (48f58814)]&amp#27;[0m Proxying [POST /element] to [POST http://127.0.0.1:8200/session/4403cb60-da58-486a-b250-a831a9aeeb03/element] with body: {"strategy":"id","selector":"com.androidsample.generalstore:id/btnLetsShop","context":"","multiple":false}
&amp#27;[38;5;32m[AndroidUiautomator2Driver@50f4 (48f58814)]&amp#27;[0m Got response with status 200: {"sessionId":"4403cb60-da58-486a-b250-a831a9aeeb03","value":{"ELEMENT":"00000000-0000-0012-ffff-ffff000000df","element-6066-11e4-a52e-4f735466cecf":"00000000-0000-0012-ffff-ffff000000df"}}
&amp#27;[38;5;32m[AndroidUiautomator2Driver@50f4 (48f58814)]&amp#27;[0m Responding to client with driver.findElement() result: {"element-6066-11e4-a52e-4f735466cecf":"00000000-0000-0012-ffff-ffff000000df","ELEMENT":"00000000-0000-0012-ffff-ffff000000df"}
&amp#27;[38;5;0m[HTTP]&amp#27;[0m &amp#27;[37m<-- POST /session/48f58814-9324-45e5-aebe-ca3eb176c9c0/element &amp#27;[39m&amp#27;[32m200&amp#27;[39m &amp#27;[90m750 ms - 137&amp#27;[39m
&amp#27;[38;5;0m[HTTP]&amp#27;[0m &amp#27;[90m&amp#27;[39m
&amp#27;[38;5;0m[HTTP]&amp#27;[0m &amp#27;[37m-->&amp#27;[39m &amp#27;[37mPOST&amp#27;[39m &amp#27;[37m/session/48f58814-9324-45e5-aebe-ca3eb176c9c0/element/00000000-0000-0012-ffff-ffff000000df/click&amp#27;[39m
&amp#27;[38;5;0m[HTTP]&amp#27;[0m &amp#27;[90m{"id":"00000000-0000-0012-ffff-ffff000000df"}&amp#27;[39m
&amp#27;[38;5;32m[AndroidUiautomator2Driver@50f4 (48f58814)]&amp#27;[0m Calling AppiumDriver.click() with args: ["00000000-0000-0012-ffff-ffff000000df","48f58814-9324-45e5-aebe-ca3eb176c9c0"]
&amp#27;[38;5;32m[AndroidUiautomator2Driver@50f4 (48f58814)]&amp#27;[0m Matched '/element/00000000-0000-0012-ffff-ffff000000df/click' to command name 'click'
&amp#27;[38;5;32m[AndroidUiautomator2Driver@50f4 (48f58814)]&amp#27;[0m Proxying [POST /element/00000000-0000-0012-ffff-ffff000000df/click] to [POST http://127.0.0.1:8200/session/4403cb60-da58-486a-b250-a831a9aeeb03/element/00000000-0000-0012-ffff-ffff000000df/click] with body: {"element":"00000000-0000-0012-ffff-ffff000000df"}
&amp#27;[38;5;32m[AndroidUiautomator2Driver@50f4 (48f58814)]&amp#27;[0m Got response with status 200: {"sessionId":"4403cb60-da58-486a-b250-a831a9aeeb03","value":null}
&amp#27;[38;5;32m[AndroidUiautomator2Driver@50f4 (48f58814)]&amp#27;[0m Responding to client with driver.click() result: null
&amp#27;[38;5;0m[HTTP]&amp#27;[0m &amp#27;[37m<-- POST /session/48f58814-9324-45e5-aebe-ca3eb176c9c0/element/00000000-0000-0012-ffff-ffff000000df/click &amp#27;[39m&amp#27;[32m200&amp#27;[39m &amp#27;[90m106 ms - 14&amp#27;[39m
&amp#27;[38;5;0m[HTTP]&amp#27;[0m &amp#27;[90m&amp#27;[39m
&amp#27;[38;5;0m[HTTP]&amp#27;[0m &amp#27;[37m-->&amp#27;[39m &amp#27;[37mGET&amp#27;[39m &amp#27;[37m/session/48f58814-9324-45e5-aebe-ca3eb176c9c0/context&amp#27;[39m
&amp#27;[38;5;0m[HTTP]&amp#27;[0m &amp#27;[90m{}&amp#27;[39m
&amp#27;[38;5;32m[AndroidUiautomator2Driver@50f4 (48f58814)]&amp#27;[0m Calling AppiumDriver.getCurrentContext() with args: ["48f58814-9324-45e5-aebe-ca3eb176c9c0"]
&amp#27;[38;5;32m[AndroidUiautomator2Driver@50f4 (48f58814)]&amp#27;[0m Responding to client with driver.getCurrentContext() result: "NATIVE_APP"
&amp#27;[38;5;0m[HTTP]&amp#27;[0m &amp#27;[37m<-- GET /session/48f58814-9324-45e5-aebe-ca3eb176c9c0/context &amp#27;[39m&amp#27;[32m200&amp#27;[39m &amp#27;[90m1 ms - 22&amp#27;[39m
&amp#27;[38;5;0m[HTTP]&amp#27;[0m &amp#27;[90m&amp#27;[39m
&amp#27;[38;5;0m[HTTP]&amp#27;[0m &amp#27;[37m-->&amp#27;[39m &amp#27;[37mPOST&amp#27;[39m &amp#27;[37m/session/48f58814-9324-45e5-aebe-ca3eb176c9c0/element&amp#27;[39m
&amp#27;[38;5;0m[HTTP]&amp#27;[0m &amp#27;[90m{"value":"com.androidsample.generalstore:id/toolbar_title","using":"id"}&amp#27;[39m
&amp#27;[38;5;32m[AndroidUiautomator2Driver@50f4 (48f58814)]&amp#27;[0m Calling AppiumDriver.findElement() with args: ["id","com.androidsample.generalstore:id/toolbar_title","48f58814-9324-45e5-aebe-ca3eb176c9c0"]
&amp#27;[38;5;32m[AndroidUiautomator2Driver@50f4 (48f58814)]&amp#27;[0m Valid locator strategies for this request: xpath, id, class name, accessibility id, css selector, -android uiautomator
&amp#27;[38;5;32m[AndroidUiautomator2Driver@50f4 (48f58814)]&amp#27;[0m Waiting up to 0 ms for condition
&amp#27;[38;5;32m[AndroidUiautomator2Driver@50f4 (48f58814)]&amp#27;[0m Matched '/element' to command name 'findElement'
&amp#27;[38;5;32m[AndroidUiautomator2Driver@50f4 (48f58814)]&amp#27;[0m Proxying [POST /element] to [POST http://127.0.0.1:8200/session/4403cb60-da58-486a-b250-a831a9aeeb03/element] with body: {"strategy":"id","selector":"com.androidsample.generalstore:id/toolbar_title","context":"","multiple":false}
&amp#27;[38;5;32m[AndroidUiautomator2Driver@50f4 (48f58814)]&amp#27;[0m Got response with status 200: {"sessionId":"4403cb60-da58-486a-b250-a831a9aeeb03","value":{"ELEMENT":"00000000-0000-0014-ffff-ffff000000fc","element-6066-11e4-a52e-4f735466cecf":"00000000-0000-0014-ffff-ffff000000fc"}}
&amp#27;[38;5;32m[AndroidUiautomator2Driver@50f4 (48f58814)]&amp#27;[0m Responding to client with driver.findElement() result: {"element-6066-11e4-a52e-4f735466cecf":"00000000-0000-0014-ffff-ffff000000fc","ELEMENT":"00000000-0000-0014-ffff-ffff000000fc"}
&amp#27;[38;5;0m[HTTP]&amp#27;[0m &amp#27;[37m<-- POST /session/48f58814-9324-45e5-aebe-ca3eb176c9c0/element &amp#27;[39m&amp#27;[32m200&amp#27;[39m &amp#27;[90m56 ms - 137&amp#27;[39m
&amp#27;[38;5;0m[HTTP]&amp#27;[0m &amp#27;[90m&amp#27;[39m
&amp#27;[38;5;0m[HTTP]&amp#27;[0m &amp#27;[37m-->&amp#27;[39m &amp#27;[37mGET&amp#27;[39m &amp#27;[37m/session/48f58814-9324-45e5-aebe-ca3eb176c9c0/element/00000000-0000-0014-ffff-ffff000000fc/text&amp#27;[39m
&amp#27;[38;5;0m[HTTP]&amp#27;[0m &amp#27;[90m{}&amp#27;[39m
&amp#27;[38;5;32m[AndroidUiautomator2Driver@50f4 (48f58814)]&amp#27;[0m Driver proxy active, passing request on via HTTP proxy
&amp#27;[38;5;32m[AndroidUiautomator2Driver@50f4 (48f58814)]&amp#27;[0m Matched '/session/48f58814-9324-45e5-aebe-ca3eb176c9c0/element/00000000-0000-0014-ffff-ffff000000fc/text' to command name 'getText'
&amp#27;[38;5;32m[AndroidUiautomator2Driver@50f4 (48f58814)]&amp#27;[0m Proxying [GET /session/48f58814-9324-45e5-aebe-ca3eb176c9c0/element/00000000-0000-0014-ffff-ffff000000fc/text] to [GET http://127.0.0.1:8200/session/4403cb60-da58-486a-b250-a831a9aeeb03/element/00000000-0000-0014-ffff-ffff000000fc/text] with no body
&amp#27;[38;5;32m[AndroidUiautomator2Driver@50f4 (48f58814)]&amp#27;[0m Got response with status 200: {"sessionId":"4403cb60-da58-486a-b250-a831a9aeeb03","value":"Products"}
&amp#27;[38;5;32m[AndroidUiautomator2Driver@50f4 (48f58814)]&amp#27;[0m Replacing sessionId 4403cb60-da58-486a-b250-a831a9aeeb03 with 48f58814-9324-45e5-aebe-ca3eb176c9c0
&amp#27;[38;5;0m[HTTP]&amp#27;[0m &amp#27;[37m<-- GET /session/48f58814-9324-45e5-aebe-ca3eb176c9c0/element/00000000-0000-0014-ffff-ffff000000fc/text &amp#27;[39m&amp#27;[32m200&amp#27;[39m &amp#27;[90m40 ms - 71&amp#27;[39m
&amp#27;[38;5;0m[HTTP]&amp#27;[0m &amp#27;[90m&amp#27;[39m
&amp#27;[38;5;0m[HTTP]&amp#27;[0m &amp#27;[37m-->&amp#27;[39m &amp#27;[37mGET&amp#27;[39m &amp#27;[37m/session/48f58814-9324-45e5-aebe-ca3eb176c9c0/context&amp#27;[39m
&amp#27;[38;5;0m[HTTP]&amp#27;[0m &amp#27;[90m{}&amp#27;[39m
&amp#27;[38;5;32m[AndroidUiautomator2Driver@50f4 (48f58814)]&amp#27;[0m Calling AppiumDriver.getCurrentContext() with args: ["48f58814-9324-45e5-aebe-ca3eb176c9c0"]
&amp#27;[38;5;32m[AndroidUiautomator2Driver@50f4 (48f58814)]&amp#27;[0m Responding to client with driver.getCurrentContext() result: "NATIVE_APP"
&amp#27;[38;5;0m[HTTP]&amp#27;[0m &amp#27;[37m<-- GET /session/48f58814-9324-45e5-aebe-ca3eb176c9c0/context &amp#27;[39m&amp#27;[32m200&amp#27;[39m &amp#27;[90m2 ms - 22&amp#27;[39m
&amp#27;[38;5;0m[HTTP]&amp#27;[0m &amp#27;[90m&amp#27;[39m
&amp#27;[38;5;0m[HTTP]&amp#27;[0m &amp#27;[37m-->&amp#27;[39m &amp#27;[37mPOST&amp#27;[39m &amp#27;[37m/session/48f58814-9324-45e5-aebe-ca3eb176c9c0/elements&amp#27;[39m
&amp#27;[38;5;0m[HTTP]&amp#27;[0m &amp#27;[90m{"value":"//android.widget.TextView[@text='ADD TO CART']","using":"xpath"}&amp#27;[39m
&amp#27;[38;5;32m[AndroidUiautomator2Driver@50f4 (48f58814)]&amp#27;[0m Calling AppiumDriver.findElements() with args: ["xpath","//android.widget.TextView[@text='ADD TO CART']","48f58814-9324-45e5-aebe-ca3eb176c9c0"]
&amp#27;[38;5;32m[AndroidUiautomator2Driver@50f4 (48f58814)]&amp#27;[0m Valid locator strategies for this request: xpath, id, class name, accessibility id, css selector, -android uiautomator
&amp#27;[38;5;32m[AndroidUiautomator2Driver@50f4 (48f58814)]&amp#27;[0m Waiting up to 0 ms for condition
&amp#27;[38;5;32m[AndroidUiautomator2Driver@50f4 (48f58814)]&amp#27;[0m Matched '/elements' to command name 'findElements'
&amp#27;[38;5;32m[AndroidUiautomator2Driver@50f4 (48f58814)]&amp#27;[0m Proxying [POST /elements] to [POST http://127.0.0.1:8200/session/4403cb60-da58-486a-b250-a831a9aeeb03/elements] with body: {"strategy":"xpath","selector":"//android.widget.TextView[@text='ADD TO CART']","context":"","multiple":true}
&amp#27;[38;5;32m[AndroidUiautomator2Driver@50f4 (48f58814)]&amp#27;[0m Got response with status 200: {"sessionId":"4403cb60-da58-486a-b250-a831a9aeeb03","value":[{"ELEMENT":"00000000-0000-0014-ffff-ffff0000010d","element-6066-11e4-a52e-4f735466cecf":"00000000-0000-0014-ffff-ffff0000010d"},{"ELEMENT":"00000000-0000-0014-ffff-ffff00000115","element-6066-11e4-a52e-4f735466cecf":"00000000-0000-0014-ffff-ffff00000115"}]}
&amp#27;[38;5;32m[AndroidUiautomator2Driver@50f4 (48f58814)]&amp#27;[0m Responding to client with driver.findElements() result: [{"element-6066-11e4-a52e-4f735466cecf":"00000000-0000-0014-ffff-ffff0000010d","ELEMENT":"00000000-0000-0014-ffff-ffff0000010d"},{"element-6066-11e4-a52e-4f735466cecf":"00000000-0000-0014-ffff-ffff00000115","ELEMENT":"00000000-0000-0014-ffff-ffff00000115"}]
&amp#27;[38;5;0m[HTTP]&amp#27;[0m &amp#27;[37m<-- POST /session/48f58814-9324-45e5-aebe-ca3eb176c9c0/elements &amp#27;[39m&amp#27;[32m200&amp#27;[39m &amp#27;[90m198 ms - 267&amp#27;[39m
&amp#27;[38;5;0m[HTTP]&amp#27;[0m &amp#27;[90m&amp#27;[39m
2
&amp#27;[38;5;0m[HTTP]&amp#27;[0m &amp#27;[37m-->&amp#27;[39m &amp#27;[37mGET&amp#27;[39m &amp#27;[37m/session/48f58814-9324-45e5-aebe-ca3eb176c9c0/context&amp#27;[39m
&amp#27;[38;5;0m[HTTP]&amp#27;[0m &amp#27;[90m{}&amp#27;[39m
&amp#27;[38;5;32m[AndroidUiautomator2Driver@50f4 (48f58814)]&amp#27;[0m Calling AppiumDriver.getCurrentContext() with args: ["48f58814-9324-45e5-aebe-ca3eb176c9c0"]
&amp#27;[38;5;32m[AndroidUiautomator2Driver@50f4 (48f58814)]&amp#27;[0m Responding to client with driver.getCurrentContext() result: "NATIVE_APP"
&amp#27;[38;5;0m[HTTP]&amp#27;[0m &amp#27;[37m<-- GET /session/48f58814-9324-45e5-aebe-ca3eb176c9c0/context &amp#27;[39m&amp#27;[32m200&amp#27;[39m &amp#27;[90m1 ms - 22&amp#27;[39m
&amp#27;[38;5;0m[HTTP]&amp#27;[0m &amp#27;[90m&amp#27;[39m
&amp#27;[38;5;0m[HTTP]&amp#27;[0m &amp#27;[37m-->&amp#27;[39m &amp#27;[37mPOST&amp#27;[39m &amp#27;[37m/session/48f58814-9324-45e5-aebe-ca3eb176c9c0/elements&amp#27;[39m
&amp#27;[38;5;0m[HTTP]&amp#27;[0m &amp#27;[90m{"value":"//android.widget.TextView[@text='ADD TO CART']","using":"xpath"}&amp#27;[39m
&amp#27;[38;5;32m[AndroidUiautomator2Driver@50f4 (48f58814)]&amp#27;[0m Calling AppiumDriver.findElements() with args: ["xpath","//android.widget.TextView[@text='ADD TO CART']","48f58814-9324-45e5-aebe-ca3eb176c9c0"]
&amp#27;[38;5;32m[AndroidUiautomator2Driver@50f4 (48f58814)]&amp#27;[0m Valid locator strategies for this request: xpath, id, class name, accessibility id, css selector, -android uiautomator
&amp#27;[38;5;32m[AndroidUiautomator2Driver@50f4 (48f58814)]&amp#27;[0m Waiting up to 0 ms for condition
&amp#27;[38;5;32m[AndroidUiautomator2Driver@50f4 (48f58814)]&amp#27;[0m Matched '/elements' to command name 'findElements'
&amp#27;[38;5;32m[AndroidUiautomator2Driver@50f4 (48f58814)]&amp#27;[0m Proxying [POST /elements] to [POST http://127.0.0.1:8200/session/4403cb60-da58-486a-b250-a831a9aeeb03/elements] with body: {"strategy":"xpath","selector":"//android.widget.TextView[@text='ADD TO CART']","context":"","multiple":true}
&amp#27;[38;5;32m[AndroidUiautomator2Driver@50f4 (48f58814)]&amp#27;[0m Got response with status 200: {"sessionId":"4403cb60-da58-486a-b250-a831a9aeeb03","value":[{"ELEMENT":"00000000-0000-0014-ffff-ffff0000010d","element-6066-11e4-a52e-4f735466cecf":"00000000-0000-0014-ffff-ffff0000010d"},{"ELEMENT":"00000000-0000-0014-ffff-ffff00000115","element-6066-11e4-a52e-4f735466cecf":"00000000-0000-0014-ffff-ffff00000115"}]}
&amp#27;[38;5;32m[AndroidUiautomator2Driver@50f4 (48f58814)]&amp#27;[0m Responding to client with driver.findElements() result: [{"element-6066-11e4-a52e-4f735466cecf":"00000000-0000-0014-ffff-ffff0000010d","ELEMENT":"00000000-0000-0014-ffff-ffff0000010d"},{"element-6066-11e4-a52e-4f735466cecf":"00000000-0000-0014-ffff-ffff00000115","ELEMENT":"00000000-0000-0014-ffff-ffff00000115"}]
&amp#27;[38;5;0m[HTTP]&amp#27;[0m &amp#27;[37m<-- POST /session/48f58814-9324-45e5-aebe-ca3eb176c9c0/elements &amp#27;[39m&amp#27;[32m200&amp#27;[39m &amp#27;[90m146 ms - 267&amp#27;[39m
&amp#27;[38;5;0m[HTTP]&amp#27;[0m &amp#27;[90m&amp#27;[39m
&amp#27;[38;5;0m[HTTP]&amp#27;[0m &amp#27;[37m-->&amp#27;[39m &amp#27;[37mPOST&amp#27;[39m &amp#27;[37m/session/48f58814-9324-45e5-aebe-ca3eb176c9c0/element/00000000-0000-0014-ffff-ffff0000010d/click&amp#27;[39m
&amp#27;[38;5;0m[HTTP]&amp#27;[0m &amp#27;[90m{"id":"00000000-0000-0014-ffff-ffff0000010d"}&amp#27;[39m
&amp#27;[38;5;32m[AndroidUiautomator2Driver@50f4 (48f58814)]&amp#27;[0m Calling AppiumDriver.click() with args: ["00000000-0000-0014-ffff-ffff0000010d","48f58814-9324-45e5-aebe-ca3eb176c9c0"]
&amp#27;[38;5;32m[AndroidUiautomator2Driver@50f4 (48f58814)]&amp#27;[0m Matched '/element/00000000-0000-0014-ffff-ffff0000010d/click' to command name 'click'
&amp#27;[38;5;32m[AndroidUiautomator2Driver@50f4 (48f58814)]&amp#27;[0m Proxying [POST /element/00000000-0000-0014-ffff-ffff0000010d/click] to [POST http://127.0.0.1:8200/session/4403cb60-da58-486a-b250-a831a9aeeb03/element/00000000-0000-0014-ffff-ffff0000010d/click] with body: {"element":"00000000-0000-0014-ffff-ffff0000010d"}
&amp#27;[38;5;32m[AndroidUiautomator2Driver@50f4 (48f58814)]&amp#27;[0m Got response with status 200: {"sessionId":"4403cb60-da58-486a-b250-a831a9aeeb03","value":null}
&amp#27;[38;5;32m[AndroidUiautomator2Driver@50f4 (48f58814)]&amp#27;[0m Responding to client with driver.click() result: null
&amp#27;[38;5;0m[HTTP]&amp#27;[0m &amp#27;[37m<-- POST /session/48f58814-9324-45e5-aebe-ca3eb176c9c0/element/00000000-0000-0014-ffff-ffff0000010d/click &amp#27;[39m&amp#27;[32m200&amp#27;[39m &amp#27;[90m590 ms - 14&amp#27;[39m
&amp#27;[38;5;0m[HTTP]&amp#27;[0m &amp#27;[90m&amp#27;[39m
&amp#27;[38;5;0m[HTTP]&amp#27;[0m &amp#27;[37m-->&amp#27;[39m &amp#27;[37mGET&amp#27;[39m &amp#27;[37m/session/48f58814-9324-45e5-aebe-ca3eb176c9c0/context&amp#27;[39m
&amp#27;[38;5;0m[HTTP]&amp#27;[0m &amp#27;[90m{}&amp#27;[39m
&amp#27;[38;5;32m[AndroidUiautomator2Driver@50f4 (48f58814)]&amp#27;[0m Calling AppiumDriver.getCurrentContext() with args: ["48f58814-9324-45e5-aebe-ca3eb176c9c0"]
&amp#27;[38;5;32m[AndroidUiautomator2Driver@50f4 (48f58814)]&amp#27;[0m Responding to client with driver.getCurrentContext() result: "NATIVE_APP"
&amp#27;[38;5;0m[HTTP]&amp#27;[0m &amp#27;[37m<-- GET /session/48f58814-9324-45e5-aebe-ca3eb176c9c0/context &amp#27;[39m&amp#27;[32m200&amp#27;[39m &amp#27;[90m1 ms - 22&amp#27;[39m
&amp#27;[38;5;0m[HTTP]&amp#27;[0m &amp#27;[90m&amp#27;[39m
&amp#27;[38;5;0m[HTTP]&amp#27;[0m &amp#27;[37m-->&amp#27;[39m &amp#27;[37mPOST&amp#27;[39m &amp#27;[37m/session/48f58814-9324-45e5-aebe-ca3eb176c9c0/elements&amp#27;[39m
&amp#27;[38;5;0m[HTTP]&amp#27;[0m &amp#27;[90m{"value":"//android.widget.TextView[@text='ADD TO CART']","using":"xpath"}&amp#27;[39m
&amp#27;[38;5;32m[AndroidUiautomator2Driver@50f4 (48f58814)]&amp#27;[0m Calling AppiumDriver.findElements() with args: ["xpath","//android.widget.TextView[@text='ADD TO CART']","48f58814-9324-45e5-aebe-ca3eb176c9c0"]
&amp#27;[38;5;32m[AndroidUiautomator2Driver@50f4 (48f58814)]&amp#27;[0m Valid locator strategies for this request: xpath, id, class name, accessibility id, css selector, -android uiautomator
&amp#27;[38;5;32m[AndroidUiautomator2Driver@50f4 (48f58814)]&amp#27;[0m Waiting up to 0 ms for condition
&amp#27;[38;5;32m[AndroidUiautomator2Driver@50f4 (48f58814)]&amp#27;[0m Matched '/elements' to command name 'findElements'
&amp#27;[38;5;32m[AndroidUiautomator2Driver@50f4 (48f58814)]&amp#27;[0m Proxying [POST /elements] to [POST http://127.0.0.1:8200/session/4403cb60-da58-486a-b250-a831a9aeeb03/elements] with body: {"strategy":"xpath","selector":"//android.widget.TextView[@text='ADD TO CART']","context":"","multiple":true}
&amp#27;[38;5;32m[AndroidUiautomator2Driver@50f4 (48f58814)]&amp#27;[0m Got response with status 200: {"sessionId":"4403cb60-da58-486a-b250-a831a9aeeb03","value":[{"ELEMENT":"00000000-0000-0014-ffff-ffff00000115","element-6066-11e4-a52e-4f735466cecf":"00000000-0000-0014-ffff-ffff00000115"}]}
&amp#27;[38;5;32m[AndroidUiautomator2Driver@50f4 (48f58814)]&amp#27;[0m Responding to client with driver.findElements() result: [{"element-6066-11e4-a52e-4f735466cecf":"00000000-0000-0014-ffff-ffff00000115","ELEMENT":"00000000-0000-0014-ffff-ffff00000115"}]
&amp#27;[38;5;0m[HTTP]&amp#27;[0m &amp#27;[37m<-- POST /session/48f58814-9324-45e5-aebe-ca3eb176c9c0/elements &amp#27;[39m&amp#27;[32m200&amp#27;[39m &amp#27;[90m133 ms - 139&amp#27;[39m
&amp#27;[38;5;0m[HTTP]&amp#27;[0m &amp#27;[90m&amp#27;[39m
1
&amp#27;[38;5;0m[HTTP]&amp#27;[0m &amp#27;[37m-->&amp#27;[39m &amp#27;[37mGET&amp#27;[39m &amp#27;[37m/session/48f58814-9324-45e5-aebe-ca3eb176c9c0/context&amp#27;[39m
&amp#27;[38;5;0m[HTTP]&amp#27;[0m &amp#27;[90m{}&amp#27;[39m
&amp#27;[38;5;32m[AndroidUiautomator2Driver@50f4 (48f58814)]&amp#27;[0m Calling AppiumDriver.getCurrentContext() with args: ["48f58814-9324-45e5-aebe-ca3eb176c9c0"]
&amp#27;[38;5;32m[AndroidUiautomator2Driver@50f4 (48f58814)]&amp#27;[0m Responding to client with driver.getCurrentContext() result: "NATIVE_APP"
&amp#27;[38;5;0m[HTTP]&amp#27;[0m &amp#27;[37m<-- GET /session/48f58814-9324-45e5-aebe-ca3eb176c9c0/context &amp#27;[39m&amp#27;[32m200&amp#27;[39m &amp#27;[90m1 ms - 22&amp#27;[39m
&amp#27;[38;5;0m[HTTP]&amp#27;[0m &amp#27;[90m&amp#27;[39m
&amp#27;[38;5;0m[HTTP]&amp#27;[0m &amp#27;[37m-->&amp#27;[39m &amp#27;[37mPOST&amp#27;[39m &amp#27;[37m/session/48f58814-9324-45e5-aebe-ca3eb176c9c0/elements&amp#27;[39m
&amp#27;[38;5;0m[HTTP]&amp#27;[0m &amp#27;[90m{"value":"//android.widget.TextView[@text='ADD TO CART']","using":"xpath"}&amp#27;[39m
&amp#27;[38;5;32m[AndroidUiautomator2Driver@50f4 (48f58814)]&amp#27;[0m Calling AppiumDriver.findElements() with args: ["xpath","//android.widget.TextView[@text='ADD TO CART']","48f58814-9324-45e5-aebe-ca3eb176c9c0"]
&amp#27;[38;5;32m[AndroidUiautomator2Driver@50f4 (48f58814)]&amp#27;[0m Valid locator strategies for this request: xpath, id, class name, accessibility id, css selector, -android uiautomator
&amp#27;[38;5;32m[AndroidUiautomator2Driver@50f4 (48f58814)]&amp#27;[0m Waiting up to 0 ms for condition
&amp#27;[38;5;32m[AndroidUiautomator2Driver@50f4 (48f58814)]&amp#27;[0m Matched '/elements' to command name 'findElements'
&amp#27;[38;5;32m[AndroidUiautomator2Driver@50f4 (48f58814)]&amp#27;[0m Proxying [POST /elements] to [POST http://127.0.0.1:8200/session/4403cb60-da58-486a-b250-a831a9aeeb03/elements] with body: {"strategy":"xpath","selector":"//android.widget.TextView[@text='ADD TO CART']","context":"","multiple":true}
&amp#27;[38;5;32m[AndroidUiautomator2Driver@50f4 (48f58814)]&amp#27;[0m Got response with status 200: {"sessionId":"4403cb60-da58-486a-b250-a831a9aeeb03","value":[{"ELEMENT":"00000000-0000-0014-ffff-ffff00000115","element-6066-11e4-a52e-4f735466cecf":"00000000-0000-0014-ffff-ffff00000115"}]}
&amp#27;[38;5;32m[AndroidUiautomator2Driver@50f4 (48f58814)]&amp#27;[0m Responding to client with driver.findElements() result: [{"element-6066-11e4-a52e-4f735466cecf":"00000000-0000-0014-ffff-ffff00000115","ELEMENT":"00000000-0000-0014-ffff-ffff00000115"}]
&amp#27;[38;5;0m[HTTP]&amp#27;[0m &amp#27;[37m<-- POST /session/48f58814-9324-45e5-aebe-ca3eb176c9c0/elements &amp#27;[39m&amp#27;[32m200&amp#27;[39m &amp#27;[90m97 ms - 139&amp#27;[39m
&amp#27;[38;5;0m[HTTP]&amp#27;[0m &amp#27;[90m&amp#27;[39m
&amp#27;[38;5;0m[HTTP]&amp#27;[0m &amp#27;[37m-->&amp#27;[39m &amp#27;[37mPOST&amp#27;[39m &amp#27;[37m/session/48f58814-9324-45e5-aebe-ca3eb176c9c0/element/00000000-0000-0014-ffff-ffff00000115/click&amp#27;[39m
&amp#27;[38;5;0m[HTTP]&amp#27;[0m &amp#27;[90m{"id":"00000000-0000-0014-ffff-ffff00000115"}&amp#27;[39m
&amp#27;[38;5;32m[AndroidUiautomator2Driver@50f4 (48f58814)]&amp#27;[0m Calling AppiumDriver.click() with args: ["00000000-0000-0014-ffff-ffff00000115","48f58814-9324-45e5-aebe-ca3eb176c9c0"]
&amp#27;[38;5;32m[AndroidUiautomator2Driver@50f4 (48f58814)]&amp#27;[0m Matched '/element/00000000-0000-0014-ffff-ffff00000115/click' to command name 'click'
&amp#27;[38;5;32m[AndroidUiautomator2Driver@50f4 (48f58814)]&amp#27;[0m Proxying [POST /element/00000000-0000-0014-ffff-ffff00000115/click] to [POST http://127.0.0.1:8200/session/4403cb60-da58-486a-b250-a831a9aeeb03/element/00000000-0000-0014-ffff-ffff00000115/click] with body: {"element":"00000000-0000-0014-ffff-ffff00000115"}
&amp#27;[38;5;32m[AndroidUiautomator2Driver@50f4 (48f58814)]&amp#27;[0m Got response with status 200: {"sessionId":"4403cb60-da58-486a-b250-a831a9aeeb03","value":null}
&amp#27;[38;5;32m[AndroidUiautomator2Driver@50f4 (48f58814)]&amp#27;[0m Responding to client with driver.click() result: null
&amp#27;[38;5;0m[HTTP]&amp#27;[0m &amp#27;[37m<-- POST /session/48f58814-9324-45e5-aebe-ca3eb176c9c0/element/00000000-0000-0014-ffff-ffff00000115/click &amp#27;[39m&amp#27;[32m200&amp#27;[39m &amp#27;[90m126 ms - 14&amp#27;[39m
&amp#27;[38;5;0m[HTTP]&amp#27;[0m &amp#27;[90m&amp#27;[39m
&amp#27;[38;5;0m[HTTP]&amp#27;[0m &amp#27;[37m-->&amp#27;[39m &amp#27;[37mGET&amp#27;[39m &amp#27;[37m/session/48f58814-9324-45e5-aebe-ca3eb176c9c0/context&amp#27;[39m
&amp#27;[38;5;0m[HTTP]&amp#27;[0m &amp#27;[90m{}&amp#27;[39m
&amp#27;[38;5;32m[AndroidUiautomator2Driver@50f4 (48f58814)]&amp#27;[0m Calling AppiumDriver.getCurrentContext() with args: ["48f58814-9324-45e5-aebe-ca3eb176c9c0"]
&amp#27;[38;5;32m[AndroidUiautomator2Driver@50f4 (48f58814)]&amp#27;[0m Responding to client with driver.getCurrentContext() result: "NATIVE_APP"
&amp#27;[38;5;0m[HTTP]&amp#27;[0m &amp#27;[37m<-- GET /session/48f58814-9324-45e5-aebe-ca3eb176c9c0/context &amp#27;[39m&amp#27;[32m200&amp#27;[39m &amp#27;[90m2 ms - 22&amp#27;[39m
&amp#27;[38;5;0m[HTTP]&amp#27;[0m &amp#27;[90m&amp#27;[39m
&amp#27;[38;5;0m[HTTP]&amp#27;[0m &amp#27;[37m-->&amp#27;[39m &amp#27;[37mPOST&amp#27;[39m &amp#27;[37m/session/48f58814-9324-45e5-aebe-ca3eb176c9c0/element&amp#27;[39m
&amp#27;[38;5;0m[HTTP]&amp#27;[0m &amp#27;[90m{"value":"com.androidsample.generalstore:id/appbar_btn_cart","using":"id"}&amp#27;[39m
&amp#27;[38;5;32m[AndroidUiautomator2Driver@50f4 (48f58814)]&amp#27;[0m Calling AppiumDriver.findElement() with args: ["id","com.androidsample.generalstore:id/appbar_btn_cart","48f58814-9324-45e5-aebe-ca3eb176c9c0"]
&amp#27;[38;5;32m[AndroidUiautomator2Driver@50f4 (48f58814)]&amp#27;[0m Valid locator strategies for this request: xpath, id, class name, accessibility id, css selector, -android uiautomator
&amp#27;[38;5;32m[AndroidUiautomator2Driver@50f4 (48f58814)]&amp#27;[0m Waiting up to 0 ms for condition
&amp#27;[38;5;32m[AndroidUiautomator2Driver@50f4 (48f58814)]&amp#27;[0m Matched '/element' to command name 'findElement'
&amp#27;[38;5;32m[AndroidUiautomator2Driver@50f4 (48f58814)]&amp#27;[0m Proxying [POST /element] to [POST http://127.0.0.1:8200/session/4403cb60-da58-486a-b250-a831a9aeeb03/element] with body: {"strategy":"id","selector":"com.androidsample.generalstore:id/appbar_btn_cart","context":"","multiple":false}
&amp#27;[38;5;32m[AndroidUiautomator2Driver@50f4 (48f58814)]&amp#27;[0m Got response with status 200: {"sessionId":"4403cb60-da58-486a-b250-a831a9aeeb03","value":{"ELEMENT":"00000000-0000-0014-ffff-ffff00000100","element-6066-11e4-a52e-4f735466cecf":"00000000-0000-0014-ffff-ffff00000100"}}
&amp#27;[38;5;32m[AndroidUiautomator2Driver@50f4 (48f58814)]&amp#27;[0m Responding to client with driver.findElement() result: {"element-6066-11e4-a52e-4f735466cecf":"00000000-0000-0014-ffff-ffff00000100","ELEMENT":"00000000-0000-0014-ffff-ffff00000100"}
&amp#27;[38;5;0m[HTTP]&amp#27;[0m &amp#27;[37m<-- POST /session/48f58814-9324-45e5-aebe-ca3eb176c9c0/element &amp#27;[39m&amp#27;[32m200&amp#27;[39m &amp#27;[90m476 ms - 137&amp#27;[39m
&amp#27;[38;5;0m[HTTP]&amp#27;[0m &amp#27;[90m&amp#27;[39m
&amp#27;[38;5;0m[HTTP]&amp#27;[0m &amp#27;[37m-->&amp#27;[39m &amp#27;[37mPOST&amp#27;[39m &amp#27;[37m/session/48f58814-9324-45e5-aebe-ca3eb176c9c0/element/00000000-0000-0014-ffff-ffff00000100/click&amp#27;[39m
&amp#27;[38;5;0m[HTTP]&amp#27;[0m &amp#27;[90m{"id":"00000000-0000-0014-ffff-ffff00000100"}&amp#27;[39m
&amp#27;[38;5;32m[AndroidUiautomator2Driver@50f4 (48f58814)]&amp#27;[0m Calling AppiumDriver.click() with args: ["00000000-0000-0014-ffff-ffff00000100","48f58814-9324-45e5-aebe-ca3eb176c9c0"]
&amp#27;[38;5;32m[AndroidUiautomator2Driver@50f4 (48f58814)]&amp#27;[0m Matched '/element/00000000-0000-0014-ffff-ffff00000100/click' to command name 'click'
&amp#27;[38;5;32m[AndroidUiautomator2Driver@50f4 (48f58814)]&amp#27;[0m Proxying [POST /element/00000000-0000-0014-ffff-ffff00000100/click] to [POST http://127.0.0.1:8200/session/4403cb60-da58-486a-b250-a831a9aeeb03/element/00000000-0000-0014-ffff-ffff00000100/click] with body: {"element":"00000000-0000-0014-ffff-ffff00000100"}
&amp#27;[38;5;32m[AndroidUiautomator2Driver@50f4 (48f58814)]&amp#27;[0m Got response with status 200: {"sessionId":"4403cb60-da58-486a-b250-a831a9aeeb03","value":null}
&amp#27;[38;5;32m[AndroidUiautomator2Driver@50f4 (48f58814)]&amp#27;[0m Responding to client with driver.click() result: null
&amp#27;[38;5;0m[HTTP]&amp#27;[0m &amp#27;[37m<-- POST /session/48f58814-9324-45e5-aebe-ca3eb176c9c0/element/00000000-0000-0014-ffff-ffff00000100/click &amp#27;[39m&amp#27;[32m200&amp#27;[39m &amp#27;[90m131 ms - 14&amp#27;[39m
&amp#27;[38;5;0m[HTTP]&amp#27;[0m &amp#27;[90m&amp#27;[39m
&amp#27;[38;5;0m[HTTP]&amp#27;[0m &amp#27;[37m-->&amp#27;[39m &amp#27;[37mGET&amp#27;[39m &amp#27;[37m/session/48f58814-9324-45e5-aebe-ca3eb176c9c0/context&amp#27;[39m
&amp#27;[38;5;0m[HTTP]&amp#27;[0m &amp#27;[90m{}&amp#27;[39m
&amp#27;[38;5;32m[AndroidUiautomator2Driver@50f4 (48f58814)]&amp#27;[0m Calling AppiumDriver.getCurrentContext() with args: ["48f58814-9324-45e5-aebe-ca3eb176c9c0"]
&amp#27;[38;5;32m[AndroidUiautomator2Driver@50f4 (48f58814)]&amp#27;[0m Responding to client with driver.getCurrentContext() result: "NATIVE_APP"
&amp#27;[38;5;0m[HTTP]&amp#27;[0m &amp#27;[37m<-- GET /session/48f58814-9324-45e5-aebe-ca3eb176c9c0/context &amp#27;[39m&amp#27;[32m200&amp#27;[39m &amp#27;[90m1 ms - 22&amp#27;[39m
&amp#27;[38;5;0m[HTTP]&amp#27;[0m &amp#27;[90m&amp#27;[39m
&amp#27;[38;5;0m[HTTP]&amp#27;[0m &amp#27;[37m-->&amp#27;[39m &amp#27;[37mPOST&amp#27;[39m &amp#27;[37m/session/48f58814-9324-45e5-aebe-ca3eb176c9c0/element&amp#27;[39m
&amp#27;[38;5;0m[HTTP]&amp#27;[0m &amp#27;[90m{"value":"com.androidsample.generalstore:id/toolbar_title","using":"id"}&amp#27;[39m
&amp#27;[38;5;32m[AndroidUiautomator2Driver@50f4 (48f58814)]&amp#27;[0m Calling AppiumDriver.findElement() with args: ["id","com.androidsample.generalstore:id/toolbar_title","48f58814-9324-45e5-aebe-ca3eb176c9c0"]
&amp#27;[38;5;32m[AndroidUiautomator2Driver@50f4 (48f58814)]&amp#27;[0m Valid locator strategies for this request: xpath, id, class name, accessibility id, css selector, -android uiautomator
&amp#27;[38;5;32m[AndroidUiautomator2Driver@50f4 (48f58814)]&amp#27;[0m Waiting up to 0 ms for condition
&amp#27;[38;5;32m[AndroidUiautomator2Driver@50f4 (48f58814)]&amp#27;[0m Matched '/element' to command name 'findElement'
&amp#27;[38;5;32m[AndroidUiautomator2Driver@50f4 (48f58814)]&amp#27;[0m Proxying [POST /element] to [POST http://127.0.0.1:8200/session/4403cb60-da58-486a-b250-a831a9aeeb03/element] with body: {"strategy":"id","selector":"com.androidsample.generalstore:id/toolbar_title","context":"","multiple":false}
&amp#27;[38;5;32m[AndroidUiautomator2Driver@50f4 (48f58814)]&amp#27;[0m Got response with status 200: {"sessionId":"4403cb60-da58-486a-b250-a831a9aeeb03","value":{"ELEMENT":"00000000-0000-0015-ffff-ffff0000012b","element-6066-11e4-a52e-4f735466cecf":"00000000-0000-0015-ffff-ffff0000012b"}}
&amp#27;[38;5;32m[AndroidUiautomator2Driver@50f4 (48f58814)]&amp#27;[0m Responding to client with driver.findElement() result: {"element-6066-11e4-a52e-4f735466cecf":"00000000-0000-0015-ffff-ffff0000012b","ELEMENT":"00000000-0000-0015-ffff-ffff0000012b"}
&amp#27;[38;5;0m[HTTP]&amp#27;[0m &amp#27;[37m<-- POST /session/48f58814-9324-45e5-aebe-ca3eb176c9c0/element &amp#27;[39m&amp#27;[32m200&amp#27;[39m &amp#27;[90m28 ms - 137&amp#27;[39m
&amp#27;[38;5;0m[HTTP]&amp#27;[0m &amp#27;[90m&amp#27;[39m
&amp#27;[38;5;0m[HTTP]&amp#27;[0m &amp#27;[37m-->&amp#27;[39m &amp#27;[37mGET&amp#27;[39m &amp#27;[37m/session/48f58814-9324-45e5-aebe-ca3eb176c9c0/element/00000000-0000-0015-ffff-ffff0000012b/text&amp#27;[39m
&amp#27;[38;5;0m[HTTP]&amp#27;[0m &amp#27;[90m{}&amp#27;[39m
&amp#27;[38;5;32m[AndroidUiautomator2Driver@50f4 (48f58814)]&amp#27;[0m Driver proxy active, passing request on via HTTP proxy
&amp#27;[38;5;32m[AndroidUiautomator2Driver@50f4 (48f58814)]&amp#27;[0m Matched '/session/48f58814-9324-45e5-aebe-ca3eb176c9c0/element/00000000-0000-0015-ffff-ffff0000012b/text' to command name 'getText'
&amp#27;[38;5;32m[AndroidUiautomator2Driver@50f4 (48f58814)]&amp#27;[0m Proxying [GET /session/48f58814-9324-45e5-aebe-ca3eb176c9c0/element/00000000-0000-0015-ffff-ffff0000012b/text] to [GET http://127.0.0.1:8200/session/4403cb60-da58-486a-b250-a831a9aeeb03/element/00000000-0000-0015-ffff-ffff0000012b/text] with no body
&amp#27;[38;5;32m[AndroidUiautomator2Driver@50f4 (48f58814)]&amp#27;[0m Got response with status 200: {"sessionId":"4403cb60-da58-486a-b250-a831a9aeeb03","value":"Cart"}
&amp#27;[38;5;32m[AndroidUiautomator2Driver@50f4 (48f58814)]&amp#27;[0m Replacing sessionId 4403cb60-da58-486a-b250-a831a9aeeb03 with 48f58814-9324-45e5-aebe-ca3eb176c9c0
&amp#27;[38;5;0m[HTTP]&amp#27;[0m &amp#27;[37m<-- GET /session/48f58814-9324-45e5-aebe-ca3eb176c9c0/element/00000000-0000-0015-ffff-ffff0000012b/text &amp#27;[39m&amp#27;[32m200&amp#27;[39m &amp#27;[90m49 ms - 67&amp#27;[39m
&amp#27;[38;5;0m[HTTP]&amp#27;[0m &amp#27;[90m&amp#27;[39m
&amp#27;[38;5;0m[HTTP]&amp#27;[0m &amp#27;[37m-->&amp#27;[39m &amp#27;[37mGET&amp#27;[39m &amp#27;[37m/session/48f58814-9324-45e5-aebe-ca3eb176c9c0/context&amp#27;[39m
&amp#27;[38;5;0m[HTTP]&amp#27;[0m &amp#27;[90m{}&amp#27;[39m
&amp#27;[38;5;32m[AndroidUiautomator2Driver@50f4 (48f58814)]&amp#27;[0m Calling AppiumDriver.getCurrentContext() with args: ["48f58814-9324-45e5-aebe-ca3eb176c9c0"]
&amp#27;[38;5;32m[AndroidUiautomator2Driver@50f4 (48f58814)]&amp#27;[0m Responding to client with driver.getCurrentContext() result: "NATIVE_APP"
&amp#27;[38;5;0m[HTTP]&amp#27;[0m &amp#27;[37m<-- GET /session/48f58814-9324-45e5-aebe-ca3eb176c9c0/context &amp#27;[39m&amp#27;[32m200&amp#27;[39m &amp#27;[90m1 ms - 22&amp#27;[39m
&amp#27;[38;5;0m[HTTP]&amp#27;[0m &amp#27;[90m&amp#27;[39m
&amp#27;[38;5;0m[HTTP]&amp#27;[0m &amp#27;[37m-->&amp#27;[39m &amp#27;[37mPOST&amp#27;[39m &amp#27;[37m/session/48f58814-9324-45e5-aebe-ca3eb176c9c0/elements&amp#27;[39m
&amp#27;[38;5;0m[HTTP]&amp#27;[0m &amp#27;[90m{"value":"com.androidsample.generalstore:id/productPrice","using":"id"}&amp#27;[39m
&amp#27;[38;5;32m[AndroidUiautomator2Driver@50f4 (48f58814)]&amp#27;[0m Calling AppiumDriver.findElements() with args: ["id","com.androidsample.generalstore:id/productPrice","48f58814-9324-45e5-aebe-ca3eb176c9c0"]
&amp#27;[38;5;32m[AndroidUiautomator2Driver@50f4 (48f58814)]&amp#27;[0m Valid locator strategies for this request: xpath, id, class name, accessibility id, css selector, -android uiautomator
&amp#27;[38;5;32m[AndroidUiautomator2Driver@50f4 (48f58814)]&amp#27;[0m Waiting up to 0 ms for condition
&amp#27;[38;5;32m[AndroidUiautomator2Driver@50f4 (48f58814)]&amp#27;[0m Matched '/elements' to command name 'findElements'
&amp#27;[38;5;32m[AndroidUiautomator2Driver@50f4 (48f58814)]&amp#27;[0m Proxying [POST /elements] to [POST http://127.0.0.1:8200/session/4403cb60-da58-486a-b250-a831a9aeeb03/elements] with body: {"strategy":"id","selector":"com.androidsample.generalstore:id/productPrice","context":"","multiple":true}
&amp#27;[38;5;32m[AndroidUiautomator2Driver@50f4 (48f58814)]&amp#27;[0m Got response with status 200: {"sessionId":"4403cb60-da58-486a-b250-a831a9aeeb03","value":[{"ELEMENT":"00000000-0000-0015-ffff-ffff00000142","element-6066-11e4-a52e-4f735466cecf":"00000000-0000-0015-ffff-ffff00000142"},{"ELEMENT":"00000000-0000-0015-ffff-ffff0000014a","element-6066-11e4-a52e-4f735466cecf":"00000000-0000-0015-ffff-ffff0000014a"}]}
&amp#27;[38;5;32m[AndroidUiautomator2Driver@50f4 (48f58814)]&amp#27;[0m Responding to client with driver.findElements() result: [{"element-6066-11e4-a52e-4f735466cecf":"00000000-0000-0015-ffff-ffff00000142","ELEMENT":"00000000-0000-0015-ffff-ffff00000142"},{"element-6066-11e4-a52e-4f735466cecf":"00000000-0000-0015-ffff-ffff0000014a","ELEMENT":"00000000-0000-0015-ffff-ffff0000014a"}]
&amp#27;[38;5;0m[HTTP]&amp#27;[0m &amp#27;[37m<-- POST /session/48f58814-9324-45e5-aebe-ca3eb176c9c0/elements &amp#27;[39m&amp#27;[32m200&amp#27;[39m &amp#27;[90m35 ms - 267&amp#27;[39m
&amp#27;[38;5;0m[HTTP]&amp#27;[0m &amp#27;[90m&amp#27;[39m
&amp#27;[38;5;0m[HTTP]&amp#27;[0m &amp#27;[37m-->&amp#27;[39m &amp#27;[37mGET&amp#27;[39m &amp#27;[37m/session/48f58814-9324-45e5-aebe-ca3eb176c9c0/context&amp#27;[39m
&amp#27;[38;5;0m[HTTP]&amp#27;[0m &amp#27;[90m{}&amp#27;[39m
&amp#27;[38;5;32m[AndroidUiautomator2Driver@50f4 (48f58814)]&amp#27;[0m Calling AppiumDriver.getCurrentContext() with args: ["48f58814-9324-45e5-aebe-ca3eb176c9c0"]
&amp#27;[38;5;32m[AndroidUiautomator2Driver@50f4 (48f58814)]&amp#27;[0m Responding to client with driver.getCurrentContext() result: "NATIVE_APP"
&amp#27;[38;5;0m[HTTP]&amp#27;[0m &amp#27;[37m<-- GET /session/48f58814-9324-45e5-aebe-ca3eb176c9c0/context &amp#27;[39m&amp#27;[32m200&amp#27;[39m &amp#27;[90m1 ms - 22&amp#27;[39m
&amp#27;[38;5;0m[HTTP]&amp#27;[0m &amp#27;[90m&amp#27;[39m
&amp#27;[38;5;0m[HTTP]&amp#27;[0m &amp#27;[37m-->&amp#27;[39m &amp#27;[37mPOST&amp#27;[39m &amp#27;[37m/session/48f58814-9324-45e5-aebe-ca3eb176c9c0/elements&amp#27;[39m
&amp#27;[38;5;0m[HTTP]&amp#27;[0m &amp#27;[90m{"value":"com.androidsample.generalstore:id/productPrice","using":"id"}&amp#27;[39m
&amp#27;[38;5;32m[AndroidUiautomator2Driver@50f4 (48f58814)]&amp#27;[0m Calling AppiumDriver.findElements() with args: ["id","com.androidsample.generalstore:id/productPrice","48f58814-9324-45e5-aebe-ca3eb176c9c0"]
&amp#27;[38;5;32m[AndroidUiautomator2Driver@50f4 (48f58814)]&amp#27;[0m Valid locator strategies for this request: xpath, id, class name, accessibility id, css selector, -android uiautomator
&amp#27;[38;5;32m[AndroidUiautomator2Driver@50f4 (48f58814)]&amp#27;[0m Waiting up to 0 ms for condition
&amp#27;[38;5;32m[AndroidUiautomator2Driver@50f4 (48f58814)]&amp#27;[0m Matched '/elements' to command name 'findElements'
&amp#27;[38;5;32m[AndroidUiautomator2Driver@50f4 (48f58814)]&amp#27;[0m Proxying [POST /elements] to [POST http://127.0.0.1:8200/session/4403cb60-da58-486a-b250-a831a9aeeb03/elements] with body: {"strategy":"id","selector":"com.androidsample.generalstore:id/productPrice","context":"","multiple":true}
&amp#27;[38;5;32m[AndroidUiautomator2Driver@50f4 (48f58814)]&amp#27;[0m Got response with status 200: {"sessionId":"4403cb60-da58-486a-b250-a831a9aeeb03","value":[{"ELEMENT":"00000000-0000-0015-ffff-ffff00000142","element-6066-11e4-a52e-4f735466cecf":"00000000-0000-0015-ffff-ffff00000142"},{"ELEMENT":"00000000-0000-0015-ffff-ffff0000014a","element-6066-11e4-a52e-4f735466cecf":"00000000-0000-0015-ffff-ffff0000014a"}]}
&amp#27;[38;5;32m[AndroidUiautomator2Driver@50f4 (48f58814)]&amp#27;[0m Responding to client with driver.findElements() result: [{"element-6066-11e4-a52e-4f735466cecf":"00000000-0000-0015-ffff-ffff00000142","ELEMENT":"00000000-0000-0015-ffff-ffff00000142"},{"element-6066-11e4-a52e-4f735466cecf":"00000000-0000-0015-ffff-ffff0000014a","ELEMENT":"00000000-0000-0015-ffff-ffff0000014a"}]
&amp#27;[38;5;0m[HTTP]&amp#27;[0m &amp#27;[37m<-- POST /session/48f58814-9324-45e5-aebe-ca3eb176c9c0/elements &amp#27;[39m&amp#27;[32m200&amp#27;[39m &amp#27;[90m45 ms - 267&amp#27;[39m
&amp#27;[38;5;0m[HTTP]&amp#27;[0m &amp#27;[90m&amp#27;[39m
&amp#27;[38;5;0m[HTTP]&amp#27;[0m &amp#27;[37m-->&amp#27;[39m &amp#27;[37mGET&amp#27;[39m &amp#27;[37m/session/48f58814-9324-45e5-aebe-ca3eb176c9c0/element/00000000-0000-0015-ffff-ffff00000142/text&amp#27;[39m
&amp#27;[38;5;0m[HTTP]&amp#27;[0m &amp#27;[90m{}&amp#27;[39m
&amp#27;[38;5;32m[AndroidUiautomator2Driver@50f4 (48f58814)]&amp#27;[0m Driver proxy active, passing request on via HTTP proxy
&amp#27;[38;5;32m[AndroidUiautomator2Driver@50f4 (48f58814)]&amp#27;[0m Matched '/session/48f58814-9324-45e5-aebe-ca3eb176c9c0/element/00000000-0000-0015-ffff-ffff00000142/text' to command name 'getText'
&amp#27;[38;5;32m[AndroidUiautomator2Driver@50f4 (48f58814)]&amp#27;[0m Proxying [GET /session/48f58814-9324-45e5-aebe-ca3eb176c9c0/element/00000000-0000-0015-ffff-ffff00000142/text] to [GET http://127.0.0.1:8200/session/4403cb60-da58-486a-b250-a831a9aeeb03/element/00000000-0000-0015-ffff-ffff00000142/text] with no body
&amp#27;[38;5;32m[AndroidUiautomator2Driver@50f4 (48f58814)]&amp#27;[0m Got response with status 200: {"sessionId":"4403cb60-da58-486a-b250-a831a9aeeb03","value":"$160.97"}
&amp#27;[38;5;32m[AndroidUiautomator2Driver@50f4 (48f58814)]&amp#27;[0m Replacing sessionId 4403cb60-da58-486a-b250-a831a9aeeb03 with 48f58814-9324-45e5-aebe-ca3eb176c9c0
&amp#27;[38;5;0m[HTTP]&amp#27;[0m &amp#27;[37m<-- GET /session/48f58814-9324-45e5-aebe-ca3eb176c9c0/element/00000000-0000-0015-ffff-ffff00000142/text &amp#27;[39m&amp#27;[32m200&amp#27;[39m &amp#27;[90m22 ms - 70&amp#27;[39m
&amp#27;[38;5;0m[HTTP]&amp#27;[0m &amp#27;[90m&amp#27;[39m
&amp#27;[38;5;0m[HTTP]&amp#27;[0m &amp#27;[37m-->&amp#27;[39m &amp#27;[37mGET&amp#27;[39m &amp#27;[37m/session/48f58814-9324-45e5-aebe-ca3eb176c9c0/context&amp#27;[39m
&amp#27;[38;5;0m[HTTP]&amp#27;[0m &amp#27;[90m{}&amp#27;[39m
&amp#27;[38;5;32m[AndroidUiautomator2Driver@50f4 (48f58814)]&amp#27;[0m Calling AppiumDriver.getCurrentContext() with args: ["48f58814-9324-45e5-aebe-ca3eb176c9c0"]
&amp#27;[38;5;32m[AndroidUiautomator2Driver@50f4 (48f58814)]&amp#27;[0m Responding to client with driver.getCurrentContext() result: "NATIVE_APP"
&amp#27;[38;5;0m[HTTP]&amp#27;[0m &amp#27;[37m<-- GET /session/48f58814-9324-45e5-aebe-ca3eb176c9c0/context &amp#27;[39m&amp#27;[32m200&amp#27;[39m &amp#27;[90m1 ms - 22&amp#27;[39m
&amp#27;[38;5;0m[HTTP]&amp#27;[0m &amp#27;[90m&amp#27;[39m
&amp#27;[38;5;0m[HTTP]&amp#27;[0m &amp#27;[37m-->&amp#27;[39m &amp#27;[37mPOST&amp#27;[39m &amp#27;[37m/session/48f58814-9324-45e5-aebe-ca3eb176c9c0/elements&amp#27;[39m
&amp#27;[38;5;0m[HTTP]&amp#27;[0m &amp#27;[90m{"value":"com.androidsample.generalstore:id/productPrice","using":"id"}&amp#27;[39m
&amp#27;[38;5;32m[AndroidUiautomator2Driver@50f4 (48f58814)]&amp#27;[0m Calling AppiumDriver.findElements() with args: ["id","com.androidsample.generalstore:id/productPrice","48f58814-9324-45e5-aebe-ca3eb176c9c0"]
&amp#27;[38;5;32m[AndroidUiautomator2Driver@50f4 (48f58814)]&amp#27;[0m Valid locator strategies for this request: xpath, id, class name, accessibility id, css selector, -android uiautomator
&amp#27;[38;5;32m[AndroidUiautomator2Driver@50f4 (48f58814)]&amp#27;[0m Waiting up to 0 ms for condition
&amp#27;[38;5;32m[AndroidUiautomator2Driver@50f4 (48f58814)]&amp#27;[0m Matched '/elements' to command name 'findElements'
&amp#27;[38;5;32m[AndroidUiautomator2Driver@50f4 (48f58814)]&amp#27;[0m Proxying [POST /elements] to [POST http://127.0.0.1:8200/session/4403cb60-da58-486a-b250-a831a9aeeb03/elements] with body: {"strategy":"id","selector":"com.androidsample.generalstore:id/productPrice","context":"","multiple":true}
&amp#27;[38;5;32m[AndroidUiautomator2Driver@50f4 (48f58814)]&amp#27;[0m Got response with status 200: {"sessionId":"4403cb60-da58-486a-b250-a831a9aeeb03","value":[{"ELEMENT":"00000000-0000-0015-ffff-ffff00000142","element-6066-11e4-a52e-4f735466cecf":"00000000-0000-0015-ffff-ffff00000142"},{"ELEMENT":"00000000-0000-0015-ffff-ffff0000014a","element-6066-11e4-a52e-4f735466cecf":"00000000-0000-0015-ffff-ffff0000014a"}]}
&amp#27;[38;5;32m[AndroidUiautomator2Driver@50f4 (48f58814)]&amp#27;[0m Responding to client with driver.findElements() result: [{"element-6066-11e4-a52e-4f735466cecf":"00000000-0000-0015-ffff-ffff00000142","ELEMENT":"00000000-0000-0015-ffff-ffff00000142"},{"element-6066-11e4-a52e-4f735466cecf":"00000000-0000-0015-ffff-ffff0000014a","ELEMENT":"00000000-0000-0015-ffff-ffff0000014a"}]
&amp#27;[38;5;0m[HTTP]&amp#27;[0m &amp#27;[37m<-- POST /session/48f58814-9324-45e5-aebe-ca3eb176c9c0/elements &amp#27;[39m&amp#27;[32m200&amp#27;[39m &amp#27;[90m36 ms - 267&amp#27;[39m
&amp#27;[38;5;0m[HTTP]&amp#27;[0m &amp#27;[90m&amp#27;[39m
&amp#27;[38;5;0m[HTTP]&amp#27;[0m &amp#27;[37m-->&amp#27;[39m &amp#27;[37mGET&amp#27;[39m &amp#27;[37m/session/48f58814-9324-45e5-aebe-ca3eb176c9c0/element/00000000-0000-0015-ffff-ffff0000014a/text&amp#27;[39m
&amp#27;[38;5;0m[HTTP]&amp#27;[0m &amp#27;[90m{}&amp#27;[39m
&amp#27;[38;5;32m[AndroidUiautomator2Driver@50f4 (48f58814)]&amp#27;[0m Driver proxy active, passing request on via HTTP proxy
&amp#27;[38;5;32m[AndroidUiautomator2Driver@50f4 (48f58814)]&amp#27;[0m Matched '/session/48f58814-9324-45e5-aebe-ca3eb176c9c0/element/00000000-0000-0015-ffff-ffff0000014a/text' to command name 'getText'
&amp#27;[38;5;32m[AndroidUiautomator2Driver@50f4 (48f58814)]&amp#27;[0m Proxying [GET /session/48f58814-9324-45e5-aebe-ca3eb176c9c0/element/00000000-0000-0015-ffff-ffff0000014a/text] to [GET http://127.0.0.1:8200/session/4403cb60-da58-486a-b250-a831a9aeeb03/element/00000000-0000-0015-ffff-ffff0000014a/text] with no body
&amp#27;[38;5;32m[AndroidUiautomator2Driver@50f4 (48f58814)]&amp#27;[0m Got response with status 200: {"sessionId":"4403cb60-da58-486a-b250-a831a9aeeb03","value":"$120.0"}
&amp#27;[38;5;32m[AndroidUiautomator2Driver@50f4 (48f58814)]&amp#27;[0m Replacing sessionId 4403cb60-da58-486a-b250-a831a9aeeb03 with 48f58814-9324-45e5-aebe-ca3eb176c9c0
&amp#27;[38;5;0m[HTTP]&amp#27;[0m &amp#27;[37m<-- GET /session/48f58814-9324-45e5-aebe-ca3eb176c9c0/element/00000000-0000-0015-ffff-ffff0000014a/text &amp#27;[39m&amp#27;[32m200&amp#27;[39m &amp#27;[90m22 ms - 69&amp#27;[39m
&amp#27;[38;5;0m[HTTP]&amp#27;[0m &amp#27;[90m&amp#27;[39m
&amp#27;[38;5;0m[HTTP]&amp#27;[0m &amp#27;[37m-->&amp#27;[39m &amp#27;[37mGET&amp#27;[39m &amp#27;[37m/session/48f58814-9324-45e5-aebe-ca3eb176c9c0/context&amp#27;[39m
&amp#27;[38;5;0m[HTTP]&amp#27;[0m &amp#27;[90m{}&amp#27;[39m
&amp#27;[38;5;32m[AndroidUiautomator2Driver@50f4 (48f58814)]&amp#27;[0m Calling AppiumDriver.getCurrentContext() with args: ["48f58814-9324-45e5-aebe-ca3eb176c9c0"]
&amp#27;[38;5;32m[AndroidUiautomator2Driver@50f4 (48f58814)]&amp#27;[0m Responding to client with driver.getCurrentContext() result: "NATIVE_APP"
&amp#27;[38;5;0m[HTTP]&amp#27;[0m &amp#27;[37m<-- GET /session/48f58814-9324-45e5-aebe-ca3eb176c9c0/context &amp#27;[39m&amp#27;[32m200&amp#27;[39m &amp#27;[90m1 ms - 22&amp#27;[39m
&amp#27;[38;5;0m[HTTP]&amp#27;[0m &amp#27;[90m&amp#27;[39m
&amp#27;[38;5;0m[HTTP]&amp#27;[0m &amp#27;[37m-->&amp#27;[39m &amp#27;[37mPOST&amp#27;[39m &amp#27;[37m/session/48f58814-9324-45e5-aebe-ca3eb176c9c0/element&amp#27;[39m
&amp#27;[38;5;0m[HTTP]&amp#27;[0m &amp#27;[90m{"value":"com.androidsample.generalstore:id/totalAmountLbl","using":"id"}&amp#27;[39m
&amp#27;[38;5;32m[AndroidUiautomator2Driver@50f4 (48f58814)]&amp#27;[0m Calling AppiumDriver.findElement() with args: ["id","com.androidsample.generalstore:id/totalAmountLbl","48f58814-9324-45e5-aebe-ca3eb176c9c0"]
&amp#27;[38;5;32m[AndroidUiautomator2Driver@50f4 (48f58814)]&amp#27;[0m Valid locator strategies for this request: xpath, id, class name, accessibility id, css selector, -android uiautomator
&amp#27;[38;5;32m[AndroidUiautomator2Driver@50f4 (48f58814)]&amp#27;[0m Waiting up to 0 ms for condition
&amp#27;[38;5;32m[AndroidUiautomator2Driver@50f4 (48f58814)]&amp#27;[0m Matched '/element' to command name 'findElement'
&amp#27;[38;5;32m[AndroidUiautomator2Driver@50f4 (48f58814)]&amp#27;[0m Proxying [POST /element] to [POST http://127.0.0.1:8200/session/4403cb60-da58-486a-b250-a831a9aeeb03/element] with body: {"strategy":"id","selector":"com.androidsample.generalstore:id/totalAmountLbl","context":"","multiple":false}
&amp#27;[38;5;32m[AndroidUiautomator2Driver@50f4 (48f58814)]&amp#27;[0m Got response with status 200: {"sessionId":"4403cb60-da58-486a-b250-a831a9aeeb03","value":{"ELEMENT":"00000000-0000-0015-ffff-ffff00000136","element-6066-11e4-a52e-4f735466cecf":"00000000-0000-0015-ffff-ffff00000136"}}
&amp#27;[38;5;32m[AndroidUiautomator2Driver@50f4 (48f58814)]&amp#27;[0m Responding to client with driver.findElement() result: {"element-6066-11e4-a52e-4f735466cecf":"00000000-0000-0015-ffff-ffff00000136","ELEMENT":"00000000-0000-0015-ffff-ffff00000136"}
&amp#27;[38;5;0m[HTTP]&amp#27;[0m &amp#27;[37m<-- POST /session/48f58814-9324-45e5-aebe-ca3eb176c9c0/element &amp#27;[39m&amp#27;[32m200&amp#27;[39m &amp#27;[90m70 ms - 137&amp#27;[39m
&amp#27;[38;5;0m[HTTP]&amp#27;[0m &amp#27;[90m&amp#27;[39m
&amp#27;[38;5;0m[HTTP]&amp#27;[0m &amp#27;[37m-->&amp#27;[39m &amp#27;[37mGET&amp#27;[39m &amp#27;[37m/session/48f58814-9324-45e5-aebe-ca3eb176c9c0/element/00000000-0000-0015-ffff-ffff00000136/text&amp#27;[39m
&amp#27;[38;5;0m[HTTP]&amp#27;[0m &amp#27;[90m{}&amp#27;[39m
&amp#27;[38;5;32m[AndroidUiautomator2Driver@50f4 (48f58814)]&amp#27;[0m Driver proxy active, passing request on via HTTP proxy
&amp#27;[38;5;32m[AndroidUiautomator2Driver@50f4 (48f58814)]&amp#27;[0m Matched '/session/48f58814-9324-45e5-aebe-ca3eb176c9c0/element/00000000-0000-0015-ffff-ffff00000136/text' to command name 'getText'
&amp#27;[38;5;32m[AndroidUiautomator2Driver@50f4 (48f58814)]&amp#27;[0m Proxying [GET /session/48f58814-9324-45e5-aebe-ca3eb176c9c0/element/00000000-0000-0015-ffff-ffff00000136/text] to [GET http://127.0.0.1:8200/session/4403cb60-da58-486a-b250-a831a9aeeb03/element/00000000-0000-0015-ffff-ffff00000136/text] with no body
&amp#27;[38;5;32m[AndroidUiautomator2Driver@50f4 (48f58814)]&amp#27;[0m Got response with status 200: {"sessionId":"4403cb60-da58-486a-b250-a831a9aeeb03","value":"$ 280.97"}
&amp#27;[38;5;32m[AndroidUiautomator2Driver@50f4 (48f58814)]&amp#27;[0m Replacing sessionId 4403cb60-da58-486a-b250-a831a9aeeb03 with 48f58814-9324-45e5-aebe-ca3eb176c9c0
&amp#27;[38;5;0m[HTTP]&amp#27;[0m &amp#27;[37m<-- GET /session/48f58814-9324-45e5-aebe-ca3eb176c9c0/element/00000000-0000-0015-ffff-ffff00000136/text &amp#27;[39m&amp#27;[32m200&amp#27;[39m &amp#27;[90m27 ms - 71&amp#27;[39m
&amp#27;[38;5;0m[HTTP]&amp#27;[0m &amp#27;[90m&amp#27;[39m
&amp#27;[38;5;0m[HTTP]&amp#27;[0m &amp#27;[37m-->&amp#27;[39m &amp#27;[37mGET&amp#27;[39m &amp#27;[37m/session/48f58814-9324-45e5-aebe-ca3eb176c9c0/context&amp#27;[39m
&amp#27;[38;5;0m[HTTP]&amp#27;[0m &amp#27;[90m{}&amp#27;[39m
&amp#27;[38;5;32m[AndroidUiautomator2Driver@50f4 (48f58814)]&amp#27;[0m Calling AppiumDriver.getCurrentContext() with args: ["48f58814-9324-45e5-aebe-ca3eb176c9c0"]
&amp#27;[38;5;32m[AndroidUiautomator2Driver@50f4 (48f58814)]&amp#27;[0m Responding to client with driver.getCurrentContext() result: "NATIVE_APP"
&amp#27;[38;5;0m[HTTP]&amp#27;[0m &amp#27;[37m<-- GET /session/48f58814-9324-45e5-aebe-ca3eb176c9c0/context &amp#27;[39m&amp#27;[32m200&amp#27;[39m &amp#27;[90m1 ms - 22&amp#27;[39m
&amp#27;[38;5;0m[HTTP]&amp#27;[0m &amp#27;[90m&amp#27;[39m
&amp#27;[38;5;0m[HTTP]&amp#27;[0m &amp#27;[37m-->&amp#27;[39m &amp#27;[37mPOST&amp#27;[39m &amp#27;[37m/session/48f58814-9324-45e5-aebe-ca3eb176c9c0/element&amp#27;[39m
&amp#27;[38;5;0m[HTTP]&amp#27;[0m &amp#27;[90m{"value":"com.androidsample.generalstore:id/termsButton","using":"id"}&amp#27;[39m
&amp#27;[38;5;32m[AndroidUiautomator2Driver@50f4 (48f58814)]&amp#27;[0m Calling AppiumDriver.findElement() with args: ["id","com.androidsample.generalstore:id/termsButton","48f58814-9324-45e5-aebe-ca3eb176c9c0"]
&amp#27;[38;5;32m[AndroidUiautomator2Driver@50f4 (48f58814)]&amp#27;[0m Valid locator strategies for this request: xpath, id, class name, accessibility id, css selector, -android uiautomator
&amp#27;[38;5;32m[AndroidUiautomator2Driver@50f4 (48f58814)]&amp#27;[0m Waiting up to 0 ms for condition
&amp#27;[38;5;32m[AndroidUiautomator2Driver@50f4 (48f58814)]&amp#27;[0m Matched '/element' to command name 'findElement'
&amp#27;[38;5;32m[AndroidUiautomator2Driver@50f4 (48f58814)]&amp#27;[0m Proxying [POST /element] to [POST http://127.0.0.1:8200/session/4403cb60-da58-486a-b250-a831a9aeeb03/element] with body: {"strategy":"id","selector":"com.androidsample.generalstore:id/termsButton","context":"","multiple":false}
&amp#27;[38;5;32m[AndroidUiautomator2Driver@50f4 (48f58814)]&amp#27;[0m Got response with status 200: {"sessionId":"4403cb60-da58-486a-b250-a831a9aeeb03","value":{"ELEMENT":"00000000-0000-0015-ffff-ffff00000139","element-6066-11e4-a52e-4f735466cecf":"00000000-0000-0015-ffff-ffff00000139"}}
&amp#27;[38;5;32m[AndroidUiautomator2Driver@50f4 (48f58814)]&amp#27;[0m Responding to client with driver.findElement() result: {"element-6066-11e4-a52e-4f735466cecf":"00000000-0000-0015-ffff-ffff00000139","ELEMENT":"00000000-0000-0015-ffff-ffff00000139"}
&amp#27;[38;5;0m[HTTP]&amp#27;[0m &amp#27;[37m<-- POST /session/48f58814-9324-45e5-aebe-ca3eb176c9c0/element &amp#27;[39m&amp#27;[32m200&amp#27;[39m &amp#27;[90m51 ms - 137&amp#27;[39m
&amp#27;[38;5;0m[HTTP]&amp#27;[0m &amp#27;[90m&amp#27;[39m
&amp#27;[38;5;0m[HTTP]&amp#27;[0m &amp#27;[37m-->&amp#27;[39m &amp#27;[37mPOST&amp#27;[39m &amp#27;[37m/session/48f58814-9324-45e5-aebe-ca3eb176c9c0/execute/sync&amp#27;[39m
&amp#27;[38;5;0m[HTTP]&amp#27;[0m &amp#27;[90m{"args":[{"elementId":"00000000-0000-0015-ffff-ffff00000139","duration":2000}],"script":"mobile: longClickGesture"}&amp#27;[39m
&amp#27;[38;5;32m[AndroidUiautomator2Driver@50f4 (48f58814)]&amp#27;[0m Calling AppiumDriver.execute() with args: ["mobile: longClickGesture",[{"elementId":"00000000-0000-0015-ffff-ffff00000139","duration":2000}],"48f58814-9324-45e5-aebe-ca3eb176c9c0"]
&amp#27;[38;5;32m[AndroidUiautomator2Driver@50f4 (48f58814)]&amp#27;[0m Executing method 'mobile: longClickGesture'
&amp#27;[38;5;32m[AndroidUiautomator2Driver@50f4 (48f58814)]&amp#27;[0m Proxying [POST /appium/gestures/long_click] to [POST http://127.0.0.1:8200/session/4403cb60-da58-486a-b250-a831a9aeeb03/appium/gestures/long_click] with body: {"origin":{"ELEMENT":"00000000-0000-0015-ffff-ffff00000139","element-6066-11e4-a52e-4f735466cecf":"00000000-0000-0015-ffff-ffff00000139"},"duration":2000}
&amp#27;[38;5;32m[AndroidUiautomator2Driver@50f4 (48f58814)]&amp#27;[0m Got response with status 200: {"sessionId":"4403cb60-da58-486a-b250-a831a9aeeb03","value":null}
&amp#27;[38;5;32m[AndroidUiautomator2Driver@50f4 (48f58814)]&amp#27;[0m Responding to client with driver.execute() result: null
&amp#27;[38;5;0m[HTTP]&amp#27;[0m &amp#27;[37m<-- POST /session/48f58814-9324-45e5-aebe-ca3eb176c9c0/execute/sync &amp#27;[39m&amp#27;[32m200&amp#27;[39m &amp#27;[90m5216 ms - 14&amp#27;[39m
&amp#27;[38;5;0m[HTTP]&amp#27;[0m &amp#27;[90m&amp#27;[39m
&amp#27;[38;5;0m[HTTP]&amp#27;[0m &amp#27;[37m-->&amp#27;[39m &amp#27;[37mGET&amp#27;[39m &amp#27;[37m/session/48f58814-9324-45e5-aebe-ca3eb176c9c0/context&amp#27;[39m
&amp#27;[38;5;0m[HTTP]&amp#27;[0m &amp#27;[90m{}&amp#27;[39m
&amp#27;[38;5;32m[AndroidUiautomator2Driver@50f4 (48f58814)]&amp#27;[0m Calling AppiumDriver.getCurrentContext() with args: ["48f58814-9324-45e5-aebe-ca3eb176c9c0"]
&amp#27;[38;5;32m[AndroidUiautomator2Driver@50f4 (48f58814)]&amp#27;[0m Responding to client with driver.getCurrentContext() result: "NATIVE_APP"
&amp#27;[38;5;0m[HTTP]&amp#27;[0m &amp#27;[37m<-- GET /session/48f58814-9324-45e5-aebe-ca3eb176c9c0/context &amp#27;[39m&amp#27;[32m200&amp#27;[39m &amp#27;[90m2 ms - 22&amp#27;[39m
&amp#27;[38;5;0m[HTTP]&amp#27;[0m &amp#27;[90m&amp#27;[39m
&amp#27;[38;5;0m[HTTP]&amp#27;[0m &amp#27;[37m-->&amp#27;[39m &amp#27;[37mPOST&amp#27;[39m &amp#27;[37m/session/48f58814-9324-45e5-aebe-ca3eb176c9c0/element&amp#27;[39m
&amp#27;[38;5;0m[HTTP]&amp#27;[0m &amp#27;[90m{"value":"android:id/button1","using":"id"}&amp#27;[39m
&amp#27;[38;5;32m[AndroidUiautomator2Driver@50f4 (48f58814)]&amp#27;[0m Calling AppiumDriver.findElement() with args: ["id","android:id/button1","48f58814-9324-45e5-aebe-ca3eb176c9c0"]
&amp#27;[38;5;32m[AndroidUiautomator2Driver@50f4 (48f58814)]&amp#27;[0m Valid locator strategies for this request: xpath, id, class name, accessibility id, css selector, -android uiautomator
&amp#27;[38;5;32m[AndroidUiautomator2Driver@50f4 (48f58814)]&amp#27;[0m Waiting up to 0 ms for condition
&amp#27;[38;5;32m[AndroidUiautomator2Driver@50f4 (48f58814)]&amp#27;[0m Matched '/element' to command name 'findElement'
&amp#27;[38;5;32m[AndroidUiautomator2Driver@50f4 (48f58814)]&amp#27;[0m Proxying [POST /element] to [POST http://127.0.0.1:8200/session/4403cb60-da58-486a-b250-a831a9aeeb03/element] with body: {"strategy":"id","selector":"android:id/button1","context":"","multiple":false}
&amp#27;[38;5;32m[AndroidUiautomator2Driver@50f4 (48f58814)]&amp#27;[0m Got response with status 200: {"sessionId":"4403cb60-da58-486a-b250-a831a9aeeb03","value":{"ELEMENT":"00000000-0000-0016-ffff-ffff00000165","element-6066-11e4-a52e-4f735466cecf":"00000000-0000-0016-ffff-ffff00000165"}}
&amp#27;[38;5;32m[AndroidUiautomator2Driver@50f4 (48f58814)]&amp#27;[0m Responding to client with driver.findElement() result: {"element-6066-11e4-a52e-4f735466cecf":"00000000-0000-0016-ffff-ffff00000165","ELEMENT":"00000000-0000-0016-ffff-ffff00000165"}
&amp#27;[38;5;0m[HTTP]&amp#27;[0m &amp#27;[37m<-- POST /session/48f58814-9324-45e5-aebe-ca3eb176c9c0/element &amp#27;[39m&amp#27;[32m200&amp#27;[39m &amp#27;[90m353 ms - 137&amp#27;[39m
&amp#27;[38;5;0m[HTTP]&amp#27;[0m &amp#27;[90m&amp#27;[39m
&amp#27;[38;5;0m[HTTP]&amp#27;[0m &amp#27;[37m-->&amp#27;[39m &amp#27;[37mPOST&amp#27;[39m &amp#27;[37m/session/48f58814-9324-45e5-aebe-ca3eb176c9c0/element/00000000-0000-0016-ffff-ffff00000165/click&amp#27;[39m
&amp#27;[38;5;0m[HTTP]&amp#27;[0m &amp#27;[90m{"id":"00000000-0000-0016-ffff-ffff00000165"}&amp#27;[39m
&amp#27;[38;5;32m[AndroidUiautomator2Driver@50f4 (48f58814)]&amp#27;[0m Calling AppiumDriver.click() with args: ["00000000-0000-0016-ffff-ffff00000165","48f58814-9324-45e5-aebe-ca3eb176c9c0"]
&amp#27;[38;5;32m[AndroidUiautomator2Driver@50f4 (48f58814)]&amp#27;[0m Matched '/element/00000000-0000-0016-ffff-ffff00000165/click' to command name 'click'
&amp#27;[38;5;32m[AndroidUiautomator2Driver@50f4 (48f58814)]&amp#27;[0m Proxying [POST /element/00000000-0000-0016-ffff-ffff00000165/click] to [POST http://127.0.0.1:8200/session/4403cb60-da58-486a-b250-a831a9aeeb03/element/00000000-0000-0016-ffff-ffff00000165/click] with body: {"element":"00000000-0000-0016-ffff-ffff00000165"}
&amp#27;[38;5;32m[AndroidUiautomator2Driver@50f4 (48f58814)]&amp#27;[0m Got response with status 200: {"sessionId":"4403cb60-da58-486a-b250-a831a9aeeb03","value":null}
&amp#27;[38;5;32m[AndroidUiautomator2Driver@50f4 (48f58814)]&amp#27;[0m Responding to client with driver.click() result: null
&amp#27;[38;5;0m[HTTP]&amp#27;[0m &amp#27;[37m<-- POST /session/48f58814-9324-45e5-aebe-ca3eb176c9c0/element/00000000-0000-0016-ffff-ffff00000165/click &amp#27;[39m&amp#27;[32m200&amp#27;[39m &amp#27;[90m265 ms - 14&amp#27;[39m
&amp#27;[38;5;0m[HTTP]&amp#27;[0m &amp#27;[90m&amp#27;[39m
&amp#27;[38;5;0m[HTTP]&amp#27;[0m &amp#27;[37m-->&amp#27;[39m &amp#27;[37mGET&amp#27;[39m &amp#27;[37m/session/48f58814-9324-45e5-aebe-ca3eb176c9c0/context&amp#27;[39m
&amp#27;[38;5;0m[HTTP]&amp#27;[0m &amp#27;[90m{}&amp#27;[39m
&amp#27;[38;5;32m[AndroidUiautomator2Driver@50f4 (48f58814)]&amp#27;[0m Calling AppiumDriver.getCurrentContext() with args: ["48f58814-9324-45e5-aebe-ca3eb176c9c0"]
&amp#27;[38;5;32m[AndroidUiautomator2Driver@50f4 (48f58814)]&amp#27;[0m Responding to client with driver.getCurrentContext() result: "NATIVE_APP"
&amp#27;[38;5;0m[HTTP]&amp#27;[0m &amp#27;[37m<-- GET /session/48f58814-9324-45e5-aebe-ca3eb176c9c0/context &amp#27;[39m&amp#27;[32m200&amp#27;[39m &amp#27;[90m4 ms - 22&amp#27;[39m
&amp#27;[38;5;0m[HTTP]&amp#27;[0m &amp#27;[90m&amp#27;[39m
&amp#27;[38;5;0m[HTTP]&amp#27;[0m &amp#27;[37m-->&amp#27;[39m &amp#27;[37mPOST&amp#27;[39m &amp#27;[37m/session/48f58814-9324-45e5-aebe-ca3eb176c9c0/element&amp#27;[39m
&amp#27;[38;5;0m[HTTP]&amp#27;[0m &amp#27;[90m{"value":"android.widget.CheckBox","using":"class name"}&amp#27;[39m
&amp#27;[38;5;32m[AndroidUiautomator2Driver@50f4 (48f58814)]&amp#27;[0m Calling AppiumDriver.findElement() with args: ["class name","android.widget.CheckBox","48f58814-9324-45e5-aebe-ca3eb176c9c0"]
&amp#27;[38;5;32m[AndroidUiautomator2Driver@50f4 (48f58814)]&amp#27;[0m Valid locator strategies for this request: xpath, id, class name, accessibility id, css selector, -android uiautomator
&amp#27;[38;5;32m[AndroidUiautomator2Driver@50f4 (48f58814)]&amp#27;[0m Waiting up to 0 ms for condition
&amp#27;[38;5;32m[AndroidUiautomator2Driver@50f4 (48f58814)]&amp#27;[0m Matched '/element' to command name 'findElement'
&amp#27;[38;5;32m[AndroidUiautomator2Driver@50f4 (48f58814)]&amp#27;[0m Proxying [POST /element] to [POST http://127.0.0.1:8200/session/4403cb60-da58-486a-b250-a831a9aeeb03/element] with body: {"strategy":"class name","selector":"android.widget.CheckBox","context":"","multiple":false}
&amp#27;[38;5;32m[AndroidUiautomator2Driver@50f4 (48f58814)]&amp#27;[0m Got response with status 200: {"sessionId":"4403cb60-da58-486a-b250-a831a9aeeb03","value":{"ELEMENT":"00000000-0000-0015-ffff-ffff00000137","element-6066-11e4-a52e-4f735466cecf":"00000000-0000-0015-ffff-ffff00000137"}}
&amp#27;[38;5;32m[AndroidUiautomator2Driver@50f4 (48f58814)]&amp#27;[0m Responding to client with driver.findElement() result: {"element-6066-11e4-a52e-4f735466cecf":"00000000-0000-0015-ffff-ffff00000137","ELEMENT":"00000000-0000-0015-ffff-ffff00000137"}
&amp#27;[38;5;0m[HTTP]&amp#27;[0m &amp#27;[37m<-- POST /session/48f58814-9324-45e5-aebe-ca3eb176c9c0/element &amp#27;[39m&amp#27;[32m200&amp#27;[39m &amp#27;[90m423 ms - 137&amp#27;[39m
&amp#27;[38;5;0m[HTTP]&amp#27;[0m &amp#27;[90m&amp#27;[39m
&amp#27;[38;5;0m[HTTP]&amp#27;[0m &amp#27;[37m-->&amp#27;[39m &amp#27;[37mPOST&amp#27;[39m &amp#27;[37m/session/48f58814-9324-45e5-aebe-ca3eb176c9c0/element/00000000-0000-0015-ffff-ffff00000137/click&amp#27;[39m
&amp#27;[38;5;0m[HTTP]&amp#27;[0m &amp#27;[90m{"id":"00000000-0000-0015-ffff-ffff00000137"}&amp#27;[39m
&amp#27;[38;5;32m[AndroidUiautomator2Driver@50f4 (48f58814)]&amp#27;[0m Calling AppiumDriver.click() with args: ["00000000-0000-0015-ffff-ffff00000137","48f58814-9324-45e5-aebe-ca3eb176c9c0"]
&amp#27;[38;5;32m[AndroidUiautomator2Driver@50f4 (48f58814)]&amp#27;[0m Matched '/element/00000000-0000-0015-ffff-ffff00000137/click' to command name 'click'
&amp#27;[38;5;32m[AndroidUiautomator2Driver@50f4 (48f58814)]&amp#27;[0m Proxying [POST /element/00000000-0000-0015-ffff-ffff00000137/click] to [POST http://127.0.0.1:8200/session/4403cb60-da58-486a-b250-a831a9aeeb03/element/00000000-0000-0015-ffff-ffff00000137/click] with body: {"element":"00000000-0000-0015-ffff-ffff00000137"}
&amp#27;[38;5;32m[AndroidUiautomator2Driver@50f4 (48f58814)]&amp#27;[0m Got response with status 200: {"sessionId":"4403cb60-da58-486a-b250-a831a9aeeb03","value":null}
&amp#27;[38;5;32m[AndroidUiautomator2Driver@50f4 (48f58814)]&amp#27;[0m Responding to client with driver.click() result: null
&amp#27;[38;5;0m[HTTP]&amp#27;[0m &amp#27;[37m<-- POST /session/48f58814-9324-45e5-aebe-ca3eb176c9c0/element/00000000-0000-0015-ffff-ffff00000137/click &amp#27;[39m&amp#27;[32m200&amp#27;[39m &amp#27;[90m710 ms - 14&amp#27;[39m
&amp#27;[38;5;0m[HTTP]&amp#27;[0m &amp#27;[90m&amp#27;[39m
]]></system-out>
  </testcase>
  <testcase name="verifyErrorMsg" classname="com.android.tests.TestCase" time="12.2">
    <failure message="expected [Please enter name] but found [Please enter your name]" type="java.lang.AssertionError"><![CDATA[java.lang.AssertionError: expected [Please enter name] but found [Please enter your name]
	at org.testng.Assert.fail(Assert.java:111)
	at org.testng.Assert.failNotEquals(Assert.java:1578)
	at org.testng.Assert.assertEqualsImpl(Assert.java:150)
	at org.testng.Assert.assertEquals(Assert.java:132)
	at org.testng.Assert.assertEquals(Assert.java:656)
	at org.testng.Assert.assertEquals(Assert.java:666)
	at com.android.tests.TestCase.verifyErrorMsg(TestCase.java:29)
	at java.base/jdk.internal.reflect.NativeMethodAccessorImpl.invoke0(Native Method)
	at java.base/jdk.internal.reflect.NativeMethodAccessorImpl.invoke(NativeMethodAccessorImpl.java:62)
	at java.base/jdk.internal.reflect.DelegatingMethodAccessorImpl.invoke(DelegatingMethodAccessorImpl.java:43)
	at java.base/java.lang.reflect.Method.invoke(Method.java:566)
	at org.testng.internal.invokers.MethodInvocationHelper.invokeMethod(MethodInvocationHelper.java:139)
	at org.testng.internal.invokers.TestInvoker.invokeMethod(TestInvoker.java:664)
	at org.testng.internal.invokers.TestInvoker.invokeTestMethod(TestInvoker.java:228)
	at org.testng.internal.invokers.MethodRunner.runInSequence(MethodRunner.java:63)
	at org.testng.internal.invokers.TestInvoker$MethodInvocationAgent.invoke(TestInvoker.java:961)
	at org.testng.internal.invokers.TestInvoker.invokeTestMethods(TestInvoker.java:201)
	at org.testng.internal.invokers.TestMethodWorker.invokeTestMethods(TestMethodWorker.java:148)
	at org.testng.internal.invokers.TestMethodWorker.run(TestMethodWorker.java:128)
	at java.base/java.util.ArrayList.forEach(ArrayList.java:1541)
	at org.testng.TestRunner.privateRun(TestRunner.java:819)
	at org.testng.TestRunner.run(TestRunner.java:619)
	at org.testng.SuiteRunner.runTest(SuiteRunner.java:443)
	at org.testng.SuiteRunner.runSequentially(SuiteRunner.java:437)
	at org.testng.SuiteRunner.privateRun(SuiteRunner.java:397)
	at org.testng.SuiteRunner.run(SuiteRunner.java:336)
	at org.testng.SuiteRunnerWorker.runSuite(SuiteRunnerWorker.java:52)
	at org.testng.SuiteRunnerWorker.run(SuiteRunnerWorker.java:95)
	at org.testng.TestNG.runSuitesSequentially(TestNG.java:1301)
	at org.testng.TestNG.runSuitesLocally(TestNG.java:1228)
	at org.testng.TestNG.runSuites(TestNG.java:1134)
	at org.testng.TestNG.run(TestNG.java:1101)
	at org.apache.maven.surefire.testng.TestNGExecutor.run(TestNGExecutor.java:308)
	at org.apache.maven.surefire.testng.TestNGXmlTestSuite.execute(TestNGXmlTestSuite.java:71)
	at org.apache.maven.surefire.testng.TestNGProvider.invoke(TestNGProvider.java:113)
	at org.apache.maven.surefire.booter.ForkedBooter.runSuitesInProcess(ForkedBooter.java:385)
	at org.apache.maven.surefire.booter.ForkedBooter.execute(ForkedBooter.java:162)
	at org.apache.maven.surefire.booter.ForkedBooter.run(ForkedBooter.java:507)
	at org.apache.maven.surefire.booter.ForkedBooter.main(ForkedBooter.java:495)
]]></failure>
    <system-out><![CDATA[&amp#27;[38;5;0m[HTTP]&amp#27;[0m &amp#27;[37m-->&amp#27;[39m &amp#27;[37mDELETE&amp#27;[39m &amp#27;[37m/session/48f58814-9324-45e5-aebe-ca3eb176c9c0&amp#27;[39m
&amp#27;[38;5;0m[HTTP]&amp#27;[0m &amp#27;[90m{}&amp#27;[39m
&amp#27;[38;5;32m[AndroidUiautomator2Driver@50f4 (48f58814)]&amp#27;[0m Calling AppiumDriver.deleteSession() with args: ["48f58814-9324-45e5-aebe-ca3eb176c9c0"]
&amp#27;[38;5;16m[AppiumDriver@c6a7]&amp#27;[0m Event 'quitSessionRequested' logged at 1709583484914 (12:18:04 GMT-0800 (Pacific Standard Time))
&amp#27;[38;5;16m[AppiumDriver@c6a7]&amp#27;[0m Removing session 48f58814-9324-45e5-aebe-ca3eb176c9c0 from our master session list
&amp#27;[38;5;32m[AndroidUiautomator2Driver@50f4 (48f58814)]&amp#27;[0m Deleting UiAutomator2 session
&amp#27;[38;5;32m[AndroidUiautomator2Driver@50f4 (48f58814)]&amp#27;[0m Deleting UiAutomator2 server session
&amp#27;[38;5;32m[AndroidUiautomator2Driver@50f4 (48f58814)]&amp#27;[0m Matched '/' to command name 'deleteSession'
&amp#27;[38;5;32m[AndroidUiautomator2Driver@50f4 (48f58814)]&amp#27;[0m Proxying [DELETE /] to [DELETE http://127.0.0.1:8200/session/4403cb60-da58-486a-b250-a831a9aeeb03] with no body
&amp#27;[38;5;32m[AndroidUiautomator2Driver@50f4 (48f58814)]&amp#27;[0m Got response with status 200: {"sessionId":"4403cb60-da58-486a-b250-a831a9aeeb03","value":null}
&amp#27;[38;5;48m[ADB]&amp#27;[0m Running 'C:\Users\gnani\AppData\Local\Android\Sdk\platform-tools\adb.exe -P 5037 -s emulator-5554 shell dumpsys activity services io.appium.settings/.recorder.RecorderService'
&amp#27;[38;5;48m[ADB]&amp#27;[0m Running 'C:\Users\gnani\AppData\Local\Android\Sdk\platform-tools\adb.exe -P 5037 -s emulator-5554 shell am force-stop com.androidsample.generalstore'
&amp#27;[38;5;112m[Instrumentation]&amp#27;[0m .
&amp#27;[38;5;96m[Logcat]&amp#27;[0m Stopping logcat capture
&amp#27;[38;5;48m[ADB]&amp#27;[0m Removing forwarded port socket connection: 8200 
&amp#27;[38;5;48m[ADB]&amp#27;[0m Running 'C:\Users\gnani\AppData\Local\Android\Sdk\platform-tools\adb.exe -P 5037 -s emulator-5554 forward --remove tcp:8200'
&amp#27;[38;5;32m[AndroidUiautomator2Driver@50f4 (48f58814)]&amp#27;[0m Restoring hidden api policy to the device default configuration
&amp#27;[38;5;48m[ADB]&amp#27;[0m Running 'C:\Users\gnani\AppData\Local\Android\Sdk\platform-tools\adb.exe -P 5037 -s emulator-5554 shell 'settings delete global hidden_api_policy_pre_p_apps;settings delete global hidden_api_policy_p_apps;settings delete global hidden_api_policy''
&amp#27;[38;5;16m[AppiumDriver@c6a7]&amp#27;[0m Event 'quitSessionFinished' logged at 1709583486484 (12:18:06 GMT-0800 (Pacific Standard Time))
&amp#27;[38;5;16m[AppiumDriver@c6a7]&amp#27;[0m Received response: null
&amp#27;[38;5;16m[AppiumDriver@c6a7]&amp#27;[0m But deleting session, so not returning
&amp#27;[38;5;16m[AppiumDriver@c6a7]&amp#27;[0m Responding to client with driver.deleteSession() result: null
&amp#27;[38;5;0m[HTTP]&amp#27;[0m &amp#27;[37m<-- DELETE /session/48f58814-9324-45e5-aebe-ca3eb176c9c0 &amp#27;[39m&amp#27;[32m200&amp#27;[39m &amp#27;[90m1575 ms - 14&amp#27;[39m
&amp#27;[38;5;0m[HTTP]&amp#27;[0m &amp#27;[90m&amp#27;[39m
&amp#27;[35m[Appium]&amp#27;[39m Welcome to Appium v2.4.1
&amp#27;[35m[Appium]&amp#27;[39m The autodetected Appium home path: C:\Users\gnani\.appium
&amp#27;[35m[Appium]&amp#27;[39m Attempting to load driver uiautomator2...
&amp#27;[35m[Appium]&amp#27;[39m Requiring driver at C:\Users\gnani\.appium\node_modules\appium-uiautomator2-driver\build\index.js
&amp#27;[35m[Appium]&amp#27;[39m AndroidUiautomator2Driver has been successfully loaded in 2.089s
&amp#27;[35m[Appium]&amp#27;[39m Appium REST http interface listener started on http://0.0.0.0:4723
&amp#27;[35m[Appium]&amp#27;[39m You can provide the following URLs in your client code to connect to this server:
&amp#27;[35m[Appium]&amp#27;[39m 	http://192.168.1.16:4723/
&amp#27;[35m[Appium]&amp#27;[39m 	http://127.0.0.1:4723/ (only accessible from the same host)
&amp#27;[35m[Appium]&amp#27;[39m Available drivers:
&amp#27;[35m[Appium]&amp#27;[39m   - uiautomator2@3.0.0 (automationName 'UiAutomator2')
&amp#27;[35m[Appium]&amp#27;[39m No plugins have been installed. Use the "appium plugin" command to install the one(s) you want to use.
&amp#27;[38;5;0m[HTTP]&amp#27;[0m &amp#27;[37m-->&amp#27;[39m &amp#27;[37mGET&amp#27;[39m &amp#27;[37m/status&amp#27;[39m
&amp#27;[38;5;0m[HTTP]&amp#27;[0m &amp#27;[90m{}&amp#27;[39m
&amp#27;[38;5;16m[AppiumDriver@9af9]&amp#27;[0m Calling AppiumDriver.getStatus() with args: []
&amp#27;[38;5;16m[AppiumDriver@9af9]&amp#27;[0m Responding to client with driver.getStatus() result: {"ready":true,"message":"The server is ready to accept new connections","build":{"version":"2.4.1"}}
&amp#27;[38;5;0m[HTTP]&amp#27;[0m &amp#27;[37m<-- GET /status &amp#27;[39m&amp#27;[32m200&amp#27;[39m &amp#27;[90m7 ms - 110&amp#27;[39m
&amp#27;[38;5;0m[HTTP]&amp#27;[0m &amp#27;[90m&amp#27;[39m
&amp#27;[38;5;0m[HTTP]&amp#27;[0m Request idempotency key: f2fad2b1-7acc-4130-93d0-7a1b94125d3f
&amp#27;[38;5;0m[HTTP]&amp#27;[0m &amp#27;[37m-->&amp#27;[39m &amp#27;[37mPOST&amp#27;[39m &amp#27;[37m/session&amp#27;[39m
&amp#27;[38;5;0m[HTTP]&amp#27;[0m &amp#27;[90m{"capabilities":{"firstMatch":[{}],"alwaysMatch":{"appium:app":"C:\\Users\\gnani\\eclipse-workspace\\AppiumFramework//src//test//java//com//tests//resources//apk_files//General-Store.apk","platformName":"ANDROID","appium:automationName":"UIAutomator2","appium:deviceName":"Android Emulator"}}}&amp#27;[39m
&amp#27;[38;5;16m[AppiumDriver@9af9]&amp#27;[0m Calling AppiumDriver.createSession() with args: [null,null,{"firstMatch":[{}],"alwaysMatch":{"appium:app":"C:\\Users\\gnani\\eclipse-workspace\\AppiumFramework//src//test//java//com//tests//resources//apk_files//General-Store.apk","platformName":"ANDROID","appium:automationName":"UIAutomator2","appium:deviceName":"Android Emulator"}}]
&amp#27;[38;5;16m[AppiumDriver@9af9]&amp#27;[0m Event 'newSessionRequested' logged at 1709583495499 (12:18:15 GMT-0800 (Pacific Standard Time))
&amp#27;[35m[Appium]&amp#27;[39m Attempting to find matching driver for automationName 'UIAutomator2' and platformName 'ANDROID'
&amp#27;[35m[Appium]&amp#27;[39m The 'uiautomator2' driver was installed and matched caps.
&amp#27;[35m[Appium]&amp#27;[39m Will require it at C:\Users\gnani\.appium\node_modules\appium-uiautomator2-driver
&amp#27;[35m[Appium]&amp#27;[39m Requiring driver at C:\Users\gnani\.appium\node_modules\appium-uiautomator2-driver\build\index.js
&amp#27;[38;5;16m[AppiumDriver@9af9]&amp#27;[0m Appium v2.4.1 creating new AndroidUiautomator2Driver (v3.0.0) session
&amp#27;[38;5;16m[AppiumDriver@9af9]&amp#27;[0m Checking BaseDriver versions for Appium and AndroidUiautomator2Driver
&amp#27;[38;5;16m[AppiumDriver@9af9]&amp#27;[0m Appium's BaseDriver version is 9.5.0
&amp#27;[38;5;16m[AppiumDriver@9af9]&amp#27;[0m AndroidUiautomator2Driver's BaseDriver version is 9.5.0
&amp#27;[38;5;32m[AndroidUiautomator2Driver@6dc3]&amp#27;[0m Creating session with W3C capabilities: {
&amp#27;[38;5;32m[AndroidUiautomator2Driver@6dc3]&amp#27;[0m   "alwaysMatch": {
&amp#27;[38;5;32m[AndroidUiautomator2Driver@6dc3]&amp#27;[0m     "platformName": "ANDROID",
&amp#27;[38;5;32m[AndroidUiautomator2Driver@6dc3]&amp#27;[0m     "appium:app": "C:\\Users\\gnani\\eclipse-workspace\\AppiumFramework//src//test//java//com//tests//resources//apk_files//General-Store.apk",
&amp#27;[38;5;32m[AndroidUiautomator2Driver@6dc3]&amp#27;[0m     "appium:automationName": "UIAutomator2",
&amp#27;[38;5;32m[AndroidUiautomator2Driver@6dc3]&amp#27;[0m     "appium:deviceName": "Android Emulator"
&amp#27;[38;5;32m[AndroidUiautomator2Driver@6dc3]&amp#27;[0m   },
&amp#27;[38;5;32m[AndroidUiautomator2Driver@6dc3]&amp#27;[0m   "firstMatch": [
&amp#27;[38;5;32m[AndroidUiautomator2Driver@6dc3]&amp#27;[0m     {}
&amp#27;[38;5;32m[AndroidUiautomator2Driver@6dc3]&amp#27;[0m   ]
&amp#27;[38;5;32m[AndroidUiautomator2Driver@6dc3]&amp#27;[0m }
&amp#27;[38;5;32m[AndroidUiautomator2Driver@6dc3 (dd9b9291)]&amp#27;[0m Session created with session id: dd9b9291-9462-4b26-a6e5-47da9028d731
&amp#27;[38;5;48m[ADB]&amp#27;[0m Found 1 'build-tools' folders under 'C:\Users\gnani\AppData\Local\Android\Sdk' (newest first):
&amp#27;[38;5;48m[ADB]&amp#27;[0m     C:\Users\gnani\AppData\Local\Android\Sdk\build-tools\34.0.0
&amp#27;[38;5;48m[ADB]&amp#27;[0m Using 'adb.exe' from 'C:\Users\gnani\AppData\Local\Android\Sdk\platform-tools\adb.exe'
&amp#27;[38;5;48m[ADB]&amp#27;[0m Running 'C:\Users\gnani\AppData\Local\Android\Sdk\platform-tools\adb.exe -P 5037 start-server'
&amp#27;[38;5;32m[AndroidUiautomator2Driver@6dc3 (dd9b9291)]&amp#27;[0m Retrieving device list
&amp#27;[38;5;48m[ADB]&amp#27;[0m Trying to find connected Android devices
&amp#27;[38;5;48m[ADB]&amp#27;[0m Getting connected devices
&amp#27;[38;5;48m[ADB]&amp#27;[0m Connected devices: [{"udid":"emulator-5554","state":"device"}]
&amp#27;[38;5;32m[AndroidUiautomator2Driver@6dc3 (dd9b9291)]&amp#27;[0m Using device: emulator-5554
&amp#27;[38;5;48m[ADB]&amp#27;[0m Using 'adb.exe' from 'C:\Users\gnani\AppData\Local\Android\Sdk\platform-tools\adb.exe'
&amp#27;[38;5;48m[ADB]&amp#27;[0m Running 'C:\Users\gnani\AppData\Local\Android\Sdk\platform-tools\adb.exe -P 5037 start-server'
&amp#27;[38;5;48m[ADB]&amp#27;[0m Setting device id to emulator-5554
&amp#27;[38;5;64m[BaseDriver]&amp#27;[0m Using local app 'C:\Users\gnani\eclipse-workspace\AppiumFramework//src//test//java//com//tests//resources//apk_files//General-Store.apk'
&amp#27;[38;5;32m[AndroidUiautomator2Driver@6dc3 (dd9b9291)]&amp#27;[0m Checking whether app is actually present
&amp#27;[38;5;48m[ADB]&amp#27;[0m Running 'C:\Users\gnani\AppData\Local\Android\Sdk\platform-tools\adb.exe -P 5037 -s emulator-5554 shell getprop ro.build.version.sdk'
&amp#27;[38;5;48m[ADB]&amp#27;[0m Current device property 'ro.build.version.sdk': 33
&amp#27;[38;5;48m[ADB]&amp#27;[0m Getting device platform version
&amp#27;[38;5;48m[ADB]&amp#27;[0m Running 'C:\Users\gnani\AppData\Local\Android\Sdk\platform-tools\adb.exe -P 5037 -s emulator-5554 shell getprop ro.build.version.release'
&amp#27;[38;5;48m[ADB]&amp#27;[0m Current device property 'ro.build.version.release': 13
&amp#27;[38;5;48m[ADB]&amp#27;[0m Device API level: 33
&amp#27;[38;5;32m[AndroidUiautomator2Driver@6dc3 (dd9b9291)]&amp#27;[0m Relaxing hidden api policy
&amp#27;[38;5;48m[ADB]&amp#27;[0m Running 'C:\Users\gnani\AppData\Local\Android\Sdk\platform-tools\adb.exe -P 5037 -s emulator-5554 shell 'settings put global hidden_api_policy_pre_p_apps 1;settings put global hidden_api_policy_p_apps 1;settings put global hidden_api_policy 1''
&amp#27;[38;5;32m[AndroidUiautomator2Driver@6dc3 (dd9b9291)]&amp#27;[0m Parsing package and activity from app manifest
&amp#27;[38;5;48m[ADB]&amp#27;[0m Running 'C:\Users\gnani\AppData\Local\Android\Sdk\platform-tools\adb.exe -P 5037 -s emulator-5554 wait-for-device'
&amp#27;[38;5;48m[ADB]&amp#27;[0m Package name: 'com.androidsample.generalstore'
&amp#27;[38;5;48m[ADB]&amp#27;[0m Main activity name: 'com.androidsample.generalstore.SplashActivity'
&amp#27;[38;5;32m[AndroidUiautomator2Driver@6dc3 (dd9b9291)]&amp#27;[0m Parsed package and activity are: com.androidsample.generalstore/com.androidsample.generalstore.SplashActivity
&amp#27;[38;5;48m[ADB]&amp#27;[0m Running 'C:\Users\gnani\AppData\Local\Android\Sdk\platform-tools\adb.exe -P 5037 -s emulator-5554 shell echo ping'
&amp#27;[38;5;32m[AndroidUiautomator2Driver@6dc3 (dd9b9291)]&amp#27;[0m Pushing settings apk to the device...
&amp#27;[38;5;48m[ADB]&amp#27;[0m Getting package info for 'io.appium.settings'
&amp#27;[38;5;48m[ADB]&amp#27;[0m Running 'C:\Users\gnani\AppData\Local\Android\Sdk\platform-tools\adb.exe -P 5037 -s emulator-5554 shell dumpsys package io.appium.settings'
&amp#27;[38;5;48m[ADB]&amp#27;[0m The version name of the installed 'io.appium.settings' is greater or equal to the application version name ('5.7.5' >= '5.7.5')
&amp#27;[38;5;48m[ADB]&amp#27;[0m There is no need to install/upgrade 'C:\Users\gnani\.appium\node_modules\appium-uiautomator2-driver\node_modules\io.appium.settings\apks\settings_apk-debug.apk'
&amp#27;[38;5;48m[ADB]&amp#27;[0m Running 'C:\Users\gnani\AppData\Local\Android\Sdk\platform-tools\adb.exe -P 5037 -s emulator-5554 shell dumpsys activity services io.appium.settings'
&amp#27;[38;5;32m[AndroidUiautomator2Driver@6dc3 (dd9b9291)]&amp#27;[0m io.appium.settings is already running. There is no need to reset its permissions.
&amp#27;[38;5;80m[Logcat]&amp#27;[0m Starting logs capture with command: C:\\Users\\gnani\\AppData\\Local\\Android\\Sdk\\platform-tools\\adb.exe -P 5037 -s emulator-5554 logcat -v threadtime
&amp#27;[38;5;32m[AndroidUiautomator2Driver@6dc3 (dd9b9291)]&amp#27;[0m Forwarding UiAutomator2 Server port 6790 to local port 8200
&amp#27;[38;5;48m[ADB]&amp#27;[0m Forwarding system: 8200 to device: 6790
&amp#27;[38;5;48m[ADB]&amp#27;[0m Running 'C:\Users\gnani\AppData\Local\Android\Sdk\platform-tools\adb.exe -P 5037 -s emulator-5554 forward tcp:8200 tcp:6790'
&amp#27;[38;5;48m[ADB]&amp#27;[0m Checking app cert for C:\Users\gnani\eclipse-workspace\AppiumFramework//src//test//java//com//tests//resources//apk_files//General-Store.apk
&amp#27;[38;5;48m[ADB]&amp#27;[0m Checking app cert for C:\Users\gnani\.appium\node_modules\appium-uiautomator2-driver\node_modules\appium-uiautomator2-server\apks\appium-uiautomator2-server-v7.0.0.apk
&amp#27;[38;5;48m[ADB]&amp#27;[0m Checking app cert for C:\Users\gnani\.appium\node_modules\appium-uiautomator2-driver\node_modules\appium-uiautomator2-server\apks\appium-uiautomator2-server-debug-androidTest.apk
&amp#27;[38;5;48m[ADB]&amp#27;[0m Using 'apksigner.jar' from 'C:\Users\gnani\AppData\Local\Android\Sdk\build-tools\34.0.0\lib\apksigner.jar'
&amp#27;[38;5;48m[ADB]&amp#27;[0m Starting apksigner: 'C:\\Program Files\\Java\\jdk-11\\bin\\java.exe' -Xmx1024M -Xss1m -jar C:\\Users\\gnani\\AppData\\Local\\Android\\Sdk\\build-tools\\34.0.0\\lib\\apksigner.jar verify --print-certs C:\\Users\\gnani\\.appium\\node_modules\\appium-uiautomator2-driver\\node_modules\\appium-uiautomator2-server\\apks\\appium-uiautomator2-server-debug-androidTest.apk
&amp#27;[38;5;48m[ADB]&amp#27;[0m Starting apksigner: 'C:\\Program Files\\Java\\jdk-11\\bin\\java.exe' -Xmx1024M -Xss1m -jar C:\\Users\\gnani\\AppData\\Local\\Android\\Sdk\\build-tools\\34.0.0\\lib\\apksigner.jar verify --print-certs C:\\Users\\gnani\\eclipse-workspace\\AppiumFramework//src//test//java//com//tests//resources//apk_files//General-Store.apk
&amp#27;[38;5;48m[ADB]&amp#27;[0m Starting apksigner: 'C:\\Program Files\\Java\\jdk-11\\bin\\java.exe' -Xmx1024M -Xss1m -jar C:\\Users\\gnani\\AppData\\Local\\Android\\Sdk\\build-tools\\34.0.0\\lib\\apksigner.jar verify --print-certs C:\\Users\\gnani\\.appium\\node_modules\\appium-uiautomator2-driver\\node_modules\\appium-uiautomator2-server\\apks\\appium-uiautomator2-server-v7.0.0.apk
&amp#27;[38;5;48m[ADB]&amp#27;[0m apksigner stdout: Signer #1 certificate DN: EMAILADDRESS=android@android.com, CN=Android, OU=Android, O=Android, L=Mountain View, ST=California, C=US
&amp#27;[38;5;48m[ADB]&amp#27;[0m Signer #1 certificate SHA-256 digest: a40da80a59d170caa950cf15c18c454d47a39b26989d8b640ecd745ba71bf5dc
&amp#27;[38;5;48m[ADB]&amp#27;[0m Signer #1 certificate SHA-1 digest: 61ed377e85d386a8dfee6b864bd85b0bfaa5af81
&amp#27;[38;5;48m[ADB]&amp#27;[0m Signer #1 certificate MD5 digest: e89b158e4bcf988ebd09eb83f5378e87
&amp#27;[38;5;48m[ADB]&amp#27;[0m 
&amp#27;[38;5;48m[ADB]&amp#27;[0m sha256 hash did match for 'appium-uiautomator2-server-debug-androidTest.apk'
&amp#27;[38;5;48m[ADB]&amp#27;[0m 'C:\Users\gnani\.appium\node_modules\appium-uiautomator2-driver\node_modules\appium-uiautomator2-server\apks\appium-uiautomator2-server-debug-androidTest.apk' is signed with the default certificate
&amp#27;[38;5;48m[ADB]&amp#27;[0m Getting install status for io.appium.uiautomator2.server.test
&amp#27;[38;5;48m[ADB]&amp#27;[0m Running 'C:\Users\gnani\AppData\Local\Android\Sdk\platform-tools\adb.exe -P 5037 -s emulator-5554 shell pm path io.appium.uiautomator2.server.test'
&amp#27;[38;5;48m[ADB]&amp#27;[0m 'io.appium.uiautomator2.server.test' is installed
&amp#27;[38;5;48m[ADB]&amp#27;[0m apksigner stdout: Signer #1 certificate DN: EMAILADDRESS=android@android.com, CN=Android, OU=Android, O=Android, L=Mountain View, ST=California, C=US
&amp#27;[38;5;48m[ADB]&amp#27;[0m Signer #1 certificate SHA-256 digest: a40da80a59d170caa950cf15c18c454d47a39b26989d8b640ecd745ba71bf5dc
&amp#27;[38;5;48m[ADB]&amp#27;[0m Signer #1 certificate SHA-1 digest: 61ed377e85d386a8dfee6b864bd85b0bfaa5af81
&amp#27;[38;5;48m[ADB]&amp#27;[0m Signer #1 certificate MD5 digest: e89b158e4bcf988ebd09eb83f5378e87
&amp#27;[38;5;48m[ADB]&amp#27;[0m 
&amp#27;[38;5;48m[ADB]&amp#27;[0m sha256 hash did match for 'General-Store.apk'
&amp#27;[38;5;48m[ADB]&amp#27;[0m 'C:\Users\gnani\eclipse-workspace\AppiumFramework//src//test//java//com//tests//resources//apk_files//General-Store.apk' is signed with the default certificate
&amp#27;[38;5;48m[ADB]&amp#27;[0m Getting package info for 'com.androidsample.generalstore'
&amp#27;[38;5;48m[ADB]&amp#27;[0m Running 'C:\Users\gnani\AppData\Local\Android\Sdk\platform-tools\adb.exe -P 5037 -s emulator-5554 shell dumpsys package com.androidsample.generalstore'
&amp#27;[38;5;48m[ADB]&amp#27;[0m The version name of the installed 'com.androidsample.generalstore' is greater or equal to the application version name ('1.0.0' >= '1.0.0')
&amp#27;[38;5;48m[ADB]&amp#27;[0m There is no need to install/upgrade 'C:\Users\gnani\eclipse-workspace\AppiumFramework//src//test//java//com//tests//resources//apk_files//General-Store.apk'
&amp#27;[38;5;32m[AndroidUiautomator2Driver@6dc3 (dd9b9291)]&amp#27;[0m Performing fast reset on 'com.androidsample.generalstore'
&amp#27;[38;5;48m[ADB]&amp#27;[0m Getting install status for com.androidsample.generalstore
&amp#27;[38;5;48m[ADB]&amp#27;[0m Running 'C:\Users\gnani\AppData\Local\Android\Sdk\platform-tools\adb.exe -P 5037 -s emulator-5554 shell pm path com.androidsample.generalstore'
&amp#27;[38;5;48m[ADB]&amp#27;[0m 'com.androidsample.generalstore' is installed
&amp#27;[38;5;48m[ADB]&amp#27;[0m Running 'C:\Users\gnani\AppData\Local\Android\Sdk\platform-tools\adb.exe -P 5037 -s emulator-5554 shell am force-stop com.androidsample.generalstore'
&amp#27;[38;5;48m[ADB]&amp#27;[0m Running 'C:\Users\gnani\AppData\Local\Android\Sdk\platform-tools\adb.exe -P 5037 -s emulator-5554 shell pm clear com.androidsample.generalstore'
&amp#27;[38;5;32m[AndroidUiautomator2Driver@6dc3 (dd9b9291)]&amp#27;[0m Performed fast reset on the installed 'com.androidsample.generalstore' application (stop and clear)
&amp#27;[38;5;48m[ADB]&amp#27;[0m apksigner stdout: Signer #1 certificate DN: EMAILADDRESS=android@android.com, CN=Android, OU=Android, O=Android, L=Mountain View, ST=California, C=US
&amp#27;[38;5;48m[ADB]&amp#27;[0m Signer #1 certificate SHA-256 digest: a40da80a59d170caa950cf15c18c454d47a39b26989d8b640ecd745ba71bf5dc
&amp#27;[38;5;48m[ADB]&amp#27;[0m Signer #1 certificate SHA-1 digest: 61ed377e85d386a8dfee6b864bd85b0bfaa5af81
&amp#27;[38;5;48m[ADB]&amp#27;[0m Signer #1 certificate MD5 digest: e89b158e4bcf988ebd09eb83f5378e87
&amp#27;[38;5;48m[ADB]&amp#27;[0m 
&amp#27;[38;5;48m[ADB]&amp#27;[0m sha256 hash did match for 'appium-uiautomator2-server-v7.0.0.apk'
&amp#27;[38;5;48m[ADB]&amp#27;[0m 'C:\Users\gnani\.appium\node_modules\appium-uiautomator2-driver\node_modules\appium-uiautomator2-server\apks\appium-uiautomator2-server-v7.0.0.apk' is signed with the default certificate
&amp#27;[38;5;48m[ADB]&amp#27;[0m Getting package info for 'io.appium.uiautomator2.server'
&amp#27;[38;5;48m[ADB]&amp#27;[0m Running 'C:\Users\gnani\AppData\Local\Android\Sdk\platform-tools\adb.exe -P 5037 -s emulator-5554 shell dumpsys package io.appium.uiautomator2.server'
&amp#27;[38;5;48m[ADB]&amp#27;[0m The version name of the installed 'io.appium.uiautomator2.server' is greater or equal to the application version name ('7.0.0' >= '7.0.0')
&amp#27;[38;5;32m[AndroidUiautomator2Driver@6dc3 (dd9b9291)]&amp#27;[0m Server packages status: [{"wasSigned":true,"installState":"sameVersionInstalled","appPath":"C:\\Users\\gnani\\.appium\\node_modules\\appium-uiautomator2-driver\\node_modules\\appium-uiautomator2-server\\apks\\appium-uiautomator2-server-v7.0.0.apk","appId":"io.appium.uiautomator2.server"},{"wasSigned":true,"installState":"sameVersionInstalled","appPath":"C:\\Users\\gnani\\.appium\\node_modules\\appium-uiautomator2-driver\\node_modules\\appium-uiautomator2-server\\apks\\appium-uiautomator2-server-debug-androidTest.apk","appId":"io.appium.uiautomator2.server.test"}]
&amp#27;[38;5;32m[AndroidUiautomator2Driver@6dc3 (dd9b9291)]&amp#27;[0m Server packages are not going to be (re)installed
&amp#27;[38;5;32m[AndroidUiautomator2Driver@6dc3 (dd9b9291)]&amp#27;[0m Waiting up to 30000ms for services to be available
&amp#27;[38;5;48m[ADB]&amp#27;[0m Running 'C:\Users\gnani\AppData\Local\Android\Sdk\platform-tools\adb.exe -P 5037 -s emulator-5554 shell pm list instrumentation'
&amp#27;[38;5;32m[AndroidUiautomator2Driver@6dc3 (dd9b9291)]&amp#27;[0m Instrumentation target 'io.appium.uiautomator2.server.test/androidx.test.runner.AndroidJUnitRunner' is available
&amp#27;[38;5;48m[ADB]&amp#27;[0m Adding packages ["io.appium.settings","io.appium.uiautomator2.server","io.appium.uiautomator2.server.test"] to Doze whitelist
&amp#27;[38;5;48m[ADB]&amp#27;[0m Got the following command chunks to execute: [["dumpsys","deviceidle","whitelist","+io.appium.settings",";","dumpsys","deviceidle","whitelist","+io.appium.uiautomator2.server",";","dumpsys","deviceidle","whitelist","+io.appium.uiautomator2.server.test",";"]]
&amp#27;[38;5;48m[ADB]&amp#27;[0m Running 'C:\Users\gnani\AppData\Local\Android\Sdk\platform-tools\adb.exe -P 5037 -s emulator-5554 shell dumpsys deviceidle whitelist +io.appium.settings ; dumpsys deviceidle whitelist +io.appium.uiautomator2.server ; dumpsys deviceidle whitelist +io.appium.uiautomator2.server.test ;'
&amp#27;[38;5;32m[AndroidUiautomator2Driver@6dc3 (dd9b9291)]&amp#27;[0m Performing shallow cleanup of automation leftovers
&amp#27;[38;5;32m[AndroidUiautomator2Driver@6dc3 (dd9b9291)]&amp#27;[0m No obsolete sessions have been detected (socket hang up)
&amp#27;[38;5;48m[ADB]&amp#27;[0m Running 'C:\Users\gnani\AppData\Local\Android\Sdk\platform-tools\adb.exe -P 5037 -s emulator-5554 shell am force-stop io.appium.uiautomator2.server.test'
&amp#27;[38;5;32m[AndroidUiautomator2Driver@6dc3 (dd9b9291)]&amp#27;[0m Starting UIAutomator2 server 7.0.0
&amp#27;[38;5;32m[AndroidUiautomator2Driver@6dc3 (dd9b9291)]&amp#27;[0m Using UIAutomator2 server from 'C:\Users\gnani\.appium\node_modules\appium-uiautomator2-driver\node_modules\appium-uiautomator2-server\apks\appium-uiautomator2-server-v7.0.0.apk' and test from 'C:\Users\gnani\.appium\node_modules\appium-uiautomator2-driver\node_modules\appium-uiautomator2-server\apks\appium-uiautomator2-server-debug-androidTest.apk'
&amp#27;[38;5;32m[AndroidUiautomator2Driver@6dc3 (dd9b9291)]&amp#27;[0m Waiting up to 30000ms for UiAutomator2 to be online...
&amp#27;[38;5;48m[ADB]&amp#27;[0m Creating ADB subprocess with args: ["-P","5037","-s","emulator-5554","shell","am","instrument","-w","-e","disableAnalytics","true","io.appium.uiautomator2.server.test/androidx.test.runner.AndroidJUnitRunner"]
&amp#27;[38;5;32m[AndroidUiautomator2Driver@6dc3 (dd9b9291)]&amp#27;[0m Matched '/status' to command name 'getStatus'
&amp#27;[38;5;32m[AndroidUiautomator2Driver@6dc3 (dd9b9291)]&amp#27;[0m Proxying [GET /status] to [GET http://127.0.0.1:8200/status] with no body
&amp#27;[38;5;32m[AndroidUiautomator2Driver@6dc3 (dd9b9291)]&amp#27;[0m socket hang up
&amp#27;[38;5;32m[AndroidUiautomator2Driver@6dc3 (dd9b9291)]&amp#27;[0m Matched '/status' to command name 'getStatus'
&amp#27;[38;5;32m[AndroidUiautomator2Driver@6dc3 (dd9b9291)]&amp#27;[0m Proxying [GET /status] to [GET http://127.0.0.1:8200/status] with no body
&amp#27;[38;5;32m[AndroidUiautomator2Driver@6dc3 (dd9b9291)]&amp#27;[0m socket hang up
&amp#27;[38;5;32m[AndroidUiautomator2Driver@6dc3 (dd9b9291)]&amp#27;[0m Matched '/status' to command name 'getStatus'
&amp#27;[38;5;32m[AndroidUiautomator2Driver@6dc3 (dd9b9291)]&amp#27;[0m Proxying [GET /status] to [GET http://127.0.0.1:8200/status] with no body
&amp#27;[38;5;32m[AndroidUiautomator2Driver@6dc3 (dd9b9291)]&amp#27;[0m socket hang up
&amp#27;[38;5;32m[AndroidUiautomator2Driver@6dc3 (dd9b9291)]&amp#27;[0m Matched '/status' to command name 'getStatus'
&amp#27;[38;5;32m[AndroidUiautomator2Driver@6dc3 (dd9b9291)]&amp#27;[0m Proxying [GET /status] to [GET http://127.0.0.1:8200/status] with no body
&amp#27;[38;5;32m[AndroidUiautomator2Driver@6dc3 (dd9b9291)]&amp#27;[0m socket hang up
&amp#27;[38;5;32m[AndroidUiautomator2Driver@6dc3 (dd9b9291)]&amp#27;[0m Matched '/status' to command name 'getStatus'
&amp#27;[38;5;32m[AndroidUiautomator2Driver@6dc3 (dd9b9291)]&amp#27;[0m Proxying [GET /status] to [GET http://127.0.0.1:8200/status] with no body
&amp#27;[38;5;32m[AndroidUiautomator2Driver@6dc3 (dd9b9291)]&amp#27;[0m socket hang up
&amp#27;[38;5;32m[AndroidUiautomator2Driver@6dc3 (dd9b9291)]&amp#27;[0m Matched '/status' to command name 'getStatus'
&amp#27;[38;5;32m[AndroidUiautomator2Driver@6dc3 (dd9b9291)]&amp#27;[0m Proxying [GET /status] to [GET http://127.0.0.1:8200/status] with no body
&amp#27;[38;5;32m[AndroidUiautomator2Driver@6dc3 (dd9b9291)]&amp#27;[0m socket hang up
&amp#27;[38;5;32m[AndroidUiautomator2Driver@6dc3 (dd9b9291)]&amp#27;[0m Matched '/status' to command name 'getStatus'
&amp#27;[38;5;32m[AndroidUiautomator2Driver@6dc3 (dd9b9291)]&amp#27;[0m Proxying [GET /status] to [GET http://127.0.0.1:8200/status] with no body
&amp#27;[38;5;32m[AndroidUiautomator2Driver@6dc3 (dd9b9291)]&amp#27;[0m socket hang up
&amp#27;[38;5;96m[Instrumentation]&amp#27;[0m io.appium.uiautomator2.server.test.AppiumUiAutomator2Server:
&amp#27;[38;5;32m[AndroidUiautomator2Driver@6dc3 (dd9b9291)]&amp#27;[0m Matched '/status' to command name 'getStatus'
&amp#27;[38;5;32m[AndroidUiautomator2Driver@6dc3 (dd9b9291)]&amp#27;[0m Proxying [GET /status] to [GET http://127.0.0.1:8200/status] with no body
&amp#27;[38;5;32m[AndroidUiautomator2Driver@6dc3 (dd9b9291)]&amp#27;[0m socket hang up
&amp#27;[38;5;32m[AndroidUiautomator2Driver@6dc3 (dd9b9291)]&amp#27;[0m Matched '/status' to command name 'getStatus'
&amp#27;[38;5;32m[AndroidUiautomator2Driver@6dc3 (dd9b9291)]&amp#27;[0m Proxying [GET /status] to [GET http://127.0.0.1:8200/status] with no body
&amp#27;[38;5;32m[AndroidUiautomator2Driver@6dc3 (dd9b9291)]&amp#27;[0m socket hang up
&amp#27;[38;5;32m[AndroidUiautomator2Driver@6dc3 (dd9b9291)]&amp#27;[0m Matched '/status' to command name 'getStatus'
&amp#27;[38;5;32m[AndroidUiautomator2Driver@6dc3 (dd9b9291)]&amp#27;[0m Proxying [GET /status] to [GET http://127.0.0.1:8200/status] with no body
&amp#27;[38;5;32m[AndroidUiautomator2Driver@6dc3 (dd9b9291)]&amp#27;[0m Got response with status 200: {"sessionId":"None","value":{"message":"UiAutomator2 Server is ready to accept commands","ready":true}}
&amp#27;[38;5;32m[AndroidUiautomator2Driver@6dc3 (dd9b9291)]&amp#27;[0m The initialization of the instrumentation process took 9750ms
&amp#27;[38;5;32m[AndroidUiautomator2Driver@6dc3 (dd9b9291)]&amp#27;[0m Matched '/session' to command name 'createSession'
&amp#27;[38;5;32m[AndroidUiautomator2Driver@6dc3 (dd9b9291)]&amp#27;[0m Proxying [POST /session] to [POST http://127.0.0.1:8200/session] with body: {"capabilities":{"firstMatch":[{"platformName":"ANDROID","app":"C:\\Users\\gnani\\eclipse-workspace\\AppiumFramework//src//test//java//com//tests//resources//apk_files//General-Store.apk","automationName":"UIAutomator2","deviceName":"emulator-5554","platform":"LINUX","webStorageEnabled":false,"takesScreenshot":true,"javascriptEnabled":true,"databaseEnabled":false,"networkConnectionEnabled":true,"locationContextEnabled":false,"warnings":{},"desired":{"platformName":"ANDROID","app":"C:\\Users\\gnani\\eclipse-workspace\\AppiumFramework//src//test//java//com//tests//resources//apk_files//General-Store.apk","automationName":"UIAutomator2","deviceName":"Android Emulator"},"deviceUDID":"emulator-5554","appPackage":"com.androidsample.generalstore"}],"alwaysMatch":{}}}
&amp#27;[38;5;32m[AndroidUiautomator2Driver@6dc3 (dd9b9291)]&amp#27;[0m Got response with status 200: {"sessionId":"c9c78628-6f0a-4246-b9d7-50eb83cc1365","value":{"capabilities":{"firstMatch":[{"platformName":"ANDROID","app":"C:\\Users\\gnani\\eclipse-workspace\\AppiumFramework//src//test//java//com//tests//resources//apk_files//General-Store.apk","automationName":"UIAutomator2","deviceName":"emulator-5554","platform":"LINUX","webStorageEnabled":false,"takesScreenshot":true,"javascriptEnabled":true,"databaseEnabled":false,"networkConnectionEnabled":true,"locationContextEnabled":false,"warnings":{},"desired":{"platformName":"ANDROID","app":"C:\\Users\\gnani\\eclipse-workspace\\AppiumFramework//src//test//java//com//tests//resources//apk_files//General-Store.apk","automationName":"UIAutomator2","deviceName":"Android Emulator"},"deviceUDID":"emulator-5554","appPackage":"com.androidsample.generalstore"}],"alwaysMatch":{}},"sessionId":"c9c78628-6f0a-4246-b9d7-50eb83cc1365"}}
&amp#27;[38;5;32m[AndroidUiautomator2Driver@6dc3 (dd9b9291)]&amp#27;[0m Determined the downstream protocol as 'W3C'
&amp#27;[38;5;32m[AndroidUiautomator2Driver@6dc3 (dd9b9291)]&amp#27;[0m Proxying [GET /appium/device/pixel_ratio] to [GET http://127.0.0.1:8200/session/c9c78628-6f0a-4246-b9d7-50eb83cc1365/appium/device/pixel_ratio] with no body
&amp#27;[38;5;32m[AndroidUiautomator2Driver@6dc3 (dd9b9291)]&amp#27;[0m Matched '/appium/device/system_bars' to command name 'getSystemBars'
&amp#27;[38;5;32m[AndroidUiautomator2Driver@6dc3 (dd9b9291)]&amp#27;[0m Proxying [GET /appium/device/system_bars] to [GET http://127.0.0.1:8200/session/c9c78628-6f0a-4246-b9d7-50eb83cc1365/appium/device/system_bars] with no body
&amp#27;[38;5;32m[AndroidUiautomator2Driver@6dc3 (dd9b9291)]&amp#27;[0m Matched '/window/current/size' to command name 'getWindowSize'
&amp#27;[38;5;32m[AndroidUiautomator2Driver@6dc3 (dd9b9291)]&amp#27;[0m Proxying [GET /window/current/size] to [GET http://127.0.0.1:8200/session/c9c78628-6f0a-4246-b9d7-50eb83cc1365/window/current/size] with no body
&amp#27;[38;5;32m[AndroidUiautomator2Driver@6dc3 (dd9b9291)]&amp#27;[0m Proxying [GET /appium/device/info] to [GET http://127.0.0.1:8200/session/c9c78628-6f0a-4246-b9d7-50eb83cc1365/appium/device/info] with no body
&amp#27;[38;5;48m[ADB]&amp#27;[0m Running 'C:\Users\gnani\AppData\Local\Android\Sdk\platform-tools\adb.exe -P 5037 -s emulator-5554 shell dumpsys window'
&amp#27;[38;5;32m[AndroidUiautomator2Driver@6dc3 (dd9b9291)]&amp#27;[0m Got response with status 200: {"sessionId":"c9c78628-6f0a-4246-b9d7-50eb83cc1365","value":3.5}
&amp#27;[38;5;32m[AndroidUiautomator2Driver@6dc3 (dd9b9291)]&amp#27;[0m Got response with status 200: {"sessionId":"c9c78628-6f0a-4246-b9d7-50eb83cc1365","value":{"height":2560,"width":1440}}
&amp#27;[38;5;32m[AndroidUiautomator2Driver@6dc3 (dd9b9291)]&amp#27;[0m Got response with status 200: {"sessionId":"c9c78628-6f0a-4246-b9d7-50eb83cc1365","value":{"statusBar":84}}
&amp#27;[38;5;32m[AndroidUiautomator2Driver@6dc3 (dd9b9291)]&amp#27;[0m Got response with status 200: {"sessionId":"c9c78628-6f0a-4246-b9d7-50eb83cc1365","value":{"androidId":"f6cb8317f72422e6","apiVersion":"33","bluetooth":{"state":"ON"},"brand":"google","carrierName":"T-Mobile","displayDensity":560,"locale":"en_US","manufacturer":"Google","model":"sdk_gphone_x86_64","networks":[{"capabilities":{"SSID":null,"linkDownBandwidthKbps":4300,"linkUpstreamBandwidthKbps":1800,"networkCapabilities":"NET_CAPABILITY_MMS,NET_CAPABILITY_SUPL,NET_CAPABILITY_DUN,NET_CAPABILITY_FOTA,NET_CAPABILITY_IMS,NET_CAPABILITY_CBS,NET_CAPABILITY_INTERNET,NET_CAPABILITY_NOT_RESTRICTED,NET_CAPABILITY_TRUSTED,NET_CAPABILITY_NOT_VPN,NET_CAPABILITY_VALIDATED,NET_CAPABILITY_NOT_ROAMING,NET_CAPABILITY_NOT_CONGESTED,NET_CAPABILITY_NOT_SUSPENDED","signalStrength":-2147483648,"transportTypes":"TRANSPORT_CELLULAR"},"detailedState":"CONNECTED","extraInfo":"epc.tmobile.com","isAvailable":true,"isConnected":true,"isFailover":false,"isRoaming":false,"state":"CONNECTED","subtype":10,"subtypeName":"HSPA","type":0,"typeName":"MOBILE"},{"capabilities...
&amp#27;[38;5;32m[AndroidUiautomator2Driver@6dc3 (dd9b9291)]&amp#27;[0m Screen already unlocked, doing nothing
&amp#27;[38;5;32m[AndroidUiautomator2Driver@6dc3 (dd9b9291)]&amp#27;[0m Starting 'com.androidsample.generalstore/com.androidsample.generalstore.SplashActivity and waiting for 'com.androidsample.generalstore/com.androidsample.generalstore.SplashActivity'
&amp#27;[38;5;48m[ADB]&amp#27;[0m Running 'C:\Users\gnani\AppData\Local\Android\Sdk\platform-tools\adb.exe -P 5037 -s emulator-5554 shell am start -W -n com.androidsample.generalstore/com.androidsample.generalstore.SplashActivity -S -a android.intent.action.MAIN -c android.intent.category.LAUNCHER -f 0x10200000'
&amp#27;[38;5;48m[ADB]&amp#27;[0m Waiting up to 20000ms for activity matching pkg: 'com.androidsample.generalstore' and activity: 'com.androidsample.generalstore.SplashActivity' to be focused
&amp#27;[38;5;48m[ADB]&amp#27;[0m Possible activities, to be checked: 'com.androidsample.generalstore.SplashActivity', 'com.androidsample.generalstore.com.androidsample.generalstore.SplashActivity'
&amp#27;[38;5;48m[ADB]&amp#27;[0m Getting focused package and activity
&amp#27;[38;5;48m[ADB]&amp#27;[0m Running 'C:\Users\gnani\AppData\Local\Android\Sdk\platform-tools\adb.exe -P 5037 -s emulator-5554 shell dumpsys window displays'
&amp#27;[38;5;48m[ADB]&amp#27;[0m Found package: 'com.androidsample.generalstore' and fully qualified activity name : 'com.androidsample.generalstore.SplashActivity'
&amp#27;[38;5;16m[AppiumDriver@9af9]&amp#27;[0m New AndroidUiautomator2Driver session created successfully, session dd9b9291-9462-4b26-a6e5-47da9028d731 added to master session list
&amp#27;[38;5;16m[AppiumDriver@9af9]&amp#27;[0m Event 'newSessionStarted' logged at 1709583514513 (12:18:34 GMT-0800 (Pacific Standard Time))
&amp#27;[38;5;32m[AndroidUiautomator2Driver@6dc3 (dd9b9291)]&amp#27;[0m Cached the protocol value 'W3C' for the new session dd9b9291-9462-4b26-a6e5-47da9028d731
&amp#27;[38;5;32m[AndroidUiautomator2Driver@6dc3 (dd9b9291)]&amp#27;[0m Responding to client with driver.createSession() result: {"capabilities":{"platformName":"ANDROID","app":"C:\\Users\\gnani\\eclipse-workspace\\AppiumFramework//src//test//java//com//tests//resources//apk_files//General-Store.apk","automationName":"UIAutomator2","deviceName":"emulator-5554","platform":"LINUX","webStorageEnabled":false,"takesScreenshot":true,"javascriptEnabled":true,"databaseEnabled":false,"networkConnectionEnabled":true,"locationContextEnabled":false,"warnings":{},"desired":{"platformName":"ANDROID","app":"C:\\Users\\gnani\\eclipse-workspace\\AppiumFramework//src//test//java//com//tests//resources//apk_files//General-Store.apk","automationName":"UIAutomator2","deviceName":"Android Emulator"},"deviceUDID":"emulator-5554","appPackage":"com.androidsample.generalstore","pixelRatio":"3.5","statBarHeight":84,"viewportRect":{"left":0,"top":84,"width":1440,"height":2476},"deviceApiLevel":33,"platformVersion":"13","deviceManufacturer":"Google","deviceModel":"sdk_gphone_x86_64","deviceScreenSize":"1440x2560","deviceScreenDensity":560}}
&amp#27;[38;5;0m[HTTP]&amp#27;[0m &amp#27;[37m<-- POST /session &amp#27;[39m&amp#27;[32m200&amp#27;[39m &amp#27;[90m19018 ms - 1061&amp#27;[39m
&amp#27;[38;5;0m[HTTP]&amp#27;[0m &amp#27;[90m&amp#27;[39m
&amp#27;[38;5;0m[HTTP]&amp#27;[0m &amp#27;[37m-->&amp#27;[39m &amp#27;[37mPOST&amp#27;[39m &amp#27;[37m/session/dd9b9291-9462-4b26-a6e5-47da9028d731/execute/sync&amp#27;[39m
&amp#27;[38;5;0m[HTTP]&amp#27;[0m &amp#27;[90m{"args":[{"intent":"com.androidsample.generalstore/com.androidsample.generalstore.MainActivity"}],"script":"mobile: startActivity"}&amp#27;[39m
&amp#27;[38;5;32m[AndroidUiautomator2Driver@6dc3 (dd9b9291)]&amp#27;[0m Calling AppiumDriver.execute() with args: ["mobile: startActivity",[{"intent":"com.androidsample.generalstore/com.androidsample.generalstore.MainActivity"}],"dd9b9291-9462-4b26-a6e5-47da9028d731"]
&amp#27;[38;5;32m[AndroidUiautomator2Driver@6dc3 (dd9b9291)]&amp#27;[0m Executing method 'mobile: startActivity'
&amp#27;[38;5;48m[ADB]&amp#27;[0m Running 'C:\Users\gnani\AppData\Local\Android\Sdk\platform-tools\adb.exe -P 5037 -s emulator-5554 shell am start-activity com.androidsample.generalstore/com.androidsample.generalstore.MainActivity'
&amp#27;[38;5;32m[AndroidUiautomator2Driver@6dc3 (dd9b9291)]&amp#27;[0m Responding to client with driver.execute() result: "Starting: Intent { act=android.intent.action.MAIN cat=[android.intent.category.LAUNCHER] cmp=com.androidsample.generalstore/.MainActivity }"
&amp#27;[38;5;0m[HTTP]&amp#27;[0m &amp#27;[37m<-- POST /session/dd9b9291-9462-4b26-a6e5-47da9028d731/execute/sync &amp#27;[39m&amp#27;[32m200&amp#27;[39m &amp#27;[90m139 ms - 151&amp#27;[39m
&amp#27;[38;5;0m[HTTP]&amp#27;[0m &amp#27;[90m&amp#27;[39m
&amp#27;[38;5;0m[HTTP]&amp#27;[0m &amp#27;[37m-->&amp#27;[39m &amp#27;[37mPOST&amp#27;[39m &amp#27;[37m/session/dd9b9291-9462-4b26-a6e5-47da9028d731/element&amp#27;[39m
&amp#27;[38;5;0m[HTTP]&amp#27;[0m &amp#27;[90m{"value":"com.androidsample.generalstore:id/radioFemale","using":"id"}&amp#27;[39m
&amp#27;[38;5;32m[AndroidUiautomator2Driver@6dc3 (dd9b9291)]&amp#27;[0m Calling AppiumDriver.findElement() with args: ["id","com.androidsample.generalstore:id/radioFemale","dd9b9291-9462-4b26-a6e5-47da9028d731"]
&amp#27;[38;5;32m[AndroidUiautomator2Driver@6dc3 (dd9b9291)]&amp#27;[0m Valid locator strategies for this request: xpath, id, class name, accessibility id, css selector, -android uiautomator
&amp#27;[38;5;32m[AndroidUiautomator2Driver@6dc3 (dd9b9291)]&amp#27;[0m Waiting up to 0 ms for condition
&amp#27;[38;5;32m[AndroidUiautomator2Driver@6dc3 (dd9b9291)]&amp#27;[0m Matched '/element' to command name 'findElement'
&amp#27;[38;5;32m[AndroidUiautomator2Driver@6dc3 (dd9b9291)]&amp#27;[0m Proxying [POST /element] to [POST http://127.0.0.1:8200/session/c9c78628-6f0a-4246-b9d7-50eb83cc1365/element] with body: {"strategy":"id","selector":"com.androidsample.generalstore:id/radioFemale","context":"","multiple":false}
&amp#27;[38;5;32m[AndroidUiautomator2Driver@6dc3 (dd9b9291)]&amp#27;[0m Got response with status 200: {"sessionId":"c9c78628-6f0a-4246-b9d7-50eb83cc1365","value":{"ELEMENT":"00000000-0000-0024-ffff-ffff0000003c","element-6066-11e4-a52e-4f735466cecf":"00000000-0000-0024-ffff-ffff0000003c"}}
&amp#27;[38;5;32m[AndroidUiautomator2Driver@6dc3 (dd9b9291)]&amp#27;[0m Responding to client with driver.findElement() result: {"element-6066-11e4-a52e-4f735466cecf":"00000000-0000-0024-ffff-ffff0000003c","ELEMENT":"00000000-0000-0024-ffff-ffff0000003c"}
&amp#27;[38;5;0m[HTTP]&amp#27;[0m &amp#27;[37m<-- POST /session/dd9b9291-9462-4b26-a6e5-47da9028d731/element &amp#27;[39m&amp#27;[32m200&amp#27;[39m &amp#27;[90m524 ms - 137&amp#27;[39m
&amp#27;[38;5;0m[HTTP]&amp#27;[0m &amp#27;[90m&amp#27;[39m
&amp#27;[38;5;0m[HTTP]&amp#27;[0m &amp#27;[37m-->&amp#27;[39m &amp#27;[37mPOST&amp#27;[39m &amp#27;[37m/session/dd9b9291-9462-4b26-a6e5-47da9028d731/element/00000000-0000-0024-ffff-ffff0000003c/click&amp#27;[39m
&amp#27;[38;5;0m[HTTP]&amp#27;[0m &amp#27;[90m{"id":"00000000-0000-0024-ffff-ffff0000003c"}&amp#27;[39m
&amp#27;[38;5;32m[AndroidUiautomator2Driver@6dc3 (dd9b9291)]&amp#27;[0m Calling AppiumDriver.click() with args: ["00000000-0000-0024-ffff-ffff0000003c","dd9b9291-9462-4b26-a6e5-47da9028d731"]
&amp#27;[38;5;32m[AndroidUiautomator2Driver@6dc3 (dd9b9291)]&amp#27;[0m Matched '/element/00000000-0000-0024-ffff-ffff0000003c/click' to command name 'click'
&amp#27;[38;5;32m[AndroidUiautomator2Driver@6dc3 (dd9b9291)]&amp#27;[0m Proxying [POST /element/00000000-0000-0024-ffff-ffff0000003c/click] to [POST http://127.0.0.1:8200/session/c9c78628-6f0a-4246-b9d7-50eb83cc1365/element/00000000-0000-0024-ffff-ffff0000003c/click] with body: {"element":"00000000-0000-0024-ffff-ffff0000003c"}
&amp#27;[38;5;32m[AndroidUiautomator2Driver@6dc3 (dd9b9291)]&amp#27;[0m Got response with status 200: {"sessionId":"c9c78628-6f0a-4246-b9d7-50eb83cc1365","value":null}
&amp#27;[38;5;32m[AndroidUiautomator2Driver@6dc3 (dd9b9291)]&amp#27;[0m Responding to client with driver.click() result: null
&amp#27;[38;5;0m[HTTP]&amp#27;[0m &amp#27;[37m<-- POST /session/dd9b9291-9462-4b26-a6e5-47da9028d731/element/00000000-0000-0024-ffff-ffff0000003c/click &amp#27;[39m&amp#27;[32m200&amp#27;[39m &amp#27;[90m149 ms - 14&amp#27;[39m
&amp#27;[38;5;0m[HTTP]&amp#27;[0m &amp#27;[90m&amp#27;[39m
&amp#27;[38;5;0m[HTTP]&amp#27;[0m &amp#27;[37m-->&amp#27;[39m &amp#27;[37mGET&amp#27;[39m &amp#27;[37m/session/dd9b9291-9462-4b26-a6e5-47da9028d731/context&amp#27;[39m
&amp#27;[38;5;0m[HTTP]&amp#27;[0m &amp#27;[90m{}&amp#27;[39m
&amp#27;[38;5;32m[AndroidUiautomator2Driver@6dc3 (dd9b9291)]&amp#27;[0m Calling AppiumDriver.getCurrentContext() with args: ["dd9b9291-9462-4b26-a6e5-47da9028d731"]
&amp#27;[38;5;32m[AndroidUiautomator2Driver@6dc3 (dd9b9291)]&amp#27;[0m Responding to client with driver.getCurrentContext() result: "NATIVE_APP"
&amp#27;[38;5;0m[HTTP]&amp#27;[0m &amp#27;[37m<-- GET /session/dd9b9291-9462-4b26-a6e5-47da9028d731/context &amp#27;[39m&amp#27;[32m200&amp#27;[39m &amp#27;[90m5 ms - 22&amp#27;[39m
&amp#27;[38;5;0m[HTTP]&amp#27;[0m &amp#27;[90m&amp#27;[39m
&amp#27;[38;5;0m[HTTP]&amp#27;[0m &amp#27;[37m-->&amp#27;[39m &amp#27;[37mPOST&amp#27;[39m &amp#27;[37m/session/dd9b9291-9462-4b26-a6e5-47da9028d731/element&amp#27;[39m
&amp#27;[38;5;0m[HTTP]&amp#27;[0m &amp#27;[90m{"value":"android:id/text1","using":"id"}&amp#27;[39m
&amp#27;[38;5;32m[AndroidUiautomator2Driver@6dc3 (dd9b9291)]&amp#27;[0m Calling AppiumDriver.findElement() with args: ["id","android:id/text1","dd9b9291-9462-4b26-a6e5-47da9028d731"]
&amp#27;[38;5;32m[AndroidUiautomator2Driver@6dc3 (dd9b9291)]&amp#27;[0m Valid locator strategies for this request: xpath, id, class name, accessibility id, css selector, -android uiautomator
&amp#27;[38;5;32m[AndroidUiautomator2Driver@6dc3 (dd9b9291)]&amp#27;[0m Waiting up to 0 ms for condition
&amp#27;[38;5;32m[AndroidUiautomator2Driver@6dc3 (dd9b9291)]&amp#27;[0m Matched '/element' to command name 'findElement'
&amp#27;[38;5;32m[AndroidUiautomator2Driver@6dc3 (dd9b9291)]&amp#27;[0m Proxying [POST /element] to [POST http://127.0.0.1:8200/session/c9c78628-6f0a-4246-b9d7-50eb83cc1365/element] with body: {"strategy":"id","selector":"android:id/text1","context":"","multiple":false}
&amp#27;[38;5;32m[AndroidUiautomator2Driver@6dc3 (dd9b9291)]&amp#27;[0m Got response with status 200: {"sessionId":"c9c78628-6f0a-4246-b9d7-50eb83cc1365","value":{"ELEMENT":"00000000-0000-0024-ffff-ffff00000040","element-6066-11e4-a52e-4f735466cecf":"00000000-0000-0024-ffff-ffff00000040"}}
&amp#27;[38;5;32m[AndroidUiautomator2Driver@6dc3 (dd9b9291)]&amp#27;[0m Responding to client with driver.findElement() result: {"element-6066-11e4-a52e-4f735466cecf":"00000000-0000-0024-ffff-ffff00000040","ELEMENT":"00000000-0000-0024-ffff-ffff00000040"}
&amp#27;[38;5;0m[HTTP]&amp#27;[0m &amp#27;[37m<-- POST /session/dd9b9291-9462-4b26-a6e5-47da9028d731/element &amp#27;[39m&amp#27;[32m200&amp#27;[39m &amp#27;[90m290 ms - 137&amp#27;[39m
&amp#27;[38;5;0m[HTTP]&amp#27;[0m &amp#27;[90m&amp#27;[39m
&amp#27;[38;5;0m[HTTP]&amp#27;[0m &amp#27;[37m-->&amp#27;[39m &amp#27;[37mPOST&amp#27;[39m &amp#27;[37m/session/dd9b9291-9462-4b26-a6e5-47da9028d731/element/00000000-0000-0024-ffff-ffff00000040/click&amp#27;[39m
&amp#27;[38;5;0m[HTTP]&amp#27;[0m &amp#27;[90m{"id":"00000000-0000-0024-ffff-ffff00000040"}&amp#27;[39m
&amp#27;[38;5;32m[AndroidUiautomator2Driver@6dc3 (dd9b9291)]&amp#27;[0m Calling AppiumDriver.click() with args: ["00000000-0000-0024-ffff-ffff00000040","dd9b9291-9462-4b26-a6e5-47da9028d731"]
&amp#27;[38;5;32m[AndroidUiautomator2Driver@6dc3 (dd9b9291)]&amp#27;[0m Matched '/element/00000000-0000-0024-ffff-ffff00000040/click' to command name 'click'
&amp#27;[38;5;32m[AndroidUiautomator2Driver@6dc3 (dd9b9291)]&amp#27;[0m Proxying [POST /element/00000000-0000-0024-ffff-ffff00000040/click] to [POST http://127.0.0.1:8200/session/c9c78628-6f0a-4246-b9d7-50eb83cc1365/element/00000000-0000-0024-ffff-ffff00000040/click] with body: {"element":"00000000-0000-0024-ffff-ffff00000040"}
&amp#27;[38;5;32m[AndroidUiautomator2Driver@6dc3 (dd9b9291)]&amp#27;[0m Got response with status 200: {"sessionId":"c9c78628-6f0a-4246-b9d7-50eb83cc1365","value":null}
&amp#27;[38;5;32m[AndroidUiautomator2Driver@6dc3 (dd9b9291)]&amp#27;[0m Responding to client with driver.click() result: null
&amp#27;[38;5;0m[HTTP]&amp#27;[0m &amp#27;[37m<-- POST /session/dd9b9291-9462-4b26-a6e5-47da9028d731/element/00000000-0000-0024-ffff-ffff00000040/click &amp#27;[39m&amp#27;[32m200&amp#27;[39m &amp#27;[90m426 ms - 14&amp#27;[39m
&amp#27;[38;5;0m[HTTP]&amp#27;[0m &amp#27;[90m&amp#27;[39m
&amp#27;[38;5;0m[HTTP]&amp#27;[0m &amp#27;[37m-->&amp#27;[39m &amp#27;[37mPOST&amp#27;[39m &amp#27;[37m/session/dd9b9291-9462-4b26-a6e5-47da9028d731/element&amp#27;[39m
&amp#27;[38;5;0m[HTTP]&amp#27;[0m &amp#27;[90m{"value":"new UiScrollable(new UiSelector()).scrollIntoView(text(\"Algeria\"));","using":"-android uiautomator"}&amp#27;[39m
&amp#27;[38;5;32m[AndroidUiautomator2Driver@6dc3 (dd9b9291)]&amp#27;[0m Calling AppiumDriver.findElement() with args: ["-android uiautomator","new UiScrollable(new UiSelector()).scrollIntoView(text(\"Algeria\"));","dd9b9291-9462-4b26-a6e5-47da9028d731"]
&amp#27;[38;5;32m[AndroidUiautomator2Driver@6dc3 (dd9b9291)]&amp#27;[0m Valid locator strategies for this request: xpath, id, class name, accessibility id, css selector, -android uiautomator
&amp#27;[38;5;32m[AndroidUiautomator2Driver@6dc3 (dd9b9291)]&amp#27;[0m Waiting up to 0 ms for condition
&amp#27;[38;5;32m[AndroidUiautomator2Driver@6dc3 (dd9b9291)]&amp#27;[0m Matched '/element' to command name 'findElement'
&amp#27;[38;5;32m[AndroidUiautomator2Driver@6dc3 (dd9b9291)]&amp#27;[0m Proxying [POST /element] to [POST http://127.0.0.1:8200/session/c9c78628-6f0a-4246-b9d7-50eb83cc1365/element] with body: {"strategy":"-android uiautomator","selector":"new UiScrollable(new UiSelector()).scrollIntoView(text(\"Algeria\"));","context":"","multiple":false}
&amp#27;[38;5;32m[AndroidUiautomator2Driver@6dc3 (dd9b9291)]&amp#27;[0m Got response with status 200: {"sessionId":"c9c78628-6f0a-4246-b9d7-50eb83cc1365","value":{"ELEMENT":"00000000-0000-0025-ffff-ffff00000047","element-6066-11e4-a52e-4f735466cecf":"00000000-0000-0025-ffff-ffff00000047"}}
&amp#27;[38;5;32m[AndroidUiautomator2Driver@6dc3 (dd9b9291)]&amp#27;[0m Responding to client with driver.findElement() result: {"element-6066-11e4-a52e-4f735466cecf":"00000000-0000-0025-ffff-ffff00000047","ELEMENT":"00000000-0000-0025-ffff-ffff00000047"}
&amp#27;[38;5;0m[HTTP]&amp#27;[0m &amp#27;[37m<-- POST /session/dd9b9291-9462-4b26-a6e5-47da9028d731/element &amp#27;[39m&amp#27;[32m200&amp#27;[39m &amp#27;[90m1323 ms - 137&amp#27;[39m
&amp#27;[38;5;0m[HTTP]&amp#27;[0m &amp#27;[90m&amp#27;[39m
&amp#27;[38;5;0m[HTTP]&amp#27;[0m &amp#27;[37m-->&amp#27;[39m &amp#27;[37mPOST&amp#27;[39m &amp#27;[37m/session/dd9b9291-9462-4b26-a6e5-47da9028d731/element&amp#27;[39m
&amp#27;[38;5;0m[HTTP]&amp#27;[0m &amp#27;[90m{"value":"//android.widget.TextView[@text=\"Algeria\"]","using":"xpath"}&amp#27;[39m
&amp#27;[38;5;32m[AndroidUiautomator2Driver@6dc3 (dd9b9291)]&amp#27;[0m Calling AppiumDriver.findElement() with args: ["xpath","//android.widget.TextView[@text=\"Algeria\"]","dd9b9291-9462-4b26-a6e5-47da9028d731"]
&amp#27;[38;5;32m[AndroidUiautomator2Driver@6dc3 (dd9b9291)]&amp#27;[0m Valid locator strategies for this request: xpath, id, class name, accessibility id, css selector, -android uiautomator
&amp#27;[38;5;32m[AndroidUiautomator2Driver@6dc3 (dd9b9291)]&amp#27;[0m Waiting up to 0 ms for condition
&amp#27;[38;5;32m[AndroidUiautomator2Driver@6dc3 (dd9b9291)]&amp#27;[0m Matched '/element' to command name 'findElement'
&amp#27;[38;5;32m[AndroidUiautomator2Driver@6dc3 (dd9b9291)]&amp#27;[0m Proxying [POST /element] to [POST http://127.0.0.1:8200/session/c9c78628-6f0a-4246-b9d7-50eb83cc1365/element] with body: {"strategy":"xpath","selector":"//android.widget.TextView[@text=\"Algeria\"]","context":"","multiple":false}
&amp#27;[38;5;32m[AndroidUiautomator2Driver@6dc3 (dd9b9291)]&amp#27;[0m Got response with status 200: {"sessionId":"c9c78628-6f0a-4246-b9d7-50eb83cc1365","value":{"ELEMENT":"00000000-0000-0025-ffff-ffff00000047","element-6066-11e4-a52e-4f735466cecf":"00000000-0000-0025-ffff-ffff00000047"}}
&amp#27;[38;5;32m[AndroidUiautomator2Driver@6dc3 (dd9b9291)]&amp#27;[0m Responding to client with driver.findElement() result: {"element-6066-11e4-a52e-4f735466cecf":"00000000-0000-0025-ffff-ffff00000047","ELEMENT":"00000000-0000-0025-ffff-ffff00000047"}
&amp#27;[38;5;0m[HTTP]&amp#27;[0m &amp#27;[37m<-- POST /session/dd9b9291-9462-4b26-a6e5-47da9028d731/element &amp#27;[39m&amp#27;[32m200&amp#27;[39m &amp#27;[90m1489 ms - 137&amp#27;[39m
&amp#27;[38;5;0m[HTTP]&amp#27;[0m &amp#27;[90m&amp#27;[39m
&amp#27;[38;5;0m[HTTP]&amp#27;[0m &amp#27;[37m-->&amp#27;[39m &amp#27;[37mPOST&amp#27;[39m &amp#27;[37m/session/dd9b9291-9462-4b26-a6e5-47da9028d731/element/00000000-0000-0025-ffff-ffff00000047/click&amp#27;[39m
&amp#27;[38;5;0m[HTTP]&amp#27;[0m &amp#27;[90m{"id":"00000000-0000-0025-ffff-ffff00000047"}&amp#27;[39m
&amp#27;[38;5;32m[AndroidUiautomator2Driver@6dc3 (dd9b9291)]&amp#27;[0m Calling AppiumDriver.click() with args: ["00000000-0000-0025-ffff-ffff00000047","dd9b9291-9462-4b26-a6e5-47da9028d731"]
&amp#27;[38;5;32m[AndroidUiautomator2Driver@6dc3 (dd9b9291)]&amp#27;[0m Matched '/element/00000000-0000-0025-ffff-ffff00000047/click' to command name 'click'
&amp#27;[38;5;32m[AndroidUiautomator2Driver@6dc3 (dd9b9291)]&amp#27;[0m Proxying [POST /element/00000000-0000-0025-ffff-ffff00000047/click] to [POST http://127.0.0.1:8200/session/c9c78628-6f0a-4246-b9d7-50eb83cc1365/element/00000000-0000-0025-ffff-ffff00000047/click] with body: {"element":"00000000-0000-0025-ffff-ffff00000047"}
&amp#27;[38;5;32m[AndroidUiautomator2Driver@6dc3 (dd9b9291)]&amp#27;[0m Got response with status 200: {"sessionId":"c9c78628-6f0a-4246-b9d7-50eb83cc1365","value":null}
&amp#27;[38;5;32m[AndroidUiautomator2Driver@6dc3 (dd9b9291)]&amp#27;[0m Responding to client with driver.click() result: null
&amp#27;[38;5;0m[HTTP]&amp#27;[0m &amp#27;[37m<-- POST /session/dd9b9291-9462-4b26-a6e5-47da9028d731/element/00000000-0000-0025-ffff-ffff00000047/click &amp#27;[39m&amp#27;[32m200&amp#27;[39m &amp#27;[90m895 ms - 14&amp#27;[39m
&amp#27;[38;5;0m[HTTP]&amp#27;[0m &amp#27;[90m&amp#27;[39m
&amp#27;[38;5;0m[HTTP]&amp#27;[0m &amp#27;[37m-->&amp#27;[39m &amp#27;[37mPOST&amp#27;[39m &amp#27;[37m/session/dd9b9291-9462-4b26-a6e5-47da9028d731/element&amp#27;[39m
&amp#27;[38;5;0m[HTTP]&amp#27;[0m &amp#27;[90m{"value":"com.androidsample.generalstore:id/btnLetsShop","using":"id"}&amp#27;[39m
&amp#27;[38;5;32m[AndroidUiautomator2Driver@6dc3 (dd9b9291)]&amp#27;[0m Calling AppiumDriver.findElement() with args: ["id","com.androidsample.generalstore:id/btnLetsShop","dd9b9291-9462-4b26-a6e5-47da9028d731"]
&amp#27;[38;5;32m[AndroidUiautomator2Driver@6dc3 (dd9b9291)]&amp#27;[0m Valid locator strategies for this request: xpath, id, class name, accessibility id, css selector, -android uiautomator
&amp#27;[38;5;32m[AndroidUiautomator2Driver@6dc3 (dd9b9291)]&amp#27;[0m Waiting up to 0 ms for condition
&amp#27;[38;5;32m[AndroidUiautomator2Driver@6dc3 (dd9b9291)]&amp#27;[0m Matched '/element' to command name 'findElement'
&amp#27;[38;5;32m[AndroidUiautomator2Driver@6dc3 (dd9b9291)]&amp#27;[0m Proxying [POST /element] to [POST http://127.0.0.1:8200/session/c9c78628-6f0a-4246-b9d7-50eb83cc1365/element] with body: {"strategy":"id","selector":"com.androidsample.generalstore:id/btnLetsShop","context":"","multiple":false}
&amp#27;[38;5;32m[AndroidUiautomator2Driver@6dc3 (dd9b9291)]&amp#27;[0m Got response with status 200: {"sessionId":"c9c78628-6f0a-4246-b9d7-50eb83cc1365","value":{"ELEMENT":"00000000-0000-0024-ffff-ffff0000003d","element-6066-11e4-a52e-4f735466cecf":"00000000-0000-0024-ffff-ffff0000003d"}}
&amp#27;[38;5;32m[AndroidUiautomator2Driver@6dc3 (dd9b9291)]&amp#27;[0m Responding to client with driver.findElement() result: {"element-6066-11e4-a52e-4f735466cecf":"00000000-0000-0024-ffff-ffff0000003d","ELEMENT":"00000000-0000-0024-ffff-ffff0000003d"}
&amp#27;[38;5;0m[HTTP]&amp#27;[0m &amp#27;[37m<-- POST /session/dd9b9291-9462-4b26-a6e5-47da9028d731/element &amp#27;[39m&amp#27;[32m200&amp#27;[39m &amp#27;[90m40 ms - 137&amp#27;[39m
&amp#27;[38;5;0m[HTTP]&amp#27;[0m &amp#27;[90m&amp#27;[39m
&amp#27;[38;5;0m[HTTP]&amp#27;[0m &amp#27;[37m-->&amp#27;[39m &amp#27;[37mPOST&amp#27;[39m &amp#27;[37m/session/dd9b9291-9462-4b26-a6e5-47da9028d731/element/00000000-0000-0024-ffff-ffff0000003d/click&amp#27;[39m
&amp#27;[38;5;0m[HTTP]&amp#27;[0m &amp#27;[90m{"id":"00000000-0000-0024-ffff-ffff0000003d"}&amp#27;[39m
&amp#27;[38;5;32m[AndroidUiautomator2Driver@6dc3 (dd9b9291)]&amp#27;[0m Calling AppiumDriver.click() with args: ["00000000-0000-0024-ffff-ffff0000003d","dd9b9291-9462-4b26-a6e5-47da9028d731"]
&amp#27;[38;5;32m[AndroidUiautomator2Driver@6dc3 (dd9b9291)]&amp#27;[0m Matched '/element/00000000-0000-0024-ffff-ffff0000003d/click' to command name 'click'
&amp#27;[38;5;32m[AndroidUiautomator2Driver@6dc3 (dd9b9291)]&amp#27;[0m Proxying [POST /element/00000000-0000-0024-ffff-ffff0000003d/click] to [POST http://127.0.0.1:8200/session/c9c78628-6f0a-4246-b9d7-50eb83cc1365/element/00000000-0000-0024-ffff-ffff0000003d/click] with body: {"element":"00000000-0000-0024-ffff-ffff0000003d"}
&amp#27;[38;5;32m[AndroidUiautomator2Driver@6dc3 (dd9b9291)]&amp#27;[0m Got response with status 200: {"sessionId":"c9c78628-6f0a-4246-b9d7-50eb83cc1365","value":null}
&amp#27;[38;5;32m[AndroidUiautomator2Driver@6dc3 (dd9b9291)]&amp#27;[0m Responding to client with driver.click() result: null
&amp#27;[38;5;0m[HTTP]&amp#27;[0m &amp#27;[37m<-- POST /session/dd9b9291-9462-4b26-a6e5-47da9028d731/element/00000000-0000-0024-ffff-ffff0000003d/click &amp#27;[39m&amp#27;[32m200&amp#27;[39m &amp#27;[90m92 ms - 14&amp#27;[39m
&amp#27;[38;5;0m[HTTP]&amp#27;[0m &amp#27;[90m&amp#27;[39m
&amp#27;[38;5;0m[HTTP]&amp#27;[0m &amp#27;[37m-->&amp#27;[39m &amp#27;[37mPOST&amp#27;[39m &amp#27;[37m/session/dd9b9291-9462-4b26-a6e5-47da9028d731/element&amp#27;[39m
&amp#27;[38;5;0m[HTTP]&amp#27;[0m &amp#27;[90m{"value":"(//android.widget.Toast)[1]","using":"xpath"}&amp#27;[39m
&amp#27;[38;5;32m[AndroidUiautomator2Driver@6dc3 (dd9b9291)]&amp#27;[0m Calling AppiumDriver.findElement() with args: ["xpath","(//android.widget.Toast)[1]","dd9b9291-9462-4b26-a6e5-47da9028d731"]
&amp#27;[38;5;32m[AndroidUiautomator2Driver@6dc3 (dd9b9291)]&amp#27;[0m Valid locator strategies for this request: xpath, id, class name, accessibility id, css selector, -android uiautomator
&amp#27;[38;5;32m[AndroidUiautomator2Driver@6dc3 (dd9b9291)]&amp#27;[0m Waiting up to 0 ms for condition
&amp#27;[38;5;32m[AndroidUiautomator2Driver@6dc3 (dd9b9291)]&amp#27;[0m Matched '/element' to command name 'findElement'
&amp#27;[38;5;32m[AndroidUiautomator2Driver@6dc3 (dd9b9291)]&amp#27;[0m Proxying [POST /element] to [POST http://127.0.0.1:8200/session/c9c78628-6f0a-4246-b9d7-50eb83cc1365/element] with body: {"strategy":"xpath","selector":"(//android.widget.Toast)[1]","context":"","multiple":false}
&amp#27;[38;5;32m[AndroidUiautomator2Driver@6dc3 (dd9b9291)]&amp#27;[0m Got response with status 200: {"sessionId":"c9c78628-6f0a-4246-b9d7-50eb83cc1365","value":{"ELEMENT":"e0411a54-2039-4a28-beea-adb128ca9e44","element-6066-11e4-a52e-4f735466cecf":"e0411a54-2039-4a28-beea-adb128ca9e44"}}
&amp#27;[38;5;32m[AndroidUiautomator2Driver@6dc3 (dd9b9291)]&amp#27;[0m Responding to client with driver.findElement() result: {"element-6066-11e4-a52e-4f735466cecf":"e0411a54-2039-4a28-beea-adb128ca9e44","ELEMENT":"e0411a54-2039-4a28-beea-adb128ca9e44"}
&amp#27;[38;5;0m[HTTP]&amp#27;[0m &amp#27;[37m<-- POST /session/dd9b9291-9462-4b26-a6e5-47da9028d731/element &amp#27;[39m&amp#27;[32m200&amp#27;[39m &amp#27;[90m1187 ms - 137&amp#27;[39m
&amp#27;[38;5;0m[HTTP]&amp#27;[0m &amp#27;[90m&amp#27;[39m
&amp#27;[38;5;0m[HTTP]&amp#27;[0m &amp#27;[37m-->&amp#27;[39m &amp#27;[37mGET&amp#27;[39m &amp#27;[37m/session/dd9b9291-9462-4b26-a6e5-47da9028d731/element/e0411a54-2039-4a28-beea-adb128ca9e44/attribute/name&amp#27;[39m
&amp#27;[38;5;0m[HTTP]&amp#27;[0m &amp#27;[90m{}&amp#27;[39m
&amp#27;[38;5;32m[AndroidUiautomator2Driver@6dc3 (dd9b9291)]&amp#27;[0m Calling AppiumDriver.getAttribute() with args: ["name","e0411a54-2039-4a28-beea-adb128ca9e44","dd9b9291-9462-4b26-a6e5-47da9028d731"]
&amp#27;[38;5;32m[AndroidUiautomator2Driver@6dc3 (dd9b9291)]&amp#27;[0m Matched '/element/e0411a54-2039-4a28-beea-adb128ca9e44/attribute/name' to command name 'getAttribute'
&amp#27;[38;5;32m[AndroidUiautomator2Driver@6dc3 (dd9b9291)]&amp#27;[0m Proxying [GET /element/e0411a54-2039-4a28-beea-adb128ca9e44/attribute/name] to [GET http://127.0.0.1:8200/session/c9c78628-6f0a-4246-b9d7-50eb83cc1365/element/e0411a54-2039-4a28-beea-adb128ca9e44/attribute/name] with no body
&amp#27;[38;5;32m[AndroidUiautomator2Driver@6dc3 (dd9b9291)]&amp#27;[0m Got response with status 200: {"sessionId":"c9c78628-6f0a-4246-b9d7-50eb83cc1365","value":"Please enter your name"}
&amp#27;[38;5;32m[AndroidUiautomator2Driver@6dc3 (dd9b9291)]&amp#27;[0m Responding to client with driver.getAttribute() result: "Please enter your name"
&amp#27;[38;5;0m[HTTP]&amp#27;[0m &amp#27;[37m<-- GET /session/dd9b9291-9462-4b26-a6e5-47da9028d731/element/e0411a54-2039-4a28-beea-adb128ca9e44/attribute/name &amp#27;[39m&amp#27;[32m200&amp#27;[39m &amp#27;[90m264 ms - 34&amp#27;[39m
&amp#27;[38;5;0m[HTTP]&amp#27;[0m &amp#27;[90m&amp#27;[39m
&amp#27;[38;5;0m[HTTP]&amp#27;[0m &amp#27;[37m-->&amp#27;[39m &amp#27;[37mGET&amp#27;[39m &amp#27;[37m/session/dd9b9291-9462-4b26-a6e5-47da9028d731/screenshot&amp#27;[39m
&amp#27;[38;5;0m[HTTP]&amp#27;[0m &amp#27;[90m{}&amp#27;[39m
&amp#27;[38;5;32m[AndroidUiautomator2Driver@6dc3 (dd9b9291)]&amp#27;[0m Calling AppiumDriver.getScreenshot() with args: ["dd9b9291-9462-4b26-a6e5-47da9028d731"]
&amp#27;[38;5;32m[AndroidUiautomator2Driver@6dc3 (dd9b9291)]&amp#27;[0m Matched '/screenshot' to command name 'getScreenshot'
&amp#27;[38;5;32m[AndroidUiautomator2Driver@6dc3 (dd9b9291)]&amp#27;[0m Proxying [GET /screenshot] to [GET http://127.0.0.1:8200/session/c9c78628-6f0a-4246-b9d7-50eb83cc1365/screenshot] with no body
&amp#27;[38;5;32m[AndroidUiautomator2Driver@6dc3 (dd9b9291)]&amp#27;[0m Got response with status 200: {"sessionId":"c9c78628-6f0a-4246-b9d7-50eb83cc1365","value":"iVBORw0KGgoAAAANSUhEUgAABaAAAAoACAYAAABH9IXPAAAAAXNSR0IArs4c6QAAAARzQklUCAgICHwIZIgAACAASURBVHic7N1ngFxV/cbx597ps71mN33TewIYOgRCRwigoCihCShNREBB/qCIKL1JL9KtICJKh9ClRGoCSUhC2mazvbdp9/5fJFkz2Z6du7O7+X58w9w595zfjNmFPHPmd4ysL0+xBQAAAAAAAABAgpnJLgAAAAAAAAAAMDQRQAMAAAAAAAAAHEEADQAAAAAAAABwBAE0AAAAAAAAAMARBNAAAAAAAAAAAEcQQAMAAAAAAAAAHEEADQAAAAAAAABwBAE0AAAAAAAAAMARBNAAAAAAAAAAAEcQQAMAAAAAAAAAHEEADQAAAAAAAABwBAE0AAAAAAAAAMARBNAAAAAAAAAAAEcQQAMAAAAAAAAAHEEADQAAAAAAAABwhDvZBQD9zZChAnemjkjbRQvS5mqGf7SyXCmyJRlbxtjbjN8UqdFHrV/r73Xv6e3mZaqLNcuOGwF0zJAht2HKkKGwHe12rMswFbVj/VQdAAAAAACA84ysL08hScOQZ8hQtitVNxeepvkpM5Ri+mS0xc09Z8lWdaxRf6x9S9eUP6WYLAeqxVDgkql8d4Ym+0bIbZj6MlSs0kiNrA4+vPAZbo305GqYO0MlkWpVxxpVb7UkoWoAAAAAAIDEIoDGkGbI0BhPrt4ed40Cpk/mDoTOnbFka3W4VPPXXKUmqzVh82LwM2RouCdLv8z7jk7I2EthO6r3mlfoJ5se0vpIZdxYr+HWnsFJuq3wBxrtyVVJpFr3VL+kB2peZTc0AAAAAAAY9AigMWTlutL01rhrNMydsUO7nXsqasdUsPyMDne2YufkN7w6On033Tf87LZrjVar/lr3rv6v7E9t7Ti2fkBya+HpmpcyvW3sukiFjl9/k1aHS/u9...
&amp#27;[38;5;32m[AndroidUiautomator2Driver@6dc3 (dd9b9291)]&amp#27;[0m Responding to client with driver.getScreenshot() result: "iVBORw0KGgoAAAANSUhEUgAABaAAAAoACAYAAABH9IXPAAAAAXNSR0IArs4c6QAAAARzQklUCAgICHwIZIgAACAASURBVHic7N1ngFxV/cbx597ps71mN33TewIYOgRCRwigoCihCShNREBB/qCIKL1JL9KtICJKh9ClRGoCSUhC2mazvbdp9/5fJFkz2Z6du7O7+X58w9w595zfjNmFPHPmd4ysL0+xBQAAAAAAAABAgpnJLgAAAAAAAAAAMDQRQAMAAAAAAAAAHEEADQAAAAAAAABwBAE0AAAAAAAAAMARBNAAAAAAAAAAAEcQQAMAAAAAAAAAHEEADQAAAAAAAABwBAE0AAAAAAAAAMARBNAAAAAAAAAAAEcQQAMAAAAAAAAAHEEADQAAAAAAAABwBAE0AAAAAAAAAMARBNAAAAAAAAAAAEcQQAMAAAAAAAAAHEEADQAAAAAAAABwhDvZBQD9zZChAnemjkjbRQvS5mqGf7SyXCmyJRlbxtjbjN8UqdFHrV/r73Xv6e3mZaqLNcuOGwF0zJAht2HKkKGwHe12rMswFbVj/VQdAAAAAACA84ysL08hScOQZ8hQtitVNxeepvkpM5Ri+mS0xc09Z8lWdaxRf6x9S9eUP6WYLAeqxVDgkql8d4Ym+0bIbZj6MlSs0kiNrA4+vPAZbo305GqYO0MlkWpVxxpVb7UkoWoAAAAAAIDEIoDGkGbI0BhPrt4ed40Cpk/mDoTOnbFka3W4VPPXXKUmqzVh82LwM2RouCdLv8z7jk7I2EthO6r3mlfoJ5se0vpIZdxYr+HWnsFJuq3wBxrtyVVJpFr3VL+kB2peZTc0AAAAAAAY9AigMWTlutL01rhrNMydsUO7nXsqasdUsPyMDne2YufkN7w6On033Tf87LZrjVar/lr3rv6v7E9t7Ti2fkBya+HpmpcyvW3sukiFjl9/k1aHS/u9dgAAAAAYrArcmRrjyVOOO02ZZooyXEGlmD41WSHVxppUZzWrKtqgdZEKlUZr...
&amp#27;[38;5;0m[HTTP]&amp#27;[0m &amp#27;[37m<-- GET /session/dd9b9291-9462-4b26-a6e5-47da9028d731/screenshot &amp#27;[39m&amp#27;[32m200&amp#27;[39m &amp#27;[90m2260 ms - 894464&amp#27;[39m
&amp#27;[38;5;0m[HTTP]&amp#27;[0m &amp#27;[90m&amp#27;[39m
]]></system-out>
  </testcase>
  <testcase name="PositiveFlow" classname="com.android.tests.TestCase" time="10.28">
    <system-out><![CDATA[&amp#27;[38;5;0m[HTTP]&amp#27;[0m &amp#27;[37m-->&amp#27;[39m &amp#27;[37mPOST&amp#27;[39m &amp#27;[37m/session/dd9b9291-9462-4b26-a6e5-47da9028d731/execute/sync&amp#27;[39m
&amp#27;[38;5;0m[HTTP]&amp#27;[0m &amp#27;[90m{"args":[{"intent":"com.androidsample.generalstore/com.androidsample.generalstore.MainActivity"}],"script":"mobile: startActivity"}&amp#27;[39m
&amp#27;[38;5;32m[AndroidUiautomator2Driver@6dc3 (dd9b9291)]&amp#27;[0m Calling AppiumDriver.execute() with args: ["mobile: startActivity",[{"intent":"com.androidsample.generalstore/com.androidsample.generalstore.MainActivity"}],"dd9b9291-9462-4b26-a6e5-47da9028d731"]
&amp#27;[38;5;32m[AndroidUiautomator2Driver@6dc3 (dd9b9291)]&amp#27;[0m Executing method 'mobile: startActivity'
&amp#27;[38;5;48m[ADB]&amp#27;[0m Running 'C:\Users\gnani\AppData\Local\Android\Sdk\platform-tools\adb.exe -P 5037 -s emulator-5554 shell am start-activity com.androidsample.generalstore/com.androidsample.generalstore.MainActivity'
&amp#27;[38;5;32m[AndroidUiautomator2Driver@6dc3 (dd9b9291)]&amp#27;[0m Responding to client with driver.execute() result: "Starting: Intent { act=android.intent.action.MAIN cat=[android.intent.category.LAUNCHER] cmp=com.androidsample.generalstore/.MainActivity }"
&amp#27;[38;5;0m[HTTP]&amp#27;[0m &amp#27;[37m<-- POST /session/dd9b9291-9462-4b26-a6e5-47da9028d731/execute/sync &amp#27;[39m&amp#27;[32m200&amp#27;[39m &amp#27;[90m172 ms - 151&amp#27;[39m
&amp#27;[38;5;0m[HTTP]&amp#27;[0m &amp#27;[90m&amp#27;[39m
&amp#27;[38;5;0m[HTTP]&amp#27;[0m &amp#27;[37m-->&amp#27;[39m &amp#27;[37mPOST&amp#27;[39m &amp#27;[37m/session/dd9b9291-9462-4b26-a6e5-47da9028d731/element&amp#27;[39m
&amp#27;[38;5;0m[HTTP]&amp#27;[0m &amp#27;[90m{"value":"com.androidsample.generalstore:id/nameField","using":"id"}&amp#27;[39m
&amp#27;[38;5;32m[AndroidUiautomator2Driver@6dc3 (dd9b9291)]&amp#27;[0m Calling AppiumDriver.findElement() with args: ["id","com.androidsample.generalstore:id/nameField","dd9b9291-9462-4b26-a6e5-47da9028d731"]
&amp#27;[38;5;32m[AndroidUiautomator2Driver@6dc3 (dd9b9291)]&amp#27;[0m Valid locator strategies for this request: xpath, id, class name, accessibility id, css selector, -android uiautomator
&amp#27;[38;5;32m[AndroidUiautomator2Driver@6dc3 (dd9b9291)]&amp#27;[0m Waiting up to 0 ms for condition
&amp#27;[38;5;32m[AndroidUiautomator2Driver@6dc3 (dd9b9291)]&amp#27;[0m Matched '/element' to command name 'findElement'
&amp#27;[38;5;32m[AndroidUiautomator2Driver@6dc3 (dd9b9291)]&amp#27;[0m Proxying [POST /element] to [POST http://127.0.0.1:8200/session/c9c78628-6f0a-4246-b9d7-50eb83cc1365/element] with body: {"strategy":"id","selector":"com.androidsample.generalstore:id/nameField","context":"","multiple":false}
&amp#27;[38;5;32m[AndroidUiautomator2Driver@6dc3 (dd9b9291)]&amp#27;[0m Got response with status 200: {"sessionId":"c9c78628-6f0a-4246-b9d7-50eb83cc1365","value":{"ELEMENT":"00000000-0000-0027-ffff-ffff00000064","element-6066-11e4-a52e-4f735466cecf":"00000000-0000-0027-ffff-ffff00000064"}}
&amp#27;[38;5;32m[AndroidUiautomator2Driver@6dc3 (dd9b9291)]&amp#27;[0m Responding to client with driver.findElement() result: {"element-6066-11e4-a52e-4f735466cecf":"00000000-0000-0027-ffff-ffff00000064","ELEMENT":"00000000-0000-0027-ffff-ffff00000064"}
&amp#27;[38;5;0m[HTTP]&amp#27;[0m &amp#27;[37m<-- POST /session/dd9b9291-9462-4b26-a6e5-47da9028d731/element &amp#27;[39m&amp#27;[32m200&amp#27;[39m &amp#27;[90m69 ms - 137&amp#27;[39m
&amp#27;[38;5;0m[HTTP]&amp#27;[0m &amp#27;[90m&amp#27;[39m
&amp#27;[38;5;0m[HTTP]&amp#27;[0m &amp#27;[37m-->&amp#27;[39m &amp#27;[37mPOST&amp#27;[39m &amp#27;[37m/session/dd9b9291-9462-4b26-a6e5-47da9028d731/element/00000000-0000-0027-ffff-ffff00000064/value&amp#27;[39m
&amp#27;[38;5;0m[HTTP]&amp#27;[0m &amp#27;[90m{"id":"00000000-0000-0027-ffff-ffff00000064","text":"Preethi","value":["P","r","e","e","t","h","i"]}&amp#27;[39m
&amp#27;[38;5;32m[AndroidUiautomator2Driver@6dc3 (dd9b9291)]&amp#27;[0m Calling AppiumDriver.setValue() with args: [["P","r","e","e","t","h","i"],"00000000-0000-0027-ffff-ffff00000064","dd9b9291-9462-4b26-a6e5-47da9028d731"]
&amp#27;[38;5;32m[AndroidUiautomator2Driver@6dc3 (dd9b9291)]&amp#27;[0m Matched '/element/00000000-0000-0027-ffff-ffff00000064/value' to command name 'setValue'
&amp#27;[38;5;32m[AndroidUiautomator2Driver@6dc3 (dd9b9291)]&amp#27;[0m Added 'value' property ["P","r","e","e","t","h","i"] to 'setValue' request body
&amp#27;[38;5;32m[AndroidUiautomator2Driver@6dc3 (dd9b9291)]&amp#27;[0m Proxying [POST /element/00000000-0000-0027-ffff-ffff00000064/value] to [POST http://127.0.0.1:8200/session/c9c78628-6f0a-4246-b9d7-50eb83cc1365/element/00000000-0000-0027-ffff-ffff00000064/value] with body: {"elementId":"00000000-0000-0027-ffff-ffff00000064","text":"Preethi","replace":false,"value":["P","r","e","e","t","h","i"]}
&amp#27;[38;5;32m[AndroidUiautomator2Driver@6dc3 (dd9b9291)]&amp#27;[0m Got response with status 200: {"sessionId":"c9c78628-6f0a-4246-b9d7-50eb83cc1365","value":null}
&amp#27;[38;5;32m[AndroidUiautomator2Driver@6dc3 (dd9b9291)]&amp#27;[0m Responding to client with driver.setValue() result: null
&amp#27;[38;5;0m[HTTP]&amp#27;[0m &amp#27;[37m<-- POST /session/dd9b9291-9462-4b26-a6e5-47da9028d731/element/00000000-0000-0027-ffff-ffff00000064/value &amp#27;[39m&amp#27;[32m200&amp#27;[39m &amp#27;[90m633 ms - 14&amp#27;[39m
&amp#27;[38;5;0m[HTTP]&amp#27;[0m &amp#27;[90m&amp#27;[39m
&amp#27;[38;5;0m[HTTP]&amp#27;[0m &amp#27;[37m-->&amp#27;[39m &amp#27;[37mPOST&amp#27;[39m &amp#27;[37m/session/dd9b9291-9462-4b26-a6e5-47da9028d731/element&amp#27;[39m
&amp#27;[38;5;0m[HTTP]&amp#27;[0m &amp#27;[90m{"value":"com.androidsample.generalstore:id/radioFemale","using":"id"}&amp#27;[39m
&amp#27;[38;5;32m[AndroidUiautomator2Driver@6dc3 (dd9b9291)]&amp#27;[0m Calling AppiumDriver.findElement() with args: ["id","com.androidsample.generalstore:id/radioFemale","dd9b9291-9462-4b26-a6e5-47da9028d731"]
&amp#27;[38;5;32m[AndroidUiautomator2Driver@6dc3 (dd9b9291)]&amp#27;[0m Valid locator strategies for this request: xpath, id, class name, accessibility id, css selector, -android uiautomator
&amp#27;[38;5;32m[AndroidUiautomator2Driver@6dc3 (dd9b9291)]&amp#27;[0m Waiting up to 0 ms for condition
&amp#27;[38;5;32m[AndroidUiautomator2Driver@6dc3 (dd9b9291)]&amp#27;[0m Matched '/element' to command name 'findElement'
&amp#27;[38;5;32m[AndroidUiautomator2Driver@6dc3 (dd9b9291)]&amp#27;[0m Proxying [POST /element] to [POST http://127.0.0.1:8200/session/c9c78628-6f0a-4246-b9d7-50eb83cc1365/element] with body: {"strategy":"id","selector":"com.androidsample.generalstore:id/radioFemale","context":"","multiple":false}
&amp#27;[38;5;32m[AndroidUiautomator2Driver@6dc3 (dd9b9291)]&amp#27;[0m Got response with status 200: {"sessionId":"c9c78628-6f0a-4246-b9d7-50eb83cc1365","value":{"ELEMENT":"00000000-0000-0027-ffff-ffff00000068","element-6066-11e4-a52e-4f735466cecf":"00000000-0000-0027-ffff-ffff00000068"}}
&amp#27;[38;5;32m[AndroidUiautomator2Driver@6dc3 (dd9b9291)]&amp#27;[0m Responding to client with driver.findElement() result: {"element-6066-11e4-a52e-4f735466cecf":"00000000-0000-0027-ffff-ffff00000068","ELEMENT":"00000000-0000-0027-ffff-ffff00000068"}
&amp#27;[38;5;0m[HTTP]&amp#27;[0m &amp#27;[37m<-- POST /session/dd9b9291-9462-4b26-a6e5-47da9028d731/element &amp#27;[39m&amp#27;[32m200&amp#27;[39m &amp#27;[90m514 ms - 137&amp#27;[39m
&amp#27;[38;5;0m[HTTP]&amp#27;[0m &amp#27;[90m&amp#27;[39m
&amp#27;[38;5;0m[HTTP]&amp#27;[0m &amp#27;[37m-->&amp#27;[39m &amp#27;[37mPOST&amp#27;[39m &amp#27;[37m/session/dd9b9291-9462-4b26-a6e5-47da9028d731/element/00000000-0000-0027-ffff-ffff00000068/click&amp#27;[39m
&amp#27;[38;5;0m[HTTP]&amp#27;[0m &amp#27;[90m{"id":"00000000-0000-0027-ffff-ffff00000068"}&amp#27;[39m
&amp#27;[38;5;32m[AndroidUiautomator2Driver@6dc3 (dd9b9291)]&amp#27;[0m Calling AppiumDriver.click() with args: ["00000000-0000-0027-ffff-ffff00000068","dd9b9291-9462-4b26-a6e5-47da9028d731"]
&amp#27;[38;5;32m[AndroidUiautomator2Driver@6dc3 (dd9b9291)]&amp#27;[0m Matched '/element/00000000-0000-0027-ffff-ffff00000068/click' to command name 'click'
&amp#27;[38;5;32m[AndroidUiautomator2Driver@6dc3 (dd9b9291)]&amp#27;[0m Proxying [POST /element/00000000-0000-0027-ffff-ffff00000068/click] to [POST http://127.0.0.1:8200/session/c9c78628-6f0a-4246-b9d7-50eb83cc1365/element/00000000-0000-0027-ffff-ffff00000068/click] with body: {"element":"00000000-0000-0027-ffff-ffff00000068"}
&amp#27;[38;5;32m[AndroidUiautomator2Driver@6dc3 (dd9b9291)]&amp#27;[0m Got response with status 200: {"sessionId":"c9c78628-6f0a-4246-b9d7-50eb83cc1365","value":null}
&amp#27;[38;5;32m[AndroidUiautomator2Driver@6dc3 (dd9b9291)]&amp#27;[0m Responding to client with driver.click() result: null
&amp#27;[38;5;0m[HTTP]&amp#27;[0m &amp#27;[37m<-- POST /session/dd9b9291-9462-4b26-a6e5-47da9028d731/element/00000000-0000-0027-ffff-ffff00000068/click &amp#27;[39m&amp#27;[32m200&amp#27;[39m &amp#27;[90m120 ms - 14&amp#27;[39m
&amp#27;[38;5;0m[HTTP]&amp#27;[0m &amp#27;[90m&amp#27;[39m
&amp#27;[38;5;0m[HTTP]&amp#27;[0m &amp#27;[37m-->&amp#27;[39m &amp#27;[37mGET&amp#27;[39m &amp#27;[37m/session/dd9b9291-9462-4b26-a6e5-47da9028d731/context&amp#27;[39m
&amp#27;[38;5;0m[HTTP]&amp#27;[0m &amp#27;[90m{}&amp#27;[39m
&amp#27;[38;5;32m[AndroidUiautomator2Driver@6dc3 (dd9b9291)]&amp#27;[0m Calling AppiumDriver.getCurrentContext() with args: ["dd9b9291-9462-4b26-a6e5-47da9028d731"]
&amp#27;[38;5;32m[AndroidUiautomator2Driver@6dc3 (dd9b9291)]&amp#27;[0m Responding to client with driver.getCurrentContext() result: "NATIVE_APP"
&amp#27;[38;5;0m[HTTP]&amp#27;[0m &amp#27;[37m<-- GET /session/dd9b9291-9462-4b26-a6e5-47da9028d731/context &amp#27;[39m&amp#27;[32m200&amp#27;[39m &amp#27;[90m7 ms - 22&amp#27;[39m
&amp#27;[38;5;0m[HTTP]&amp#27;[0m &amp#27;[90m&amp#27;[39m
&amp#27;[38;5;0m[HTTP]&amp#27;[0m &amp#27;[37m-->&amp#27;[39m &amp#27;[37mPOST&amp#27;[39m &amp#27;[37m/session/dd9b9291-9462-4b26-a6e5-47da9028d731/element&amp#27;[39m
&amp#27;[38;5;0m[HTTP]&amp#27;[0m &amp#27;[90m{"value":"android:id/text1","using":"id"}&amp#27;[39m
&amp#27;[38;5;32m[AndroidUiautomator2Driver@6dc3 (dd9b9291)]&amp#27;[0m Calling AppiumDriver.findElement() with args: ["id","android:id/text1","dd9b9291-9462-4b26-a6e5-47da9028d731"]
&amp#27;[38;5;32m[AndroidUiautomator2Driver@6dc3 (dd9b9291)]&amp#27;[0m Valid locator strategies for this request: xpath, id, class name, accessibility id, css selector, -android uiautomator
&amp#27;[38;5;32m[AndroidUiautomator2Driver@6dc3 (dd9b9291)]&amp#27;[0m Waiting up to 0 ms for condition
&amp#27;[38;5;32m[AndroidUiautomator2Driver@6dc3 (dd9b9291)]&amp#27;[0m Matched '/element' to command name 'findElement'
&amp#27;[38;5;32m[AndroidUiautomator2Driver@6dc3 (dd9b9291)]&amp#27;[0m Proxying [POST /element] to [POST http://127.0.0.1:8200/session/c9c78628-6f0a-4246-b9d7-50eb83cc1365/element] with body: {"strategy":"id","selector":"android:id/text1","context":"","multiple":false}
&amp#27;[38;5;32m[AndroidUiautomator2Driver@6dc3 (dd9b9291)]&amp#27;[0m Got response with status 200: {"sessionId":"c9c78628-6f0a-4246-b9d7-50eb83cc1365","value":{"ELEMENT":"00000000-0000-0027-ffff-ffff0000006c","element-6066-11e4-a52e-4f735466cecf":"00000000-0000-0027-ffff-ffff0000006c"}}
&amp#27;[38;5;32m[AndroidUiautomator2Driver@6dc3 (dd9b9291)]&amp#27;[0m Responding to client with driver.findElement() result: {"element-6066-11e4-a52e-4f735466cecf":"00000000-0000-0027-ffff-ffff0000006c","ELEMENT":"00000000-0000-0027-ffff-ffff0000006c"}
&amp#27;[38;5;0m[HTTP]&amp#27;[0m &amp#27;[37m<-- POST /session/dd9b9291-9462-4b26-a6e5-47da9028d731/element &amp#27;[39m&amp#27;[32m200&amp#27;[39m &amp#27;[90m170 ms - 137&amp#27;[39m
&amp#27;[38;5;0m[HTTP]&amp#27;[0m &amp#27;[90m&amp#27;[39m
&amp#27;[38;5;0m[HTTP]&amp#27;[0m &amp#27;[37m-->&amp#27;[39m &amp#27;[37mPOST&amp#27;[39m &amp#27;[37m/session/dd9b9291-9462-4b26-a6e5-47da9028d731/element/00000000-0000-0027-ffff-ffff0000006c/click&amp#27;[39m
&amp#27;[38;5;0m[HTTP]&amp#27;[0m &amp#27;[90m{"id":"00000000-0000-0027-ffff-ffff0000006c"}&amp#27;[39m
&amp#27;[38;5;32m[AndroidUiautomator2Driver@6dc3 (dd9b9291)]&amp#27;[0m Calling AppiumDriver.click() with args: ["00000000-0000-0027-ffff-ffff0000006c","dd9b9291-9462-4b26-a6e5-47da9028d731"]
&amp#27;[38;5;32m[AndroidUiautomator2Driver@6dc3 (dd9b9291)]&amp#27;[0m Matched '/element/00000000-0000-0027-ffff-ffff0000006c/click' to command name 'click'
&amp#27;[38;5;32m[AndroidUiautomator2Driver@6dc3 (dd9b9291)]&amp#27;[0m Proxying [POST /element/00000000-0000-0027-ffff-ffff0000006c/click] to [POST http://127.0.0.1:8200/session/c9c78628-6f0a-4246-b9d7-50eb83cc1365/element/00000000-0000-0027-ffff-ffff0000006c/click] with body: {"element":"00000000-0000-0027-ffff-ffff0000006c"}
&amp#27;[38;5;32m[AndroidUiautomator2Driver@6dc3 (dd9b9291)]&amp#27;[0m Got response with status 200: {"sessionId":"c9c78628-6f0a-4246-b9d7-50eb83cc1365","value":null}
&amp#27;[38;5;32m[AndroidUiautomator2Driver@6dc3 (dd9b9291)]&amp#27;[0m Responding to client with driver.click() result: null
&amp#27;[38;5;0m[HTTP]&amp#27;[0m &amp#27;[37m<-- POST /session/dd9b9291-9462-4b26-a6e5-47da9028d731/element/00000000-0000-0027-ffff-ffff0000006c/click &amp#27;[39m&amp#27;[32m200&amp#27;[39m &amp#27;[90m564 ms - 14&amp#27;[39m
&amp#27;[38;5;0m[HTTP]&amp#27;[0m &amp#27;[90m&amp#27;[39m
&amp#27;[38;5;0m[HTTP]&amp#27;[0m &amp#27;[37m-->&amp#27;[39m &amp#27;[37mPOST&amp#27;[39m &amp#27;[37m/session/dd9b9291-9462-4b26-a6e5-47da9028d731/element&amp#27;[39m
&amp#27;[38;5;0m[HTTP]&amp#27;[0m &amp#27;[90m{"value":"new UiScrollable(new UiSelector()).scrollIntoView(text(\"Algeria\"));","using":"-android uiautomator"}&amp#27;[39m
&amp#27;[38;5;32m[AndroidUiautomator2Driver@6dc3 (dd9b9291)]&amp#27;[0m Calling AppiumDriver.findElement() with args: ["-android uiautomator","new UiScrollable(new UiSelector()).scrollIntoView(text(\"Algeria\"));","dd9b9291-9462-4b26-a6e5-47da9028d731"]
&amp#27;[38;5;32m[AndroidUiautomator2Driver@6dc3 (dd9b9291)]&amp#27;[0m Valid locator strategies for this request: xpath, id, class name, accessibility id, css selector, -android uiautomator
&amp#27;[38;5;32m[AndroidUiautomator2Driver@6dc3 (dd9b9291)]&amp#27;[0m Waiting up to 0 ms for condition
&amp#27;[38;5;32m[AndroidUiautomator2Driver@6dc3 (dd9b9291)]&amp#27;[0m Matched '/element' to command name 'findElement'
&amp#27;[38;5;32m[AndroidUiautomator2Driver@6dc3 (dd9b9291)]&amp#27;[0m Proxying [POST /element] to [POST http://127.0.0.1:8200/session/c9c78628-6f0a-4246-b9d7-50eb83cc1365/element] with body: {"strategy":"-android uiautomator","selector":"new UiScrollable(new UiSelector()).scrollIntoView(text(\"Algeria\"));","context":"","multiple":false}
&amp#27;[38;5;32m[AndroidUiautomator2Driver@6dc3 (dd9b9291)]&amp#27;[0m Got response with status 200: {"sessionId":"c9c78628-6f0a-4246-b9d7-50eb83cc1365","value":{"ELEMENT":"00000000-0000-0028-ffff-ffff00000073","element-6066-11e4-a52e-4f735466cecf":"00000000-0000-0028-ffff-ffff00000073"}}
&amp#27;[38;5;32m[AndroidUiautomator2Driver@6dc3 (dd9b9291)]&amp#27;[0m Responding to client with driver.findElement() result: {"element-6066-11e4-a52e-4f735466cecf":"00000000-0000-0028-ffff-ffff00000073","ELEMENT":"00000000-0000-0028-ffff-ffff00000073"}
&amp#27;[38;5;0m[HTTP]&amp#27;[0m &amp#27;[37m<-- POST /session/dd9b9291-9462-4b26-a6e5-47da9028d731/element &amp#27;[39m&amp#27;[32m200&amp#27;[39m &amp#27;[90m1597 ms - 137&amp#27;[39m
&amp#27;[38;5;0m[HTTP]&amp#27;[0m &amp#27;[90m&amp#27;[39m
&amp#27;[38;5;0m[HTTP]&amp#27;[0m &amp#27;[37m-->&amp#27;[39m &amp#27;[37mPOST&amp#27;[39m &amp#27;[37m/session/dd9b9291-9462-4b26-a6e5-47da9028d731/element&amp#27;[39m
&amp#27;[38;5;0m[HTTP]&amp#27;[0m &amp#27;[90m{"value":"//android.widget.TextView[@text=\"Algeria\"]","using":"xpath"}&amp#27;[39m
&amp#27;[38;5;32m[AndroidUiautomator2Driver@6dc3 (dd9b9291)]&amp#27;[0m Calling AppiumDriver.findElement() with args: ["xpath","//android.widget.TextView[@text=\"Algeria\"]","dd9b9291-9462-4b26-a6e5-47da9028d731"]
&amp#27;[38;5;32m[AndroidUiautomator2Driver@6dc3 (dd9b9291)]&amp#27;[0m Valid locator strategies for this request: xpath, id, class name, accessibility id, css selector, -android uiautomator
&amp#27;[38;5;32m[AndroidUiautomator2Driver@6dc3 (dd9b9291)]&amp#27;[0m Waiting up to 0 ms for condition
&amp#27;[38;5;32m[AndroidUiautomator2Driver@6dc3 (dd9b9291)]&amp#27;[0m Matched '/element' to command name 'findElement'
&amp#27;[38;5;32m[AndroidUiautomator2Driver@6dc3 (dd9b9291)]&amp#27;[0m Proxying [POST /element] to [POST http://127.0.0.1:8200/session/c9c78628-6f0a-4246-b9d7-50eb83cc1365/element] with body: {"strategy":"xpath","selector":"//android.widget.TextView[@text=\"Algeria\"]","context":"","multiple":false}
&amp#27;[38;5;32m[AndroidUiautomator2Driver@6dc3 (dd9b9291)]&amp#27;[0m Got response with status 200: {"sessionId":"c9c78628-6f0a-4246-b9d7-50eb83cc1365","value":{"ELEMENT":"00000000-0000-0028-ffff-ffff00000073","element-6066-11e4-a52e-4f735466cecf":"00000000-0000-0028-ffff-ffff00000073"}}
&amp#27;[38;5;32m[AndroidUiautomator2Driver@6dc3 (dd9b9291)]&amp#27;[0m Responding to client with driver.findElement() result: {"element-6066-11e4-a52e-4f735466cecf":"00000000-0000-0028-ffff-ffff00000073","ELEMENT":"00000000-0000-0028-ffff-ffff00000073"}
&amp#27;[38;5;0m[HTTP]&amp#27;[0m &amp#27;[37m<-- POST /session/dd9b9291-9462-4b26-a6e5-47da9028d731/element &amp#27;[39m&amp#27;[32m200&amp#27;[39m &amp#27;[90m48 ms - 137&amp#27;[39m
&amp#27;[38;5;0m[HTTP]&amp#27;[0m &amp#27;[90m&amp#27;[39m
&amp#27;[38;5;0m[HTTP]&amp#27;[0m &amp#27;[37m-->&amp#27;[39m &amp#27;[37mPOST&amp#27;[39m &amp#27;[37m/session/dd9b9291-9462-4b26-a6e5-47da9028d731/element/00000000-0000-0028-ffff-ffff00000073/click&amp#27;[39m
&amp#27;[38;5;0m[HTTP]&amp#27;[0m &amp#27;[90m{"id":"00000000-0000-0028-ffff-ffff00000073"}&amp#27;[39m
&amp#27;[38;5;32m[AndroidUiautomator2Driver@6dc3 (dd9b9291)]&amp#27;[0m Calling AppiumDriver.click() with args: ["00000000-0000-0028-ffff-ffff00000073","dd9b9291-9462-4b26-a6e5-47da9028d731"]
&amp#27;[38;5;32m[AndroidUiautomator2Driver@6dc3 (dd9b9291)]&amp#27;[0m Matched '/element/00000000-0000-0028-ffff-ffff00000073/click' to command name 'click'
&amp#27;[38;5;32m[AndroidUiautomator2Driver@6dc3 (dd9b9291)]&amp#27;[0m Proxying [POST /element/00000000-0000-0028-ffff-ffff00000073/click] to [POST http://127.0.0.1:8200/session/c9c78628-6f0a-4246-b9d7-50eb83cc1365/element/00000000-0000-0028-ffff-ffff00000073/click] with body: {"element":"00000000-0000-0028-ffff-ffff00000073"}
&amp#27;[38;5;32m[AndroidUiautomator2Driver@6dc3 (dd9b9291)]&amp#27;[0m Got response with status 200: {"sessionId":"c9c78628-6f0a-4246-b9d7-50eb83cc1365","value":null}
&amp#27;[38;5;32m[AndroidUiautomator2Driver@6dc3 (dd9b9291)]&amp#27;[0m Responding to client with driver.click() result: null
&amp#27;[38;5;0m[HTTP]&amp#27;[0m &amp#27;[37m<-- POST /session/dd9b9291-9462-4b26-a6e5-47da9028d731/element/00000000-0000-0028-ffff-ffff00000073/click &amp#27;[39m&amp#27;[32m200&amp#27;[39m &amp#27;[90m869 ms - 14&amp#27;[39m
&amp#27;[38;5;0m[HTTP]&amp#27;[0m &amp#27;[90m&amp#27;[39m
&amp#27;[38;5;0m[HTTP]&amp#27;[0m &amp#27;[37m-->&amp#27;[39m &amp#27;[37mPOST&amp#27;[39m &amp#27;[37m/session/dd9b9291-9462-4b26-a6e5-47da9028d731/element&amp#27;[39m
&amp#27;[38;5;0m[HTTP]&amp#27;[0m &amp#27;[90m{"value":"com.androidsample.generalstore:id/btnLetsShop","using":"id"}&amp#27;[39m
&amp#27;[38;5;32m[AndroidUiautomator2Driver@6dc3 (dd9b9291)]&amp#27;[0m Calling AppiumDriver.findElement() with args: ["id","com.androidsample.generalstore:id/btnLetsShop","dd9b9291-9462-4b26-a6e5-47da9028d731"]
&amp#27;[38;5;32m[AndroidUiautomator2Driver@6dc3 (dd9b9291)]&amp#27;[0m Valid locator strategies for this request: xpath, id, class name, accessibility id, css selector, -android uiautomator
&amp#27;[38;5;32m[AndroidUiautomator2Driver@6dc3 (dd9b9291)]&amp#27;[0m Waiting up to 0 ms for condition
&amp#27;[38;5;32m[AndroidUiautomator2Driver@6dc3 (dd9b9291)]&amp#27;[0m Matched '/element' to command name 'findElement'
&amp#27;[38;5;32m[AndroidUiautomator2Driver@6dc3 (dd9b9291)]&amp#27;[0m Proxying [POST /element] to [POST http://127.0.0.1:8200/session/c9c78628-6f0a-4246-b9d7-50eb83cc1365/element] with body: {"strategy":"id","selector":"com.androidsample.generalstore:id/btnLetsShop","context":"","multiple":false}
&amp#27;[38;5;32m[AndroidUiautomator2Driver@6dc3 (dd9b9291)]&amp#27;[0m Got response with status 200: {"sessionId":"c9c78628-6f0a-4246-b9d7-50eb83cc1365","value":{"ELEMENT":"00000000-0000-0027-ffff-ffff00000069","element-6066-11e4-a52e-4f735466cecf":"00000000-0000-0027-ffff-ffff00000069"}}
&amp#27;[38;5;32m[AndroidUiautomator2Driver@6dc3 (dd9b9291)]&amp#27;[0m Responding to client with driver.findElement() result: {"element-6066-11e4-a52e-4f735466cecf":"00000000-0000-0027-ffff-ffff00000069","ELEMENT":"00000000-0000-0027-ffff-ffff00000069"}
&amp#27;[38;5;0m[HTTP]&amp#27;[0m &amp#27;[37m<-- POST /session/dd9b9291-9462-4b26-a6e5-47da9028d731/element &amp#27;[39m&amp#27;[32m200&amp#27;[39m &amp#27;[90m48 ms - 137&amp#27;[39m
&amp#27;[38;5;0m[HTTP]&amp#27;[0m &amp#27;[90m&amp#27;[39m
&amp#27;[38;5;0m[HTTP]&amp#27;[0m &amp#27;[37m-->&amp#27;[39m &amp#27;[37mPOST&amp#27;[39m &amp#27;[37m/session/dd9b9291-9462-4b26-a6e5-47da9028d731/element/00000000-0000-0027-ffff-ffff00000069/click&amp#27;[39m
&amp#27;[38;5;0m[HTTP]&amp#27;[0m &amp#27;[90m{"id":"00000000-0000-0027-ffff-ffff00000069"}&amp#27;[39m
&amp#27;[38;5;32m[AndroidUiautomator2Driver@6dc3 (dd9b9291)]&amp#27;[0m Calling AppiumDriver.click() with args: ["00000000-0000-0027-ffff-ffff00000069","dd9b9291-9462-4b26-a6e5-47da9028d731"]
&amp#27;[38;5;32m[AndroidUiautomator2Driver@6dc3 (dd9b9291)]&amp#27;[0m Matched '/element/00000000-0000-0027-ffff-ffff00000069/click' to command name 'click'
&amp#27;[38;5;32m[AndroidUiautomator2Driver@6dc3 (dd9b9291)]&amp#27;[0m Proxying [POST /element/00000000-0000-0027-ffff-ffff00000069/click] to [POST http://127.0.0.1:8200/session/c9c78628-6f0a-4246-b9d7-50eb83cc1365/element/00000000-0000-0027-ffff-ffff00000069/click] with body: {"element":"00000000-0000-0027-ffff-ffff00000069"}
&amp#27;[38;5;32m[AndroidUiautomator2Driver@6dc3 (dd9b9291)]&amp#27;[0m Got response with status 200: {"sessionId":"c9c78628-6f0a-4246-b9d7-50eb83cc1365","value":null}
&amp#27;[38;5;32m[AndroidUiautomator2Driver@6dc3 (dd9b9291)]&amp#27;[0m Responding to client with driver.click() result: null
&amp#27;[38;5;0m[HTTP]&amp#27;[0m &amp#27;[37m<-- POST /session/dd9b9291-9462-4b26-a6e5-47da9028d731/element/00000000-0000-0027-ffff-ffff00000069/click &amp#27;[39m&amp#27;[32m200&amp#27;[39m &amp#27;[90m100 ms - 14&amp#27;[39m
&amp#27;[38;5;0m[HTTP]&amp#27;[0m &amp#27;[90m&amp#27;[39m
&amp#27;[38;5;0m[HTTP]&amp#27;[0m &amp#27;[37m-->&amp#27;[39m &amp#27;[37mPOST&amp#27;[39m &amp#27;[37m/session/dd9b9291-9462-4b26-a6e5-47da9028d731/elements&amp#27;[39m
&amp#27;[38;5;0m[HTTP]&amp#27;[0m &amp#27;[90m{"value":"(//android.widget.Toast)","using":"xpath"}&amp#27;[39m
&amp#27;[38;5;32m[AndroidUiautomator2Driver@6dc3 (dd9b9291)]&amp#27;[0m Calling AppiumDriver.findElements() with args: ["xpath","(//android.widget.Toast)","dd9b9291-9462-4b26-a6e5-47da9028d731"]
&amp#27;[38;5;32m[AndroidUiautomator2Driver@6dc3 (dd9b9291)]&amp#27;[0m Valid locator strategies for this request: xpath, id, class name, accessibility id, css selector, -android uiautomator
&amp#27;[38;5;32m[AndroidUiautomator2Driver@6dc3 (dd9b9291)]&amp#27;[0m Waiting up to 0 ms for condition
&amp#27;[38;5;32m[AndroidUiautomator2Driver@6dc3 (dd9b9291)]&amp#27;[0m Matched '/elements' to command name 'findElements'
&amp#27;[38;5;32m[AndroidUiautomator2Driver@6dc3 (dd9b9291)]&amp#27;[0m Proxying [POST /elements] to [POST http://127.0.0.1:8200/session/c9c78628-6f0a-4246-b9d7-50eb83cc1365/elements] with body: {"strategy":"xpath","selector":"(//android.widget.Toast)","context":"","multiple":true}
&amp#27;[38;5;32m[AndroidUiautomator2Driver@6dc3 (dd9b9291)]&amp#27;[0m Got response with status 200: {"sessionId":"c9c78628-6f0a-4246-b9d7-50eb83cc1365","value":[]}
&amp#27;[38;5;32m[AndroidUiautomator2Driver@6dc3 (dd9b9291)]&amp#27;[0m Responding to client with driver.findElements() result: []
&amp#27;[38;5;0m[HTTP]&amp#27;[0m &amp#27;[37m<-- POST /session/dd9b9291-9462-4b26-a6e5-47da9028d731/elements &amp#27;[39m&amp#27;[32m200&amp#27;[39m &amp#27;[90m2459 ms - 12&amp#27;[39m
&amp#27;[38;5;0m[HTTP]&amp#27;[0m &amp#27;[90m&amp#27;[39m
]]></system-out>
  </testcase>
</testsuite>