<?xml version="1.0" encoding="UTF-8"?>
<!-- Generated by org.testng.reporters.JUnitReportReporter -->
<testsuite hostname="Albion" failures="0" tests="2" name="com.android.tests.TotalSumValidate" time="59.500" errors="0" timestamp="2024-02-29T17:08:58 PST" skipped="0">
  <testcase classname="com.android.tests.TotalSumValidate" name="fillForm" time="26.957"/>
  <testcase classname="com.android.tests.TotalSumValidate" name="fillForm" time="32.543"/>
</testsuite> <!-- com.android.tests.TotalSumValidate -->
