<?xml version="1.0" encoding="UTF-8"?>
<!-- Generated by org.testng.reporters.JUnitReportReporter -->
<testsuite hostname="Albion" failures="0" tests="1" name="com.appium.mobile.TotalSumValidate" time="30.596" errors="0" timestamp="2024-02-25T15:05:34 PST" skipped="0">
  <testcase classname="com.appium.mobile.TotalSumValidate" name="fillForm" time="30.596"/>
</testsuite> <!-- com.appium.mobile.TotalSumValidate -->
