<?xml version="1.0" encoding="UTF-8"?>
<!-- Generated by org.testng.reporters.JUnitReportReporter -->
<testsuite hostname="Albion" failures="0" tests="1" name="com.android.tests.ProductsVerify" time="30.335" errors="0" timestamp="2024-02-28T12:20:17 PST" skipped="0">
  <testcase classname="com.android.tests.ProductsVerify" name="fillForm" time="30.335"/>
</testsuite> <!-- com.android.tests.ProductsVerify -->
