<?xml version="1.0" encoding="UTF-8"?>
<!-- Generated by org.testng.reporters.JUnitReportReporter -->
<testsuite hostname="Albion" failures="0" tests="2" name="com.android.tests.TotalSumValidate" time="71.482" errors="0" timestamp="2024-03-04T12:18:59 PST" skipped="0">
  <testcase classname="com.android.tests.TotalSumValidate" name="fillForm" time="30.273"/>
  <testcase classname="com.android.tests.TotalSumValidate" name="fillForm" time="41.209"/>
</testsuite> <!-- com.android.tests.TotalSumValidate -->
